000 (47265051.000.000) 2025-02-24 22:25:39 Job submitted from host: <131.225.204.62:9618?addrs=131.225.204.62-9618+[2620-6a-0-8420-f0-0-204-62]-9618&alias=lpcschedd5.fnal.gov&noUDP&sock=schedd_2457_e048>
...
000 (47265051.001.000) 2025-02-24 22:25:39 Job submitted from host: <131.225.204.62:9618?addrs=131.225.204.62-9618+[2620-6a-0-8420-f0-0-204-62]-9618&alias=lpcschedd5.fnal.gov&noUDP&sock=schedd_2457_e048>
...
000 (47265051.002.000) 2025-02-24 22:25:39 Job submitted from host: <131.225.204.62:9618?addrs=131.225.204.62-9618+[2620-6a-0-8420-f0-0-204-62]-9618&alias=lpcschedd5.fnal.gov&noUDP&sock=schedd_2457_e048>
...
000 (47265051.003.000) 2025-02-24 22:25:39 Job submitted from host: <131.225.204.62:9618?addrs=131.225.204.62-9618+[2620-6a-0-8420-f0-0-204-62]-9618&alias=lpcschedd5.fnal.gov&noUDP&sock=schedd_2457_e048>
...
000 (47265051.004.000) 2025-02-24 22:25:39 Job submitted from host: <131.225.204.62:9618?addrs=131.225.204.62-9618+[2620-6a-0-8420-f0-0-204-62]-9618&alias=lpcschedd5.fnal.gov&noUDP&sock=schedd_2457_e048>
...
000 (47265051.005.000) 2025-02-24 22:25:39 Job submitted from host: <131.225.204.62:9618?addrs=131.225.204.62-9618+[2620-6a-0-8420-f0-0-204-62]-9618&alias=lpcschedd5.fnal.gov&noUDP&sock=schedd_2457_e048>
...
000 (47265051.006.000) 2025-02-24 22:25:39 Job submitted from host: <131.225.204.62:9618?addrs=131.225.204.62-9618+[2620-6a-0-8420-f0-0-204-62]-9618&alias=lpcschedd5.fnal.gov&noUDP&sock=schedd_2457_e048>
...
000 (47265051.007.000) 2025-02-24 22:25:39 Job submitted from host: <131.225.204.62:9618?addrs=131.225.204.62-9618+[2620-6a-0-8420-f0-0-204-62]-9618&alias=lpcschedd5.fnal.gov&noUDP&sock=schedd_2457_e048>
...
000 (47265051.008.000) 2025-02-24 22:25:39 Job submitted from host: <131.225.204.62:9618?addrs=131.225.204.62-9618+[2620-6a-0-8420-f0-0-204-62]-9618&alias=lpcschedd5.fnal.gov&noUDP&sock=schedd_2457_e048>
...
000 (47265051.009.000) 2025-02-24 22:25:39 Job submitted from host: <131.225.204.62:9618?addrs=131.225.204.62-9618+[2620-6a-0-8420-f0-0-204-62]-9618&alias=lpcschedd5.fnal.gov&noUDP&sock=schedd_2457_e048>
...
000 (47265051.010.000) 2025-02-24 22:25:39 Job submitted from host: <131.225.204.62:9618?addrs=131.225.204.62-9618+[2620-6a-0-8420-f0-0-204-62]-9618&alias=lpcschedd5.fnal.gov&noUDP&sock=schedd_2457_e048>
...
000 (47265051.011.000) 2025-02-24 22:25:39 Job submitted from host: <131.225.204.62:9618?addrs=131.225.204.62-9618+[2620-6a-0-8420-f0-0-204-62]-9618&alias=lpcschedd5.fnal.gov&noUDP&sock=schedd_2457_e048>
...
000 (47265051.012.000) 2025-02-24 22:25:39 Job submitted from host: <131.225.204.62:9618?addrs=131.225.204.62-9618+[2620-6a-0-8420-f0-0-204-62]-9618&alias=lpcschedd5.fnal.gov&noUDP&sock=schedd_2457_e048>
...
000 (47265051.013.000) 2025-02-24 22:25:39 Job submitted from host: <131.225.204.62:9618?addrs=131.225.204.62-9618+[2620-6a-0-8420-f0-0-204-62]-9618&alias=lpcschedd5.fnal.gov&noUDP&sock=schedd_2457_e048>
...
000 (47265051.014.000) 2025-02-24 22:25:39 Job submitted from host: <131.225.204.62:9618?addrs=131.225.204.62-9618+[2620-6a-0-8420-f0-0-204-62]-9618&alias=lpcschedd5.fnal.gov&noUDP&sock=schedd_2457_e048>
...
000 (47265051.015.000) 2025-02-24 22:25:39 Job submitted from host: <131.225.204.62:9618?addrs=131.225.204.62-9618+[2620-6a-0-8420-f0-0-204-62]-9618&alias=lpcschedd5.fnal.gov&noUDP&sock=schedd_2457_e048>
...
000 (47265051.016.000) 2025-02-24 22:25:39 Job submitted from host: <131.225.204.62:9618?addrs=131.225.204.62-9618+[2620-6a-0-8420-f0-0-204-62]-9618&alias=lpcschedd5.fnal.gov&noUDP&sock=schedd_2457_e048>
...
000 (47265051.017.000) 2025-02-24 22:25:39 Job submitted from host: <131.225.204.62:9618?addrs=131.225.204.62-9618+[2620-6a-0-8420-f0-0-204-62]-9618&alias=lpcschedd5.fnal.gov&noUDP&sock=schedd_2457_e048>
...
000 (47265051.018.000) 2025-02-24 22:25:39 Job submitted from host: <131.225.204.62:9618?addrs=131.225.204.62-9618+[2620-6a-0-8420-f0-0-204-62]-9618&alias=lpcschedd5.fnal.gov&noUDP&sock=schedd_2457_e048>
...
000 (47265051.019.000) 2025-02-24 22:25:39 Job submitted from host: <131.225.204.62:9618?addrs=131.225.204.62-9618+[2620-6a-0-8420-f0-0-204-62]-9618&alias=lpcschedd5.fnal.gov&noUDP&sock=schedd_2457_e048>
...
000 (47265051.020.000) 2025-02-24 22:25:39 Job submitted from host: <131.225.204.62:9618?addrs=131.225.204.62-9618+[2620-6a-0-8420-f0-0-204-62]-9618&alias=lpcschedd5.fnal.gov&noUDP&sock=schedd_2457_e048>
...
000 (47265051.021.000) 2025-02-24 22:25:39 Job submitted from host: <131.225.204.62:9618?addrs=131.225.204.62-9618+[2620-6a-0-8420-f0-0-204-62]-9618&alias=lpcschedd5.fnal.gov&noUDP&sock=schedd_2457_e048>
...
000 (47265051.022.000) 2025-02-24 22:25:39 Job submitted from host: <131.225.204.62:9618?addrs=131.225.204.62-9618+[2620-6a-0-8420-f0-0-204-62]-9618&alias=lpcschedd5.fnal.gov&noUDP&sock=schedd_2457_e048>
...
000 (47265051.023.000) 2025-02-24 22:25:39 Job submitted from host: <131.225.204.62:9618?addrs=131.225.204.62-9618+[2620-6a-0-8420-f0-0-204-62]-9618&alias=lpcschedd5.fnal.gov&noUDP&sock=schedd_2457_e048>
...
000 (47265051.024.000) 2025-02-24 22:25:39 Job submitted from host: <131.225.204.62:9618?addrs=131.225.204.62-9618+[2620-6a-0-8420-f0-0-204-62]-9618&alias=lpcschedd5.fnal.gov&noUDP&sock=schedd_2457_e048>
...
000 (47265051.025.000) 2025-02-24 22:25:39 Job submitted from host: <131.225.204.62:9618?addrs=131.225.204.62-9618+[2620-6a-0-8420-f0-0-204-62]-9618&alias=lpcschedd5.fnal.gov&noUDP&sock=schedd_2457_e048>
...
000 (47265051.026.000) 2025-02-24 22:25:39 Job submitted from host: <131.225.204.62:9618?addrs=131.225.204.62-9618+[2620-6a-0-8420-f0-0-204-62]-9618&alias=lpcschedd5.fnal.gov&noUDP&sock=schedd_2457_e048>
...
000 (47265051.027.000) 2025-02-24 22:25:39 Job submitted from host: <131.225.204.62:9618?addrs=131.225.204.62-9618+[2620-6a-0-8420-f0-0-204-62]-9618&alias=lpcschedd5.fnal.gov&noUDP&sock=schedd_2457_e048>
...
000 (47265051.028.000) 2025-02-24 22:25:39 Job submitted from host: <131.225.204.62:9618?addrs=131.225.204.62-9618+[2620-6a-0-8420-f0-0-204-62]-9618&alias=lpcschedd5.fnal.gov&noUDP&sock=schedd_2457_e048>
...
000 (47265051.029.000) 2025-02-24 22:25:39 Job submitted from host: <131.225.204.62:9618?addrs=131.225.204.62-9618+[2620-6a-0-8420-f0-0-204-62]-9618&alias=lpcschedd5.fnal.gov&noUDP&sock=schedd_2457_e048>
...
000 (47265051.030.000) 2025-02-24 22:25:39 Job submitted from host: <131.225.204.62:9618?addrs=131.225.204.62-9618+[2620-6a-0-8420-f0-0-204-62]-9618&alias=lpcschedd5.fnal.gov&noUDP&sock=schedd_2457_e048>
...
000 (47265051.031.000) 2025-02-24 22:25:39 Job submitted from host: <131.225.204.62:9618?addrs=131.225.204.62-9618+[2620-6a-0-8420-f0-0-204-62]-9618&alias=lpcschedd5.fnal.gov&noUDP&sock=schedd_2457_e048>
...
000 (47265051.032.000) 2025-02-24 22:25:39 Job submitted from host: <131.225.204.62:9618?addrs=131.225.204.62-9618+[2620-6a-0-8420-f0-0-204-62]-9618&alias=lpcschedd5.fnal.gov&noUDP&sock=schedd_2457_e048>
...
000 (47265051.033.000) 2025-02-24 22:25:39 Job submitted from host: <131.225.204.62:9618?addrs=131.225.204.62-9618+[2620-6a-0-8420-f0-0-204-62]-9618&alias=lpcschedd5.fnal.gov&noUDP&sock=schedd_2457_e048>
...
000 (47265051.034.000) 2025-02-24 22:25:39 Job submitted from host: <131.225.204.62:9618?addrs=131.225.204.62-9618+[2620-6a-0-8420-f0-0-204-62]-9618&alias=lpcschedd5.fnal.gov&noUDP&sock=schedd_2457_e048>
...
000 (47265051.035.000) 2025-02-24 22:25:39 Job submitted from host: <131.225.204.62:9618?addrs=131.225.204.62-9618+[2620-6a-0-8420-f0-0-204-62]-9618&alias=lpcschedd5.fnal.gov&noUDP&sock=schedd_2457_e048>
...
000 (47265051.036.000) 2025-02-24 22:25:39 Job submitted from host: <131.225.204.62:9618?addrs=131.225.204.62-9618+[2620-6a-0-8420-f0-0-204-62]-9618&alias=lpcschedd5.fnal.gov&noUDP&sock=schedd_2457_e048>
...
000 (47265051.037.000) 2025-02-24 22:25:39 Job submitted from host: <131.225.204.62:9618?addrs=131.225.204.62-9618+[2620-6a-0-8420-f0-0-204-62]-9618&alias=lpcschedd5.fnal.gov&noUDP&sock=schedd_2457_e048>
...
000 (47265051.038.000) 2025-02-24 22:25:39 Job submitted from host: <131.225.204.62:9618?addrs=131.225.204.62-9618+[2620-6a-0-8420-f0-0-204-62]-9618&alias=lpcschedd5.fnal.gov&noUDP&sock=schedd_2457_e048>
...
040 (47265051.000.000) 2025-02-24 22:27:37 Started transferring input files
	Transferring to host: <131.225.189.180:9618?addrs=[2620-6a-0-8421-f0-0-189-180]-9618+131.225.189.180-9618&alias=cmswn2129.fnal.gov&noUDP&sock=slot1_14_2164_7bd1_35215>
...
040 (47265051.000.000) 2025-02-24 22:28:22 Finished transferring input files
...
001 (47265051.000.000) 2025-02-24 22:28:23 Job executing on host: <131.225.189.180:9618?addrs=[2620-6a-0-8421-f0-0-189-180]-9618+131.225.189.180-9618&alias=cmswn2129.fnal.gov&noUDP&sock=startd_2113_ebb4>
	SlotName: slot1_14@cmswn2129.fnal.gov
	CondorScratchDir = "/storage/local/data1/condor/execute/dir_1033342"
	Cpus = 1
	Disk = 55066196
	Memory = 8192
...
006 (47265051.000.000) 2025-02-24 22:29:28 Image size of job updated: 1013
	1013  -  MemoryUsage of job (MB)
	1037752  -  ResidentSetSize of job (KB)
...
040 (47265051.000.000) 2025-02-24 22:29:28 Started transferring output files
...
040 (47265051.000.000) 2025-02-24 22:29:28 Finished transferring output files
...
005 (47265051.000.000) 2025-02-24 22:29:29 Job terminated.
	(1) Normal termination (return value 1)
		Usr 0 00:00:27, Sys 0 00:00:04  -  Run Remote Usage
		Usr 0 00:00:00, Sys 0 00:00:00  -  Run Local Usage
		Usr 0 00:00:27, Sys 0 00:00:04  -  Total Remote Usage
		Usr 0 00:00:00, Sys 0 00:00:00  -  Total Local Usage
	11089  -  Run Bytes Sent By Job
	751289664  -  Run Bytes Received By Job
	11089  -  Total Bytes Sent By Job
	751289664  -  Total Bytes Received By Job
	Partitionable Resources :     Usage  Request Allocated 
	   Cpus                 :      0.01        1         1 
	   Disk (KB)            : 734476    52428800  55066196 
	   Memory (MB)          :   1013        8192      8192 
	   TimeExecute (s)      :     65                       
	   TimeSlotBusy (s)     :    112                       

	Job terminated of its own accord at 2025-02-25T04:29:28Z with exit-code 1.
...
040 (47265051.001.000) 2025-02-24 22:29:30 Started transferring input files
	Transferring to host: <131.225.189.180:9618?addrs=[2620-6a-0-8421-f0-0-189-180]-9618+131.225.189.180-9618&alias=cmswn2129.fnal.gov&noUDP&sock=slot1_14_2164_7bd1_35218>
...
040 (47265051.001.000) 2025-02-24 22:30:06 Finished transferring input files
...
001 (47265051.001.000) 2025-02-24 22:30:07 Job executing on host: <131.225.189.180:9618?addrs=[2620-6a-0-8421-f0-0-189-180]-9618+131.225.189.180-9618&alias=cmswn2129.fnal.gov&noUDP&sock=startd_2113_ebb4>
	SlotName: slot1_14@cmswn2129.fnal.gov
	CondorScratchDir = "/storage/local/data1/condor/execute/dir_1038456"
	Cpus = 1
	Disk = 55066196
	Memory = 8192
...
006 (47265051.001.000) 2025-02-24 22:30:58 Image size of job updated: 474
	474  -  MemoryUsage of job (MB)
	485652  -  ResidentSetSize of job (KB)
...
040 (47265051.001.000) 2025-02-24 22:30:58 Started transferring output files
...
040 (47265051.001.000) 2025-02-24 22:30:58 Finished transferring output files
...
005 (47265051.001.000) 2025-02-24 22:30:58 Job terminated.
	(1) Normal termination (return value 1)
		Usr 0 00:00:00, Sys 0 00:00:00  -  Run Remote Usage
		Usr 0 00:00:00, Sys 0 00:00:00  -  Run Local Usage
		Usr 0 00:00:00, Sys 0 00:00:00  -  Total Remote Usage
		Usr 0 00:00:00, Sys 0 00:00:00  -  Total Local Usage
	11202  -  Run Bytes Sent By Job
	751302656  -  Run Bytes Received By Job
	11202  -  Total Bytes Sent By Job
	751302656  -  Total Bytes Received By Job
	Partitionable Resources :    Usage  Request Allocated 
	   Cpus                 :        0        1         1 
	   Disk (KB)            :   734490 52428800  55066196 
	   Memory (MB)          :      474     8192      8192 
	   TimeExecute (s)      :       51                    
	   TimeSlotBusy (s)     :       88                    

	Job terminated of its own accord at 2025-02-25T04:30:58Z with exit-code 1.
...
040 (47265051.002.000) 2025-02-24 22:30:59 Started transferring input files
	Transferring to host: <131.225.189.180:9618?addrs=[2620-6a-0-8421-f0-0-189-180]-9618+131.225.189.180-9618&alias=cmswn2129.fnal.gov&noUDP&sock=slot1_14_2164_7bd1_35222>
...
040 (47265051.002.000) 2025-02-24 22:31:34 Finished transferring input files
...
001 (47265051.002.000) 2025-02-24 22:31:35 Job executing on host: <131.225.189.180:9618?addrs=[2620-6a-0-8421-f0-0-189-180]-9618+131.225.189.180-9618&alias=cmswn2129.fnal.gov&noUDP&sock=startd_2113_ebb4>
	SlotName: slot1_14@cmswn2129.fnal.gov
	CondorScratchDir = "/storage/local/data1/condor/execute/dir_1043356"
	Cpus = 1
	Disk = 55066196
	Memory = 8192
...
006 (47265051.002.000) 2025-02-24 22:31:44 Image size of job updated: 38
	38  -  MemoryUsage of job (MB)
	38916  -  ResidentSetSize of job (KB)
...
006 (47265051.002.000) 2025-02-24 22:32:20 Image size of job updated: 567
	567  -  MemoryUsage of job (MB)
	580944  -  ResidentSetSize of job (KB)
...
040 (47265051.002.000) 2025-02-24 22:32:20 Started transferring output files
...
040 (47265051.002.000) 2025-02-24 22:32:20 Finished transferring output files
...
005 (47265051.002.000) 2025-02-24 22:32:21 Job terminated.
	(1) Normal termination (return value 1)
		Usr 0 00:00:24, Sys 0 00:00:03  -  Run Remote Usage
		Usr 0 00:00:00, Sys 0 00:00:00  -  Run Local Usage
		Usr 0 00:00:24, Sys 0 00:00:03  -  Total Remote Usage
		Usr 0 00:00:00, Sys 0 00:00:00  -  Total Local Usage
	11295  -  Run Bytes Sent By Job
	751310848  -  Run Bytes Received By Job
	11295  -  Total Bytes Sent By Job
	751310848  -  Total Bytes Received By Job
	Partitionable Resources :     Usage  Request Allocated 
	   Cpus                 :      0.00        1         1 
	   Disk (KB)            : 734498    52428800  55066196 
	   Memory (MB)          :    567        8192      8192 
	   TimeExecute (s)      :     45                       
	   TimeSlotBusy (s)     :     82                       

	Job terminated of its own accord at 2025-02-25T04:32:20Z with exit-code 1.
...
040 (47265051.003.000) 2025-02-24 22:32:22 Started transferring input files
	Transferring to host: <131.225.189.180:9618?addrs=[2620-6a-0-8421-f0-0-189-180]-9618+131.225.189.180-9618&alias=cmswn2129.fnal.gov&noUDP&sock=slot1_14_2164_7bd1_35225>
...
040 (47265051.003.000) 2025-02-24 22:33:13 Finished transferring input files
...
001 (47265051.003.000) 2025-02-24 22:33:14 Job executing on host: <131.225.189.180:9618?addrs=[2620-6a-0-8421-f0-0-189-180]-9618+131.225.189.180-9618&alias=cmswn2129.fnal.gov&noUDP&sock=startd_2113_ebb4>
	SlotName: slot1_14@cmswn2129.fnal.gov
	CondorScratchDir = "/storage/local/data1/condor/execute/dir_1047544"
	Cpus = 1
	Disk = 55066196
	Memory = 8192
...
006 (47265051.003.000) 2025-02-24 22:34:01 Image size of job updated: 562
	562  -  MemoryUsage of job (MB)
	576488  -  ResidentSetSize of job (KB)
...
040 (47265051.003.000) 2025-02-24 22:34:01 Started transferring output files
...
040 (47265051.003.000) 2025-02-24 22:34:01 Finished transferring output files
...
005 (47265051.003.000) 2025-02-24 22:34:02 Job terminated.
	(1) Normal termination (return value 1)
		Usr 0 00:00:00, Sys 0 00:00:00  -  Run Remote Usage
		Usr 0 00:00:00, Sys 0 00:00:00  -  Run Local Usage
		Usr 0 00:00:00, Sys 0 00:00:00  -  Total Remote Usage
		Usr 0 00:00:00, Sys 0 00:00:00  -  Total Local Usage
	11382  -  Run Bytes Sent By Job
	751319168  -  Run Bytes Received By Job
	11382  -  Total Bytes Sent By Job
	751319168  -  Total Bytes Received By Job
	Partitionable Resources :     Usage  Request Allocated 
	   Cpus                 :      0.15        1         1 
	   Disk (KB)            : 734506    52428800  55066196 
	   Memory (MB)          :    562        8192      8192 
	   TimeExecute (s)      :     47                       
	   TimeSlotBusy (s)     :    100                       

	Job terminated of its own accord at 2025-02-25T04:34:01Z with exit-code 1.
...
040 (47265051.004.000) 2025-02-24 22:34:03 Started transferring input files
	Transferring to host: <131.225.189.180:9618?addrs=[2620-6a-0-8421-f0-0-189-180]-9618+131.225.189.180-9618&alias=cmswn2129.fnal.gov&noUDP&sock=slot1_14_2164_7bd1_35229>
...
040 (47265051.004.000) 2025-02-24 22:34:41 Finished transferring input files
...
001 (47265051.004.000) 2025-02-24 22:34:42 Job executing on host: <131.225.189.180:9618?addrs=[2620-6a-0-8421-f0-0-189-180]-9618+131.225.189.180-9618&alias=cmswn2129.fnal.gov&noUDP&sock=startd_2113_ebb4>
	SlotName: slot1_14@cmswn2129.fnal.gov
	CondorScratchDir = "/storage/local/data1/condor/execute/dir_1052195"
	Cpus = 1
	Disk = 55066196
	Memory = 8192
...
006 (47265051.004.000) 2025-02-24 22:35:29 Image size of job updated: 566
	566  -  MemoryUsage of job (MB)
	579740  -  ResidentSetSize of job (KB)
...
040 (47265051.004.000) 2025-02-24 22:35:29 Started transferring output files
...
040 (47265051.004.000) 2025-02-24 22:35:29 Finished transferring output files
...
005 (47265051.004.000) 2025-02-24 22:35:29 Job terminated.
	(1) Normal termination (return value 1)
		Usr 0 00:00:23, Sys 0 00:00:04  -  Run Remote Usage
		Usr 0 00:00:00, Sys 0 00:00:00  -  Run Local Usage
		Usr 0 00:00:23, Sys 0 00:00:04  -  Total Remote Usage
		Usr 0 00:00:00, Sys 0 00:00:00  -  Total Local Usage
	11469  -  Run Bytes Sent By Job
	751327360  -  Run Bytes Received By Job
	11469  -  Total Bytes Sent By Job
	751327360  -  Total Bytes Received By Job
	Partitionable Resources :    Usage  Request Allocated 
	   Cpus                 :        0        1         1 
	   Disk (KB)            :   734514 52428800  55066196 
	   Memory (MB)          :      566     8192      8192 
	   TimeExecute (s)      :       47                    
	   TimeSlotBusy (s)     :       86                    

	Job terminated of its own accord at 2025-02-25T04:35:29Z with exit-code 1.
...
040 (47265051.005.000) 2025-02-24 22:35:31 Started transferring input files
	Transferring to host: <131.225.189.180:9618?addrs=[2620-6a-0-8421-f0-0-189-180]-9618+131.225.189.180-9618&alias=cmswn2129.fnal.gov&noUDP&sock=slot1_14_2164_7bd1_35231>
...
040 (47265051.005.000) 2025-02-24 22:36:04 Finished transferring input files
...
001 (47265051.005.000) 2025-02-24 22:36:05 Job executing on host: <131.225.189.180:9618?addrs=[2620-6a-0-8421-f0-0-189-180]-9618+131.225.189.180-9618&alias=cmswn2129.fnal.gov&noUDP&sock=startd_2113_ebb4>
	SlotName: slot1_14@cmswn2129.fnal.gov
	CondorScratchDir = "/storage/local/data1/condor/execute/dir_1057480"
	Cpus = 1
	Disk = 55066196
	Memory = 8192
...
006 (47265051.005.000) 2025-02-24 22:36:14 Image size of job updated: 37
	37  -  MemoryUsage of job (MB)
	38196  -  ResidentSetSize of job (KB)
...
006 (47265051.005.000) 2025-02-24 22:36:49 Image size of job updated: 567
	567  -  MemoryUsage of job (MB)
	581600  -  ResidentSetSize of job (KB)
...
040 (47265051.005.000) 2025-02-24 22:36:49 Started transferring output files
...
040 (47265051.005.000) 2025-02-24 22:36:51 Finished transferring output files
...
005 (47265051.005.000) 2025-02-24 22:36:51 Job terminated.
	(1) Normal termination (return value 1)
		Usr 0 00:00:24, Sys 0 00:00:04  -  Run Remote Usage
		Usr 0 00:00:00, Sys 0 00:00:00  -  Run Local Usage
		Usr 0 00:00:24, Sys 0 00:00:04  -  Total Remote Usage
		Usr 0 00:00:00, Sys 0 00:00:00  -  Total Local Usage
	11556  -  Run Bytes Sent By Job
	751335488  -  Run Bytes Received By Job
	11556  -  Total Bytes Sent By Job
	751335488  -  Total Bytes Received By Job
	Partitionable Resources :     Usage  Request Allocated 
	   Cpus                 :      0.20        1         1 
	   Disk (KB)            : 734522    52428800  55066196 
	   Memory (MB)          :    567        8192      8192 
	   TimeExecute (s)      :     44                       
	   TimeSlotBusy (s)     :     81                       

	Job terminated of its own accord at 2025-02-25T04:36:49Z with exit-code 1.
...
040 (47265051.006.000) 2025-02-24 22:36:53 Started transferring input files
	Transferring to host: <131.225.189.180:9618?addrs=[2620-6a-0-8421-f0-0-189-180]-9618+131.225.189.180-9618&alias=cmswn2129.fnal.gov&noUDP&sock=slot1_14_2164_7bd1_35232>
...
040 (47265051.006.000) 2025-02-24 22:37:16 Finished transferring input files
...
001 (47265051.006.000) 2025-02-24 22:37:17 Job executing on host: <131.225.189.180:9618?addrs=[2620-6a-0-8421-f0-0-189-180]-9618+131.225.189.180-9618&alias=cmswn2129.fnal.gov&noUDP&sock=startd_2113_ebb4>
	SlotName: slot1_14@cmswn2129.fnal.gov
	CondorScratchDir = "/storage/local/data1/condor/execute/dir_1062035"
	Cpus = 1
	Disk = 55066196
	Memory = 8192
...
006 (47265051.006.000) 2025-02-24 22:37:26 Image size of job updated: 44
	44  -  MemoryUsage of job (MB)
	45780  -  ResidentSetSize of job (KB)
...
006 (47265051.006.000) 2025-02-24 22:37:57 Image size of job updated: 460
	460  -  MemoryUsage of job (MB)
	471528  -  ResidentSetSize of job (KB)
...
040 (47265051.006.000) 2025-02-24 22:37:57 Started transferring output files
...
040 (47265051.006.000) 2025-02-24 22:37:57 Finished transferring output files
...
005 (47265051.006.000) 2025-02-24 22:37:57 Job terminated.
	(1) Normal termination (return value 1)
		Usr 0 00:00:01, Sys 0 00:00:00  -  Run Remote Usage
		Usr 0 00:00:00, Sys 0 00:00:00  -  Run Local Usage
		Usr 0 00:00:01, Sys 0 00:00:00  -  Total Remote Usage
		Usr 0 00:00:00, Sys 0 00:00:00  -  Total Local Usage
	11649  -  Run Bytes Sent By Job
	751343808  -  Run Bytes Received By Job
	11649  -  Total Bytes Sent By Job
	751343808  -  Total Bytes Received By Job
	Partitionable Resources :     Usage  Request Allocated 
	   Cpus                 :      0.29        1         1 
	   Disk (KB)            : 734530    52428800  55066196 
	   Memory (MB)          :    460        8192      8192 
	   TimeExecute (s)      :     40                       
	   TimeSlotBusy (s)     :     65                       

	Job terminated of its own accord at 2025-02-25T04:37:57Z with exit-code 1.
...
040 (47265051.007.000) 2025-02-24 22:37:58 Started transferring input files
	Transferring to host: <131.225.189.180:9618?addrs=[2620-6a-0-8421-f0-0-189-180]-9618+131.225.189.180-9618&alias=cmswn2129.fnal.gov&noUDP&sock=slot1_14_2164_7bd1_35233>
...
040 (47265051.007.000) 2025-02-24 22:38:23 Finished transferring input files
...
001 (47265051.007.000) 2025-02-24 22:38:24 Job executing on host: <131.225.189.180:9618?addrs=[2620-6a-0-8421-f0-0-189-180]-9618+131.225.189.180-9618&alias=cmswn2129.fnal.gov&noUDP&sock=startd_2113_ebb4>
	SlotName: slot1_14@cmswn2129.fnal.gov
	CondorScratchDir = "/storage/local/data1/condor/execute/dir_1064537"
	Cpus = 1
	Disk = 55066196
	Memory = 8192
...
006 (47265051.007.000) 2025-02-24 22:38:33 Image size of job updated: 43
	43  -  MemoryUsage of job (MB)
	44516  -  ResidentSetSize of job (KB)
...
006 (47265051.007.000) 2025-02-24 22:39:05 Image size of job updated: 553
	553  -  MemoryUsage of job (MB)
	566288  -  ResidentSetSize of job (KB)
...
040 (47265051.007.000) 2025-02-24 22:39:05 Started transferring output files
...
040 (47265051.007.000) 2025-02-24 22:39:06 Finished transferring output files
...
005 (47265051.007.000) 2025-02-24 22:39:06 Job terminated.
	(1) Normal termination (return value 1)
		Usr 0 00:00:24, Sys 0 00:00:04  -  Run Remote Usage
		Usr 0 00:00:00, Sys 0 00:00:00  -  Run Local Usage
		Usr 0 00:00:24, Sys 0 00:00:04  -  Total Remote Usage
		Usr 0 00:00:00, Sys 0 00:00:00  -  Total Local Usage
	11743  -  Run Bytes Sent By Job
	751352128  -  Run Bytes Received By Job
	11743  -  Total Bytes Sent By Job
	751352128  -  Total Bytes Received By Job
	Partitionable Resources :     Usage  Request Allocated 
	   Cpus                 :      0.00        1         1 
	   Disk (KB)            : 734538    52428800  55066196 
	   Memory (MB)          :    553        8192      8192 
	   TimeExecute (s)      :     41                       
	   TimeSlotBusy (s)     :     68                       

	Job terminated of its own accord at 2025-02-25T04:39:05Z with exit-code 1.
...
040 (47265051.008.000) 2025-02-24 22:39:07 Started transferring input files
	Transferring to host: <131.225.189.180:9618?addrs=[2620-6a-0-8421-f0-0-189-180]-9618+131.225.189.180-9618&alias=cmswn2129.fnal.gov&noUDP&sock=slot1_14_2164_7bd1_35234>
...
040 (47265051.008.000) 2025-02-24 22:39:27 Finished transferring input files
...
001 (47265051.008.000) 2025-02-24 22:39:28 Job executing on host: <131.225.189.180:9618?addrs=[2620-6a-0-8421-f0-0-189-180]-9618+131.225.189.180-9618&alias=cmswn2129.fnal.gov&noUDP&sock=startd_2113_ebb4>
	SlotName: slot1_14@cmswn2129.fnal.gov
	CondorScratchDir = "/storage/local/data1/condor/execute/dir_1067913"
	Cpus = 1
	Disk = 55066196
	Memory = 8192
...
006 (47265051.008.000) 2025-02-24 22:39:37 Image size of job updated: 36
	36  -  MemoryUsage of job (MB)
	37684  -  ResidentSetSize of job (KB)
...
006 (47265051.008.000) 2025-02-24 22:40:06 Image size of job updated: 459
	459  -  MemoryUsage of job (MB)
	470936  -  ResidentSetSize of job (KB)
...
040 (47265051.008.000) 2025-02-24 22:40:06 Started transferring output files
...
040 (47265051.008.000) 2025-02-24 22:40:06 Finished transferring output files
...
005 (47265051.008.000) 2025-02-24 22:40:06 Job terminated.
	(1) Normal termination (return value 1)
		Usr 0 00:00:01, Sys 0 00:00:00  -  Run Remote Usage
		Usr 0 00:00:00, Sys 0 00:00:00  -  Run Local Usage
		Usr 0 00:00:01, Sys 0 00:00:00  -  Total Remote Usage
		Usr 0 00:00:00, Sys 0 00:00:00  -  Total Local Usage
	11828  -  Run Bytes Sent By Job
	751360448  -  Run Bytes Received By Job
	11828  -  Total Bytes Sent By Job
	751360448  -  Total Bytes Received By Job
	Partitionable Resources :     Usage  Request Allocated 
	   Cpus                 :      0.34        1         1 
	   Disk (KB)            : 734546    52428800  55066196 
	   Memory (MB)          :    459        8192      8192 
	   TimeExecute (s)      :     38                       
	   TimeSlotBusy (s)     :     59                       

	Job terminated of its own accord at 2025-02-25T04:40:06Z with exit-code 1.
...
040 (47265051.009.000) 2025-02-24 22:40:07 Started transferring input files
	Transferring to host: <131.225.189.180:9618?addrs=[2620-6a-0-8421-f0-0-189-180]-9618+131.225.189.180-9618&alias=cmswn2129.fnal.gov&noUDP&sock=slot1_14_2164_7bd1_35235>
...
040 (47265051.009.000) 2025-02-24 22:40:31 Finished transferring input files
...
021 (47265051.009.000) 2025-02-24 22:40:31 Error from starter on slot1_14@cmswn2129.fnal.gov:
	SHADOW at 131.225.204.62 failed to send file(s) to <131.225.189.180:36915>: |Error: reading from file /uscms_data/d3/vsinha/CMSSW_12_3_4/src/fly/./.PROCESSED_QCD_Pt-50to80_EMEnriched.out.swp: (errno 2) No such file or directory; STARTER failed to receive file(s) from <131.225.204.62:9618>
	Code 13 Subcode 2
...
004 (47265051.009.000) 2025-02-24 22:40:31 Job was evicted.
	(0) CPU times
		Usr 0 00:00:00, Sys 0 00:00:00  -  Run Remote Usage
		Usr 0 00:00:00, Sys 0 00:00:00  -  Run Local Usage
	0  -  Run Bytes Sent By Job
	751368768  -  Run Bytes Received By Job
	Transfer input files failure at access point lpcschedd5 while sending files to execution point slot1_14@cmswn2129.fnal.gov. Details: reading from file /uscms_data/d3/vsinha/CMSSW_12_3_4/src/fly/./.PROCESSED_QCD_Pt-50to80_EMEnriched.out.swp: (errno 2) No such file or directory
	Partitionable Resources :    Usage  Request Allocated 
	   Cpus                 :                 1         1 
	   Disk (KB)            :   750000 52428800  55066196 
	   Memory (MB)          :              8192      8192 
...
012 (47265051.009.000) 2025-02-24 22:40:31 Job was held.
	Transfer input files failure at access point lpcschedd5 while sending files to execution point slot1_14@cmswn2129.fnal.gov. Details: reading from file /uscms_data/d3/vsinha/CMSSW_12_3_4/src/fly/./.PROCESSED_QCD_Pt-50to80_EMEnriched.out.swp: (errno 2) No such file or directory
	Code 13 Subcode 2
...
040 (47265051.010.000) 2025-02-24 22:40:33 Started transferring input files
	Transferring to host: <131.225.189.180:9618?addrs=[2620-6a-0-8421-f0-0-189-180]-9618+131.225.189.180-9618&alias=cmswn2129.fnal.gov&noUDP&sock=slot1_14_2164_7bd1_35236>
...
040 (47265051.010.000) 2025-02-24 22:40:54 Finished transferring input files
...
001 (47265051.010.000) 2025-02-24 22:40:55 Job executing on host: <131.225.189.180:9618?addrs=[2620-6a-0-8421-f0-0-189-180]-9618+131.225.189.180-9618&alias=cmswn2129.fnal.gov&noUDP&sock=startd_2113_ebb4>
	SlotName: slot1_14@cmswn2129.fnal.gov
	CondorScratchDir = "/storage/local/data1/condor/execute/dir_1070188"
	Cpus = 1
	Disk = 55066196
	Memory = 8192
...
006 (47265051.010.000) 2025-02-24 22:41:45 Image size of job updated: 488
	488  -  MemoryUsage of job (MB)
	500112  -  ResidentSetSize of job (KB)
...
040 (47265051.010.000) 2025-02-24 22:41:45 Started transferring output files
...
040 (47265051.010.000) 2025-02-24 22:41:45 Finished transferring output files
...
005 (47265051.010.000) 2025-02-24 22:41:47 Job terminated.
	(1) Normal termination (return value 1)
		Usr 0 00:00:00, Sys 0 00:00:00  -  Run Remote Usage
		Usr 0 00:00:00, Sys 0 00:00:00  -  Run Local Usage
		Usr 0 00:00:00, Sys 0 00:00:00  -  Total Remote Usage
		Usr 0 00:00:00, Sys 0 00:00:00  -  Total Local Usage
	11926  -  Run Bytes Sent By Job
	751370624  -  Run Bytes Received By Job
	11926  -  Total Bytes Sent By Job
	751370624  -  Total Bytes Received By Job
	Partitionable Resources :     Usage  Request Allocated 
	   Cpus                 :      0.01        1         1 
	   Disk (KB)            : 734556    52428800  55066196 
	   Memory (MB)          :    488        8192      8192 
	   TimeExecute (s)      :     50                       
	   TimeSlotBusy (s)     :     74                       

	Job terminated of its own accord at 2025-02-25T04:41:45Z with exit-code 1.
...
040 (47265051.011.000) 2025-02-24 22:41:48 Started transferring input files
	Transferring to host: <131.225.189.180:9618?addrs=[2620-6a-0-8421-f0-0-189-180]-9618+131.225.189.180-9618&alias=cmswn2129.fnal.gov&noUDP&sock=slot1_14_2164_7bd1_35237>
...
040 (47265051.011.000) 2025-02-24 22:42:19 Finished transferring input files
...
001 (47265051.011.000) 2025-02-24 22:42:20 Job executing on host: <131.225.189.180:9618?addrs=[2620-6a-0-8421-f0-0-189-180]-9618+131.225.189.180-9618&alias=cmswn2129.fnal.gov&noUDP&sock=startd_2113_ebb4>
	SlotName: slot1_14@cmswn2129.fnal.gov
	CondorScratchDir = "/storage/local/data1/condor/execute/dir_1073328"
	Cpus = 1
	Disk = 55066196
	Memory = 8192
...
006 (47265051.011.000) 2025-02-24 22:42:29 Image size of job updated: 46
	46  -  MemoryUsage of job (MB)
	47700  -  ResidentSetSize of job (KB)
...
006 (47265051.011.000) 2025-02-24 22:43:00 Image size of job updated: 434
	434  -  MemoryUsage of job (MB)
	445284  -  ResidentSetSize of job (KB)
...
040 (47265051.011.000) 2025-02-24 22:43:00 Started transferring output files
...
040 (47265051.011.000) 2025-02-24 22:43:00 Finished transferring output files
...
005 (47265051.011.000) 2025-02-24 22:43:01 Job terminated.
	(1) Normal termination (return value 1)
		Usr 0 00:00:00, Sys 0 00:00:00  -  Run Remote Usage
		Usr 0 00:00:00, Sys 0 00:00:00  -  Run Local Usage
		Usr 0 00:00:00, Sys 0 00:00:00  -  Total Remote Usage
		Usr 0 00:00:00, Sys 0 00:00:00  -  Total Local Usage
	12016  -  Run Bytes Sent By Job
	751378816  -  Run Bytes Received By Job
	12016  -  Total Bytes Sent By Job
	751378816  -  Total Bytes Received By Job
	Partitionable Resources :    Usage  Request Allocated 
	   Cpus                 :        0        1         1 
	   Disk (KB)            :   734565 52428800  55066196 
	   Memory (MB)          :      434     8192      8192 
	   TimeExecute (s)      :       40                    
	   TimeSlotBusy (s)     :       73                    

	Job terminated of its own accord at 2025-02-25T04:43:00Z with exit-code 1.
...
040 (47265051.012.000) 2025-02-24 22:43:02 Started transferring input files
	Transferring to host: <131.225.189.180:9618?addrs=[2620-6a-0-8421-f0-0-189-180]-9618+131.225.189.180-9618&alias=cmswn2129.fnal.gov&noUDP&sock=slot1_14_2164_7bd1_35239>
...
040 (47265051.012.000) 2025-02-24 22:43:36 Finished transferring input files
...
001 (47265051.012.000) 2025-02-24 22:43:37 Job executing on host: <131.225.189.180:9618?addrs=[2620-6a-0-8421-f0-0-189-180]-9618+131.225.189.180-9618&alias=cmswn2129.fnal.gov&noUDP&sock=startd_2113_ebb4>
	SlotName: slot1_14@cmswn2129.fnal.gov
	CondorScratchDir = "/storage/local/data1/condor/execute/dir_1077554"
	Cpus = 1
	Disk = 55066196
	Memory = 8192
...
013 (47265051.009.000) 2025-02-24 22:43:39 Job was released.
	via condor_release (by user vsinha)
...
006 (47265051.012.000) 2025-02-24 22:43:45 Image size of job updated: 42
	42  -  MemoryUsage of job (MB)
	43644  -  ResidentSetSize of job (KB)
...
006 (47265051.012.000) 2025-02-24 22:44:19 Image size of job updated: 570
	570  -  MemoryUsage of job (MB)
	584424  -  ResidentSetSize of job (KB)
...
040 (47265051.012.000) 2025-02-24 22:44:20 Started transferring output files
...
040 (47265051.012.000) 2025-02-24 22:44:20 Finished transferring output files
...
005 (47265051.012.000) 2025-02-24 22:44:21 Job terminated.
	(1) Normal termination (return value 1)
		Usr 0 00:00:24, Sys 0 00:00:04  -  Run Remote Usage
		Usr 0 00:00:00, Sys 0 00:00:00  -  Run Local Usage
		Usr 0 00:00:24, Sys 0 00:00:04  -  Total Remote Usage
		Usr 0 00:00:00, Sys 0 00:00:00  -  Total Local Usage
	12106  -  Run Bytes Sent By Job
	751387136  -  Run Bytes Received By Job
	12106  -  Total Bytes Sent By Job
	751387136  -  Total Bytes Received By Job
	Partitionable Resources :     Usage  Request Allocated 
	   Cpus                 :      0.17        1         1 
	   Disk (KB)            : 734573    52428800  55066196 
	   Memory (MB)          :    570        8192      8192 
	   TimeExecute (s)      :     42                       
	   TimeSlotBusy (s)     :     79                       

	Job terminated of its own accord at 2025-02-25T04:44:19Z with exit-code 1.
...
040 (47265051.009.000) 2025-02-24 22:44:22 Started transferring input files
	Transferring to host: <131.225.189.180:9618?addrs=[2620-6a-0-8421-f0-0-189-180]-9618+131.225.189.180-9618&alias=cmswn2129.fnal.gov&noUDP&sock=slot1_14_2164_7bd1_35241>
...
040 (47265051.009.000) 2025-02-24 22:44:49 Finished transferring input files
...
001 (47265051.009.000) 2025-02-24 22:44:50 Job executing on host: <131.225.189.180:9618?addrs=[2620-6a-0-8421-f0-0-189-180]-9618+131.225.189.180-9618&alias=cmswn2129.fnal.gov&noUDP&sock=startd_2113_ebb4>
	SlotName: slot1_14@cmswn2129.fnal.gov
	CondorScratchDir = "/storage/local/data1/condor/execute/dir_1081623"
	Cpus = 1
	Disk = 55066196
	Memory = 8192
...
006 (47265051.009.000) 2025-02-24 22:45:59 Image size of job updated: 541
	541  -  MemoryUsage of job (MB)
	554028  -  ResidentSetSize of job (KB)
...
009 (47265051.013.000) 2025-02-24 22:47:35 Job was aborted.
	via condor_rm (by user vsinha)
...
009 (47265051.014.000) 2025-02-24 22:47:35 Job was aborted.
	via condor_rm (by user vsinha)
...
009 (47265051.015.000) 2025-02-24 22:47:35 Job was aborted.
	via condor_rm (by user vsinha)
...
009 (47265051.016.000) 2025-02-24 22:47:35 Job was aborted.
	via condor_rm (by user vsinha)
...
009 (47265051.017.000) 2025-02-24 22:47:35 Job was aborted.
	via condor_rm (by user vsinha)
...
009 (47265051.018.000) 2025-02-24 22:47:35 Job was aborted.
	via condor_rm (by user vsinha)
...
009 (47265051.019.000) 2025-02-24 22:47:35 Job was aborted.
	via condor_rm (by user vsinha)
...
009 (47265051.020.000) 2025-02-24 22:47:35 Job was aborted.
	via condor_rm (by user vsinha)
...
009 (47265051.021.000) 2025-02-24 22:47:35 Job was aborted.
	via condor_rm (by user vsinha)
...
009 (47265051.022.000) 2025-02-24 22:47:35 Job was aborted.
	via condor_rm (by user vsinha)
...
009 (47265051.023.000) 2025-02-24 22:47:35 Job was aborted.
	via condor_rm (by user vsinha)
...
009 (47265051.024.000) 2025-02-24 22:47:35 Job was aborted.
	via condor_rm (by user vsinha)
...
009 (47265051.025.000) 2025-02-24 22:47:35 Job was aborted.
	via condor_rm (by user vsinha)
...
009 (47265051.026.000) 2025-02-24 22:47:35 Job was aborted.
	via condor_rm (by user vsinha)
...
009 (47265051.027.000) 2025-02-24 22:47:35 Job was aborted.
	via condor_rm (by user vsinha)
...
009 (47265051.028.000) 2025-02-24 22:47:35 Job was aborted.
	via condor_rm (by user vsinha)
...
009 (47265051.029.000) 2025-02-24 22:47:35 Job was aborted.
	via condor_rm (by user vsinha)
...
009 (47265051.030.000) 2025-02-24 22:47:35 Job was aborted.
	via condor_rm (by user vsinha)
...
009 (47265051.031.000) 2025-02-24 22:47:35 Job was aborted.
	via condor_rm (by user vsinha)
...
009 (47265051.032.000) 2025-02-24 22:47:35 Job was aborted.
	via condor_rm (by user vsinha)
...
009 (47265051.033.000) 2025-02-24 22:47:35 Job was aborted.
	via condor_rm (by user vsinha)
...
009 (47265051.034.000) 2025-02-24 22:47:35 Job was aborted.
	via condor_rm (by user vsinha)
...
009 (47265051.035.000) 2025-02-24 22:47:35 Job was aborted.
	via condor_rm (by user vsinha)
...
009 (47265051.036.000) 2025-02-24 22:47:35 Job was aborted.
	via condor_rm (by user vsinha)
...
009 (47265051.037.000) 2025-02-24 22:47:35 Job was aborted.
	via condor_rm (by user vsinha)
...
009 (47265051.038.000) 2025-02-24 22:47:35 Job was aborted.
	via condor_rm (by user vsinha)
...
006 (47265051.009.000) 2025-02-24 22:47:38 Image size of job updated: 541
	541  -  MemoryUsage of job (MB)
	554200  -  ResidentSetSize of job (KB)
...
040 (47265051.009.000) 2025-02-24 22:47:38 Started transferring output files
...
040 (47265051.009.000) 2025-02-24 22:47:38 Finished transferring output files
...
004 (47265051.009.000) 2025-02-24 22:47:38 Job was evicted.
	(0) CPU times
		Usr 0 00:00:14, Sys 0 00:00:02  -  Run Remote Usage
		Usr 0 00:00:00, Sys 0 00:00:00  -  Run Local Usage
	6718  -  Run Bytes Sent By Job
	751395520  -  Run Bytes Received By Job
	Partitionable Resources :    Usage  Request Allocated 
	   Cpus                 :        0        1         1 
	   Disk (KB)            :   734665 52428800  55066196 
	   Memory (MB)          :      541     8192      8192 
	   TimeExecute (s)      :      168                    
	   TimeSlotBusy (s)     :      196                    
...
009 (47265051.009.000) 2025-02-24 22:47:38 Job was aborted.
	via condor_rm (by user vsinha)
...
