000 (47239042.003.000) 2025-02-15 07:25:53 Job submitted from host: <131.225.204.62:9618?addrs=131.225.204.62-9618+[2620-6a-0-8420-f0-0-204-62]-9618&alias=lpcschedd5.fnal.gov&noUDP&sock=schedd_2457_e048>
...
040 (47239042.003.000) 2025-02-15 07:25:56 Started transferring input files
	Transferring to host: <131.225.189.173:9618?addrs=[2620-6a-0-8421-f0-0-189-173]-9618+131.225.189.173-9618&alias=cmswn2123.fnal.gov&noUDP&sock=slot1_41_2342_e698_29517>
...
040 (47239042.003.000) 2025-02-15 07:25:57 Finished transferring input files
...
001 (47239042.003.000) 2025-02-15 07:25:58 Job executing on host: <131.225.189.173:9618?addrs=[2620-6a-0-8421-f0-0-189-173]-9618+131.225.189.173-9618&alias=cmswn2123.fnal.gov&noUDP&sock=startd_2221_ffef>
	SlotName: slot1_41@cmswn2123.fnal.gov
	CondorScratchDir = "/storage/local/data1/condor/execute/dir_2225904"
	Cpus = 4
	Disk = 10340910
	Memory = 2048
...
006 (47239042.003.000) 2025-02-15 07:26:06 Image size of job updated: 49
	49  -  MemoryUsage of job (MB)
	50268  -  ResidentSetSize of job (KB)
...
006 (47239042.003.000) 2025-02-15 07:27:06 Image size of job updated: 439
	439  -  MemoryUsage of job (MB)
	450332  -  ResidentSetSize of job (KB)
...
006 (47239042.003.000) 2025-02-15 07:27:27 Image size of job updated: 468
	468  -  MemoryUsage of job (MB)
	479372  -  ResidentSetSize of job (KB)
...
040 (47239042.003.000) 2025-02-15 07:27:27 Started transferring output files
...
040 (47239042.003.000) 2025-02-15 07:27:27 Finished transferring output files
...
005 (47239042.003.000) 2025-02-15 07:27:28 Job terminated.
	(1) Normal termination (return value 1)
		Usr 0 00:00:03, Sys 0 00:00:02  -  Run Remote Usage
		Usr 0 00:00:00, Sys 0 00:00:00  -  Run Local Usage
		Usr 0 00:00:03, Sys 0 00:00:02  -  Total Remote Usage
		Usr 0 00:00:00, Sys 0 00:00:00  -  Total Local Usage
	18183  -  Run Bytes Sent By Job
	580974  -  Run Bytes Received By Job
	18183  -  Total Bytes Sent By Job
	580974  -  Total Bytes Received By Job
	Partitionable Resources :    Usage  Request Allocated 
	   Cpus                 :     0.01        4         4 
	   Disk (KB)            :  1373     5242880  10340910 
	   Memory (MB)          :   468        2048      2048 
	   TimeExecute (s)      :    89                       
	   TimeSlotBusy (s)     :    92                       

	Job terminated of its own accord at 2025-02-15T13:27:27Z with exit-code 1.
...
