000 (47306185.020.000) 2025-03-07 08:43:24 Job submitted from host: <131.225.204.62:9618?addrs=131.225.204.62-9618+[2620-6a-0-8420-f0-0-204-62]-9618&alias=lpcschedd5.fnal.gov&noUDP&sock=schedd_2457_e048>
...
040 (47306185.020.000) 2025-03-07 08:43:38 Started transferring input files
	Transferring to host: <131.225.189.172:9618?addrs=[2620-6a-0-8421-f0-0-189-172]-9618+131.225.189.172-9618&alias=cmswn2122.fnal.gov&noUDP&sock=slot1_8_2859_2c8d_57772>
...
040 (47306185.020.000) 2025-03-07 08:43:38 Finished transferring input files
...
001 (47306185.020.000) 2025-03-07 08:43:39 Job executing on host: <131.225.189.172:9618?addrs=[2620-6a-0-8421-f0-0-189-172]-9618+131.225.189.172-9618&alias=cmswn2122.fnal.gov&noUDP&sock=startd_2597_e78b>
	SlotName: slot1_8@cmswn2122.fnal.gov
	CondorScratchDir = "/storage/local/data1/condor/execute/dir_942617"
	Cpus = 4
	Disk = 10361850
	Memory = 2048
...
006 (47306185.020.000) 2025-03-07 08:43:48 Image size of job updated: 52
	52  -  MemoryUsage of job (MB)
	53756  -  ResidentSetSize of job (KB)
...
006 (47306185.020.000) 2025-03-07 08:44:48 Image size of job updated: 897
	897  -  MemoryUsage of job (MB)
	918596  -  ResidentSetSize of job (KB)
...
006 (47306185.020.000) 2025-03-07 08:45:33 Image size of job updated: 1000
	1000  -  MemoryUsage of job (MB)
	1024184  -  ResidentSetSize of job (KB)
...
040 (47306185.020.000) 2025-03-07 08:45:33 Started transferring output files
...
040 (47306185.020.000) 2025-03-07 08:45:33 Finished transferring output files
...
005 (47306185.020.000) 2025-03-07 08:45:37 Job terminated.
	(1) Normal termination (return value 1)
		Usr 0 00:00:09, Sys 0 00:00:03  -  Run Remote Usage
		Usr 0 00:00:00, Sys 0 00:00:00  -  Run Local Usage
		Usr 0 00:00:09, Sys 0 00:00:03  -  Total Remote Usage
		Usr 0 00:00:00, Sys 0 00:00:00  -  Total Local Usage
	44306  -  Run Bytes Sent By Job
	2798752  -  Run Bytes Received By Job
	44306  -  Total Bytes Sent By Job
	2798752  -  Total Bytes Received By Job
	Partitionable Resources :    Usage  Request Allocated 
	   Cpus                 :        0        4         4 
	   Disk (KB)            :     3560  5242880  10361850 
	   Memory (MB)          :     1000     2048      2048 
	   TimeExecute (s)      :      114                    
	   TimeSlotBusy (s)     :      119                    

	Job terminated of its own accord at 2025-03-07T14:45:33Z with exit-code 1.
...
