000 (47306185.009.000) 2025-03-07 08:43:24 Job submitted from host: <131.225.204.62:9618?addrs=131.225.204.62-9618+[2620-6a-0-8420-f0-0-204-62]-9618&alias=lpcschedd5.fnal.gov&noUDP&sock=schedd_2457_e048>
...
040 (47306185.009.000) 2025-03-07 08:43:37 Started transferring input files
	Transferring to host: <131.225.189.211:9618?addrs=[2620-6a-0-8421-f0-0-189-211]-9618+131.225.189.211-9618&alias=cmswn2145.fnal.gov&noUDP&sock=slot1_7_2338_1518_56537>
...
040 (47306185.009.000) 2025-03-07 08:43:37 Finished transferring input files
...
001 (47306185.009.000) 2025-03-07 08:43:38 Job executing on host: <131.225.189.211:9618?addrs=[2620-6a-0-8421-f0-0-189-211]-9618+131.225.189.211-9618&alias=cmswn2145.fnal.gov&noUDP&sock=startd_2246_25cd>
	SlotName: slot1_7@cmswn2145.fnal.gov
	CondorScratchDir = "/storage/local/data1/condor/execute/dir_590315"
	Cpus = 4
	Disk = 10338924
	Memory = 2048
...
006 (47306185.009.000) 2025-03-07 08:43:46 Image size of job updated: 51
	51  -  MemoryUsage of job (MB)
	52596  -  ResidentSetSize of job (KB)
...
006 (47306185.009.000) 2025-03-07 08:44:43 Image size of job updated: 995
	995  -  MemoryUsage of job (MB)
	1019344  -  ResidentSetSize of job (KB)
...
040 (47306185.009.000) 2025-03-07 08:44:43 Started transferring output files
...
040 (47306185.009.000) 2025-03-07 08:44:43 Finished transferring output files
...
005 (47306185.009.000) 2025-03-07 08:44:44 Job terminated.
	(1) Normal termination (return value 1)
		Usr 0 00:00:00, Sys 0 00:00:00  -  Run Remote Usage
		Usr 0 00:00:00, Sys 0 00:00:00  -  Run Local Usage
		Usr 0 00:00:00, Sys 0 00:00:00  -  Total Remote Usage
		Usr 0 00:00:00, Sys 0 00:00:00  -  Total Local Usage
	40532  -  Run Bytes Sent By Job
	2794031  -  Run Bytes Received By Job
	40532  -  Total Bytes Sent By Job
	2794031  -  Total Bytes Received By Job
	Partitionable Resources :    Usage  Request Allocated 
	   Cpus                 :        0        4         4 
	   Disk (KB)            :     3550  5242880  10338924 
	   Memory (MB)          :      995     2048      2048 
	   TimeExecute (s)      :       65                    
	   TimeSlotBusy (s)     :       67                    

	Job terminated of its own accord at 2025-03-07T14:44:43Z with exit-code 1.
...
