000 (10695023.001.000) 2025-02-16 08:36:32 Job submitted from host: <131.225.189.251:9618?addrs=131.225.189.251-9618+[2620-6a-0-8421--e8]-9618&alias=lpcschedd4.fnal.gov&noUDP&sock=schedd_1925_f7e6>
...
040 (10695023.001.000) 2025-02-16 08:36:53 Started transferring input files
	Transferring to host: <131.225.189.62:9618?addrs=[2620-6a-0-8421-f0-0-189-62]-9618+131.225.189.62-9618&alias=cmswn2077.fnal.gov&noUDP&sock=slot1_39_2363_b279_53692>
...
040 (10695023.001.000) 2025-02-16 08:36:53 Finished transferring input files
...
001 (10695023.001.000) 2025-02-16 08:36:54 Job executing on host: <131.225.189.62:9618?addrs=[2620-6a-0-8421-f0-0-189-62]-9618+131.225.189.62-9618&alias=cmswn2077.fnal.gov&noUDP&sock=startd_2015_b36c>
	SlotName: slot1_39@cmswn2077.fnal.gov
	CondorScratchDir = "/storage/local/data1/condor/execute/dir_3120444"
	Cpus = 4
	Disk = 6475094
	Memory = 2048
...
006 (10695023.001.000) 2025-02-16 08:37:03 Image size of job updated: 71
	71  -  MemoryUsage of job (MB)
	73640  -  ResidentSetSize of job (KB)
...
006 (10695023.001.000) 2025-02-16 08:38:03 Image size of job updated: 1004
	1004  -  MemoryUsage of job (MB)
	1028780  -  ResidentSetSize of job (KB)
...
006 (10695023.001.000) 2025-02-16 08:39:04 Image size of job updated: 1133
	1133  -  MemoryUsage of job (MB)
	1161068  -  ResidentSetSize of job (KB)
...
006 (10695023.001.000) 2025-02-16 08:40:05 Image size of job updated: 1182
	1182  -  MemoryUsage of job (MB)
	1210716  -  ResidentSetSize of job (KB)
...
006 (10695023.001.000) 2025-02-16 08:41:06 Image size of job updated: 1182
	1182  -  MemoryUsage of job (MB)
	1210820  -  ResidentSetSize of job (KB)
...
006 (10695023.001.000) 2025-02-16 08:42:07 Image size of job updated: 1182
	1182  -  MemoryUsage of job (MB)
	1210900  -  ResidentSetSize of job (KB)
...
006 (10695023.001.000) 2025-02-16 08:45:08 Image size of job updated: 1182
	1182  -  MemoryUsage of job (MB)
	1211036  -  ResidentSetSize of job (KB)
...
040 (10695023.001.000) 2025-02-16 08:50:36 Started transferring output files
...
040 (10695023.001.000) 2025-02-16 08:50:36 Finished transferring output files
...
005 (10695023.001.000) 2025-02-16 08:50:36 Job terminated.
	(1) Normal termination (return value 1)
		Usr 0 00:11:13, Sys 0 00:00:17  -  Run Remote Usage
		Usr 0 00:00:00, Sys 0 00:00:00  -  Run Local Usage
		Usr 0 00:11:13, Sys 0 00:00:17  -  Total Remote Usage
		Usr 0 00:00:00, Sys 0 00:00:00  -  Total Local Usage
	18742  -  Run Bytes Sent By Job
	776588  -  Run Bytes Received By Job
	18742  -  Total Bytes Sent By Job
	776588  -  Total Bytes Received By Job
	Partitionable Resources :    Usage  Request Allocated 
	   Cpus                 :     0.00        4         4 
	   Disk (KB)            :  1564     5242880   6475094 
	   Memory (MB)          :  1182        2048      2048 

	Job terminated of its own accord at 2025-02-16T14:50:35Z with exit-code 1.
...
