000 (74453876.018.000) 2025-02-14 03:38:36 Job submitted from host: <131.225.189.168:9618?addrs=131.225.189.168-9618+[2620-6a-0-8421-f0-0-189-168]-9618&alias=lpcschedd6.fnal.gov&noUDP&sock=schedd_31891_26e2>
...
040 (74453876.018.000) 2025-02-14 03:57:06 Started transferring input files
	Transferring to host: <131.225.188.184:9618?addrs=[2620-6a-0-8421-f0-0-188-184]-9618+131.225.188.184-9618&alias=cmswn2061.fnal.gov&noUDP&sock=slot1_25_2240_0854_1945>
...
040 (74453876.018.000) 2025-02-14 03:57:06 Finished transferring input files
...
001 (74453876.018.000) 2025-02-14 03:57:07 Job executing on host: <131.225.188.184:9618?addrs=[2620-6a-0-8421-f0-0-188-184]-9618+131.225.188.184-9618&alias=cmswn2061.fnal.gov&noUDP&sock=startd_2110_dceb>
	SlotName: slot1_25@cmswn2061.fnal.gov
	CondorScratchDir = "/storage/local/data1/condor/execute/dir_2950990"
	Cpus = 4
	Disk = 6444002
	Memory = 2048
...
006 (74453876.018.000) 2025-02-14 03:57:16 Image size of job updated: 40
	40  -  MemoryUsage of job (MB)
	41440  -  ResidentSetSize of job (KB)
...
006 (74453876.018.000) 2025-02-14 03:58:16 Image size of job updated: 514
	514  -  MemoryUsage of job (MB)
	526396  -  ResidentSetSize of job (KB)
...
006 (74453876.018.000) 2025-02-14 03:58:42 Image size of job updated: 552
	552  -  MemoryUsage of job (MB)
	565660  -  ResidentSetSize of job (KB)
...
040 (74453876.018.000) 2025-02-14 03:58:43 Started transferring output files
...
040 (74453876.018.000) 2025-02-14 03:58:43 Finished transferring output files
...
005 (74453876.018.000) 2025-02-14 03:58:45 Job terminated.
	(1) Normal termination (return value 1)
		Usr 0 00:00:09, Sys 0 00:00:03  -  Run Remote Usage
		Usr 0 00:00:00, Sys 0 00:00:00  -  Run Local Usage
		Usr 0 00:00:09, Sys 0 00:00:03  -  Total Remote Usage
		Usr 0 00:00:00, Sys 0 00:00:00  -  Total Local Usage
	17622  -  Run Bytes Sent By Job
	456031  -  Run Bytes Received By Job
	17622  -  Total Bytes Sent By Job
	456031  -  Total Bytes Received By Job
	Partitionable Resources :    Usage  Request Allocated 
	   Cpus                 :        0        4         4 
	   Disk (KB)            :     1247  5242880   6444002 
	   Memory (MB)          :      552     2048      2048 
	   TimeExecute (s)      :       95                    
	   TimeSlotBusy (s)     :       99                    

	Job terminated of its own accord at 2025-02-14T09:58:42Z with exit-code 1.
...
