000 (47306185.024.000) 2025-03-07 08:43:24 Job submitted from host: <131.225.204.62:9618?addrs=131.225.204.62-9618+[2620-6a-0-8420-f0-0-204-62]-9618&alias=lpcschedd5.fnal.gov&noUDP&sock=schedd_2457_e048>
...
040 (47306185.024.000) 2025-03-07 08:43:36 Started transferring input files
	Transferring to host: <131.225.188.210:9618?addrs=[2620-6a-0-8421-f0-0-188-210]-9618+131.225.188.210-9618&alias=cmswn2067.fnal.gov&noUDP&sock=slot1_12_3204_41fb_18752>
...
040 (47306185.024.000) 2025-03-07 08:43:36 Finished transferring input files
...
001 (47306185.024.000) 2025-03-07 08:43:37 Job executing on host: <131.225.188.210:9618?addrs=[2620-6a-0-8421-f0-0-188-210]-9618+131.225.188.210-9618&alias=cmswn2067.fnal.gov&noUDP&sock=startd_2565_f483>
	SlotName: slot1_12@cmswn2067.fnal.gov
	CondorScratchDir = "/storage/local/data1/condor/execute/dir_2973706"
	Cpus = 4
	Disk = 6454473
	Memory = 2048
...
006 (47306185.024.000) 2025-03-07 08:43:45 Image size of job updated: 47
	47  -  MemoryUsage of job (MB)
	48512  -  ResidentSetSize of job (KB)
...
006 (47306185.024.000) 2025-03-07 08:44:46 Image size of job updated: 907
	907  -  MemoryUsage of job (MB)
	929752  -  ResidentSetSize of job (KB)
...
006 (47306185.024.000) 2025-03-07 08:45:47 Image size of job updated: 1046
	1046  -  MemoryUsage of job (MB)
	1071144  -  ResidentSetSize of job (KB)
...
040 (47306185.024.000) 2025-03-07 09:54:41 Started transferring output files
...
040 (47306185.024.000) 2025-03-07 09:54:41 Finished transferring output files
...
005 (47306185.024.000) 2025-03-07 09:54:44 Job terminated.
	(1) Normal termination (return value 1)
		Usr 0 00:52:28, Sys 0 00:01:33  -  Run Remote Usage
		Usr 0 00:00:00, Sys 0 00:00:00  -  Run Local Usage
		Usr 0 00:52:28, Sys 0 00:01:33  -  Total Remote Usage
		Usr 0 00:00:00, Sys 0 00:00:00  -  Total Local Usage
	60747  -  Run Bytes Sent By Job
	2790599  -  Run Bytes Received By Job
	60747  -  Total Bytes Sent By Job
	2790599  -  Total Bytes Received By Job
	Partitionable Resources :    Usage  Request Allocated 
	   Cpus                 :        0        4         4 
	   Disk (KB)            :     3567  5242880   6454473 
	   Memory (MB)          :     1046     2048      2048 
	   TimeExecute (s)      :     4264                    
	   TimeSlotBusy (s)     :     4268                    

	Job terminated of its own accord at 2025-03-07T15:54:41Z with exit-code 1.
...
