000 (47306185.015.000) 2025-03-07 08:43:24 Job submitted from host: <131.225.204.62:9618?addrs=131.225.204.62-9618+[2620-6a-0-8420-f0-0-204-62]-9618&alias=lpcschedd5.fnal.gov&noUDP&sock=schedd_2457_e048>
...
040 (47306185.015.000) 2025-03-07 08:43:35 Started transferring input files
	Transferring to host: <131.225.189.186:9618?addrs=[2620-6a-0-8421-f0-0-189-186]-9618+131.225.189.186-9618&alias=cmswn2133.fnal.gov&noUDP&sock=slot1_12_2146_cd10_44223>
...
040 (47306185.015.000) 2025-03-07 08:43:35 Finished transferring input files
...
001 (47306185.015.000) 2025-03-07 08:43:36 Job executing on host: <131.225.189.186:9618?addrs=[2620-6a-0-8421-f0-0-189-186]-9618+131.225.189.186-9618&alias=cmswn2133.fnal.gov&noUDP&sock=startd_2050_b53d>
	SlotName: slot1_12@cmswn2133.fnal.gov
	CondorScratchDir = "/storage/local/data1/condor/execute/dir_1521550"
	Cpus = 4
	Disk = 10359379
	Memory = 2048
...
006 (47306185.015.000) 2025-03-07 08:43:45 Image size of job updated: 47
	47  -  MemoryUsage of job (MB)
	49080  -  ResidentSetSize of job (KB)
...
006 (47306185.015.000) 2025-03-07 08:44:46 Image size of job updated: 1006
	1006  -  MemoryUsage of job (MB)
	1030268  -  ResidentSetSize of job (KB)
...
006 (47306185.015.000) 2025-03-07 08:44:59 Image size of job updated: 1035
	1035  -  MemoryUsage of job (MB)
	1060312  -  ResidentSetSize of job (KB)
...
040 (47306185.015.000) 2025-03-07 08:44:59 Started transferring output files
...
040 (47306185.015.000) 2025-03-07 08:44:59 Finished transferring output files
...
005 (47306185.015.000) 2025-03-07 08:45:01 Job terminated.
	(1) Normal termination (return value 1)
		Usr 0 00:00:03, Sys 0 00:00:03  -  Run Remote Usage
		Usr 0 00:00:00, Sys 0 00:00:00  -  Run Local Usage
		Usr 0 00:00:03, Sys 0 00:00:03  -  Total Remote Usage
		Usr 0 00:00:00, Sys 0 00:00:00  -  Total Local Usage
	43814  -  Run Bytes Sent By Job
	2788957  -  Run Bytes Received By Job
	43814  -  Total Bytes Sent By Job
	2788957  -  Total Bytes Received By Job
	Partitionable Resources :    Usage  Request Allocated 
	   Cpus                 :     0.00        4         4 
	   Disk (KB)            :  3549     5242880  10359379 
	   Memory (MB)          :  1035        2048      2048 
	   TimeExecute (s)      :    83                       
	   TimeSlotBusy (s)     :    86                       

	Job terminated of its own accord at 2025-03-07T14:44:59Z with exit-code 1.
...
