000 (74453876.014.000) 2025-02-14 03:38:36 Job submitted from host: <131.225.189.168:9618?addrs=131.225.189.168-9618+[2620-6a-0-8421-f0-0-189-168]-9618&alias=lpcschedd6.fnal.gov&noUDP&sock=schedd_31891_26e2>
...
040 (74453876.014.000) 2025-02-14 03:57:05 Started transferring input files
	Transferring to host: <131.225.189.231:9618?addrs=[2620-6a-0-8421-f0-0-189-231]-9618+131.225.189.231-9618&alias=cmswn2155.fnal.gov&noUDP&sock=slot1_3_2423_f8fc_36971>
...
040 (74453876.014.000) 2025-02-14 03:57:05 Finished transferring input files
...
001 (74453876.014.000) 2025-02-14 03:57:06 Job executing on host: <131.225.189.231:9618?addrs=[2620-6a-0-8421-f0-0-189-231]-9618+131.225.189.231-9618&alias=cmswn2155.fnal.gov&noUDP&sock=startd_2304_ee4b>
	SlotName: slot1_3@cmswn2155.fnal.gov
	CondorScratchDir = "/storage/local/data1/condor/execute/dir_3944388"
	Cpus = 4
	Disk = 10398132
	Memory = 2048
...
006 (74453876.014.000) 2025-02-14 03:57:14 Image size of job updated: 56
	56  -  MemoryUsage of job (MB)
	57480  -  ResidentSetSize of job (KB)
...
006 (74453876.014.000) 2025-02-14 03:58:15 Image size of job updated: 845
	845  -  MemoryUsage of job (MB)
	865692  -  ResidentSetSize of job (KB)
...
040 (74453876.014.000) 2025-02-14 03:58:20 Started transferring output files
...
040 (74453876.014.000) 2025-02-14 03:58:20 Finished transferring output files
...
005 (74453876.014.000) 2025-02-14 03:58:20 Job terminated.
	(1) Normal termination (return value 1)
		Usr 0 00:00:05, Sys 0 00:00:03  -  Run Remote Usage
		Usr 0 00:00:00, Sys 0 00:00:00  -  Run Local Usage
		Usr 0 00:00:05, Sys 0 00:00:03  -  Total Remote Usage
		Usr 0 00:00:00, Sys 0 00:00:00  -  Total Local Usage
	16991  -  Run Bytes Sent By Job
	454690  -  Run Bytes Received By Job
	16991  -  Total Bytes Sent By Job
	454690  -  Total Bytes Received By Job
	Partitionable Resources :    Usage  Request Allocated 
	   Cpus                 :        0        4         4 
	   Disk (KB)            :     1251  5242880  10398132 
	   Memory (MB)          :      845     2048      2048 
	   TimeExecute (s)      :       74                    
	   TimeSlotBusy (s)     :       75                    

	Job terminated of its own accord at 2025-02-14T09:58:20Z with exit-code 1.
...
