000 (47306185.002.000) 2025-03-07 08:43:24 Job submitted from host: <131.225.204.62:9618?addrs=131.225.204.62-9618+[2620-6a-0-8420-f0-0-204-62]-9618&alias=lpcschedd5.fnal.gov&noUDP&sock=schedd_2457_e048>
...
040 (47306185.002.000) 2025-03-07 08:43:33 Started transferring input files
	Transferring to host: <131.225.188.199:9618?addrs=[2620-6a-0-8421-f0-0-188-199]-9618+131.225.188.199-9618&alias=cmswn2064.fnal.gov&noUDP&sock=slot1_14_2242_7114_19636>
...
040 (47306185.002.000) 2025-03-07 08:43:33 Finished transferring input files
...
001 (47306185.002.000) 2025-03-07 08:43:34 Job executing on host: <131.225.188.199:9618?addrs=[2620-6a-0-8421-f0-0-188-199]-9618+131.225.188.199-9618&alias=cmswn2064.fnal.gov&noUDP&sock=startd_2162_87d8>
	SlotName: slot1_14@cmswn2064.fnal.gov
	CondorScratchDir = "/storage/local/data1/condor/execute/dir_3206932"
	Cpus = 4
	Disk = 6371966
	Memory = 2048
...
006 (47306185.002.000) 2025-03-07 08:43:43 Image size of job updated: 49
	49  -  MemoryUsage of job (MB)
	50320  -  ResidentSetSize of job (KB)
...
006 (47306185.002.000) 2025-03-07 08:44:44 Image size of job updated: 994
	994  -  MemoryUsage of job (MB)
	1018540  -  ResidentSetSize of job (KB)
...
006 (47306185.002.000) 2025-03-07 08:45:44 Image size of job updated: 1032
	1032  -  MemoryUsage of job (MB)
	1056768  -  ResidentSetSize of job (KB)
...
040 (47306185.002.000) 2025-03-07 08:46:58 Started transferring output files
...
040 (47306185.002.000) 2025-03-07 08:46:58 Finished transferring output files
...
005 (47306185.002.000) 2025-03-07 08:46:59 Job terminated.
	(1) Normal termination (return value 1)
		Usr 0 00:01:32, Sys 0 00:00:11  -  Run Remote Usage
		Usr 0 00:00:00, Sys 0 00:00:00  -  Run Local Usage
		Usr 0 00:01:32, Sys 0 00:00:11  -  Total Remote Usage
		Usr 0 00:00:00, Sys 0 00:00:00  -  Total Local Usage
	52665  -  Run Bytes Sent By Job
	2782105  -  Run Bytes Received By Job
	52665  -  Total Bytes Sent By Job
	2782105  -  Total Bytes Received By Job
	Partitionable Resources :    Usage  Request Allocated 
	   Cpus                 :     0.00        4         4 
	   Disk (KB)            :  3552     5242880   6371966 
	   Memory (MB)          :  1032        2048      2048 
	   TimeExecute (s)      :   204                       
	   TimeSlotBusy (s)     :   206                       

	Job terminated of its own accord at 2025-03-07T14:46:58Z with exit-code 1.
...
