000 (74453876.003.000) 2025-02-14 03:38:36 Job submitted from host: <131.225.189.168:9618?addrs=131.225.189.168-9618+[2620-6a-0-8421-f0-0-189-168]-9618&alias=lpcschedd6.fnal.gov&noUDP&sock=schedd_31891_26e2>
...
040 (74453876.003.000) 2025-02-14 03:55:35 Started transferring input files
	Transferring to host: <131.225.188.193:9618?addrs=[2620-6a-0-8421-f0-0-188-193]-9618+131.225.188.193-9618&alias=cmswn2062.fnal.gov&noUDP&sock=slot1_39_2627_b584_47820>
...
040 (74453876.003.000) 2025-02-14 03:55:35 Finished transferring input files
...
001 (74453876.003.000) 2025-02-14 03:55:36 Job executing on host: <131.225.188.193:9618?addrs=[2620-6a-0-8421-f0-0-188-193]-9618+131.225.188.193-9618&alias=cmswn2062.fnal.gov&noUDP&sock=startd_2201_480a>
	SlotName: slot1_39@cmswn2062.fnal.gov
	CondorScratchDir = "/storage/local/data1/condor/execute/dir_2989511"
	Cpus = 4
	Disk = 6443697
	Memory = 2048
...
006 (74453876.003.000) 2025-02-14 03:56:44 Image size of job updated: 455
	455  -  MemoryUsage of job (MB)
	466060  -  ResidentSetSize of job (KB)
...
006 (74453876.003.000) 2025-02-14 03:57:23 Image size of job updated: 510
	510  -  MemoryUsage of job (MB)
	522804  -  ResidentSetSize of job (KB)
...
040 (74453876.003.000) 2025-02-14 03:57:23 Started transferring output files
...
040 (74453876.003.000) 2025-02-14 03:57:23 Finished transferring output files
...
005 (74453876.003.000) 2025-02-14 03:57:23 Job terminated.
	(1) Normal termination (return value 1)
		Usr 0 00:00:09, Sys 0 00:00:03  -  Run Remote Usage
		Usr 0 00:00:00, Sys 0 00:00:00  -  Run Local Usage
		Usr 0 00:00:09, Sys 0 00:00:03  -  Total Remote Usage
		Usr 0 00:00:00, Sys 0 00:00:00  -  Total Local Usage
	17554  -  Run Bytes Sent By Job
	413998  -  Run Bytes Received By Job
	17554  -  Total Bytes Sent By Job
	413998  -  Total Bytes Received By Job
	Partitionable Resources :    Usage  Request Allocated 
	   Cpus                 :        0        4         4 
	   Disk (KB)            :     1209  5242880   6443697 
	   Memory (MB)          :      510     2048      2048 
	   TimeExecute (s)      :      107                    
	   TimeSlotBusy (s)     :      108                    

	Job terminated of its own accord at 2025-02-14T09:57:23Z with exit-code 1.
...
