000 (76624572.000.000) 2025-02-27 14:26:35 Job submitted from host: <131.225.189.168:9618?addrs=131.225.189.168-9618+[2620-6a-0-8421-f0-0-189-168]-9618&alias=lpcschedd6.fnal.gov&noUDP&sock=schedd_31891_26e2>
...
040 (76624572.000.000) 2025-02-27 14:26:49 Started transferring input files
	Transferring to host: <131.225.189.226:9618?addrs=[2620-6a-0-8421-f0-0-189-226]-9618+131.225.189.226-9618&alias=cmswn2151.fnal.gov&noUDP&sock=slot1_12_2259_6b75_3158>
...
040 (76624572.000.000) 2025-02-27 14:26:50 Finished transferring input files
...
001 (76624572.000.000) 2025-02-27 14:26:51 Job executing on host: <131.225.189.226:9618?addrs=[2620-6a-0-8421-f0-0-189-226]-9618+131.225.189.226-9618&alias=cmswn2151.fnal.gov&noUDP&sock=startd_2161_d840>
	SlotName: slot1_12@cmswn2151.fnal.gov
	CondorScratchDir = "/storage/local/data1/condor/execute/dir_666779"
	Cpus = 4
	Disk = 10339822
	Memory = 2048
...
006 (76624572.000.000) 2025-02-27 14:27:00 Image size of job updated: 40
	40  -  MemoryUsage of job (MB)
	41800  -  ResidentSetSize of job (KB)
...
006 (76624572.000.000) 2025-02-27 14:28:01 Image size of job updated: 979
	979  -  MemoryUsage of job (MB)
	1003380  -  ResidentSetSize of job (KB)
...
006 (76624572.000.000) 2025-02-27 14:29:01 Image size of job updated: 1024
	1024  -  MemoryUsage of job (MB)
	1049292  -  ResidentSetSize of job (KB)
...
006 (76624572.000.000) 2025-02-27 14:30:01 Image size of job updated: 1024
	1024  -  MemoryUsage of job (MB)
	1049556  -  ResidentSetSize of job (KB)
...
006 (76624572.000.000) 2025-02-27 14:31:01 Image size of job updated: 1025
	1025  -  MemoryUsage of job (MB)
	1049604  -  ResidentSetSize of job (KB)
...
040 (76624572.000.000) 2025-02-27 14:32:08 Started transferring output files
...
040 (76624572.000.000) 2025-02-27 14:32:08 Finished transferring output files
...
005 (76624572.000.000) 2025-02-27 14:32:10 Job terminated.
	(1) Normal termination (return value 1)
		Usr 0 00:02:30, Sys 0 00:00:17  -  Run Remote Usage
		Usr 0 00:00:00, Sys 0 00:00:00  -  Run Local Usage
		Usr 0 00:02:30, Sys 0 00:00:17  -  Total Remote Usage
		Usr 0 00:00:00, Sys 0 00:00:00  -  Total Local Usage
	56129  -  Run Bytes Sent By Job
	2149960  -  Run Bytes Received By Job
	56129  -  Total Bytes Sent By Job
	2149960  -  Total Bytes Received By Job
	Partitionable Resources :    Usage  Request Allocated 
	   Cpus                 :        0        4         4 
	   Disk (KB)            :     2938  5242880  10339822 
	   Memory (MB)          :     1025     2048      2048 
	   TimeExecute (s)      :      317                    
	   TimeSlotBusy (s)     :      321                    

	Job terminated of its own accord at 2025-02-27T20:32:08Z with exit-code 1.
...
