000 (10695023.024.000) 2025-02-16 08:36:32 Job submitted from host: <131.225.189.251:9618?addrs=131.225.189.251-9618+[2620-6a-0-8421--e8]-9618&alias=lpcschedd4.fnal.gov&noUDP&sock=schedd_1925_f7e6>
...
040 (10695023.024.000) 2025-02-16 08:38:42 Started transferring input files
	Transferring to host: <131.225.188.137:9618?addrs=[2620-6a-0-8421-f0-0-188-137]-9618+131.225.188.137-9618&alias=cmswn2050.fnal.gov&noUDP&sock=slot1_39_2554_4621_2212>
...
040 (10695023.024.000) 2025-02-16 08:38:42 Finished transferring input files
...
001 (10695023.024.000) 2025-02-16 08:38:43 Job executing on host: <131.225.188.137:9618?addrs=[2620-6a-0-8421-f0-0-188-137]-9618+131.225.188.137-9618&alias=cmswn2050.fnal.gov&noUDP&sock=startd_2219_a0be>
	SlotName: slot1_39@cmswn2050.fnal.gov
	CondorScratchDir = "/storage/local/data1/condor/execute/dir_2303847"
	Cpus = 4
	Disk = 6388688
	Memory = 2048
...
006 (10695023.024.000) 2025-02-16 08:38:52 Image size of job updated: 43
	43  -  MemoryUsage of job (MB)
	44516  -  ResidentSetSize of job (KB)
...
006 (10695023.024.000) 2025-02-16 08:39:53 Image size of job updated: 492
	492  -  MemoryUsage of job (MB)
	504772  -  ResidentSetSize of job (KB)
...
006 (10695023.024.000) 2025-02-16 08:40:53 Image size of job updated: 703
	703  -  MemoryUsage of job (MB)
	720604  -  ResidentSetSize of job (KB)
...
006 (10695023.024.000) 2025-02-16 08:41:53 Image size of job updated: 714
	714  -  MemoryUsage of job (MB)
	731776  -  ResidentSetSize of job (KB)
...
006 (10695023.024.000) 2025-02-16 08:42:53 Image size of job updated: 714
	714  -  MemoryUsage of job (MB)
	731848  -  ResidentSetSize of job (KB)
...
006 (10695023.024.000) 2025-02-16 08:43:53 Image size of job updated: 714
	714  -  MemoryUsage of job (MB)
	731880  -  ResidentSetSize of job (KB)
...
040 (10695023.024.000) 2025-02-16 08:44:19 Started transferring output files
...
040 (10695023.024.000) 2025-02-16 08:44:19 Finished transferring output files
...
005 (10695023.024.000) 2025-02-16 08:44:19 Job terminated.
	(1) Normal termination (return value 1)
		Usr 0 00:03:10, Sys 0 00:00:11  -  Run Remote Usage
		Usr 0 00:00:00, Sys 0 00:00:00  -  Run Local Usage
		Usr 0 00:03:10, Sys 0 00:00:11  -  Total Remote Usage
		Usr 0 00:00:00, Sys 0 00:00:00  -  Total Local Usage
	18782  -  Run Bytes Sent By Job
	893019  -  Run Bytes Received By Job
	18782  -  Total Bytes Sent By Job
	893019  -  Total Bytes Received By Job
	Partitionable Resources :    Usage  Request Allocated 
	   Cpus                 :        0        4         4 
	   Disk (KB)            :     1678  5242880   6388688 
	   Memory (MB)          :      714     2048      2048 

	Job terminated of its own accord at 2025-02-16T14:44:19Z with exit-code 1.
...
