000 (76624572.021.000) 2025-02-27 14:26:35 Job submitted from host: <131.225.189.168:9618?addrs=131.225.189.168-9618+[2620-6a-0-8421-f0-0-189-168]-9618&alias=lpcschedd6.fnal.gov&noUDP&sock=schedd_31891_26e2>
...
040 (76624572.021.000) 2025-02-27 14:27:11 Started transferring input files
	Transferring to host: <131.225.189.180:9618?addrs=[2620-6a-0-8421-f0-0-189-180]-9618+131.225.189.180-9618&alias=cmswn2129.fnal.gov&noUDP&sock=slot1_12_2164_7bd1_41404>
...
040 (76624572.021.000) 2025-02-27 14:27:12 Finished transferring input files
...
001 (76624572.021.000) 2025-02-27 14:27:13 Job executing on host: <131.225.189.180:9618?addrs=[2620-6a-0-8421-f0-0-189-180]-9618+131.225.189.180-9618&alias=cmswn2129.fnal.gov&noUDP&sock=startd_2113_ebb4>
	SlotName: slot1_12@cmswn2129.fnal.gov
	CondorScratchDir = "/storage/local/data1/condor/execute/dir_1839296"
	Cpus = 4
	Disk = 7342160
	Memory = 2048
...
006 (76624572.021.000) 2025-02-27 14:28:23 Image size of job updated: 287
	287  -  MemoryUsage of job (MB)
	294484  -  ResidentSetSize of job (KB)
...
006 (76624572.021.000) 2025-02-27 14:29:23 Image size of job updated: 616
	616  -  MemoryUsage of job (MB)
	631776  -  ResidentSetSize of job (KB)
...
006 (76624572.021.000) 2025-02-27 14:30:24 Image size of job updated: 743
	743  -  MemoryUsage of job (MB)
	761640  -  ResidentSetSize of job (KB)
...
006 (76624572.021.000) 2025-02-27 14:31:25 Image size of job updated: 913
	913  -  MemoryUsage of job (MB)
	935140  -  ResidentSetSize of job (KB)
...
006 (76624572.021.000) 2025-02-27 14:32:26 Image size of job updated: 959
	959  -  MemoryUsage of job (MB)
	982384  -  ResidentSetSize of job (KB)
...
006 (76624572.021.000) 2025-02-27 14:33:27 Image size of job updated: 1000
	1000  -  MemoryUsage of job (MB)
	1024632  -  ResidentSetSize of job (KB)
...
006 (76624572.021.000) 2025-02-27 14:34:28 Image size of job updated: 1056
	1056  -  MemoryUsage of job (MB)
	1081376  -  ResidentSetSize of job (KB)
...
006 (76624572.021.000) 2025-02-27 14:35:28 Image size of job updated: 1056
	1056  -  MemoryUsage of job (MB)
	1081728  -  ResidentSetSize of job (KB)
...
006 (76624572.021.000) 2025-02-27 14:40:28 Image size of job updated: 1056
	1056  -  MemoryUsage of job (MB)
	1081976  -  ResidentSetSize of job (KB)
...
006 (76624572.021.000) 2025-02-27 14:41:28 Image size of job updated: 1056
	1056  -  MemoryUsage of job (MB)
	1081980  -  ResidentSetSize of job (KB)
...
006 (76624572.021.000) 2025-02-27 14:44:28 Image size of job updated: 1056
	1056  -  MemoryUsage of job (MB)
	1082108  -  ResidentSetSize of job (KB)
...
040 (76624572.021.000) 2025-02-27 14:47:40 Started transferring output files
...
040 (76624572.021.000) 2025-02-27 14:47:40 Finished transferring output files
...
005 (76624572.021.000) 2025-02-27 14:47:41 Job terminated.
	(1) Normal termination (return value 1)
		Usr 0 00:09:01, Sys 0 00:01:03  -  Run Remote Usage
		Usr 0 00:00:00, Sys 0 00:00:00  -  Run Local Usage
		Usr 0 00:09:01, Sys 0 00:01:03  -  Total Remote Usage
		Usr 0 00:00:00, Sys 0 00:00:00  -  Total Local Usage
	62753  -  Run Bytes Sent By Job
	2165121  -  Run Bytes Received By Job
	62753  -  Total Bytes Sent By Job
	2165121  -  Total Bytes Received By Job
	Partitionable Resources :    Usage  Request Allocated 
	   Cpus                 :        0        4         4 
	   Disk (KB)            :     2958  5242880   7342160 
	   Memory (MB)          :     1056     2048      2048 
	   TimeExecute (s)      :     1227                    
	   TimeSlotBusy (s)     :     1230                    

	Job terminated of its own accord at 2025-02-27T20:47:40Z with exit-code 1.
...
