000 (47306185.021.000) 2025-03-07 08:43:24 Job submitted from host: <131.225.204.62:9618?addrs=131.225.204.62-9618+[2620-6a-0-8420-f0-0-204-62]-9618&alias=lpcschedd5.fnal.gov&noUDP&sock=schedd_2457_e048>
...
040 (47306185.021.000) 2025-03-07 08:43:36 Started transferring input files
	Transferring to host: <131.225.189.35:9618?addrs=[2620-6a-0-8421-f0-0-189-35]-9618+131.225.189.35-9618&alias=cmswn2088.fnal.gov&noUDP&sock=slot1_13_2400_c45b_383>
...
040 (47306185.021.000) 2025-03-07 08:43:36 Finished transferring input files
...
001 (47306185.021.000) 2025-03-07 08:43:37 Job executing on host: <131.225.189.35:9618?addrs=[2620-6a-0-8421-f0-0-189-35]-9618+131.225.189.35-9618&alias=cmswn2088.fnal.gov&noUDP&sock=startd_2216_91f5>
	SlotName: slot1_13@cmswn2088.fnal.gov
	CondorScratchDir = "/storage/local/data1/condor/execute/dir_774798"
	Cpus = 4
	Disk = 6496796
	Memory = 2048
...
006 (47306185.021.000) 2025-03-07 08:44:45 Image size of job updated: 1000
	1000  -  MemoryUsage of job (MB)
	1024140  -  ResidentSetSize of job (KB)
...
006 (47306185.021.000) 2025-03-07 08:45:45 Image size of job updated: 1010
	1010  -  MemoryUsage of job (MB)
	1034256  -  ResidentSetSize of job (KB)
...
040 (47306185.021.000) 2025-03-07 08:59:38 Started transferring output files
...
040 (47306185.021.000) 2025-03-07 08:59:38 Finished transferring output files
...
005 (47306185.021.000) 2025-03-07 08:59:39 Job terminated.
	(1) Normal termination (return value 1)
		Usr 0 00:09:35, Sys 0 00:01:05  -  Run Remote Usage
		Usr 0 00:00:00, Sys 0 00:00:00  -  Run Local Usage
		Usr 0 00:09:35, Sys 0 00:01:05  -  Total Remote Usage
		Usr 0 00:00:00, Sys 0 00:00:00  -  Total Local Usage
	60482  -  Run Bytes Sent By Job
	2790599  -  Run Bytes Received By Job
	60482  -  Total Bytes Sent By Job
	2790599  -  Total Bytes Received By Job
	Partitionable Resources :    Usage  Request Allocated 
	   Cpus                 :        0        4         4 
	   Disk (KB)            :     3566  5242880   6496796 
	   Memory (MB)          :     1010     2048      2048 
	   TimeExecute (s)      :      961                    
	   TimeSlotBusy (s)     :      963                    

	Job terminated of its own accord at 2025-03-07T14:59:38Z with exit-code 1.
...
