000 (76624561.003.000) 2025-02-27 14:21:08 Job submitted from host: <131.225.189.168:9618?addrs=131.225.189.168-9618+[2620-6a-0-8421-f0-0-189-168]-9618&alias=lpcschedd6.fnal.gov&noUDP&sock=schedd_31891_26e2>
...
040 (76624561.003.000) 2025-02-27 14:21:46 Started transferring input files
	Transferring to host: <131.225.188.112:9618?addrs=[2620-6a-0-8421-f0-0-188-112]-9618+131.225.188.112-9618&alias=cmswn2048.fnal.gov&noUDP&sock=slot1_31_2518_e89f_10206>
...
040 (76624561.003.000) 2025-02-27 14:21:46 Finished transferring input files
...
001 (76624561.003.000) 2025-02-27 14:21:47 Job executing on host: <131.225.188.112:9618?addrs=[2620-6a-0-8421-f0-0-188-112]-9618+131.225.188.112-9618&alias=cmswn2048.fnal.gov&noUDP&sock=startd_2211_23fc>
	SlotName: slot1_31@cmswn2048.fnal.gov
	CondorScratchDir = "/storage/local/data1/condor/execute/dir_1223808"
	Cpus = 4
	Disk = 6386065
	Memory = 2048
...
006 (76624561.003.000) 2025-02-27 14:22:29 Image size of job updated: 151
	151  -  MemoryUsage of job (MB)
	154876  -  ResidentSetSize of job (KB)
...
004 (76624561.003.000) 2025-02-27 14:22:30 Job was evicted.
	(0) CPU times
		Usr 0 00:00:00, Sys 0 00:00:00  -  Run Remote Usage
		Usr 0 00:00:00, Sys 0 00:00:00  -  Run Local Usage
	0  -  Run Bytes Sent By Job
	2121183  -  Run Bytes Received By Job
	Partitionable Resources :    Usage  Request Allocated 
	   Cpus                 :        0        4         4 
	   Disk (KB)            :     2863  5242880   6386065 
	   Memory (MB)          :      151     2048      2048 
	   TimeExecute (s)      :       42                    
	   TimeSlotBusy (s)     :       44                    
...
009 (76624561.003.000) 2025-02-27 14:22:30 Job was aborted.
	via condor_rm (by user vsinha)
...
