000 (74453876.006.000) 2025-02-14 03:38:36 Job submitted from host: <131.225.189.168:9618?addrs=131.225.189.168-9618+[2620-6a-0-8421-f0-0-189-168]-9618&alias=lpcschedd6.fnal.gov&noUDP&sock=schedd_31891_26e2>
...
040 (74453876.006.000) 2025-02-14 03:55:58 Started transferring input files
	Transferring to host: <131.225.189.51:9618?addrs=[2620-6a-0-8421-f0-0-189-51]-9618+131.225.189.51-9618&alias=cmswn2097.fnal.gov&noUDP&sock=slot1_8_2561_34c1_31080>
...
040 (74453876.006.000) 2025-02-14 03:55:58 Finished transferring input files
...
001 (74453876.006.000) 2025-02-14 03:55:59 Job executing on host: <131.225.189.51:9618?addrs=[2620-6a-0-8421-f0-0-189-51]-9618+131.225.189.51-9618&alias=cmswn2097.fnal.gov&noUDP&sock=startd_2215_e25d>
	SlotName: slot1_8@cmswn2097.fnal.gov
	CondorScratchDir = "/storage/local/data1/condor/execute/dir_3061892"
	Cpus = 4
	Disk = 6480832
	Memory = 2048
...
006 (74453876.006.000) 2025-02-14 03:56:07 Image size of job updated: 43
	43  -  MemoryUsage of job (MB)
	44076  -  ResidentSetSize of job (KB)
...
006 (74453876.006.000) 2025-02-14 03:57:07 Image size of job updated: 422
	422  -  MemoryUsage of job (MB)
	432472  -  ResidentSetSize of job (KB)
...
006 (74453876.006.000) 2025-02-14 03:57:45 Image size of job updated: 478
	478  -  MemoryUsage of job (MB)
	489756  -  ResidentSetSize of job (KB)
...
040 (74453876.006.000) 2025-02-14 03:57:45 Started transferring output files
...
040 (74453876.006.000) 2025-02-14 03:57:45 Finished transferring output files
...
005 (74453876.006.000) 2025-02-14 03:57:46 Job terminated.
	(1) Normal termination (return value 1)
		Usr 0 00:00:03, Sys 0 00:00:02  -  Run Remote Usage
		Usr 0 00:00:00, Sys 0 00:00:00  -  Run Local Usage
		Usr 0 00:00:03, Sys 0 00:00:02  -  Total Remote Usage
		Usr 0 00:00:00, Sys 0 00:00:00  -  Total Local Usage
	15427  -  Run Bytes Sent By Job
	416377  -  Run Bytes Received By Job
	15427  -  Total Bytes Sent By Job
	416377  -  Total Bytes Received By Job
	Partitionable Resources :    Usage  Request Allocated 
	   Cpus                 :        0        4         4 
	   Disk (KB)            :     1212  5242880   6480832 
	   Memory (MB)          :      478     2048      2048 
	   TimeExecute (s)      :      106                    
	   TimeSlotBusy (s)     :      108                    

	Job terminated of its own accord at 2025-02-14T09:57:45Z with exit-code 1.
...
