000 (74453876.000.000) 2025-02-14 03:38:36 Job submitted from host: <131.225.189.168:9618?addrs=131.225.189.168-9618+[2620-6a-0-8421-f0-0-189-168]-9618&alias=lpcschedd6.fnal.gov&noUDP&sock=schedd_31891_26e2>
...
040 (74453876.000.000) 2025-02-14 03:55:35 Started transferring input files
	Transferring to host: <131.225.189.204:9618?addrs=[2620-6a-0-8421-f0-0-189-204]-9618+131.225.189.204-9618&alias=cmswn2141.fnal.gov&noUDP&sock=slot1_30_2165_3031_27907>
...
040 (74453876.000.000) 2025-02-14 03:55:35 Finished transferring input files
...
001 (74453876.000.000) 2025-02-14 03:55:36 Job executing on host: <131.225.189.204:9618?addrs=[2620-6a-0-8421-f0-0-189-204]-9618+131.225.189.204-9618&alias=cmswn2141.fnal.gov&noUDP&sock=startd_2111_8c84>
	SlotName: slot1_30@cmswn2141.fnal.gov
	CondorScratchDir = "/storage/local/data1/condor/execute/dir_226460"
	Cpus = 4
	Disk = 7358104
	Memory = 2048
...
006 (74453876.000.000) 2025-02-14 03:55:44 Image size of job updated: 53
	53  -  MemoryUsage of job (MB)
	54436  -  ResidentSetSize of job (KB)
...
006 (74453876.000.000) 2025-02-14 03:56:45 Image size of job updated: 814
	814  -  MemoryUsage of job (MB)
	833612  -  ResidentSetSize of job (KB)
...
006 (74453876.000.000) 2025-02-14 03:56:59 Image size of job updated: 821
	821  -  MemoryUsage of job (MB)
	840840  -  ResidentSetSize of job (KB)
...
040 (74453876.000.000) 2025-02-14 03:56:59 Started transferring output files
...
040 (74453876.000.000) 2025-02-14 03:56:59 Finished transferring output files
...
005 (74453876.000.000) 2025-02-14 03:57:01 Job terminated.
	(1) Normal termination (return value 1)
		Usr 0 00:00:13, Sys 0 00:00:03  -  Run Remote Usage
		Usr 0 00:00:00, Sys 0 00:00:00  -  Run Local Usage
		Usr 0 00:00:13, Sys 0 00:00:03  -  Total Remote Usage
		Usr 0 00:00:00, Sys 0 00:00:00  -  Total Local Usage
	18745  -  Run Bytes Sent By Job
	413506  -  Run Bytes Received By Job
	18745  -  Total Bytes Sent By Job
	413506  -  Total Bytes Received By Job
	Partitionable Resources :    Usage  Request Allocated 
	   Cpus                 :        0        4         4 
	   Disk (KB)            :     1211  5242880   7358104 
	   Memory (MB)          :      821     2048      2048 
	   TimeExecute (s)      :       83                    
	   TimeSlotBusy (s)     :       86                    

	Job terminated of its own accord at 2025-02-14T09:56:59Z with exit-code 1.
...
