000 (47306185.016.000) 2025-03-07 08:43:24 Job submitted from host: <131.225.204.62:9618?addrs=131.225.204.62-9618+[2620-6a-0-8420-f0-0-204-62]-9618&alias=lpcschedd5.fnal.gov&noUDP&sock=schedd_2457_e048>
...
040 (47306185.016.000) 2025-03-07 08:43:35 Started transferring input files
	Transferring to host: <131.225.188.14:9618?addrs=[2620-6a-0-8421-f0-0-188-14]-9618+131.225.188.14-9618&alias=cmswn2019.fnal.gov&noUDP&sock=slot1_17_2222_5993_46650>
...
040 (47306185.016.000) 2025-03-07 08:43:36 Finished transferring input files
...
001 (47306185.016.000) 2025-03-07 08:43:37 Job executing on host: <131.225.188.14:9618?addrs=[2620-6a-0-8421-f0-0-188-14]-9618+131.225.188.14-9618&alias=cmswn2019.fnal.gov&noUDP&sock=startd_2172_63cb>
	SlotName: slot1_17@cmswn2019.fnal.gov
	CondorScratchDir = "/storage/local/data1/condor/execute/dir_2180527"
	Cpus = 4
	Disk = 7013797
	Memory = 2048
...
006 (47306185.016.000) 2025-03-07 08:43:45 Image size of job updated: 42
	42  -  MemoryUsage of job (MB)
	43936  -  ResidentSetSize of job (KB)
...
006 (47306185.016.000) 2025-03-07 08:44:45 Image size of job updated: 821
	821  -  MemoryUsage of job (MB)
	841628  -  ResidentSetSize of job (KB)
...
006 (47306185.016.000) 2025-03-07 08:45:46 Image size of job updated: 969
	969  -  MemoryUsage of job (MB)
	992540  -  ResidentSetSize of job (KB)
...
006 (47306185.016.000) 2025-03-07 08:46:46 Image size of job updated: 1020
	1020  -  MemoryUsage of job (MB)
	1045296  -  ResidentSetSize of job (KB)
...
006 (47306185.016.000) 2025-03-07 08:47:46 Image size of job updated: 1020
	1020  -  MemoryUsage of job (MB)
	1045364  -  ResidentSetSize of job (KB)
...
040 (47306185.016.000) 2025-03-07 08:48:27 Started transferring output files
...
040 (47306185.016.000) 2025-03-07 08:48:27 Finished transferring output files
...
005 (47306185.016.000) 2025-03-07 08:48:28 Job terminated.
	(1) Normal termination (return value 1)
		Usr 0 00:01:12, Sys 0 00:00:09  -  Run Remote Usage
		Usr 0 00:00:00, Sys 0 00:00:00  -  Run Local Usage
		Usr 0 00:01:12, Sys 0 00:00:09  -  Total Remote Usage
		Usr 0 00:00:00, Sys 0 00:00:00  -  Total Local Usage
	54626  -  Run Bytes Sent By Job
	2788957  -  Run Bytes Received By Job
	54626  -  Total Bytes Sent By Job
	2788957  -  Total Bytes Received By Job
	Partitionable Resources :    Usage  Request Allocated 
	   Cpus                 :        0        4         4 
	   Disk (KB)            :     3561  5242880   7013797 
	   Memory (MB)          :     1020     2048      2048 
	   TimeExecute (s)      :      290                    
	   TimeSlotBusy (s)     :      293                    

	Job terminated of its own accord at 2025-03-07T14:48:27Z with exit-code 1.
...
