000 (10695023.006.000) 2025-02-16 08:36:32 Job submitted from host: <131.225.189.251:9618?addrs=131.225.189.251-9618+[2620-6a-0-8421--e8]-9618&alias=lpcschedd4.fnal.gov&noUDP&sock=schedd_1925_f7e6>
...
040 (10695023.006.000) 2025-02-16 08:37:15 Started transferring input files
	Transferring to host: <131.225.189.24:9618?addrs=[2620-6a-0-8421-f0-0-189-24]-9618+131.225.189.24-9618&alias=cmswn2083.fnal.gov&noUDP&sock=slot1_2_2400_c45b_29719>
...
040 (10695023.006.000) 2025-02-16 08:37:15 Finished transferring input files
...
001 (10695023.006.000) 2025-02-16 08:37:16 Job executing on host: <131.225.189.24:9618?addrs=[2620-6a-0-8421-f0-0-189-24]-9618+131.225.189.24-9618&alias=cmswn2083.fnal.gov&noUDP&sock=startd_2054_739e>
	SlotName: slot1_2@cmswn2083.fnal.gov
	CondorScratchDir = "/storage/local/data1/condor/execute/dir_1421604"
	Cpus = 4
	Disk = 6426078
	Memory = 2048
...
006 (10695023.006.000) 2025-02-16 08:37:24 Image size of job updated: 35
	35  -  MemoryUsage of job (MB)
	36532  -  ResidentSetSize of job (KB)
...
006 (10695023.006.000) 2025-02-16 08:38:24 Image size of job updated: 445
	445  -  MemoryUsage of job (MB)
	455896  -  ResidentSetSize of job (KB)
...
040 (10695023.006.000) 2025-02-16 08:38:28 Started transferring output files
...
040 (10695023.006.000) 2025-02-16 08:38:28 Finished transferring output files
...
005 (10695023.006.000) 2025-02-16 08:38:28 Job terminated.
	(1) Normal termination (return value 1)
		Usr 0 00:00:03, Sys 0 00:00:03  -  Run Remote Usage
		Usr 0 00:00:00, Sys 0 00:00:00  -  Run Local Usage
		Usr 0 00:00:03, Sys 0 00:00:03  -  Total Remote Usage
		Usr 0 00:00:00, Sys 0 00:00:00  -  Total Local Usage
	14588  -  Run Bytes Sent By Job
	778886  -  Run Bytes Received By Job
	14588  -  Total Bytes Sent By Job
	778886  -  Total Bytes Received By Job
	Partitionable Resources :    Usage  Request Allocated 
	   Cpus                 :        0        4         4 
	   Disk (KB)            :     1561  5242880   6426078 
	   Memory (MB)          :      445     2048      2048 

	Job terminated of its own accord at 2025-02-16T14:38:28Z with exit-code 1.
...
