000 (47306185.019.000) 2025-03-07 08:43:24 Job submitted from host: <131.225.204.62:9618?addrs=131.225.204.62-9618+[2620-6a-0-8420-f0-0-204-62]-9618&alias=lpcschedd5.fnal.gov&noUDP&sock=schedd_2457_e048>
...
040 (47306185.019.000) 2025-03-07 08:43:37 Started transferring input files
	Transferring to host: <131.225.189.175:9618?addrs=[2620-6a-0-8421-f0-0-189-175]-9618+131.225.189.175-9618&alias=cmswn2125.fnal.gov&noUDP&sock=slot1_11_2341_3238_51306>
...
040 (47306185.019.000) 2025-03-07 08:43:37 Finished transferring input files
...
001 (47306185.019.000) 2025-03-07 08:43:38 Job executing on host: <131.225.189.175:9618?addrs=[2620-6a-0-8421-f0-0-189-175]-9618+131.225.189.175-9618&alias=cmswn2125.fnal.gov&noUDP&sock=startd_2251_93c6>
	SlotName: slot1_11@cmswn2125.fnal.gov
	CondorScratchDir = "/storage/local/data1/condor/execute/dir_3499230"
	Cpus = 4
	Disk = 10390063
	Memory = 2048
...
006 (47306185.019.000) 2025-03-07 08:43:46 Image size of job updated: 52
	52  -  MemoryUsage of job (MB)
	53392  -  ResidentSetSize of job (KB)
...
006 (47306185.019.000) 2025-03-07 08:44:46 Image size of job updated: 1005
	1005  -  MemoryUsage of job (MB)
	1030016  -  ResidentSetSize of job (KB)
...
006 (47306185.019.000) 2025-03-07 08:45:46 Image size of job updated: 1009
	1009  -  MemoryUsage of job (MB)
	1033552  -  ResidentSetSize of job (KB)
...
040 (47306185.019.000) 2025-03-07 08:46:35 Started transferring output files
...
040 (47306185.019.000) 2025-03-07 08:46:35 Finished transferring output files
...
005 (47306185.019.000) 2025-03-07 08:46:37 Job terminated.
	(1) Normal termination (return value 1)
		Usr 0 00:00:49, Sys 0 00:00:08  -  Run Remote Usage
		Usr 0 00:00:00, Sys 0 00:00:00  -  Run Local Usage
		Usr 0 00:00:49, Sys 0 00:00:08  -  Total Remote Usage
		Usr 0 00:00:00, Sys 0 00:00:00  -  Total Local Usage
	52593  -  Run Bytes Sent By Job
	2794031  -  Run Bytes Received By Job
	52593  -  Total Bytes Sent By Job
	2794031  -  Total Bytes Received By Job
	Partitionable Resources :    Usage  Request Allocated 
	   Cpus                 :        0        4         4 
	   Disk (KB)            :     3563  5242880  10390063 
	   Memory (MB)          :     1009     2048      2048 
	   TimeExecute (s)      :      177                    
	   TimeSlotBusy (s)     :      180                    

	Job terminated of its own accord at 2025-03-07T14:46:35Z with exit-code 1.
...
