000 (47306185.023.000) 2025-03-07 08:43:24 Job submitted from host: <131.225.204.62:9618?addrs=131.225.204.62-9618+[2620-6a-0-8420-f0-0-204-62]-9618&alias=lpcschedd5.fnal.gov&noUDP&sock=schedd_2457_e048>
...
040 (47306185.023.000) 2025-03-07 08:43:36 Started transferring input files
	Transferring to host: <131.225.189.24:9618?addrs=[2620-6a-0-8421-f0-0-189-24]-9618+131.225.189.24-9618&alias=cmswn2083.fnal.gov&noUDP&sock=slot1_11_2400_c45b_46961>
...
040 (47306185.023.000) 2025-03-07 08:43:36 Finished transferring input files
...
001 (47306185.023.000) 2025-03-07 08:43:37 Job executing on host: <131.225.189.24:9618?addrs=[2620-6a-0-8421-f0-0-189-24]-9618+131.225.189.24-9618&alias=cmswn2083.fnal.gov&noUDP&sock=startd_2054_739e>
	SlotName: slot1_11@cmswn2083.fnal.gov
	CondorScratchDir = "/storage/local/data1/condor/execute/dir_2683821"
	Cpus = 4
	Disk = 6426078
	Memory = 2048
...
006 (47306185.023.000) 2025-03-07 08:43:45 Image size of job updated: 44
	44  -  MemoryUsage of job (MB)
	46020  -  ResidentSetSize of job (KB)
...
006 (47306185.023.000) 2025-03-07 08:44:45 Image size of job updated: 973
	973  -  MemoryUsage of job (MB)
	996876  -  ResidentSetSize of job (KB)
...
006 (47306185.023.000) 2025-03-07 08:45:45 Image size of job updated: 996
	996  -  MemoryUsage of job (MB)
	1020676  -  ResidentSetSize of job (KB)
...
040 (47306185.023.000) 2025-03-07 09:46:40 Started transferring output files
...
040 (47306185.023.000) 2025-03-07 09:46:40 Finished transferring output files
...
005 (47306185.023.000) 2025-03-07 09:46:40 Job terminated.
	(1) Normal termination (return value 1)
		Usr 0 00:51:42, Sys 0 00:01:19  -  Run Remote Usage
		Usr 0 00:00:00, Sys 0 00:00:00  -  Run Local Usage
		Usr 0 00:51:42, Sys 0 00:01:19  -  Total Remote Usage
		Usr 0 00:00:00, Sys 0 00:00:00  -  Total Local Usage
	60843  -  Run Bytes Sent By Job
	2790599  -  Run Bytes Received By Job
	60843  -  Total Bytes Sent By Job
	2790599  -  Total Bytes Received By Job
	Partitionable Resources :    Usage  Request Allocated 
	   Cpus                 :        0        4         4 
	   Disk (KB)            :     3567  5242880   6426078 
	   Memory (MB)          :      996     2048      2048 
	   TimeExecute (s)      :     3783                    
	   TimeSlotBusy (s)     :     3784                    

	Job terminated of its own accord at 2025-03-07T15:46:40Z with exit-code 1.
...
