000 (10695023.004.000) 2025-02-16 08:36:32 Job submitted from host: <131.225.189.251:9618?addrs=131.225.189.251-9618+[2620-6a-0-8421--e8]-9618&alias=lpcschedd4.fnal.gov&noUDP&sock=schedd_1925_f7e6>
...
040 (10695023.004.000) 2025-02-16 08:36:53 Started transferring input files
	Transferring to host: <131.225.188.14:9618?addrs=[2620-6a-0-8421-f0-0-188-14]-9618+131.225.188.14-9618&alias=cmswn2019.fnal.gov&noUDP&sock=slot1_33_2222_5993_29575>
...
040 (10695023.004.000) 2025-02-16 08:36:53 Finished transferring input files
...
001 (10695023.004.000) 2025-02-16 08:36:54 Job executing on host: <131.225.188.14:9618?addrs=[2620-6a-0-8421-f0-0-188-14]-9618+131.225.188.14-9618&alias=cmswn2019.fnal.gov&noUDP&sock=startd_2172_63cb>
	SlotName: slot1_33@cmswn2019.fnal.gov
	CondorScratchDir = "/storage/local/data1/condor/execute/dir_603626"
	Cpus = 4
	Disk = 7013797
	Memory = 2048
...
006 (10695023.004.000) 2025-02-16 08:37:03 Image size of job updated: 39
	39  -  MemoryUsage of job (MB)
	40144  -  ResidentSetSize of job (KB)
...
006 (10695023.004.000) 2025-02-16 08:38:04 Image size of job updated: 412
	412  -  MemoryUsage of job (MB)
	422000  -  ResidentSetSize of job (KB)
...
006 (10695023.004.000) 2025-02-16 08:38:33 Image size of job updated: 473
	473  -  MemoryUsage of job (MB)
	484984  -  ResidentSetSize of job (KB)
...
040 (10695023.004.000) 2025-02-16 08:38:33 Started transferring output files
...
040 (10695023.004.000) 2025-02-16 08:38:33 Finished transferring output files
...
005 (10695023.004.000) 2025-02-16 08:38:34 Job terminated.
	(1) Normal termination (return value 1)
		Usr 0 00:00:03, Sys 0 00:00:02  -  Run Remote Usage
		Usr 0 00:00:00, Sys 0 00:00:00  -  Run Local Usage
		Usr 0 00:00:03, Sys 0 00:00:02  -  Total Remote Usage
		Usr 0 00:00:00, Sys 0 00:00:00  -  Total Local Usage
	16926  -  Run Bytes Sent By Job
	776915  -  Run Bytes Received By Job
	16926  -  Total Bytes Sent By Job
	776915  -  Total Bytes Received By Job
	Partitionable Resources :    Usage  Request Allocated 
	   Cpus                 :     0.00        4         4 
	   Disk (KB)            :  1561     5242880   7013797 
	   Memory (MB)          :   473        2048      2048 

	Job terminated of its own accord at 2025-02-16T14:38:33Z with exit-code 1.
...
