000 (47306185.008.000) 2025-03-07 08:43:24 Job submitted from host: <131.225.204.62:9618?addrs=131.225.204.62-9618+[2620-6a-0-8420-f0-0-204-62]-9618&alias=lpcschedd5.fnal.gov&noUDP&sock=schedd_2457_e048>
...
040 (47306185.008.000) 2025-03-07 08:43:34 Started transferring input files
	Transferring to host: <131.225.189.183:9618?addrs=[2620-6a-0-8421-f0-0-189-183]-9618+131.225.189.183-9618&alias=cmswn2130.fnal.gov&noUDP&sock=slot1_16_2351_3df9_16741>
...
040 (47306185.008.000) 2025-03-07 08:43:34 Finished transferring input files
...
001 (47306185.008.000) 2025-03-07 08:43:35 Job executing on host: <131.225.189.183:9618?addrs=[2620-6a-0-8421-f0-0-189-183]-9618+131.225.189.183-9618&alias=cmswn2130.fnal.gov&noUDP&sock=startd_2261_6fb8>
	SlotName: slot1_16@cmswn2130.fnal.gov
	CondorScratchDir = "/storage/local/data1/condor/execute/dir_2308039"
	Cpus = 4
	Disk = 10360721
	Memory = 2048
...
006 (47306185.008.000) 2025-03-07 08:43:44 Image size of job updated: 53
	53  -  MemoryUsage of job (MB)
	54456  -  ResidentSetSize of job (KB)
...
006 (47306185.008.000) 2025-03-07 08:44:44 Image size of job updated: 996
	996  -  MemoryUsage of job (MB)
	1020340  -  ResidentSetSize of job (KB)
...
006 (47306185.008.000) 2025-03-07 08:45:02 Image size of job updated: 1007
	1007  -  MemoryUsage of job (MB)
	1031964  -  ResidentSetSize of job (KB)
...
040 (47306185.008.000) 2025-03-07 08:45:02 Started transferring output files
...
040 (47306185.008.000) 2025-03-07 08:45:02 Finished transferring output files
...
005 (47306185.008.000) 2025-03-07 08:45:03 Job terminated.
	(1) Normal termination (return value 1)
		Usr 0 00:00:17, Sys 0 00:00:04  -  Run Remote Usage
		Usr 0 00:00:00, Sys 0 00:00:00  -  Run Local Usage
		Usr 0 00:00:17, Sys 0 00:00:04  -  Total Remote Usage
		Usr 0 00:00:00, Sys 0 00:00:00  -  Total Local Usage
	41813  -  Run Bytes Sent By Job
	2783746  -  Run Bytes Received By Job
	41813  -  Total Bytes Sent By Job
	2783746  -  Total Bytes Received By Job
	Partitionable Resources :    Usage  Request Allocated 
	   Cpus                 :     0.00        4         4 
	   Disk (KB)            :  3544     5242880  10360721 
	   Memory (MB)          :  1007        2048      2048 
	   TimeExecute (s)      :    87                       
	   TimeSlotBusy (s)     :    89                       

	Job terminated of its own accord at 2025-03-07T14:45:02Z with exit-code 1.
...
