000 (47306185.013.000) 2025-03-07 08:43:24 Job submitted from host: <131.225.204.62:9618?addrs=131.225.204.62-9618+[2620-6a-0-8420-f0-0-204-62]-9618&alias=lpcschedd5.fnal.gov&noUDP&sock=schedd_2457_e048>
...
040 (47306185.013.000) 2025-03-07 08:43:34 Started transferring input files
	Transferring to host: <131.225.189.46:9618?addrs=[2620-6a-0-8421-f0-0-189-46]-9618+131.225.189.46-9618&alias=cmswn2095.fnal.gov&noUDP&sock=slot1_10_2413_ed3b_57304>
...
040 (47306185.013.000) 2025-03-07 08:43:34 Finished transferring input files
...
001 (47306185.013.000) 2025-03-07 08:43:35 Job executing on host: <131.225.189.46:9618?addrs=[2620-6a-0-8421-f0-0-189-46]-9618+131.225.189.46-9618&alias=cmswn2095.fnal.gov&noUDP&sock=startd_2056_d2ce>
	SlotName: slot1_10@cmswn2095.fnal.gov
	CondorScratchDir = "/storage/local/data1/condor/execute/dir_2102466"
	Cpus = 4
	Disk = 6480857
	Memory = 2048
...
006 (47306185.013.000) 2025-03-07 08:43:44 Image size of job updated: 48
	48  -  MemoryUsage of job (MB)
	49152  -  ResidentSetSize of job (KB)
...
006 (47306185.013.000) 2025-03-07 08:44:44 Image size of job updated: 888
	888  -  MemoryUsage of job (MB)
	909532  -  ResidentSetSize of job (KB)
...
006 (47306185.013.000) 2025-03-07 08:45:44 Image size of job updated: 930
	930  -  MemoryUsage of job (MB)
	952952  -  ResidentSetSize of job (KB)
...
040 (47306185.013.000) 2025-03-07 08:47:05 Started transferring output files
...
040 (47306185.013.000) 2025-03-07 08:47:05 Finished transferring output files
...
005 (47306185.013.000) 2025-03-07 08:47:06 Job terminated.
	(1) Normal termination (return value 1)
		Usr 0 00:01:21, Sys 0 00:00:12  -  Run Remote Usage
		Usr 0 00:00:00, Sys 0 00:00:00  -  Run Local Usage
		Usr 0 00:01:21, Sys 0 00:00:12  -  Total Remote Usage
		Usr 0 00:00:00, Sys 0 00:00:00  -  Total Local Usage
	54331  -  Run Bytes Sent By Job
	2783746  -  Run Bytes Received By Job
	54331  -  Total Bytes Sent By Job
	2783746  -  Total Bytes Received By Job
	Partitionable Resources :    Usage  Request Allocated 
	   Cpus                 :     0.00        4         4 
	   Disk (KB)            :  3554     5242880   6480857 
	   Memory (MB)          :   930        2048      2048 
	   TimeExecute (s)      :   210                       
	   TimeSlotBusy (s)     :   212                       

	Job terminated of its own accord at 2025-03-07T14:47:05Z with exit-code 1.
...
