000 (10695023.027.000) 2025-02-16 08:36:32 Job submitted from host: <131.225.189.251:9618?addrs=131.225.189.251-9618+[2620-6a-0-8421--e8]-9618&alias=lpcschedd4.fnal.gov&noUDP&sock=schedd_1925_f7e6>
...
040 (10695023.027.000) 2025-02-16 08:38:43 Started transferring input files
	Transferring to host: <131.225.188.137:9618?addrs=[2620-6a-0-8421-f0-0-188-137]-9618+131.225.188.137-9618&alias=cmswn2050.fnal.gov&noUDP&sock=slot1_41_2554_4621_2213>
...
040 (10695023.027.000) 2025-02-16 08:38:43 Finished transferring input files
...
001 (10695023.027.000) 2025-02-16 08:38:44 Job executing on host: <131.225.188.137:9618?addrs=[2620-6a-0-8421-f0-0-188-137]-9618+131.225.188.137-9618&alias=cmswn2050.fnal.gov&noUDP&sock=startd_2219_a0be>
	SlotName: slot1_41@cmswn2050.fnal.gov
	CondorScratchDir = "/storage/local/data1/condor/execute/dir_2303849"
	Cpus = 4
	Disk = 6388688
	Memory = 2048
...
006 (10695023.027.000) 2025-02-16 08:38:52 Image size of job updated: 62
	62  -  MemoryUsage of job (MB)
	64136  -  ResidentSetSize of job (KB)
...
006 (10695023.027.000) 2025-02-16 08:39:53 Image size of job updated: 480
	480  -  MemoryUsage of job (MB)
	491828  -  ResidentSetSize of job (KB)
...
006 (10695023.027.000) 2025-02-16 08:40:53 Image size of job updated: 683
	683  -  MemoryUsage of job (MB)
	700296  -  ResidentSetSize of job (KB)
...
006 (10695023.027.000) 2025-02-16 08:41:53 Image size of job updated: 684
	684  -  MemoryUsage of job (MB)
	700720  -  ResidentSetSize of job (KB)
...
006 (10695023.027.000) 2025-02-16 08:42:53 Image size of job updated: 739
	739  -  MemoryUsage of job (MB)
	757184  -  ResidentSetSize of job (KB)
...
006 (10695023.027.000) 2025-02-16 08:43:54 Image size of job updated: 740
	740  -  MemoryUsage of job (MB)
	758684  -  ResidentSetSize of job (KB)
...
006 (10695023.027.000) 2025-02-16 08:44:54 Image size of job updated: 741
	741  -  MemoryUsage of job (MB)
	758852  -  ResidentSetSize of job (KB)
...
040 (10695023.027.000) 2025-02-16 08:52:46 Started transferring output files
...
040 (10695023.027.000) 2025-02-16 08:52:46 Finished transferring output files
...
005 (10695023.027.000) 2025-02-16 08:52:46 Job terminated.
	(1) Normal termination (return value 1)
		Usr 0 00:10:48, Sys 0 00:00:16  -  Run Remote Usage
		Usr 0 00:00:00, Sys 0 00:00:00  -  Run Local Usage
		Usr 0 00:10:48, Sys 0 00:00:16  -  Total Remote Usage
		Usr 0 00:00:00, Sys 0 00:00:00  -  Total Local Usage
	18981  -  Run Bytes Sent By Job
	894499  -  Run Bytes Received By Job
	18981  -  Total Bytes Sent By Job
	894499  -  Total Bytes Received By Job
	Partitionable Resources :    Usage  Request Allocated 
	   Cpus                 :     0.00        4         4 
	   Disk (KB)            :  1679     5242880   6388688 
	   Memory (MB)          :   741        2048      2048 

	Job terminated of its own accord at 2025-02-16T14:52:46Z with exit-code 1.
...
