000 (11162672.018.000) 2025-02-21 01:57:55 Job submitted from host: <131.225.189.251:9618?addrs=131.225.189.251-9618+[2620-6a-0-8421--e8]-9618&alias=lpcschedd4.fnal.gov&noUDP&sock=schedd_1925_f7e6>
...
040 (11162672.018.000) 2025-02-21 02:00:39 Started transferring input files
	Transferring to host: <131.225.189.197:9618?addrs=[2620-6a-0-8421-f0-0-189-197]-9618+131.225.189.197-9618&alias=cmswn2138.fnal.gov&noUDP&sock=slot1_7_2169_01b1_36436>
...
040 (11162672.018.000) 2025-02-21 02:00:39 Finished transferring input files
...
001 (11162672.018.000) 2025-02-21 02:00:40 Job executing on host: <131.225.189.197:9618?addrs=[2620-6a-0-8421-f0-0-189-197]-9618+131.225.189.197-9618&alias=cmswn2138.fnal.gov&noUDP&sock=startd_2098_a1c8>
	SlotName: slot1_7@cmswn2138.fnal.gov
	CondorScratchDir = "/storage/local/data1/condor/execute/dir_352910"
	Cpus = 4
	Disk = 7325353
	Memory = 2048
...
006 (11162672.018.000) 2025-02-21 02:01:50 Image size of job updated: 225
	225  -  MemoryUsage of job (MB)
	231356  -  ResidentSetSize of job (KB)
...
006 (11162672.018.000) 2025-02-21 02:02:50 Image size of job updated: 247
	247  -  MemoryUsage of job (MB)
	253592  -  ResidentSetSize of job (KB)
...
006 (11162672.018.000) 2025-02-21 02:03:51 Image size of job updated: 247
	247  -  MemoryUsage of job (MB)
	253720  -  ResidentSetSize of job (KB)
...
040 (11162672.018.000) 2025-02-21 02:04:58 Started transferring output files
...
040 (11162672.018.000) 2025-02-21 02:04:58 Finished transferring output files
...
005 (11162672.018.000) 2025-02-21 02:04:59 Job terminated.
	(1) Normal termination (return value 1)
		Usr 0 00:02:05, Sys 0 00:00:15  -  Run Remote Usage
		Usr 0 00:00:00, Sys 0 00:00:00  -  Run Local Usage
		Usr 0 00:02:05, Sys 0 00:00:15  -  Total Remote Usage
		Usr 0 00:00:00, Sys 0 00:00:00  -  Total Local Usage
	46103  -  Run Bytes Sent By Job
	1111686  -  Run Bytes Received By Job
	46103  -  Total Bytes Sent By Job
	1111686  -  Total Bytes Received By Job
	Partitionable Resources :    Usage  Request Allocated 
	   Cpus                 :     0.00        4         4 
	   Disk (KB)            :  1913     5242880   7325353 
	   Memory (MB)          :   247        2048      2048 

	Job terminated of its own accord at 2025-02-21T08:04:58Z with exit-code 1.
...
