000 (76624572.009.000) 2025-02-27 14:26:35 Job submitted from host: <131.225.189.168:9618?addrs=131.225.189.168-9618+[2620-6a-0-8421-f0-0-189-168]-9618&alias=lpcschedd6.fnal.gov&noUDP&sock=schedd_31891_26e2>
...
040 (76624572.009.000) 2025-02-27 14:26:51 Started transferring input files
	Transferring to host: <131.225.189.24:9618?addrs=[2620-6a-0-8421-f0-0-189-24]-9618+131.225.189.24-9618&alias=cmswn2083.fnal.gov&noUDP&sock=slot1_9_2400_c45b_38128>
...
040 (76624572.009.000) 2025-02-27 14:26:51 Finished transferring input files
...
001 (76624572.009.000) 2025-02-27 14:26:52 Job executing on host: <131.225.189.24:9618?addrs=[2620-6a-0-8421-f0-0-189-24]-9618+131.225.189.24-9618&alias=cmswn2083.fnal.gov&noUDP&sock=startd_2054_739e>
	SlotName: slot1_9@cmswn2083.fnal.gov
	CondorScratchDir = "/storage/local/data1/condor/execute/dir_1801000"
	Cpus = 4
	Disk = 6426078
	Memory = 2048
...
006 (76624572.009.000) 2025-02-27 14:27:01 Image size of job updated: 51
	51  -  MemoryUsage of job (MB)
	52716  -  ResidentSetSize of job (KB)
...
006 (76624572.009.000) 2025-02-27 14:28:01 Image size of job updated: 945
	945  -  MemoryUsage of job (MB)
	968088  -  ResidentSetSize of job (KB)
...
006 (76624572.009.000) 2025-02-27 14:28:56 Image size of job updated: 1032
	1032  -  MemoryUsage of job (MB)
	1057468  -  ResidentSetSize of job (KB)
...
040 (76624572.009.000) 2025-02-27 14:28:57 Started transferring output files
...
040 (76624572.009.000) 2025-02-27 14:28:57 Finished transferring output files
...
005 (76624572.009.000) 2025-02-27 14:28:57 Job terminated.
	(1) Normal termination (return value 1)
		Usr 0 00:00:03, Sys 0 00:00:02  -  Run Remote Usage
		Usr 0 00:00:00, Sys 0 00:00:00  -  Run Local Usage
		Usr 0 00:00:03, Sys 0 00:00:02  -  Total Remote Usage
		Usr 0 00:00:00, Sys 0 00:00:00  -  Total Local Usage
	40407  -  Run Bytes Sent By Job
	2154234  -  Run Bytes Received By Job
	40407  -  Total Bytes Sent By Job
	2154234  -  Total Bytes Received By Job
	Partitionable Resources :    Usage  Request Allocated 
	   Cpus                 :        0        4         4 
	   Disk (KB)            :     2927  5242880   6426078 
	   Memory (MB)          :     1032     2048      2048 
	   TimeExecute (s)      :      124                    
	   TimeSlotBusy (s)     :      126                    

	Job terminated of its own accord at 2025-02-27T20:28:56Z with exit-code 1.
...
