000 (74453876.025.000) 2025-02-14 03:38:36 Job submitted from host: <131.225.189.168:9618?addrs=131.225.189.168-9618+[2620-6a-0-8421-f0-0-189-168]-9618&alias=lpcschedd6.fnal.gov&noUDP&sock=schedd_31891_26e2>
...
040 (74453876.025.000) 2025-02-14 03:57:28 Started transferring input files
	Transferring to host: <131.225.188.84:9618?addrs=[2620-6a-0-8421-f0-0-188-84]-9618+131.225.188.84-9618&alias=cmswn2041.fnal.gov&noUDP&sock=slot1_30_2737_36c8_30132>
...
040 (74453876.025.000) 2025-02-14 03:57:28 Finished transferring input files
...
001 (74453876.025.000) 2025-02-14 03:57:29 Job executing on host: <131.225.188.84:9618?addrs=[2620-6a-0-8421-f0-0-188-84]-9618+131.225.188.84-9618&alias=cmswn2041.fnal.gov&noUDP&sock=startd_2499_af43>
	SlotName: slot1_30@cmswn2041.fnal.gov
	CondorScratchDir = "/storage/local/data1/condor/execute/dir_2739357"
	Cpus = 4
	Disk = 6382507
	Memory = 2048
...
006 (74453876.025.000) 2025-02-14 03:57:37 Image size of job updated: 56
	56  -  MemoryUsage of job (MB)
	57476  -  ResidentSetSize of job (KB)
...
006 (74453876.025.000) 2025-02-14 03:58:38 Image size of job updated: 726
	726  -  MemoryUsage of job (MB)
	743784  -  ResidentSetSize of job (KB)
...
006 (74453876.025.000) 2025-02-14 03:59:38 Image size of job updated: 917
	917  -  MemoryUsage of job (MB)
	939924  -  ResidentSetSize of job (KB)
...
006 (74453876.025.000) 2025-02-14 04:00:38 Image size of job updated: 940
	940  -  MemoryUsage of job (MB)
	962860  -  ResidentSetSize of job (KB)
...
040 (74453876.025.000) 2025-02-14 04:07:21 Started transferring output files
...
040 (74453876.025.000) 2025-02-14 04:07:21 Finished transferring output files
...
005 (74453876.025.000) 2025-02-14 04:07:22 Job terminated.
	(1) Normal termination (return value 1)
		Usr 0 00:06:19, Sys 0 00:00:13  -  Run Remote Usage
		Usr 0 00:00:00, Sys 0 00:00:00  -  Run Local Usage
		Usr 0 00:06:19, Sys 0 00:00:13  -  Total Remote Usage
		Usr 0 00:00:00, Sys 0 00:00:00  -  Total Local Usage
	20308  -  Run Bytes Sent By Job
	507229  -  Run Bytes Received By Job
	20308  -  Total Bytes Sent By Job
	507229  -  Total Bytes Received By Job
	Partitionable Resources :    Usage  Request Allocated 
	   Cpus                 :     0.00        4         4 
	   Disk (KB)            :  1302     5242880   6382507 
	   Memory (MB)          :   940        2048      2048 
	   TimeExecute (s)      :   592                       
	   TimeSlotBusy (s)     :   594                       

	Job terminated of its own accord at 2025-02-14T10:07:21Z with exit-code 1.
...
