000 (11162672.013.000) 2025-02-21 01:57:55 Job submitted from host: <131.225.189.251:9618?addrs=131.225.189.251-9618+[2620-6a-0-8421--e8]-9618&alias=lpcschedd4.fnal.gov&noUDP&sock=schedd_1925_f7e6>
...
040 (11162672.013.000) 2025-02-21 02:00:02 Started transferring input files
	Transferring to host: <131.225.188.137:9618?addrs=[2620-6a-0-8421-f0-0-188-137]-9618+131.225.188.137-9618&alias=cmswn2050.fnal.gov&noUDP&sock=slot1_24_2554_4621_5100>
...
040 (11162672.013.000) 2025-02-21 02:00:02 Finished transferring input files
...
001 (11162672.013.000) 2025-02-21 02:00:03 Job executing on host: <131.225.188.137:9618?addrs=[2620-6a-0-8421-f0-0-188-137]-9618+131.225.188.137-9618&alias=cmswn2050.fnal.gov&noUDP&sock=startd_2219_a0be>
	SlotName: slot1_24@cmswn2050.fnal.gov
	CondorScratchDir = "/storage/local/data1/condor/execute/dir_3630666"
	Cpus = 4
	Disk = 6388688
	Memory = 2048
...
006 (11162672.013.000) 2025-02-21 02:00:12 Image size of job updated: 42
	42  -  MemoryUsage of job (MB)
	43132  -  ResidentSetSize of job (KB)
...
006 (11162672.013.000) 2025-02-21 02:01:13 Image size of job updated: 151
	151  -  MemoryUsage of job (MB)
	155172  -  ResidentSetSize of job (KB)
...
006 (11162672.013.000) 2025-02-21 02:01:31 Image size of job updated: 151
	151  -  MemoryUsage of job (MB)
	155480  -  ResidentSetSize of job (KB)
...
040 (11162672.013.000) 2025-02-21 02:01:31 Started transferring output files
...
040 (11162672.013.000) 2025-02-21 02:01:31 Finished transferring output files
...
005 (11162672.013.000) 2025-02-21 02:01:32 Job terminated.
	(1) Normal termination (return value 1)
		Usr 0 00:00:56, Sys 0 00:00:06  -  Run Remote Usage
		Usr 0 00:00:00, Sys 0 00:00:00  -  Run Local Usage
		Usr 0 00:00:56, Sys 0 00:00:06  -  Total Remote Usage
		Usr 0 00:00:00, Sys 0 00:00:00  -  Total Local Usage
	45573  -  Run Bytes Sent By Job
	996445  -  Run Bytes Received By Job
	45573  -  Total Bytes Sent By Job
	996445  -  Total Bytes Received By Job
	Partitionable Resources :    Usage  Request Allocated 
	   Cpus                 :     0.00        4         4 
	   Disk (KB)            :  1803     5242880   6388688 
	   Memory (MB)          :   151        2048      2048 

	Job terminated of its own accord at 2025-02-21T08:01:31Z with exit-code 1.
...
