000 (47306185.003.000) 2025-03-07 08:43:24 Job submitted from host: <131.225.204.62:9618?addrs=131.225.204.62-9618+[2620-6a-0-8420-f0-0-204-62]-9618&alias=lpcschedd5.fnal.gov&noUDP&sock=schedd_2457_e048>
...
040 (47306185.003.000) 2025-03-07 08:43:33 Started transferring input files
	Transferring to host: <131.225.189.179:9618?addrs=[2620-6a-0-8421-f0-0-189-179]-9618+131.225.189.179-9618&alias=cmswn2128.fnal.gov&noUDP&sock=slot1_14_2311_0ef7_52796>
...
040 (47306185.003.000) 2025-03-07 08:43:33 Finished transferring input files
...
001 (47306185.003.000) 2025-03-07 08:43:34 Job executing on host: <131.225.189.179:9618?addrs=[2620-6a-0-8421-f0-0-189-179]-9618+131.225.189.179-9618&alias=cmswn2128.fnal.gov&noUDP&sock=startd_2222_af87>
	SlotName: slot1_14@cmswn2128.fnal.gov
	CondorScratchDir = "/storage/local/data1/condor/execute/dir_3058755"
	Cpus = 4
	Disk = 10312722
	Memory = 2048
...
006 (47306185.003.000) 2025-03-07 08:43:43 Image size of job updated: 54
	54  -  MemoryUsage of job (MB)
	55568  -  ResidentSetSize of job (KB)
...
006 (47306185.003.000) 2025-03-07 08:44:45 Image size of job updated: 1017
	1017  -  MemoryUsage of job (MB)
	1041724  -  ResidentSetSize of job (KB)
...
006 (47306185.003.000) 2025-03-07 08:45:45 Image size of job updated: 1021
	1021  -  MemoryUsage of job (MB)
	1045624  -  ResidentSetSize of job (KB)
...
006 (47306185.003.000) 2025-03-07 08:46:01 Image size of job updated: 1021
	1021  -  MemoryUsage of job (MB)
	1045628  -  ResidentSetSize of job (KB)
...
040 (47306185.003.000) 2025-03-07 08:46:01 Started transferring output files
...
040 (47306185.003.000) 2025-03-07 08:46:01 Finished transferring output files
...
005 (47306185.003.000) 2025-03-07 08:46:02 Job terminated.
	(1) Normal termination (return value 1)
		Usr 0 00:01:01, Sys 0 00:00:08  -  Run Remote Usage
		Usr 0 00:00:00, Sys 0 00:00:00  -  Run Local Usage
		Usr 0 00:01:01, Sys 0 00:00:08  -  Total Remote Usage
		Usr 0 00:00:00, Sys 0 00:00:00  -  Total Local Usage
	53225  -  Run Bytes Sent By Job
	2782105  -  Run Bytes Received By Job
	53225  -  Total Bytes Sent By Job
	2782105  -  Total Bytes Received By Job
	Partitionable Resources :    Usage  Request Allocated 
	   Cpus                 :     0.00        4         4 
	   Disk (KB)            :  3552     5242880  10312722 
	   Memory (MB)          :  1021        2048      2048 
	   TimeExecute (s)      :   147                       
	   TimeSlotBusy (s)     :   149                       

	Job terminated of its own accord at 2025-03-07T14:46:01Z with exit-code 1.
...
