000 (10695023.018.000) 2025-02-16 08:36:32 Job submitted from host: <131.225.189.251:9618?addrs=131.225.189.251-9618+[2620-6a-0-8421--e8]-9618&alias=lpcschedd4.fnal.gov&noUDP&sock=schedd_1925_f7e6>
...
040 (10695023.018.000) 2025-02-16 08:38:28 Started transferring input files
	Transferring to host: <131.225.189.24:9618?addrs=[2620-6a-0-8421-f0-0-189-24]-9618+131.225.189.24-9618&alias=cmswn2083.fnal.gov&noUDP&sock=slot1_37_2400_c45b_29721>
...
040 (10695023.018.000) 2025-02-16 08:38:28 Finished transferring input files
...
001 (10695023.018.000) 2025-02-16 08:38:30 Job executing on host: <131.225.189.24:9618?addrs=[2620-6a-0-8421-f0-0-189-24]-9618+131.225.189.24-9618&alias=cmswn2083.fnal.gov&noUDP&sock=startd_2054_739e>
	SlotName: slot1_37@cmswn2083.fnal.gov
	CondorScratchDir = "/storage/local/data1/condor/execute/dir_1424000"
	Cpus = 4
	Disk = 6426078
	Memory = 2048
...
006 (10695023.018.000) 2025-02-16 08:38:38 Image size of job updated: 40
	40  -  MemoryUsage of job (MB)
	41188  -  ResidentSetSize of job (KB)
...
006 (10695023.018.000) 2025-02-16 08:39:03 Image size of job updated: 144
	144  -  MemoryUsage of job (MB)
	147796  -  ResidentSetSize of job (KB)
...
040 (10695023.018.000) 2025-02-16 08:39:03 Started transferring output files
...
040 (10695023.018.000) 2025-02-16 08:39:03 Finished transferring output files
...
005 (10695023.018.000) 2025-02-16 08:39:04 Job terminated.
	(1) Normal termination (return value 1)
		Usr 0 00:00:01, Sys 0 00:00:00  -  Run Remote Usage
		Usr 0 00:00:00, Sys 0 00:00:00  -  Run Local Usage
		Usr 0 00:00:01, Sys 0 00:00:00  -  Total Remote Usage
		Usr 0 00:00:00, Sys 0 00:00:00  -  Total Local Usage
	16780  -  Run Bytes Sent By Job
	849720  -  Run Bytes Received By Job
	16780  -  Total Bytes Sent By Job
	849720  -  Total Bytes Received By Job
	Partitionable Resources :    Usage  Request Allocated 
	   Cpus                 :        0        4         4 
	   Disk (KB)            :     1633  5242880   6426078 
	   Memory (MB)          :      144     2048      2048 

	Job terminated of its own accord at 2025-02-16T14:39:03Z with exit-code 1.
...
