000 (76624572.008.000) 2025-02-27 14:26:35 Job submitted from host: <131.225.189.168:9618?addrs=131.225.189.168-9618+[2620-6a-0-8421-f0-0-189-168]-9618&alias=lpcschedd6.fnal.gov&noUDP&sock=schedd_31891_26e2>
...
040 (76624572.008.000) 2025-02-27 14:26:50 Started transferring input files
	Transferring to host: <131.225.189.222:9618?addrs=[2620-6a-0-8421-f0-0-189-222]-9618+131.225.189.222-9618&alias=cmswn2149.fnal.gov&noUDP&sock=slot1_13_2147_8170_39354>
...
040 (76624572.008.000) 2025-02-27 14:26:50 Finished transferring input files
...
001 (76624572.008.000) 2025-02-27 14:26:51 Job executing on host: <131.225.189.222:9618?addrs=[2620-6a-0-8421-f0-0-189-222]-9618+131.225.189.222-9618&alias=cmswn2149.fnal.gov&noUDP&sock=startd_2097_f230>
	SlotName: slot1_13@cmswn2149.fnal.gov
	CondorScratchDir = "/storage/local/data1/condor/execute/dir_978721"
	Cpus = 4
	Disk = 7392042
	Memory = 2048
...
006 (76624572.008.000) 2025-02-27 14:27:00 Image size of job updated: 56
	56  -  MemoryUsage of job (MB)
	57872  -  ResidentSetSize of job (KB)
...
006 (76624572.008.000) 2025-02-27 14:28:00 Image size of job updated: 1022
	1022  -  MemoryUsage of job (MB)
	1047136  -  ResidentSetSize of job (KB)
...
006 (76624572.008.000) 2025-02-27 14:28:09 Image size of job updated: 1022
	1022  -  MemoryUsage of job (MB)
	1047176  -  ResidentSetSize of job (KB)
...
040 (76624572.008.000) 2025-02-27 14:28:09 Started transferring output files
...
040 (76624572.008.000) 2025-02-27 14:28:09 Finished transferring output files
...
005 (76624572.008.000) 2025-02-27 14:28:10 Job terminated.
	(1) Normal termination (return value 1)
		Usr 0 00:00:08, Sys 0 00:00:03  -  Run Remote Usage
		Usr 0 00:00:00, Sys 0 00:00:00  -  Run Local Usage
		Usr 0 00:00:08, Sys 0 00:00:03  -  Total Remote Usage
		Usr 0 00:00:00, Sys 0 00:00:00  -  Total Local Usage
	41751  -  Run Bytes Sent By Job
	2151442  -  Run Bytes Received By Job
	41751  -  Total Bytes Sent By Job
	2151442  -  Total Bytes Received By Job
	Partitionable Resources :    Usage  Request Allocated 
	   Cpus                 :     0.00        4         4 
	   Disk (KB)            :  2923     5242880   7392042 
	   Memory (MB)          :  1022        2048      2048 
	   TimeExecute (s)      :    78                       
	   TimeSlotBusy (s)     :    80                       

	Job terminated of its own accord at 2025-02-27T20:28:09Z with exit-code 1.
...
