000 (76624561.011.000) 2025-02-27 14:21:08 Job submitted from host: <131.225.189.168:9618?addrs=131.225.189.168-9618+[2620-6a-0-8421-f0-0-189-168]-9618&alias=lpcschedd6.fnal.gov&noUDP&sock=schedd_31891_26e2>
...
040 (76624561.011.000) 2025-02-27 14:22:08 Started transferring input files
	Transferring to host: <131.225.189.170:9618?addrs=[2620-6a-0-8421-f0-0-189-170]-9618+131.225.189.170-9618&alias=cmswn2121.fnal.gov&noUDP&sock=slot1_19_2325_ec38_51557>
...
040 (76624561.011.000) 2025-02-27 14:22:08 Finished transferring input files
...
001 (76624561.011.000) 2025-02-27 14:22:09 Job executing on host: <131.225.189.170:9618?addrs=[2620-6a-0-8421-f0-0-189-170]-9618+131.225.189.170-9618&alias=cmswn2121.fnal.gov&noUDP&sock=startd_2235_9a42>
	SlotName: slot1_19@cmswn2121.fnal.gov
	CondorScratchDir = "/storage/local/data1/condor/execute/dir_4028677"
	Cpus = 4
	Disk = 10380152
	Memory = 2048
...
006 (76624561.011.000) 2025-02-27 14:22:19 Image size of job updated: 48
	48  -  MemoryUsage of job (MB)
	49300  -  ResidentSetSize of job (KB)
...
004 (76624561.011.000) 2025-02-27 14:22:22 Job was evicted.
	(0) CPU times
		Usr 0 00:00:00, Sys 0 00:00:00  -  Run Remote Usage
		Usr 0 00:00:00, Sys 0 00:00:00  -  Run Local Usage
	0  -  Run Bytes Sent By Job
	2126729  -  Run Bytes Received By Job
	Partitionable Resources :    Usage  Request Allocated 
	   Cpus                 :        0        4         4 
	   Disk (KB)            :     2101  5242880  10380152 
	   Memory (MB)          :       48     2048      2048 
	   TimeExecute (s)      :       12                    
	   TimeSlotBusy (s)     :       14                    
...
009 (76624561.011.000) 2025-02-27 14:22:22 Job was aborted.
	via condor_rm (by user vsinha)
...
