000 (47306185.000.000) 2025-03-07 08:43:24 Job submitted from host: <131.225.204.62:9618?addrs=131.225.204.62-9618+[2620-6a-0-8420-f0-0-204-62]-9618&alias=lpcschedd5.fnal.gov&noUDP&sock=schedd_2457_e048>
...
040 (47306185.000.000) 2025-03-07 08:43:33 Started transferring input files
	Transferring to host: <131.225.189.34:9618?addrs=[2620-6a-0-8421-f0-0-189-34]-9618+131.225.189.34-9618&alias=cmswn2087.fnal.gov&noUDP&sock=slot1_21_2561_34c1_466>
...
040 (47306185.000.000) 2025-03-07 08:43:33 Finished transferring input files
...
001 (47306185.000.000) 2025-03-07 08:43:34 Job executing on host: <131.225.189.34:9618?addrs=[2620-6a-0-8421-f0-0-189-34]-9618+131.225.189.34-9618&alias=cmswn2087.fnal.gov&noUDP&sock=startd_2175_7293>
	SlotName: slot1_21@cmswn2087.fnal.gov
	CondorScratchDir = "/storage/local/data1/condor/execute/dir_2886753"
	Cpus = 4
	Disk = 6414111
	Memory = 2048
...
006 (47306185.000.000) 2025-03-07 08:43:44 Image size of job updated: 44
	44  -  MemoryUsage of job (MB)
	45880  -  ResidentSetSize of job (KB)
...
006 (47306185.000.000) 2025-03-07 08:44:44 Image size of job updated: 776
	776  -  MemoryUsage of job (MB)
	794652  -  ResidentSetSize of job (KB)
...
006 (47306185.000.000) 2025-03-07 08:45:44 Image size of job updated: 1028
	1028  -  MemoryUsage of job (MB)
	1053092  -  ResidentSetSize of job (KB)
...
006 (47306185.000.000) 2025-03-07 08:46:45 Image size of job updated: 1028
	1028  -  MemoryUsage of job (MB)
	1053360  -  ResidentSetSize of job (KB)
...
040 (47306185.000.000) 2025-03-07 08:49:20 Started transferring output files
...
040 (47306185.000.000) 2025-03-07 08:49:20 Finished transferring output files
...
005 (47306185.000.000) 2025-03-07 08:49:20 Job terminated.
	(1) Normal termination (return value 1)
		Usr 0 00:02:37, Sys 0 00:00:17  -  Run Remote Usage
		Usr 0 00:00:00, Sys 0 00:00:00  -  Run Local Usage
		Usr 0 00:02:37, Sys 0 00:00:17  -  Total Remote Usage
		Usr 0 00:00:00, Sys 0 00:00:00  -  Total Local Usage
	55101  -  Run Bytes Sent By Job
	2782105  -  Run Bytes Received By Job
	55101  -  Total Bytes Sent By Job
	2782105  -  Total Bytes Received By Job
	Partitionable Resources :    Usage  Request Allocated 
	   Cpus                 :     0.00        4         4 
	   Disk (KB)            :  3555     5242880   6414111 
	   Memory (MB)          :  1028        2048      2048 
	   TimeExecute (s)      :   346                       
	   TimeSlotBusy (s)     :   347                       

	Job terminated of its own accord at 2025-03-07T14:49:20Z with exit-code 1.
...
