000 (47239042.012.000) 2025-02-15 07:25:53 Job submitted from host: <131.225.204.62:9618?addrs=131.225.204.62-9618+[2620-6a-0-8420-f0-0-204-62]-9618&alias=lpcschedd5.fnal.gov&noUDP&sock=schedd_2457_e048>
...
040 (47239042.012.000) 2025-02-15 07:26:39 Started transferring input files
	Transferring to host: <131.225.189.27:9618?addrs=[2620-6a-0-8421-f0-0-189-27]-9618+131.225.189.27-9618&alias=cmswn2084.fnal.gov&noUDP&sock=slot1_26_2532_c5e0_31212>
...
040 (47239042.012.000) 2025-02-15 07:26:39 Finished transferring input files
...
001 (47239042.012.000) 2025-02-15 07:26:40 Job executing on host: <131.225.189.27:9618?addrs=[2620-6a-0-8421-f0-0-189-27]-9618+131.225.189.27-9618&alias=cmswn2084.fnal.gov&noUDP&sock=startd_2215_e25d>
	SlotName: slot1_26@cmswn2084.fnal.gov
	CondorScratchDir = "/storage/local/data1/condor/execute/dir_989850"
	Cpus = 4
	Disk = 6398380
	Memory = 2048
...
006 (47239042.012.000) 2025-02-15 07:27:50 Image size of job updated: 333
	333  -  MemoryUsage of job (MB)
	341696  -  ResidentSetSize of job (KB)
...
006 (47239042.012.000) 2025-02-15 07:28:50 Image size of job updated: 352
	352  -  MemoryUsage of job (MB)
	361292  -  ResidentSetSize of job (KB)
...
040 (47239042.012.000) 2025-02-15 07:28:59 Started transferring output files
...
040 (47239042.012.000) 2025-02-15 07:28:59 Finished transferring output files
...
005 (47239042.012.000) 2025-02-15 07:29:01 Job terminated.
	(1) Normal termination (return value 1)
		Usr 0 00:00:03, Sys 0 00:00:02  -  Run Remote Usage
		Usr 0 00:00:00, Sys 0 00:00:00  -  Run Local Usage
		Usr 0 00:00:03, Sys 0 00:00:02  -  Total Remote Usage
		Usr 0 00:00:00, Sys 0 00:00:00  -  Total Local Usage
	16748  -  Run Bytes Sent By Job
	589248  -  Run Bytes Received By Job
	16748  -  Total Bytes Sent By Job
	589248  -  Total Bytes Received By Job
	Partitionable Resources :    Usage  Request Allocated 
	   Cpus                 :        0        4         4 
	   Disk (KB)            :     1378  5242880   6398380 
	   Memory (MB)          :      352     2048      2048 
	   TimeExecute (s)      :      139                    
	   TimeSlotBusy (s)     :      142                    

	Job terminated of its own accord at 2025-02-15T13:28:59Z with exit-code 1.
...
