000 (10695023.016.000) 2025-02-16 08:36:32 Job submitted from host: <131.225.189.251:9618?addrs=131.225.189.251-9618+[2620-6a-0-8421--e8]-9618&alias=lpcschedd4.fnal.gov&noUDP&sock=schedd_1925_f7e6>
...
040 (10695023.016.000) 2025-02-16 08:38:21 Started transferring input files
	Transferring to host: <131.225.189.219:9618?addrs=[2620-6a-0-8421-f0-0-189-219]-9618+131.225.189.219-9618&alias=cmswn2148.fnal.gov&noUDP&sock=slot1_2_2154_7011_29789>
...
040 (10695023.016.000) 2025-02-16 08:38:21 Finished transferring input files
...
001 (10695023.016.000) 2025-02-16 08:38:22 Job executing on host: <131.225.189.219:9618?addrs=[2620-6a-0-8421-f0-0-189-219]-9618+131.225.189.219-9618&alias=cmswn2148.fnal.gov&noUDP&sock=startd_2103_0fc2>
	SlotName: slot1_2@cmswn2148.fnal.gov
	CondorScratchDir = "/storage/local/data1/condor/execute/dir_1006308"
	Cpus = 4
	Disk = 7330990
	Memory = 2048
...
006 (10695023.016.000) 2025-02-16 08:38:31 Image size of job updated: 41
	41  -  MemoryUsage of job (MB)
	42376  -  ResidentSetSize of job (KB)
...
006 (10695023.016.000) 2025-02-16 08:38:46 Image size of job updated: 142
	142  -  MemoryUsage of job (MB)
	145856  -  ResidentSetSize of job (KB)
...
040 (10695023.016.000) 2025-02-16 08:38:46 Started transferring output files
...
040 (10695023.016.000) 2025-02-16 08:38:46 Finished transferring output files
...
005 (10695023.016.000) 2025-02-16 08:38:46 Job terminated.
	(1) Normal termination (return value 1)
		Usr 0 00:00:00, Sys 0 00:00:00  -  Run Remote Usage
		Usr 0 00:00:00, Sys 0 00:00:00  -  Run Local Usage
		Usr 0 00:00:00, Sys 0 00:00:00  -  Total Remote Usage
		Usr 0 00:00:00, Sys 0 00:00:00  -  Total Local Usage
	16463  -  Run Bytes Sent By Job
	811940  -  Run Bytes Received By Job
	16463  -  Total Bytes Sent By Job
	811940  -  Total Bytes Received By Job
	Partitionable Resources :    Usage  Request Allocated 
	   Cpus                 :     0.13        4         4 
	   Disk (KB)            :  1595     5242880   7330990 
	   Memory (MB)          :   142        2048      2048 

	Job terminated of its own accord at 2025-02-16T14:38:46Z with exit-code 1.
...
