000 (47306185.022.000) 2025-03-07 08:43:24 Job submitted from host: <131.225.204.62:9618?addrs=131.225.204.62-9618+[2620-6a-0-8420-f0-0-204-62]-9618&alias=lpcschedd5.fnal.gov&noUDP&sock=schedd_2457_e048>
...
040 (47306185.022.000) 2025-03-07 08:43:36 Started transferring input files
	Transferring to host: <131.225.189.231:9618?addrs=[2620-6a-0-8421-f0-0-189-231]-9618+131.225.189.231-9618&alias=cmswn2155.fnal.gov&noUDP&sock=slot1_11_2272_9455_11963>
...
040 (47306185.022.000) 2025-03-07 08:43:36 Finished transferring input files
...
001 (47306185.022.000) 2025-03-07 08:43:37 Job executing on host: <131.225.189.231:9618?addrs=[2620-6a-0-8421-f0-0-189-231]-9618+131.225.189.231-9618&alias=cmswn2155.fnal.gov&noUDP&sock=startd_2185_4e86>
	SlotName: slot1_11@cmswn2155.fnal.gov
	CondorScratchDir = "/storage/local/data1/condor/execute/dir_3524873"
	Cpus = 4
	Disk = 10363580
	Memory = 2048
...
006 (47306185.022.000) 2025-03-07 08:43:45 Image size of job updated: 37
	37  -  MemoryUsage of job (MB)
	38672  -  ResidentSetSize of job (KB)
...
006 (47306185.022.000) 2025-03-07 08:44:45 Image size of job updated: 998
	998  -  MemoryUsage of job (MB)
	1022164  -  ResidentSetSize of job (KB)
...
006 (47306185.022.000) 2025-03-07 08:45:45 Image size of job updated: 1009
	1009  -  MemoryUsage of job (MB)
	1034116  -  ResidentSetSize of job (KB)
...
006 (47306185.022.000) 2025-03-07 08:46:45 Image size of job updated: 1009
	1009  -  MemoryUsage of job (MB)
	1034224  -  ResidentSetSize of job (KB)
...
040 (47306185.022.000) 2025-03-07 08:59:44 Started transferring output files
...
040 (47306185.022.000) 2025-03-07 08:59:44 Finished transferring output files
...
005 (47306185.022.000) 2025-03-07 08:59:44 Job terminated.
	(1) Normal termination (return value 1)
		Usr 0 00:10:10, Sys 0 00:01:01  -  Run Remote Usage
		Usr 0 00:00:00, Sys 0 00:00:00  -  Run Local Usage
		Usr 0 00:10:10, Sys 0 00:01:01  -  Total Remote Usage
		Usr 0 00:00:00, Sys 0 00:00:00  -  Total Local Usage
	60472  -  Run Bytes Sent By Job
	2790599  -  Run Bytes Received By Job
	60472  -  Total Bytes Sent By Job
	2790599  -  Total Bytes Received By Job
	Partitionable Resources :    Usage  Request Allocated 
	   Cpus                 :     0.01        4         4 
	   Disk (KB)            :  3567     5242880  10363580 
	   Memory (MB)          :  1009        2048      2048 
	   TimeExecute (s)      :   967                       
	   TimeSlotBusy (s)     :   968                       

	Job terminated of its own accord at 2025-03-07T14:59:44Z with exit-code 1.
...
