000 (10695023.026.000) 2025-02-16 08:36:32 Job submitted from host: <131.225.189.251:9618?addrs=131.225.189.251-9618+[2620-6a-0-8421--e8]-9618&alias=lpcschedd4.fnal.gov&noUDP&sock=schedd_1925_f7e6>
...
040 (10695023.026.000) 2025-02-16 08:38:43 Started transferring input files
	Transferring to host: <131.225.189.172:9618?addrs=[2620-6a-0-8421-f0-0-189-172]-9618+131.225.189.172-9618&alias=cmswn2122.fnal.gov&noUDP&sock=slot1_13_2859_2c8d_40184>
...
040 (10695023.026.000) 2025-02-16 08:38:43 Finished transferring input files
...
001 (10695023.026.000) 2025-02-16 08:38:44 Job executing on host: <131.225.189.172:9618?addrs=[2620-6a-0-8421-f0-0-189-172]-9618+131.225.189.172-9618&alias=cmswn2122.fnal.gov&noUDP&sock=startd_2597_e78b>
	SlotName: slot1_13@cmswn2122.fnal.gov
	CondorScratchDir = "/storage/local/data1/condor/execute/dir_2796145"
	Cpus = 4
	Disk = 10361850
	Memory = 2048
...
006 (10695023.026.000) 2025-02-16 08:38:52 Image size of job updated: 67
	67  -  MemoryUsage of job (MB)
	69400  -  ResidentSetSize of job (KB)
...
006 (10695023.026.000) 2025-02-16 08:39:53 Image size of job updated: 1112
	1112  -  MemoryUsage of job (MB)
	1139392  -  ResidentSetSize of job (KB)
...
006 (10695023.026.000) 2025-02-16 08:40:53 Image size of job updated: 1165
	1165  -  MemoryUsage of job (MB)
	1193580  -  ResidentSetSize of job (KB)
...
006 (10695023.026.000) 2025-02-16 08:41:54 Image size of job updated: 1165
	1165  -  MemoryUsage of job (MB)
	1193800  -  ResidentSetSize of job (KB)
...
006 (10695023.026.000) 2025-02-16 08:42:54 Image size of job updated: 1165
	1165  -  MemoryUsage of job (MB)
	1193960  -  ResidentSetSize of job (KB)
...
006 (10695023.026.000) 2025-02-16 08:44:54 Image size of job updated: 1165
	1165  -  MemoryUsage of job (MB)
	1193976  -  ResidentSetSize of job (KB)
...
006 (10695023.026.000) 2025-02-16 08:45:54 Image size of job updated: 1166
	1166  -  MemoryUsage of job (MB)
	1194012  -  ResidentSetSize of job (KB)
...
040 (10695023.026.000) 2025-02-16 08:48:59 Started transferring output files
...
040 (10695023.026.000) 2025-02-16 08:48:59 Finished transferring output files
...
005 (10695023.026.000) 2025-02-16 08:48:59 Job terminated.
	(1) Normal termination (return value 1)
		Usr 0 00:08:36, Sys 0 00:00:14  -  Run Remote Usage
		Usr 0 00:00:00, Sys 0 00:00:00  -  Run Local Usage
		Usr 0 00:08:36, Sys 0 00:00:14  -  Total Remote Usage
		Usr 0 00:00:00, Sys 0 00:00:00  -  Total Local Usage
	18926  -  Run Bytes Sent By Job
	894499  -  Run Bytes Received By Job
	18926  -  Total Bytes Sent By Job
	894499  -  Total Bytes Received By Job
	Partitionable Resources :    Usage  Request Allocated 
	   Cpus                 :     0.00        4         4 
	   Disk (KB)            :  1679     5242880  10361850 
	   Memory (MB)          :  1166        2048      2048 

	Job terminated of its own accord at 2025-02-16T14:48:58Z with exit-code 1.
...
