000 (76624572.012.000) 2025-02-27 14:26:35 Job submitted from host: <131.225.189.168:9618?addrs=131.225.189.168-9618+[2620-6a-0-8421-f0-0-189-168]-9618&alias=lpcschedd6.fnal.gov&noUDP&sock=schedd_31891_26e2>
...
040 (76624572.012.000) 2025-02-27 14:26:50 Started transferring input files
	Transferring to host: <131.225.188.64:9618?addrs=[2620-6a-0-8421-f0-0-188-64]-9618+131.225.188.64-9618&alias=cmswn2036.fnal.gov&noUDP&sock=slot1_12_2283_5476_39689>
...
040 (76624572.012.000) 2025-02-27 14:26:50 Finished transferring input files
...
001 (76624572.012.000) 2025-02-27 14:26:51 Job executing on host: <131.225.188.64:9618?addrs=[2620-6a-0-8421-f0-0-188-64]-9618+131.225.188.64-9618&alias=cmswn2036.fnal.gov&noUDP&sock=startd_2157_19df>
	SlotName: slot1_12@cmswn2036.fnal.gov
	CondorScratchDir = "/storage/local/data1/condor/execute/dir_2069770"
	Cpus = 4
	Disk = 6910886
	Memory = 2048
...
006 (76624572.012.000) 2025-02-27 14:26:59 Image size of job updated: 55
	55  -  MemoryUsage of job (MB)
	57164  -  ResidentSetSize of job (KB)
...
006 (76624572.012.000) 2025-02-27 14:27:59 Image size of job updated: 967
	967  -  MemoryUsage of job (MB)
	991120  -  ResidentSetSize of job (KB)
...
006 (76624572.012.000) 2025-02-27 14:28:23 Image size of job updated: 1015
	1015  -  MemoryUsage of job (MB)
	1039664  -  ResidentSetSize of job (KB)
...
040 (76624572.012.000) 2025-02-27 14:28:24 Started transferring output files
...
040 (76624572.012.000) 2025-02-27 14:28:24 Finished transferring output files
...
005 (76624572.012.000) 2025-02-27 14:28:24 Job terminated.
	(1) Normal termination (return value 1)
		Usr 0 00:00:03, Sys 0 00:00:02  -  Run Remote Usage
		Usr 0 00:00:00, Sys 0 00:00:00  -  Run Local Usage
		Usr 0 00:00:03, Sys 0 00:00:02  -  Total Remote Usage
		Usr 0 00:00:00, Sys 0 00:00:00  -  Total Local Usage
	41968  -  Run Bytes Sent By Job
	2151442  -  Run Bytes Received By Job
	41968  -  Total Bytes Sent By Job
	2151442  -  Total Bytes Received By Job
	Partitionable Resources :    Usage  Request Allocated 
	   Cpus                 :        0        4         4 
	   Disk (KB)            :     2927  5242880   6910886 
	   Memory (MB)          :     1015     2048      2048 
	   TimeExecute (s)      :       92                    
	   TimeSlotBusy (s)     :       94                    

	Job terminated of its own accord at 2025-02-27T20:28:23Z with exit-code 1.
...
