000 (47306185.025.000) 2025-03-07 08:43:24 Job submitted from host: <131.225.204.62:9618?addrs=131.225.204.62-9618+[2620-6a-0-8420-f0-0-204-62]-9618&alias=lpcschedd5.fnal.gov&noUDP&sock=schedd_2457_e048>
...
040 (47306185.025.000) 2025-03-07 08:43:36 Started transferring input files
	Transferring to host: <131.225.189.192:9618?addrs=[2620-6a-0-8421-f0-0-189-192]-9618+131.225.189.192-9618&alias=cmswn2136.fnal.gov&noUDP&sock=slot1_10_2182_2a92_53269>
...
040 (47306185.025.000) 2025-03-07 08:43:36 Finished transferring input files
...
001 (47306185.025.000) 2025-03-07 08:43:37 Job executing on host: <131.225.189.192:9618?addrs=[2620-6a-0-8421-f0-0-189-192]-9618+131.225.189.192-9618&alias=cmswn2136.fnal.gov&noUDP&sock=startd_2061_40c7>
	SlotName: slot1_10@cmswn2136.fnal.gov
	CondorScratchDir = "/storage/local/data1/condor/execute/dir_2653012"
	Cpus = 4
	Disk = 10352634
	Memory = 2048
...
006 (47306185.025.000) 2025-03-07 08:43:45 Image size of job updated: 52
	52  -  MemoryUsage of job (MB)
	53512  -  ResidentSetSize of job (KB)
...
006 (47306185.025.000) 2025-03-07 08:44:45 Image size of job updated: 997
	997  -  MemoryUsage of job (MB)
	1021532  -  ResidentSetSize of job (KB)
...
006 (47306185.025.000) 2025-03-07 08:45:46 Image size of job updated: 1344
	1344  -  MemoryUsage of job (MB)
	1376520  -  ResidentSetSize of job (KB)
...
040 (47306185.025.000) 2025-03-07 10:28:19 Started transferring output files
...
040 (47306185.025.000) 2025-03-07 10:28:19 Finished transferring output files
...
005 (47306185.025.000) 2025-03-07 10:28:19 Job terminated.
	(1) Normal termination (return value 1)
		Usr 0 01:32:06, Sys 0 00:02:03  -  Run Remote Usage
		Usr 0 00:00:00, Sys 0 00:00:00  -  Run Local Usage
		Usr 0 01:32:06, Sys 0 00:02:03  -  Total Remote Usage
		Usr 0 00:00:00, Sys 0 00:00:00  -  Total Local Usage
	60772  -  Run Bytes Sent By Job
	2790599  -  Run Bytes Received By Job
	60772  -  Total Bytes Sent By Job
	2790599  -  Total Bytes Received By Job
	Partitionable Resources :    Usage  Request Allocated 
	   Cpus                 :     0.00        4         4 
	   Disk (KB)            :  3567     5242880  10352634 
	   Memory (MB)          :  1344        2048      2048 
	   TimeExecute (s)      :  6282                       
	   TimeSlotBusy (s)     :  6283                       

	Job terminated of its own accord at 2025-03-07T16:28:19Z with exit-code 1.
...
