000 (47239042.017.000) 2025-02-15 07:25:53 Job submitted from host: <131.225.204.62:9618?addrs=131.225.204.62-9618+[2620-6a-0-8420-f0-0-204-62]-9618&alias=lpcschedd5.fnal.gov&noUDP&sock=schedd_2457_e048>
...
040 (47239042.017.000) 2025-02-15 07:27:02 Started transferring input files
	Transferring to host: <131.225.189.226:9618?addrs=[2620-6a-0-8421-f0-0-189-226]-9618+131.225.189.226-9618&alias=cmswn2151.fnal.gov&noUDP&sock=slot1_30_2344_4f58_51092>
...
040 (47239042.017.000) 2025-02-15 07:27:02 Finished transferring input files
...
001 (47239042.017.000) 2025-02-15 07:27:03 Job executing on host: <131.225.189.226:9618?addrs=[2620-6a-0-8421-f0-0-189-226]-9618+131.225.189.226-9618&alias=cmswn2151.fnal.gov&noUDP&sock=startd_2234_eaaa>
	SlotName: slot1_30@cmswn2151.fnal.gov
	CondorScratchDir = "/storage/local/data1/condor/execute/dir_240650"
	Cpus = 4
	Disk = 10374846
	Memory = 2048
...
006 (47239042.017.000) 2025-02-15 07:28:13 Image size of job updated: 177
	177  -  MemoryUsage of job (MB)
	181976  -  ResidentSetSize of job (KB)
...
006 (47239042.017.000) 2025-02-15 07:28:50 Image size of job updated: 198
	198  -  MemoryUsage of job (MB)
	203072  -  ResidentSetSize of job (KB)
...
040 (47239042.017.000) 2025-02-15 07:28:50 Started transferring output files
...
040 (47239042.017.000) 2025-02-15 07:28:50 Finished transferring output files
...
005 (47239042.017.000) 2025-02-15 07:28:51 Job terminated.
	(1) Normal termination (return value 1)
		Usr 0 00:00:03, Sys 0 00:00:02  -  Run Remote Usage
		Usr 0 00:00:00, Sys 0 00:00:00  -  Run Local Usage
		Usr 0 00:00:03, Sys 0 00:00:02  -  Total Remote Usage
		Usr 0 00:00:00, Sys 0 00:00:00  -  Total Local Usage
	17205  -  Run Bytes Sent By Job
	591956  -  Run Bytes Received By Job
	17205  -  Total Bytes Sent By Job
	591956  -  Total Bytes Received By Job
	Partitionable Resources :    Usage  Request Allocated 
	   Cpus                 :     0.00        4         4 
	   Disk (KB)            :  1381     5242880  10374846 
	   Memory (MB)          :   198        2048      2048 
	   TimeExecute (s)      :   107                       
	   TimeSlotBusy (s)     :   109                       

	Job terminated of its own accord at 2025-02-15T13:28:50Z with exit-code 1.
...
