000 (10695023.015.000) 2025-02-16 08:36:32 Job submitted from host: <131.225.189.251:9618?addrs=131.225.189.251-9618+[2620-6a-0-8421--e8]-9618&alias=lpcschedd4.fnal.gov&noUDP&sock=schedd_1925_f7e6>
...
040 (10695023.015.000) 2025-02-16 08:38:14 Started transferring input files
	Transferring to host: <131.225.188.179:9618?addrs=[2620-6a-0-8421-f0-0-188-179]-9618+131.225.188.179-9618&alias=cmswn2059.fnal.gov&noUDP&sock=slot1_17_2530_5d20_1938>
...
040 (10695023.015.000) 2025-02-16 08:38:14 Finished transferring input files
...
001 (10695023.015.000) 2025-02-16 08:38:15 Job executing on host: <131.225.188.179:9618?addrs=[2620-6a-0-8421-f0-0-188-179]-9618+131.225.188.179-9618&alias=cmswn2059.fnal.gov&noUDP&sock=startd_2136_b262>
	SlotName: slot1_17@cmswn2059.fnal.gov
	CondorScratchDir = "/storage/local/data1/condor/execute/dir_3016580"
	Cpus = 4
	Disk = 6428160
	Memory = 2048
...
006 (10695023.015.000) 2025-02-16 08:38:24 Image size of job updated: 38
	38  -  MemoryUsage of job (MB)
	39400  -  ResidentSetSize of job (KB)
...
006 (10695023.015.000) 2025-02-16 08:38:34 Image size of job updated: 138
	138  -  MemoryUsage of job (MB)
	141736  -  ResidentSetSize of job (KB)
...
040 (10695023.015.000) 2025-02-16 08:38:34 Started transferring output files
...
040 (10695023.015.000) 2025-02-16 08:38:34 Finished transferring output files
...
005 (10695023.015.000) 2025-02-16 08:38:34 Job terminated.
	(1) Normal termination (return value 1)
		Usr 0 00:00:01, Sys 0 00:00:00  -  Run Remote Usage
		Usr 0 00:00:00, Sys 0 00:00:00  -  Run Local Usage
		Usr 0 00:00:01, Sys 0 00:00:00  -  Total Remote Usage
		Usr 0 00:00:00, Sys 0 00:00:00  -  Total Local Usage
	16665  -  Run Bytes Sent By Job
	800468  -  Run Bytes Received By Job
	16665  -  Total Bytes Sent By Job
	800468  -  Total Bytes Received By Job
	Partitionable Resources :    Usage  Request Allocated 
	   Cpus                 :        0        4         4 
	   Disk (KB)            :     1584  5242880   6428160 
	   Memory (MB)          :      138     2048      2048 

	Job terminated of its own accord at 2025-02-16T14:38:34Z with exit-code 1.
...
