000 (10695023.022.000) 2025-02-16 08:36:32 Job submitted from host: <131.225.189.251:9618?addrs=131.225.189.251-9618+[2620-6a-0-8421--e8]-9618&alias=lpcschedd4.fnal.gov&noUDP&sock=schedd_1925_f7e6>
...
040 (10695023.022.000) 2025-02-16 08:38:43 Started transferring input files
	Transferring to host: <131.225.189.17:9618?addrs=[2620-6a-0-8421-f0-0-189-17]-9618+131.225.189.17-9618&alias=cmswn2081.fnal.gov&noUDP&sock=slot1_30_2501_ee3f_36189>
...
040 (10695023.022.000) 2025-02-16 08:38:43 Finished transferring input files
...
001 (10695023.022.000) 2025-02-16 08:38:44 Job executing on host: <131.225.189.17:9618?addrs=[2620-6a-0-8421-f0-0-189-17]-9618+131.225.189.17-9618&alias=cmswn2081.fnal.gov&noUDP&sock=startd_2160_28a8>
	SlotName: slot1_30@cmswn2081.fnal.gov
	CondorScratchDir = "/storage/local/data1/condor/execute/dir_1791669"
	Cpus = 4
	Disk = 6379031
	Memory = 2048
...
006 (10695023.022.000) 2025-02-16 08:39:52 Image size of job updated: 148
	148  -  MemoryUsage of job (MB)
	152540  -  ResidentSetSize of job (KB)
...
040 (10695023.022.000) 2025-02-16 08:39:56 Started transferring output files
...
040 (10695023.022.000) 2025-02-16 08:39:56 Finished transferring output files
...
005 (10695023.022.000) 2025-02-16 08:39:56 Job terminated.
	(1) Normal termination (return value 1)
		Usr 0 00:00:36, Sys 0 00:00:06  -  Run Remote Usage
		Usr 0 00:00:00, Sys 0 00:00:00  -  Run Local Usage
		Usr 0 00:00:36, Sys 0 00:00:06  -  Total Remote Usage
		Usr 0 00:00:00, Sys 0 00:00:00  -  Total Local Usage
	18458  -  Run Bytes Sent By Job
	893427  -  Run Bytes Received By Job
	18458  -  Total Bytes Sent By Job
	893427  -  Total Bytes Received By Job
	Partitionable Resources :    Usage  Request Allocated 
	   Cpus                 :     0.00        4         4 
	   Disk (KB)            :  1676     5242880   6379031 
	   Memory (MB)          :   148        2048      2048 

	Job terminated of its own accord at 2025-02-16T14:39:56Z with exit-code 1.
...
