000 (74453876.021.000) 2025-02-14 03:38:36 Job submitted from host: <131.225.189.168:9618?addrs=131.225.189.168-9618+[2620-6a-0-8421-f0-0-189-168]-9618&alias=lpcschedd6.fnal.gov&noUDP&sock=schedd_31891_26e2>
...
040 (74453876.021.000) 2025-02-14 03:57:20 Started transferring input files
	Transferring to host: <131.225.189.162:9618?addrs=[2620-6a-0-8421-f0-0-189-162]-9618+131.225.189.162-9618&alias=cmswn2116.fnal.gov&noUDP&sock=slot1_35_2354_5b19_31950>
...
040 (74453876.021.000) 2025-02-14 03:57:20 Finished transferring input files
...
001 (74453876.021.000) 2025-02-14 03:57:21 Job executing on host: <131.225.189.162:9618?addrs=[2620-6a-0-8421-f0-0-189-162]-9618+131.225.189.162-9618&alias=cmswn2116.fnal.gov&noUDP&sock=startd_2236_49da>
	SlotName: slot1_35@cmswn2116.fnal.gov
	CondorScratchDir = "/storage/local/data1/condor/execute/dir_1647040"
	Cpus = 4
	Disk = 10365066
	Memory = 2048
...
006 (74453876.021.000) 2025-02-14 03:57:30 Image size of job updated: 44
	44  -  MemoryUsage of job (MB)
	45132  -  ResidentSetSize of job (KB)
...
006 (74453876.021.000) 2025-02-14 03:58:30 Image size of job updated: 140
	140  -  MemoryUsage of job (MB)
	143380  -  ResidentSetSize of job (KB)
...
040 (74453876.021.000) 2025-02-14 03:58:30 Started transferring output files
...
040 (74453876.021.000) 2025-02-14 03:58:31 Finished transferring output files
...
005 (74453876.021.000) 2025-02-14 03:58:31 Job terminated.
	(1) Normal termination (return value 1)
		Usr 0 00:00:01, Sys 0 00:00:00  -  Run Remote Usage
		Usr 0 00:00:00, Sys 0 00:00:00  -  Run Local Usage
		Usr 0 00:00:01, Sys 0 00:00:00  -  Total Remote Usage
		Usr 0 00:00:00, Sys 0 00:00:00  -  Total Local Usage
	18877  -  Run Bytes Sent By Job
	475750  -  Run Bytes Received By Job
	18877  -  Total Bytes Sent By Job
	475750  -  Total Bytes Received By Job
	Partitionable Resources :    Usage  Request Allocated 
	   Cpus                 :     0.04        4         4 
	   Disk (KB)            :  1272     5242880  10365066 
	   Memory (MB)          :   140        2048      2048 
	   TimeExecute (s)      :    69                       
	   TimeSlotBusy (s)     :    71                       

	Job terminated of its own accord at 2025-02-14T09:58:30Z with exit-code 1.
...
