000 (47306185.026.000) 2025-03-07 08:43:25 Job submitted from host: <131.225.204.62:9618?addrs=131.225.204.62-9618+[2620-6a-0-8420-f0-0-204-62]-9618&alias=lpcschedd5.fnal.gov&noUDP&sock=schedd_2457_e048>
...
040 (47306185.026.000) 2025-03-07 08:43:37 Started transferring input files
	Transferring to host: <131.225.189.174:9618?addrs=[2620-6a-0-8421-f0-0-189-174]-9618+131.225.189.174-9618&alias=cmswn2124.fnal.gov&noUDP&sock=slot1_8_2161_5eb1_2129>
...
040 (47306185.026.000) 2025-03-07 08:43:37 Finished transferring input files
...
001 (47306185.026.000) 2025-03-07 08:43:38 Job executing on host: <131.225.189.174:9618?addrs=[2620-6a-0-8421-f0-0-189-174]-9618+131.225.189.174-9618&alias=cmswn2124.fnal.gov&noUDP&sock=startd_2072_cc52>
	SlotName: slot1_8@cmswn2124.fnal.gov
	CondorScratchDir = "/storage/local/data1/condor/execute/dir_3881065"
	Cpus = 4
	Disk = 7043713
	Memory = 2048
...
006 (47306185.026.000) 2025-03-07 08:43:46 Image size of job updated: 50
	50  -  MemoryUsage of job (MB)
	51660  -  ResidentSetSize of job (KB)
...
006 (47306185.026.000) 2025-03-07 08:44:46 Image size of job updated: 970
	970  -  MemoryUsage of job (MB)
	994224  -  ResidentSetSize of job (KB)
...
006 (47306185.026.000) 2025-03-07 08:45:47 Image size of job updated: 1307
	1307  -  MemoryUsage of job (MB)
	1339236  -  ResidentSetSize of job (KB)
...
006 (47306185.026.000) 2025-03-07 08:46:48 Image size of job updated: 1327
	1327  -  MemoryUsage of job (MB)
	1359208  -  ResidentSetSize of job (KB)
...
040 (47306185.026.000) 2025-03-07 11:20:37 Started transferring output files
...
040 (47306185.026.000) 2025-03-07 11:20:37 Finished transferring output files
...
005 (47306185.026.000) 2025-03-07 11:20:38 Job terminated.
	(1) Normal termination (return value 1)
		Usr 0 02:19:10, Sys 0 00:02:33  -  Run Remote Usage
		Usr 0 00:00:00, Sys 0 00:00:00  -  Run Local Usage
		Usr 0 02:19:10, Sys 0 00:02:33  -  Total Remote Usage
		Usr 0 00:00:00, Sys 0 00:00:00  -  Total Local Usage
	59658  -  Run Bytes Sent By Job
	2794031  -  Run Bytes Received By Job
	59658  -  Total Bytes Sent By Job
	2794031  -  Total Bytes Received By Job
	Partitionable Resources :    Usage  Request Allocated 
	   Cpus                 :     0.00        4         4 
	   Disk (KB)            :  3570     5242880   7043713 
	   Memory (MB)          :  1327        2048      2048 
	   TimeExecute (s)      :  9419                       
	   TimeSlotBusy (s)     :  9421                       

	Job terminated of its own accord at 2025-03-07T17:20:37Z with exit-code 1.
...
