000 (11162672.019.000) 2025-02-21 01:57:55 Job submitted from host: <131.225.189.251:9618?addrs=131.225.189.251-9618+[2620-6a-0-8421--e8]-9618&alias=lpcschedd4.fnal.gov&noUDP&sock=schedd_1925_f7e6>
...
040 (11162672.019.000) 2025-02-21 02:00:39 Started transferring input files
	Transferring to host: <131.225.189.197:9618?addrs=[2620-6a-0-8421-f0-0-189-197]-9618+131.225.189.197-9618&alias=cmswn2138.fnal.gov&noUDP&sock=slot1_14_2169_01b1_36437>
...
040 (11162672.019.000) 2025-02-21 02:00:39 Finished transferring input files
...
001 (11162672.019.000) 2025-02-21 02:00:40 Job executing on host: <131.225.189.197:9618?addrs=[2620-6a-0-8421-f0-0-189-197]-9618+131.225.189.197-9618&alias=cmswn2138.fnal.gov&noUDP&sock=startd_2098_a1c8>
	SlotName: slot1_14@cmswn2138.fnal.gov
	CondorScratchDir = "/storage/local/data1/condor/execute/dir_352912"
	Cpus = 4
	Disk = 7325353
	Memory = 2048
...
006 (11162672.019.000) 2025-02-21 02:01:50 Image size of job updated: 333
	333  -  MemoryUsage of job (MB)
	341216  -  ResidentSetSize of job (KB)
...
006 (11162672.019.000) 2025-02-21 02:02:50 Image size of job updated: 362
	362  -  MemoryUsage of job (MB)
	371608  -  ResidentSetSize of job (KB)
...
006 (11162672.019.000) 2025-02-21 02:03:10 Image size of job updated: 363
	363  -  MemoryUsage of job (MB)
	371748  -  ResidentSetSize of job (KB)
...
040 (11162672.019.000) 2025-02-21 02:03:11 Started transferring output files
...
040 (11162672.019.000) 2025-02-21 02:03:11 Finished transferring output files
...
005 (11162672.019.000) 2025-02-21 02:03:12 Job terminated.
	(1) Normal termination (return value 1)
		Usr 0 00:00:31, Sys 0 00:00:05  -  Run Remote Usage
		Usr 0 00:00:00, Sys 0 00:00:00  -  Run Local Usage
		Usr 0 00:00:31, Sys 0 00:00:05  -  Total Remote Usage
		Usr 0 00:00:00, Sys 0 00:00:00  -  Total Local Usage
	46167  -  Run Bytes Sent By Job
	1112016  -  Run Bytes Received By Job
	46167  -  Total Bytes Sent By Job
	1112016  -  Total Bytes Received By Job
	Partitionable Resources :    Usage  Request Allocated 
	   Cpus                 :        0        4         4 
	   Disk (KB)            :     1914  5242880   7325353 
	   Memory (MB)          :      363     2048      2048 

	Job terminated of its own accord at 2025-02-21T08:03:10Z with exit-code 1.
...
