000 (47306185.027.000) 2025-03-07 08:43:25 Job submitted from host: <131.225.204.62:9618?addrs=131.225.204.62-9618+[2620-6a-0-8420-f0-0-204-62]-9618&alias=lpcschedd5.fnal.gov&noUDP&sock=schedd_2457_e048>
...
040 (47306185.027.000) 2025-03-07 08:43:37 Started transferring input files
	Transferring to host: <131.225.189.188:9618?addrs=[2620-6a-0-8421-f0-0-189-188]-9618+131.225.189.188-9618&alias=cmswn2134.fnal.gov&noUDP&sock=slot1_8_2219_3c73_48270>
...
040 (47306185.027.000) 2025-03-07 08:43:37 Finished transferring input files
...
001 (47306185.027.000) 2025-03-07 08:43:38 Job executing on host: <131.225.189.188:9618?addrs=[2620-6a-0-8421-f0-0-189-188]-9618+131.225.189.188-9618&alias=cmswn2134.fnal.gov&noUDP&sock=startd_2166_4639>
	SlotName: slot1_8@cmswn2134.fnal.gov
	CondorScratchDir = "/storage/local/data1/condor/execute/dir_102677"
	Cpus = 4
	Disk = 7385074
	Memory = 2048
...
006 (47306185.027.000) 2025-03-07 08:43:46 Image size of job updated: 43
	43  -  MemoryUsage of job (MB)
	44244  -  ResidentSetSize of job (KB)
...
006 (47306185.027.000) 2025-03-07 08:44:47 Image size of job updated: 888
	888  -  MemoryUsage of job (MB)
	909560  -  ResidentSetSize of job (KB)
...
006 (47306185.027.000) 2025-03-07 08:45:48 Image size of job updated: 977
	977  -  MemoryUsage of job (MB)
	1001092  -  ResidentSetSize of job (KB)
...
040 (47306185.027.000) 2025-03-07 12:18:00 Started transferring output files
...
040 (47306185.027.000) 2025-03-07 12:18:00 Finished transferring output files
...
005 (47306185.027.000) 2025-03-07 12:18:02 Job terminated.
	(1) Normal termination (return value 1)
		Usr 0 03:15:48, Sys 0 00:02:38  -  Run Remote Usage
		Usr 0 00:00:00, Sys 0 00:00:00  -  Run Local Usage
		Usr 0 03:15:48, Sys 0 00:02:38  -  Total Remote Usage
		Usr 0 00:00:00, Sys 0 00:00:00  -  Total Local Usage
	60560  -  Run Bytes Sent By Job
	2794031  -  Run Bytes Received By Job
	60560  -  Total Bytes Sent By Job
	2794031  -  Total Bytes Received By Job
	Partitionable Resources :    Usage  Request Allocated 
	   Cpus                 :     0.00        4         4 
	   Disk (KB)            :  3568     5242880   7385074 
	   Memory (MB)          :   977        2048      2048 
	   TimeExecute (s)      : 12862                       
	   TimeSlotBusy (s)     : 12865                       

	Job terminated of its own accord at 2025-03-07T18:18:00Z with exit-code 1.
...
