000 (76624561.002.000) 2025-02-27 14:21:08 Job submitted from host: <131.225.189.168:9618?addrs=131.225.189.168-9618+[2620-6a-0-8421-f0-0-189-168]-9618&alias=lpcschedd6.fnal.gov&noUDP&sock=schedd_31891_26e2>
...
040 (76624561.002.000) 2025-02-27 14:21:45 Started transferring input files
	Transferring to host: <131.225.188.94:9618?addrs=[2620-6a-0-8421-f0-0-188-94]-9618+131.225.188.94-9618&alias=cmswn2045.fnal.gov&noUDP&sock=slot1_14_2399_0ffb_11607>
...
040 (76624561.002.000) 2025-02-27 14:21:45 Finished transferring input files
...
001 (76624561.002.000) 2025-02-27 14:21:46 Job executing on host: <131.225.188.94:9618?addrs=[2620-6a-0-8421-f0-0-188-94]-9618+131.225.188.94-9618&alias=cmswn2045.fnal.gov&noUDP&sock=startd_2060_912f>
	SlotName: slot1_14@cmswn2045.fnal.gov
	CondorScratchDir = "/storage/local/data1/condor/execute/dir_1651523"
	Cpus = 4
	Disk = 6392081
	Memory = 2048
...
006 (76624561.002.000) 2025-02-27 14:22:24 Image size of job updated: 52
	52  -  MemoryUsage of job (MB)
	53892  -  ResidentSetSize of job (KB)
...
004 (76624561.002.000) 2025-02-27 14:22:25 Job was evicted.
	(0) CPU times
		Usr 0 00:00:00, Sys 0 00:00:00  -  Run Remote Usage
		Usr 0 00:00:00, Sys 0 00:00:00  -  Run Local Usage
	0  -  Run Bytes Sent By Job
	2120442  -  Run Bytes Received By Job
	Partitionable Resources :    Usage  Request Allocated 
	   Cpus                 :        0        4         4 
	   Disk (KB)            :     2859  5242880   6392081 
	   Memory (MB)          :       52     2048      2048 
	   TimeExecute (s)      :       38                    
	   TimeSlotBusy (s)     :       40                    
...
009 (76624561.002.000) 2025-02-27 14:22:25 Job was aborted.
	via condor_rm (by user vsinha)
...
