000 (10695023.000.000) 2025-02-16 08:36:31 Job submitted from host: <131.225.189.251:9618?addrs=131.225.189.251-9618+[2620-6a-0-8421--e8]-9618&alias=lpcschedd4.fnal.gov&noUDP&sock=schedd_1925_f7e6>
...
040 (10695023.000.000) 2025-02-16 08:36:52 Started transferring input files
	Transferring to host: <131.225.188.14:9618?addrs=[2620-6a-0-8421-f0-0-188-14]-9618+131.225.188.14-9618&alias=cmswn2019.fnal.gov&noUDP&sock=slot1_7_2222_5993_29574>
...
040 (10695023.000.000) 2025-02-16 08:36:52 Finished transferring input files
...
001 (10695023.000.000) 2025-02-16 08:36:53 Job executing on host: <131.225.188.14:9618?addrs=[2620-6a-0-8421-f0-0-188-14]-9618+131.225.188.14-9618&alias=cmswn2019.fnal.gov&noUDP&sock=startd_2172_63cb>
	SlotName: slot1_7@cmswn2019.fnal.gov
	CondorScratchDir = "/storage/local/data1/condor/execute/dir_603623"
	Cpus = 4
	Disk = 7013797
	Memory = 2048
...
006 (10695023.000.000) 2025-02-16 08:37:02 Image size of job updated: 54
	54  -  MemoryUsage of job (MB)
	56268  -  ResidentSetSize of job (KB)
...
006 (10695023.000.000) 2025-02-16 08:38:03 Image size of job updated: 605
	605  -  MemoryUsage of job (MB)
	620172  -  ResidentSetSize of job (KB)
...
006 (10695023.000.000) 2025-02-16 08:38:44 Image size of job updated: 691
	691  -  MemoryUsage of job (MB)
	708044  -  ResidentSetSize of job (KB)
...
040 (10695023.000.000) 2025-02-16 08:38:44 Started transferring output files
...
040 (10695023.000.000) 2025-02-16 08:38:44 Finished transferring output files
...
005 (10695023.000.000) 2025-02-16 08:38:44 Job terminated.
	(1) Normal termination (return value 1)
		Usr 0 00:00:03, Sys 0 00:00:02  -  Run Remote Usage
		Usr 0 00:00:00, Sys 0 00:00:00  -  Run Local Usage
		Usr 0 00:00:03, Sys 0 00:00:02  -  Total Remote Usage
		Usr 0 00:00:00, Sys 0 00:00:00  -  Total Local Usage
	17808  -  Run Bytes Sent By Job
	775033  -  Run Bytes Received By Job
	17808  -  Total Bytes Sent By Job
	775033  -  Total Bytes Received By Job
	Partitionable Resources :    Usage  Request Allocated 
	   Cpus                 :     0.00        4         4 
	   Disk (KB)            :  1561     5242880   7013797 
	   Memory (MB)          :   691        2048      2048 

	Job terminated of its own accord at 2025-02-16T14:38:44Z with exit-code 1.
...
