000 (47239042.026.000) 2025-02-15 07:25:53 Job submitted from host: <131.225.204.62:9618?addrs=131.225.204.62-9618+[2620-6a-0-8420-f0-0-204-62]-9618&alias=lpcschedd5.fnal.gov&noUDP&sock=schedd_2457_e048>
...
040 (47239042.026.000) 2025-02-15 07:27:29 Started transferring input files
	Transferring to host: <131.225.189.173:9618?addrs=[2620-6a-0-8421-f0-0-189-173]-9618+131.225.189.173-9618&alias=cmswn2123.fnal.gov&noUDP&sock=slot1_41_2342_e698_29522>
...
040 (47239042.026.000) 2025-02-15 07:27:29 Finished transferring input files
...
001 (47239042.026.000) 2025-02-15 07:27:30 Job executing on host: <131.225.189.173:9618?addrs=[2620-6a-0-8421-f0-0-189-173]-9618+131.225.189.173-9618&alias=cmswn2123.fnal.gov&noUDP&sock=startd_2221_ffef>
	SlotName: slot1_41@cmswn2123.fnal.gov
	CondorScratchDir = "/storage/local/data1/condor/execute/dir_2229492"
	Cpus = 4
	Disk = 10340910
	Memory = 2048
...
006 (47239042.026.000) 2025-02-15 07:28:44 Image size of job updated: 217
	217  -  MemoryUsage of job (MB)
	223120  -  ResidentSetSize of job (KB)
...
006 (47239042.026.000) 2025-02-15 07:29:45 Image size of job updated: 242
	242  -  MemoryUsage of job (MB)
	248344  -  ResidentSetSize of job (KB)
...
006 (47239042.026.000) 2025-02-15 07:30:46 Image size of job updated: 242
	242  -  MemoryUsage of job (MB)
	248560  -  ResidentSetSize of job (KB)
...
006 (47239042.026.000) 2025-02-15 07:34:47 Image size of job updated: 242
	242  -  MemoryUsage of job (MB)
	248692  -  ResidentSetSize of job (KB)
...
006 (47239042.026.000) 2025-02-15 07:35:49 Image size of job updated: 242
	242  -  MemoryUsage of job (MB)
	248760  -  ResidentSetSize of job (KB)
...
040 (47239042.026.000) 2025-02-15 07:37:23 Started transferring output files
...
040 (47239042.026.000) 2025-02-15 07:37:23 Finished transferring output files
...
005 (47239042.026.000) 2025-02-15 07:37:23 Job terminated.
	(1) Normal termination (return value 1)
		Usr 0 00:06:33, Sys 0 00:00:12  -  Run Remote Usage
		Usr 0 00:00:00, Sys 0 00:00:00  -  Run Local Usage
		Usr 0 00:06:33, Sys 0 00:00:12  -  Total Remote Usage
		Usr 0 00:00:00, Sys 0 00:00:00  -  Total Local Usage
	20577  -  Run Bytes Sent By Job
	685772  -  Run Bytes Received By Job
	20577  -  Total Bytes Sent By Job
	685772  -  Total Bytes Received By Job
	Partitionable Resources :    Usage  Request Allocated 
	   Cpus                 :        0        4         4 
	   Disk (KB)            :     1478  5242880  10340910 
	   Memory (MB)          :      242     2048      2048 
	   TimeExecute (s)      :      592                    
	   TimeSlotBusy (s)     :      594                    

	Job terminated of its own accord at 2025-02-15T13:37:22Z with exit-code 1.
...
