000 (47239042.014.000) 2025-02-15 07:25:53 Job submitted from host: <131.225.204.62:9618?addrs=131.225.204.62-9618+[2620-6a-0-8420-f0-0-204-62]-9618&alias=lpcschedd5.fnal.gov&noUDP&sock=schedd_2457_e048>
...
040 (47239042.014.000) 2025-02-15 07:27:01 Started transferring input files
	Transferring to host: <131.225.189.226:9618?addrs=[2620-6a-0-8421-f0-0-189-226]-9618+131.225.189.226-9618&alias=cmswn2151.fnal.gov&noUDP&sock=slot1_8_2344_4f58_51089>
...
040 (47239042.014.000) 2025-02-15 07:27:01 Finished transferring input files
...
001 (47239042.014.000) 2025-02-15 07:27:02 Job executing on host: <131.225.189.226:9618?addrs=[2620-6a-0-8421-f0-0-189-226]-9618+131.225.189.226-9618&alias=cmswn2151.fnal.gov&noUDP&sock=startd_2234_eaaa>
	SlotName: slot1_8@cmswn2151.fnal.gov
	CondorScratchDir = "/storage/local/data1/condor/execute/dir_240620"
	Cpus = 4
	Disk = 10374846
	Memory = 2048
...
006 (47239042.014.000) 2025-02-15 07:28:12 Image size of job updated: 213
	213  -  MemoryUsage of job (MB)
	218916  -  ResidentSetSize of job (KB)
...
006 (47239042.014.000) 2025-02-15 07:28:55 Image size of job updated: 244
	244  -  MemoryUsage of job (MB)
	250636  -  ResidentSetSize of job (KB)
...
040 (47239042.014.000) 2025-02-15 07:28:55 Started transferring output files
...
040 (47239042.014.000) 2025-02-15 07:28:55 Finished transferring output files
...
005 (47239042.014.000) 2025-02-15 07:28:56 Job terminated.
	(1) Normal termination (return value 1)
		Usr 0 00:00:03, Sys 0 00:00:02  -  Run Remote Usage
		Usr 0 00:00:00, Sys 0 00:00:00  -  Run Local Usage
		Usr 0 00:00:03, Sys 0 00:00:02  -  Total Remote Usage
		Usr 0 00:00:00, Sys 0 00:00:00  -  Total Local Usage
	17868  -  Run Bytes Sent By Job
	590966  -  Run Bytes Received By Job
	17868  -  Total Bytes Sent By Job
	590966  -  Total Bytes Received By Job
	Partitionable Resources :    Usage  Request Allocated 
	   Cpus                 :     0.00        4         4 
	   Disk (KB)            :  1380     5242880  10374846 
	   Memory (MB)          :   244        2048      2048 
	   TimeExecute (s)      :   113                       
	   TimeSlotBusy (s)     :   115                       

	Job terminated of its own accord at 2025-02-15T13:28:55Z with exit-code 1.
...
