000 (47306185.005.000) 2025-03-07 08:43:24 Job submitted from host: <131.225.204.62:9618?addrs=131.225.204.62-9618+[2620-6a-0-8420-f0-0-204-62]-9618&alias=lpcschedd5.fnal.gov&noUDP&sock=schedd_2457_e048>
...
040 (47306185.005.000) 2025-03-07 08:43:33 Started transferring input files
	Transferring to host: <131.225.188.34:9618?addrs=[2620-6a-0-8421-f0-0-188-34]-9618+131.225.188.34-9618&alias=cmswn2026.fnal.gov&noUDP&sock=slot1_14_2499_857f_14697>
...
040 (47306185.005.000) 2025-03-07 08:43:33 Finished transferring input files
...
001 (47306185.005.000) 2025-03-07 08:43:34 Job executing on host: <131.225.188.34:9618?addrs=[2620-6a-0-8421-f0-0-188-34]-9618+131.225.188.34-9618&alias=cmswn2026.fnal.gov&noUDP&sock=startd_2195_2a78>
	SlotName: slot1_14@cmswn2026.fnal.gov
	CondorScratchDir = "/storage/local/data1/condor/execute/dir_1567901"
	Cpus = 4
	Disk = 6408049
	Memory = 2048
...
006 (47306185.005.000) 2025-03-07 08:43:43 Image size of job updated: 54
	54  -  MemoryUsage of job (MB)
	55804  -  ResidentSetSize of job (KB)
...
006 (47306185.005.000) 2025-03-07 08:44:44 Image size of job updated: 939
	939  -  MemoryUsage of job (MB)
	962448  -  ResidentSetSize of job (KB)
...
006 (47306185.005.000) 2025-03-07 08:45:07 Image size of job updated: 1007
	1007  -  MemoryUsage of job (MB)
	1031596  -  ResidentSetSize of job (KB)
...
040 (47306185.005.000) 2025-03-07 08:45:07 Started transferring output files
...
040 (47306185.005.000) 2025-03-07 08:45:07 Finished transferring output files
...
005 (47306185.005.000) 2025-03-07 08:45:07 Job terminated.
	(1) Normal termination (return value 1)
		Usr 0 00:00:03, Sys 0 00:00:02  -  Run Remote Usage
		Usr 0 00:00:00, Sys 0 00:00:00  -  Run Local Usage
		Usr 0 00:00:03, Sys 0 00:00:02  -  Total Remote Usage
		Usr 0 00:00:00, Sys 0 00:00:00  -  Total Local Usage
	39014  -  Run Bytes Sent By Job
	2782105  -  Run Bytes Received By Job
	39014  -  Total Bytes Sent By Job
	2782105  -  Total Bytes Received By Job
	Partitionable Resources :    Usage  Request Allocated 
	   Cpus                 :     0.02        4         4 
	   Disk (KB)            :  3538     5242880   6408049 
	   Memory (MB)          :  1007        2048      2048 
	   TimeExecute (s)      :    93                       
	   TimeSlotBusy (s)     :    94                       

	Job terminated of its own accord at 2025-03-07T14:45:07Z with exit-code 1.
...
