000 (11162672.016.000) 2025-02-21 01:57:55 Job submitted from host: <131.225.189.251:9618?addrs=131.225.189.251-9618+[2620-6a-0-8421--e8]-9618&alias=lpcschedd4.fnal.gov&noUDP&sock=schedd_1925_f7e6>
...
040 (11162672.016.000) 2025-02-21 02:00:39 Started transferring input files
	Transferring to host: <131.225.189.180:9618?addrs=[2620-6a-0-8421-f0-0-189-180]-9618+131.225.189.180-9618&alias=cmswn2129.fnal.gov&noUDP&sock=slot1_41_2164_7bd1_33275>
...
040 (11162672.016.000) 2025-02-21 02:00:40 Finished transferring input files
...
001 (11162672.016.000) 2025-02-21 02:00:41 Job executing on host: <131.225.189.180:9618?addrs=[2620-6a-0-8421-f0-0-189-180]-9618+131.225.189.180-9618&alias=cmswn2129.fnal.gov&noUDP&sock=startd_2113_ebb4>
	SlotName: slot1_41@cmswn2129.fnal.gov
	CondorScratchDir = "/storage/local/data1/condor/execute/dir_1624029"
	Cpus = 4
	Disk = 7342160
	Memory = 2048
...
006 (11162672.016.000) 2025-02-21 02:01:49 Image size of job updated: 150
	150  -  MemoryUsage of job (MB)
	153612  -  ResidentSetSize of job (KB)
...
040 (11162672.016.000) 2025-02-21 02:02:28 Started transferring output files
...
040 (11162672.016.000) 2025-02-21 02:02:28 Finished transferring output files
...
005 (11162672.016.000) 2025-02-21 02:02:29 Job terminated.
	(1) Normal termination (return value 1)
		Usr 0 00:00:34, Sys 0 00:00:05  -  Run Remote Usage
		Usr 0 00:00:00, Sys 0 00:00:00  -  Run Local Usage
		Usr 0 00:00:34, Sys 0 00:00:05  -  Total Remote Usage
		Usr 0 00:00:00, Sys 0 00:00:00  -  Total Local Usage
	45097  -  Run Bytes Sent By Job
	1112757  -  Run Bytes Received By Job
	45097  -  Total Bytes Sent By Job
	1112757  -  Total Bytes Received By Job
	Partitionable Resources :    Usage  Request Allocated 
	   Cpus                 :        0        4         4 
	   Disk (KB)            :     1920  5242880   7342160 
	   Memory (MB)          :      150     2048      2048 

	Job terminated of its own accord at 2025-02-21T08:02:28Z with exit-code 1.
...
