000 (10695023.007.000) 2025-02-16 08:36:32 Job submitted from host: <131.225.189.251:9618?addrs=131.225.189.251-9618+[2620-6a-0-8421--e8]-9618&alias=lpcschedd4.fnal.gov&noUDP&sock=schedd_1925_f7e6>
...
040 (10695023.007.000) 2025-02-16 08:37:15 Started transferring input files
	Transferring to host: <131.225.189.219:9618?addrs=[2620-6a-0-8421-f0-0-189-219]-9618+131.225.189.219-9618&alias=cmswn2148.fnal.gov&noUDP&sock=slot1_31_2154_7011_29788>
...
040 (10695023.007.000) 2025-02-16 08:37:15 Finished transferring input files
...
001 (10695023.007.000) 2025-02-16 08:37:16 Job executing on host: <131.225.189.219:9618?addrs=[2620-6a-0-8421-f0-0-189-219]-9618+131.225.189.219-9618&alias=cmswn2148.fnal.gov&noUDP&sock=startd_2103_0fc2>
	SlotName: slot1_31@cmswn2148.fnal.gov
	CondorScratchDir = "/storage/local/data1/condor/execute/dir_1003676"
	Cpus = 4
	Disk = 7330990
	Memory = 2048
...
006 (10695023.007.000) 2025-02-16 08:37:24 Image size of job updated: 39
	39  -  MemoryUsage of job (MB)
	40456  -  ResidentSetSize of job (KB)
...
006 (10695023.007.000) 2025-02-16 08:38:25 Image size of job updated: 510
	510  -  MemoryUsage of job (MB)
	523072  -  ResidentSetSize of job (KB)
...
040 (10695023.007.000) 2025-02-16 08:38:25 Started transferring output files
...
040 (10695023.007.000) 2025-02-16 08:38:25 Finished transferring output files
...
005 (10695023.007.000) 2025-02-16 08:38:27 Job terminated.
	(1) Normal termination (return value 1)
		Usr 0 00:00:12, Sys 0 00:00:03  -  Run Remote Usage
		Usr 0 00:00:00, Sys 0 00:00:00  -  Run Local Usage
		Usr 0 00:00:12, Sys 0 00:00:03  -  Total Remote Usage
		Usr 0 00:00:00, Sys 0 00:00:00  -  Total Local Usage
	17444  -  Run Bytes Sent By Job
	779297  -  Run Bytes Received By Job
	17444  -  Total Bytes Sent By Job
	779297  -  Total Bytes Received By Job
	Partitionable Resources :    Usage  Request Allocated 
	   Cpus                 :        0        4         4 
	   Disk (KB)            :     1563  5242880   7330990 
	   Memory (MB)          :      510     2048      2048 

	Job terminated of its own accord at 2025-02-16T14:38:25Z with exit-code 1.
...
