000 (76624572.016.000) 2025-02-27 14:26:35 Job submitted from host: <131.225.189.168:9618?addrs=131.225.189.168-9618+[2620-6a-0-8421-f0-0-189-168]-9618&alias=lpcschedd6.fnal.gov&noUDP&sock=schedd_31891_26e2>
...
040 (76624572.016.000) 2025-02-27 14:26:52 Started transferring input files
	Transferring to host: <131.225.189.192:9618?addrs=[2620-6a-0-8421-f0-0-189-192]-9618+131.225.189.192-9618&alias=cmswn2136.fnal.gov&noUDP&sock=slot1_21_2182_2a92_43764>
...
040 (76624572.016.000) 2025-02-27 14:26:52 Finished transferring input files
...
001 (76624572.016.000) 2025-02-27 14:26:53 Job executing on host: <131.225.189.192:9618?addrs=[2620-6a-0-8421-f0-0-189-192]-9618+131.225.189.192-9618&alias=cmswn2136.fnal.gov&noUDP&sock=startd_2061_40c7>
	SlotName: slot1_21@cmswn2136.fnal.gov
	CondorScratchDir = "/storage/local/data1/condor/execute/dir_157768"
	Cpus = 4
	Disk = 10352634
	Memory = 2048
...
006 (76624572.016.000) 2025-02-27 14:28:03 Image size of job updated: 292
	292  -  MemoryUsage of job (MB)
	299268  -  ResidentSetSize of job (KB)
...
006 (76624572.016.000) 2025-02-27 14:29:04 Image size of job updated: 405
	405  -  MemoryUsage of job (MB)
	415580  -  ResidentSetSize of job (KB)
...
006 (76624572.016.000) 2025-02-27 14:30:05 Image size of job updated: 406
	406  -  MemoryUsage of job (MB)
	416228  -  ResidentSetSize of job (KB)
...
040 (76624572.016.000) 2025-02-27 14:30:26 Started transferring output files
...
040 (76624572.016.000) 2025-02-27 14:30:26 Finished transferring output files
...
005 (76624572.016.000) 2025-02-27 14:30:26 Job terminated.
	(1) Normal termination (return value 1)
		Usr 0 00:01:15, Sys 0 00:00:10  -  Run Remote Usage
		Usr 0 00:00:00, Sys 0 00:00:00  -  Run Local Usage
		Usr 0 00:01:15, Sys 0 00:00:10  -  Total Remote Usage
		Usr 0 00:00:00, Sys 0 00:00:00  -  Total Local Usage
	56167  -  Run Bytes Sent By Job
	2159193  -  Run Bytes Received By Job
	56167  -  Total Bytes Sent By Job
	2159193  -  Total Bytes Received By Job
	Partitionable Resources :    Usage  Request Allocated 
	   Cpus                 :     0.00        4         4 
	   Disk (KB)            :  2947     5242880  10352634 
	   Memory (MB)          :   406        2048      2048 
	   TimeExecute (s)      :   213                       
	   TimeSlotBusy (s)     :   214                       

	Job terminated of its own accord at 2025-02-27T20:30:26Z with exit-code 1.
...
