000 (76624561.008.000) 2025-02-27 14:21:08 Job submitted from host: <131.225.189.168:9618?addrs=131.225.189.168-9618+[2620-6a-0-8421-f0-0-189-168]-9618&alias=lpcschedd6.fnal.gov&noUDP&sock=schedd_31891_26e2>
...
040 (76624561.008.000) 2025-02-27 14:22:07 Started transferring input files
	Transferring to host: <131.225.189.172:9618?addrs=[2620-6a-0-8421-f0-0-189-172]-9618+131.225.189.172-9618&alias=cmswn2122.fnal.gov&noUDP&sock=slot1_10_2859_2c8d_48089>
...
040 (76624561.008.000) 2025-02-27 14:22:07 Finished transferring input files
...
001 (76624561.008.000) 2025-02-27 14:22:08 Job executing on host: <131.225.189.172:9618?addrs=[2620-6a-0-8421-f0-0-189-172]-9618+131.225.189.172-9618&alias=cmswn2122.fnal.gov&noUDP&sock=startd_2597_e78b>
	SlotName: slot1_10@cmswn2122.fnal.gov
	CondorScratchDir = "/storage/local/data1/condor/execute/dir_1255721"
	Cpus = 4
	Disk = 10361850
	Memory = 2048
...
006 (76624561.008.000) 2025-02-27 14:23:17 Image size of job updated: 390
	390  -  MemoryUsage of job (MB)
	399604  -  ResidentSetSize of job (KB)
...
006 (76624561.008.000) 2025-02-27 14:24:17 Image size of job updated: 575
	575  -  MemoryUsage of job (MB)
	589484  -  ResidentSetSize of job (KB)
...
006 (76624561.008.000) 2025-02-27 14:24:34 Image size of job updated: 600
	600  -  MemoryUsage of job (MB)
	614740  -  ResidentSetSize of job (KB)
...
004 (76624561.008.000) 2025-02-27 14:24:35 Job was evicted.
	(0) CPU times
		Usr 0 00:00:03, Sys 0 00:00:03  -  Run Remote Usage
		Usr 0 00:00:00, Sys 0 00:00:00  -  Run Local Usage
	0  -  Run Bytes Sent By Job
	2124609  -  Run Bytes Received By Job
	Partitionable Resources :    Usage  Request Allocated 
	   Cpus                 :     0.00        4         4 
	   Disk (KB)            :  2893     5242880  10361850 
	   Memory (MB)          :   600        2048      2048 
	   TimeExecute (s)      :   146                       
	   TimeSlotBusy (s)     :   148                       
...
009 (76624561.008.000) 2025-02-27 14:24:35 Job was aborted.
	via condor_rm (by user vsinha)
...
