000 (76624572.007.000) 2025-02-27 14:26:35 Job submitted from host: <131.225.189.168:9618?addrs=131.225.189.168-9618+[2620-6a-0-8421-f0-0-189-168]-9618&alias=lpcschedd6.fnal.gov&noUDP&sock=schedd_31891_26e2>
...
040 (76624572.007.000) 2025-02-27 14:26:52 Started transferring input files
	Transferring to host: <131.225.189.188:9618?addrs=[2620-6a-0-8421-f0-0-189-188]-9618+131.225.189.188-9618&alias=cmswn2134.fnal.gov&noUDP&sock=slot1_14_2219_3c73_38067>
...
040 (76624572.007.000) 2025-02-27 14:26:52 Finished transferring input files
...
001 (76624572.007.000) 2025-02-27 14:26:53 Job executing on host: <131.225.189.188:9618?addrs=[2620-6a-0-8421-f0-0-189-188]-9618+131.225.189.188-9618&alias=cmswn2134.fnal.gov&noUDP&sock=startd_2166_4639>
	SlotName: slot1_14@cmswn2134.fnal.gov
	CondorScratchDir = "/storage/local/data1/condor/execute/dir_1279514"
	Cpus = 4
	Disk = 7385074
	Memory = 2048
...
006 (76624572.007.000) 2025-02-27 14:27:02 Image size of job updated: 67
	67  -  MemoryUsage of job (MB)
	69560  -  ResidentSetSize of job (KB)
...
006 (76624572.007.000) 2025-02-27 14:28:02 Image size of job updated: 939
	939  -  MemoryUsage of job (MB)
	962424  -  ResidentSetSize of job (KB)
...
006 (76624572.007.000) 2025-02-27 14:29:02 Image size of job updated: 1051
	1051  -  MemoryUsage of job (MB)
	1076240  -  ResidentSetSize of job (KB)
...
006 (76624572.007.000) 2025-02-27 14:30:02 Image size of job updated: 1051
	1051  -  MemoryUsage of job (MB)
	1076572  -  ResidentSetSize of job (KB)
...
040 (76624572.007.000) 2025-02-27 14:31:22 Started transferring output files
...
040 (76624572.007.000) 2025-02-27 14:31:22 Finished transferring output files
...
005 (76624572.007.000) 2025-02-27 14:31:23 Job terminated.
	(1) Normal termination (return value 1)
		Usr 0 00:01:41, Sys 0 00:00:12  -  Run Remote Usage
		Usr 0 00:00:00, Sys 0 00:00:00  -  Run Local Usage
		Usr 0 00:01:41, Sys 0 00:00:12  -  Total Remote Usage
		Usr 0 00:00:00, Sys 0 00:00:00  -  Total Local Usage
	57954  -  Run Bytes Sent By Job
	2159193  -  Run Bytes Received By Job
	57954  -  Total Bytes Sent By Job
	2159193  -  Total Bytes Received By Job
	Partitionable Resources :    Usage  Request Allocated 
	   Cpus                 :        0        4         4 
	   Disk (KB)            :     2948  5242880   7385074 
	   Memory (MB)          :     1051     2048      2048 
	   TimeExecute (s)      :      269                    
	   TimeSlotBusy (s)     :      271                    

	Job terminated of its own accord at 2025-02-27T20:31:22Z with exit-code 1.
...
