000 (47306185.017.000) 2025-03-07 08:43:24 Job submitted from host: <131.225.204.62:9618?addrs=131.225.204.62-9618+[2620-6a-0-8420-f0-0-204-62]-9618&alias=lpcschedd5.fnal.gov&noUDP&sock=schedd_2457_e048>
...
040 (47306185.017.000) 2025-03-07 08:43:35 Started transferring input files
	Transferring to host: <131.225.188.76:9618?addrs=[2620-6a-0-8421-f0-0-188-76]-9618+131.225.188.76-9618&alias=cmswn2039.fnal.gov&noUDP&sock=slot1_15_2229_4834_44179>
...
040 (47306185.017.000) 2025-03-07 08:43:36 Finished transferring input files
...
001 (47306185.017.000) 2025-03-07 08:43:37 Job executing on host: <131.225.188.76:9618?addrs=[2620-6a-0-8421-f0-0-188-76]-9618+131.225.188.76-9618&alias=cmswn2039.fnal.gov&noUDP&sock=startd_2174_c2fb>
	SlotName: slot1_15@cmswn2039.fnal.gov
	CondorScratchDir = "/storage/local/data1/condor/execute/dir_522523"
	Cpus = 4
	Disk = 6935125
	Memory = 2048
...
006 (47306185.017.000) 2025-03-07 08:43:45 Image size of job updated: 50
	50  -  MemoryUsage of job (MB)
	51940  -  ResidentSetSize of job (KB)
...
006 (47306185.017.000) 2025-03-07 08:44:45 Image size of job updated: 895
	895  -  MemoryUsage of job (MB)
	917196  -  ResidentSetSize of job (KB)
...
040 (47306185.017.000) 2025-03-07 08:44:53 Started transferring output files
...
040 (47306185.017.000) 2025-03-07 08:44:53 Finished transferring output files
...
005 (47306185.017.000) 2025-03-07 08:44:55 Job terminated.
	(1) Normal termination (return value 1)
		Usr 0 00:00:07, Sys 0 00:00:03  -  Run Remote Usage
		Usr 0 00:00:00, Sys 0 00:00:00  -  Run Local Usage
		Usr 0 00:00:07, Sys 0 00:00:03  -  Total Remote Usage
		Usr 0 00:00:00, Sys 0 00:00:00  -  Total Local Usage
	43294  -  Run Bytes Sent By Job
	2788957  -  Run Bytes Received By Job
	43294  -  Total Bytes Sent By Job
	2788957  -  Total Bytes Received By Job
	Partitionable Resources :    Usage  Request Allocated 
	   Cpus                 :     0.02        4         4 
	   Disk (KB)            :  3548     5242880   6935125 
	   Memory (MB)          :   895        2048      2048 
	   TimeExecute (s)      :    76                       
	   TimeSlotBusy (s)     :    80                       

	Job terminated of its own accord at 2025-03-07T14:44:53Z with exit-code 1.
...
