000 (74453876.026.000) 2025-02-14 03:38:36 Job submitted from host: <131.225.189.168:9618?addrs=131.225.189.168-9618+[2620-6a-0-8421-f0-0-189-168]-9618&alias=lpcschedd6.fnal.gov&noUDP&sock=schedd_31891_26e2>
...
040 (74453876.026.000) 2025-02-14 03:57:28 Started transferring input files
	Transferring to host: <131.225.188.64:9618?addrs=[2620-6a-0-8421-f0-0-188-64]-9618+131.225.188.64-9618&alias=cmswn2036.fnal.gov&noUDP&sock=slot1_16_2283_5476_28859>
...
040 (74453876.026.000) 2025-02-14 03:57:28 Finished transferring input files
...
001 (74453876.026.000) 2025-02-14 03:57:29 Job executing on host: <131.225.188.64:9618?addrs=[2620-6a-0-8421-f0-0-188-64]-9618+131.225.188.64-9618&alias=cmswn2036.fnal.gov&noUDP&sock=startd_2157_19df>
	SlotName: slot1_16@cmswn2036.fnal.gov
	CondorScratchDir = "/storage/local/data1/condor/execute/dir_1262846"
	Cpus = 4
	Disk = 6910886
	Memory = 2048
...
006 (74453876.026.000) 2025-02-14 03:57:37 Image size of job updated: 45
	45  -  MemoryUsage of job (MB)
	46620  -  ResidentSetSize of job (KB)
...
006 (74453876.026.000) 2025-02-14 03:58:37 Image size of job updated: 383
	383  -  MemoryUsage of job (MB)
	392468  -  ResidentSetSize of job (KB)
...
006 (74453876.026.000) 2025-02-14 03:59:37 Image size of job updated: 491
	491  -  MemoryUsage of job (MB)
	503440  -  ResidentSetSize of job (KB)
...
006 (74453876.026.000) 2025-02-14 04:00:37 Image size of job updated: 525
	525  -  MemoryUsage of job (MB)
	538004  -  ResidentSetSize of job (KB)
...
006 (74453876.026.000) 2025-02-14 04:01:38 Image size of job updated: 525
	525  -  MemoryUsage of job (MB)
	538264  -  ResidentSetSize of job (KB)
...
006 (74453876.026.000) 2025-02-14 04:02:39 Image size of job updated: 525
	525  -  MemoryUsage of job (MB)
	538428  -  ResidentSetSize of job (KB)
...
040 (74453876.026.000) 2025-02-14 04:10:23 Started transferring output files
...
040 (74453876.026.000) 2025-02-14 04:10:23 Finished transferring output files
...
005 (74453876.026.000) 2025-02-14 04:10:24 Job terminated.
	(1) Normal termination (return value 1)
		Usr 0 00:09:14, Sys 0 00:00:17  -  Run Remote Usage
		Usr 0 00:00:00, Sys 0 00:00:00  -  Run Local Usage
		Usr 0 00:09:14, Sys 0 00:00:17  -  Total Remote Usage
		Usr 0 00:00:00, Sys 0 00:00:00  -  Total Local Usage
	20433  -  Run Bytes Sent By Job
	507475  -  Run Bytes Received By Job
	20433  -  Total Bytes Sent By Job
	507475  -  Total Bytes Received By Job
	Partitionable Resources :    Usage  Request Allocated 
	   Cpus                 :     0.00        4         4 
	   Disk (KB)            :  1303     5242880   6910886 
	   Memory (MB)          :   525        2048      2048 
	   TimeExecute (s)      :   774                       
	   TimeSlotBusy (s)     :   776                       

	Job terminated of its own accord at 2025-02-14T10:10:23Z with exit-code 1.
...
