000 (10695023.017.000) 2025-02-16 08:36:32 Job submitted from host: <131.225.189.251:9618?addrs=131.225.189.251-9618+[2620-6a-0-8421--e8]-9618&alias=lpcschedd4.fnal.gov&noUDP&sock=schedd_1925_f7e6>
...
040 (10695023.017.000) 2025-02-16 08:38:28 Started transferring input files
	Transferring to host: <131.225.189.219:9618?addrs=[2620-6a-0-8421-f0-0-189-219]-9618+131.225.189.219-9618&alias=cmswn2148.fnal.gov&noUDP&sock=slot1_31_2154_7011_29790>
...
040 (10695023.017.000) 2025-02-16 08:38:28 Finished transferring input files
...
001 (10695023.017.000) 2025-02-16 08:38:29 Job executing on host: <131.225.189.219:9618?addrs=[2620-6a-0-8421-f0-0-189-219]-9618+131.225.189.219-9618&alias=cmswn2148.fnal.gov&noUDP&sock=startd_2103_0fc2>
	SlotName: slot1_31@cmswn2148.fnal.gov
	CondorScratchDir = "/storage/local/data1/condor/execute/dir_1006772"
	Cpus = 4
	Disk = 7330990
	Memory = 2048
...
006 (10695023.017.000) 2025-02-16 08:38:51 Image size of job updated: 132
	132  -  MemoryUsage of job (MB)
	135392  -  ResidentSetSize of job (KB)
...
040 (10695023.017.000) 2025-02-16 08:38:51 Started transferring output files
...
040 (10695023.017.000) 2025-02-16 08:38:51 Finished transferring output files
...
005 (10695023.017.000) 2025-02-16 08:38:52 Job terminated.
	(1) Normal termination (return value 1)
		Usr 0 00:00:04, Sys 0 00:00:02  -  Run Remote Usage
		Usr 0 00:00:00, Sys 0 00:00:00  -  Run Local Usage
		Usr 0 00:00:04, Sys 0 00:00:02  -  Total Remote Usage
		Usr 0 00:00:00, Sys 0 00:00:00  -  Total Local Usage
	16346  -  Run Bytes Sent By Job
	848624  -  Run Bytes Received By Job
	16346  -  Total Bytes Sent By Job
	848624  -  Total Bytes Received By Job
	Partitionable Resources :    Usage  Request Allocated 
	   Cpus                 :        0        4         4 
	   Disk (KB)            :     1630  5242880   7330990 
	   Memory (MB)          :      132     2048      2048 

	Job terminated of its own accord at 2025-02-16T14:38:51Z with exit-code 1.
...
