000 (11162672.007.000) 2025-02-21 01:57:55 Job submitted from host: <131.225.189.251:9618?addrs=131.225.189.251-9618+[2620-6a-0-8421--e8]-9618&alias=lpcschedd4.fnal.gov&noUDP&sock=schedd_1925_f7e6>
...
040 (11162672.007.000) 2025-02-21 01:58:08 Started transferring input files
	Transferring to host: <131.225.189.242:9618?addrs=[2620-6a-0-8421-f0-0-189-242]-9618+131.225.189.242-9618&alias=cmswn2161.fnal.gov&noUDP&sock=slot1_11_2220_f0d3_1724>
...
040 (11162672.007.000) 2025-02-21 01:58:08 Finished transferring input files
...
001 (11162672.007.000) 2025-02-21 01:58:09 Job executing on host: <131.225.189.242:9618?addrs=[2620-6a-0-8421-f0-0-189-242]-9618+131.225.189.242-9618&alias=cmswn2161.fnal.gov&noUDP&sock=startd_2164_e709>
	SlotName: slot1_11@cmswn2161.fnal.gov
	CondorScratchDir = "/storage/local/data1/condor/execute/dir_582828"
	Cpus = 4
	Disk = 7335414
	Memory = 2048
...
006 (11162672.007.000) 2025-02-21 01:58:18 Image size of job updated: 54
	54  -  MemoryUsage of job (MB)
	55580  -  ResidentSetSize of job (KB)
...
006 (11162672.007.000) 2025-02-21 01:59:18 Image size of job updated: 765
	765  -  MemoryUsage of job (MB)
	783540  -  ResidentSetSize of job (KB)
...
006 (11162672.007.000) 2025-02-21 02:00:18 Image size of job updated: 957
	957  -  MemoryUsage of job (MB)
	980560  -  ResidentSetSize of job (KB)
...
006 (11162672.007.000) 2025-02-21 02:01:19 Image size of job updated: 1031
	1031  -  MemoryUsage of job (MB)
	1056192  -  ResidentSetSize of job (KB)
...
006 (11162672.007.000) 2025-02-21 02:02:20 Image size of job updated: 1031
	1031  -  MemoryUsage of job (MB)
	1056344  -  ResidentSetSize of job (KB)
...
040 (11162672.007.000) 2025-02-21 02:02:41 Started transferring output files
...
040 (11162672.007.000) 2025-02-21 02:02:41 Finished transferring output files
...
005 (11162672.007.000) 2025-02-21 02:02:41 Job terminated.
	(1) Normal termination (return value 1)
		Usr 0 00:01:19, Sys 0 00:00:09  -  Run Remote Usage
		Usr 0 00:00:00, Sys 0 00:00:00  -  Run Local Usage
		Usr 0 00:01:19, Sys 0 00:00:09  -  Total Remote Usage
		Usr 0 00:00:00, Sys 0 00:00:00  -  Total Local Usage
	47320  -  Run Bytes Sent By Job
	867331  -  Run Bytes Received By Job
	47320  -  Total Bytes Sent By Job
	867331  -  Total Bytes Received By Job
	Partitionable Resources :    Usage  Request Allocated 
	   Cpus                 :        0        4         4 
	   Disk (KB)            :     1677  5242880   7335414 
	   Memory (MB)          :     1031     2048      2048 

	Job terminated of its own accord at 2025-02-21T08:02:41Z with exit-code 1.
...
