000 (47239042.004.000) 2025-02-15 07:25:53 Job submitted from host: <131.225.204.62:9618?addrs=131.225.204.62-9618+[2620-6a-0-8420-f0-0-204-62]-9618&alias=lpcschedd5.fnal.gov&noUDP&sock=schedd_2457_e048>
...
040 (47239042.004.000) 2025-02-15 07:26:18 Started transferring input files
	Transferring to host: <131.225.189.173:9618?addrs=[2620-6a-0-8421-f0-0-189-173]-9618+131.225.189.173-9618&alias=cmswn2123.fnal.gov&noUDP&sock=slot1_7_2342_e698_29518>
...
040 (47239042.004.000) 2025-02-15 07:26:18 Finished transferring input files
...
001 (47239042.004.000) 2025-02-15 07:26:19 Job executing on host: <131.225.189.173:9618?addrs=[2620-6a-0-8421-f0-0-189-173]-9618+131.225.189.173-9618&alias=cmswn2123.fnal.gov&noUDP&sock=startd_2221_ffef>
	SlotName: slot1_7@cmswn2123.fnal.gov
	CondorScratchDir = "/storage/local/data1/condor/execute/dir_2227330"
	Cpus = 4
	Disk = 10340910
	Memory = 2048
...
006 (47239042.004.000) 2025-02-15 07:27:25 Image size of job updated: 131
	131  -  MemoryUsage of job (MB)
	134756  -  ResidentSetSize of job (KB)
...
040 (47239042.004.000) 2025-02-15 07:27:26 Started transferring output files
...
040 (47239042.004.000) 2025-02-15 07:27:26 Finished transferring output files
...
005 (47239042.004.000) 2025-02-15 07:27:27 Job terminated.
	(1) Normal termination (return value 1)
		Usr 0 00:00:00, Sys 0 00:00:00  -  Run Remote Usage
		Usr 0 00:00:00, Sys 0 00:00:00  -  Run Local Usage
		Usr 0 00:00:00, Sys 0 00:00:00  -  Total Remote Usage
		Usr 0 00:00:00, Sys 0 00:00:00  -  Total Local Usage
	17742  -  Run Bytes Sent By Job
	583999  -  Run Bytes Received By Job
	17742  -  Total Bytes Sent By Job
	583999  -  Total Bytes Received By Job
	Partitionable Resources :    Usage  Request Allocated 
	   Cpus                 :        0        4         4 
	   Disk (KB)            :     1376  5242880  10340910 
	   Memory (MB)          :      131     2048      2048 
	   TimeExecute (s)      :       66                    
	   TimeSlotBusy (s)     :       69                    

	Job terminated of its own accord at 2025-02-15T13:27:25Z with exit-code 1.
...
