000 (76624572.020.000) 2025-02-27 14:26:35 Job submitted from host: <131.225.189.168:9618?addrs=131.225.189.168-9618+[2620-6a-0-8421-f0-0-189-168]-9618&alias=lpcschedd6.fnal.gov&noUDP&sock=schedd_31891_26e2>
...
040 (76624572.020.000) 2025-02-27 14:27:11 Started transferring input files
	Transferring to host: <131.225.189.225:9618?addrs=[2620-6a-0-8421-f0-0-189-225]-9618+131.225.189.225-9618&alias=cmswn2150.fnal.gov&noUDP&sock=slot1_13_2223_0df3_34252>
...
040 (76624572.020.000) 2025-02-27 14:27:11 Finished transferring input files
...
001 (76624572.020.000) 2025-02-27 14:27:12 Job executing on host: <131.225.189.225:9618?addrs=[2620-6a-0-8421-f0-0-189-225]-9618+131.225.189.225-9618&alias=cmswn2150.fnal.gov&noUDP&sock=startd_2173_1363>
	SlotName: slot1_13@cmswn2150.fnal.gov
	CondorScratchDir = "/storage/local/data1/condor/execute/dir_781774"
	Cpus = 4
	Disk = 7315242
	Memory = 2048
...
006 (76624572.020.000) 2025-02-27 14:28:20 Image size of job updated: 455
	455  -  MemoryUsage of job (MB)
	466068  -  ResidentSetSize of job (KB)
...
006 (76624572.020.000) 2025-02-27 14:29:20 Image size of job updated: 546
	546  -  MemoryUsage of job (MB)
	560084  -  ResidentSetSize of job (KB)
...
006 (76624572.020.000) 2025-02-27 14:30:20 Image size of job updated: 577
	577  -  MemoryUsage of job (MB)
	591600  -  ResidentSetSize of job (KB)
...
006 (76624572.020.000) 2025-02-27 14:31:16 Image size of job updated: 602
	602  -  MemoryUsage of job (MB)
	616932  -  ResidentSetSize of job (KB)
...
040 (76624572.020.000) 2025-02-27 14:31:16 Started transferring output files
...
040 (76624572.020.000) 2025-02-27 14:31:16 Finished transferring output files
...
005 (76624572.020.000) 2025-02-27 14:31:18 Job terminated.
	(1) Normal termination (return value 1)
		Usr 0 00:00:03, Sys 0 00:00:02  -  Run Remote Usage
		Usr 0 00:00:00, Sys 0 00:00:00  -  Run Local Usage
		Usr 0 00:00:03, Sys 0 00:00:02  -  Total Remote Usage
		Usr 0 00:00:00, Sys 0 00:00:00  -  Total Local Usage
	44320  -  Run Bytes Sent By Job
	2164716  -  Run Bytes Received By Job
	44320  -  Total Bytes Sent By Job
	2164716  -  Total Bytes Received By Job
	Partitionable Resources :    Usage  Request Allocated 
	   Cpus                 :     0.01        4         4 
	   Disk (KB)            :  2942     5242880   7315242 
	   Memory (MB)          :   602        2048      2048 
	   TimeExecute (s)      :   244                       
	   TimeSlotBusy (s)     :   247                       

	Job terminated of its own accord at 2025-02-27T20:31:16Z with exit-code 1.
...
