000 (10695023.020.000) 2025-02-16 08:36:32 Job submitted from host: <131.225.189.251:9618?addrs=131.225.189.251-9618+[2620-6a-0-8421--e8]-9618&alias=lpcschedd4.fnal.gov&noUDP&sock=schedd_1925_f7e6>
...
040 (10695023.020.000) 2025-02-16 08:38:35 Started transferring input files
	Transferring to host: <131.225.188.179:9618?addrs=[2620-6a-0-8421-f0-0-188-179]-9618+131.225.188.179-9618&alias=cmswn2059.fnal.gov&noUDP&sock=slot1_17_2530_5d20_1939>
...
040 (10695023.020.000) 2025-02-16 08:38:35 Finished transferring input files
...
001 (10695023.020.000) 2025-02-16 08:38:36 Job executing on host: <131.225.188.179:9618?addrs=[2620-6a-0-8421-f0-0-188-179]-9618+131.225.188.179-9618&alias=cmswn2059.fnal.gov&noUDP&sock=startd_2136_b262>
	SlotName: slot1_17@cmswn2059.fnal.gov
	CondorScratchDir = "/storage/local/data1/condor/execute/dir_3017301"
	Cpus = 4
	Disk = 6428160
	Memory = 2048
...
006 (10695023.020.000) 2025-02-16 08:38:45 Image size of job updated: 42
	42  -  MemoryUsage of job (MB)
	43624  -  ResidentSetSize of job (KB)
...
006 (10695023.020.000) 2025-02-16 08:38:53 Image size of job updated: 138
	138  -  MemoryUsage of job (MB)
	141476  -  ResidentSetSize of job (KB)
...
040 (10695023.020.000) 2025-02-16 08:38:53 Started transferring output files
...
040 (10695023.020.000) 2025-02-16 08:38:53 Finished transferring output files
...
005 (10695023.020.000) 2025-02-16 08:38:54 Job terminated.
	(1) Normal termination (return value 1)
		Usr 0 00:00:04, Sys 0 00:00:02  -  Run Remote Usage
		Usr 0 00:00:00, Sys 0 00:00:00  -  Run Local Usage
		Usr 0 00:00:04, Sys 0 00:00:02  -  Total Remote Usage
		Usr 0 00:00:00, Sys 0 00:00:00  -  Total Local Usage
	16949  -  Run Bytes Sent By Job
	878022  -  Run Bytes Received By Job
	16949  -  Total Bytes Sent By Job
	878022  -  Total Bytes Received By Job
	Partitionable Resources :    Usage  Request Allocated 
	   Cpus                 :        0        4         4 
	   Disk (KB)            :     1660  5242880   6428160 
	   Memory (MB)          :      138     2048      2048 

	Job terminated of its own accord at 2025-02-16T14:38:53Z with exit-code 1.
...
