000 (47306185.014.000) 2025-03-07 08:43:24 Job submitted from host: <131.225.204.62:9618?addrs=131.225.204.62-9618+[2620-6a-0-8420-f0-0-204-62]-9618&alias=lpcschedd5.fnal.gov&noUDP&sock=schedd_2457_e048>
...
040 (47306185.014.000) 2025-03-07 08:43:35 Started transferring input files
	Transferring to host: <131.225.189.155:9618?addrs=[2620-6a-0-8421-f0-0-189-155]-9618+131.225.189.155-9618&alias=cmswn2112.fnal.gov&noUDP&sock=slot1_13_2188_64d2_57895>
...
040 (47306185.014.000) 2025-03-07 08:43:35 Finished transferring input files
...
001 (47306185.014.000) 2025-03-07 08:43:36 Job executing on host: <131.225.189.155:9618?addrs=[2620-6a-0-8421-f0-0-189-155]-9618+131.225.189.155-9618&alias=cmswn2112.fnal.gov&noUDP&sock=startd_2067_5e59>
	SlotName: slot1_13@cmswn2112.fnal.gov
	CondorScratchDir = "/storage/local/data1/condor/execute/dir_3595311"
	Cpus = 4
	Disk = 10353009
	Memory = 2048
...
006 (47306185.014.000) 2025-03-07 08:43:45 Image size of job updated: 53
	53  -  MemoryUsage of job (MB)
	54348  -  ResidentSetSize of job (KB)
...
006 (47306185.014.000) 2025-03-07 08:44:45 Image size of job updated: 1022
	1022  -  MemoryUsage of job (MB)
	1047008  -  ResidentSetSize of job (KB)
...
006 (47306185.014.000) 2025-03-07 08:45:45 Image size of job updated: 1028
	1028  -  MemoryUsage of job (MB)
	1052844  -  ResidentSetSize of job (KB)
...
006 (47306185.014.000) 2025-03-07 08:46:08 Image size of job updated: 1028
	1028  -  MemoryUsage of job (MB)
	1053072  -  ResidentSetSize of job (KB)
...
040 (47306185.014.000) 2025-03-07 08:46:08 Started transferring output files
...
040 (47306185.014.000) 2025-03-07 08:46:08 Finished transferring output files
...
005 (47306185.014.000) 2025-03-07 08:46:08 Job terminated.
	(1) Normal termination (return value 1)
		Usr 0 00:00:44, Sys 0 00:00:06  -  Run Remote Usage
		Usr 0 00:00:00, Sys 0 00:00:00  -  Run Local Usage
		Usr 0 00:00:44, Sys 0 00:00:06  -  Total Remote Usage
		Usr 0 00:00:00, Sys 0 00:00:00  -  Total Local Usage
	50134  -  Run Bytes Sent By Job
	2788957  -  Run Bytes Received By Job
	50134  -  Total Bytes Sent By Job
	2788957  -  Total Bytes Received By Job
	Partitionable Resources :    Usage  Request Allocated 
	   Cpus                 :        0        4         4 
	   Disk (KB)            :     3556  5242880  10353009 
	   Memory (MB)          :     1028     2048      2048 
	   TimeExecute (s)      :      152                    
	   TimeSlotBusy (s)     :      153                    

	Job terminated of its own accord at 2025-03-07T14:46:08Z with exit-code 1.
...
