000 (74453876.004.000) 2025-02-14 03:38:36 Job submitted from host: <131.225.189.168:9618?addrs=131.225.189.168-9618+[2620-6a-0-8421-f0-0-189-168]-9618&alias=lpcschedd6.fnal.gov&noUDP&sock=schedd_31891_26e2>
...
040 (74453876.004.000) 2025-02-14 03:55:57 Started transferring input files
	Transferring to host: <131.225.189.162:9618?addrs=[2620-6a-0-8421-f0-0-189-162]-9618+131.225.189.162-9618&alias=cmswn2116.fnal.gov&noUDP&sock=slot1_35_2354_5b19_31949>
...
040 (74453876.004.000) 2025-02-14 03:55:57 Finished transferring input files
...
001 (74453876.004.000) 2025-02-14 03:55:58 Job executing on host: <131.225.189.162:9618?addrs=[2620-6a-0-8421-f0-0-189-162]-9618+131.225.189.162-9618&alias=cmswn2116.fnal.gov&noUDP&sock=startd_2236_49da>
	SlotName: slot1_35@cmswn2116.fnal.gov
	CondorScratchDir = "/storage/local/data1/condor/execute/dir_1644509"
	Cpus = 4
	Disk = 10365066
	Memory = 2048
...
006 (74453876.004.000) 2025-02-14 03:56:07 Image size of job updated: 32
	32  -  MemoryUsage of job (MB)
	32924  -  ResidentSetSize of job (KB)
...
006 (74453876.004.000) 2025-02-14 03:57:08 Image size of job updated: 780
	780  -  MemoryUsage of job (MB)
	799400  -  ResidentSetSize of job (KB)
...
006 (74453876.004.000) 2025-02-14 03:57:18 Image size of job updated: 809
	809  -  MemoryUsage of job (MB)
	828828  -  ResidentSetSize of job (KB)
...
040 (74453876.004.000) 2025-02-14 03:57:18 Started transferring output files
...
040 (74453876.004.000) 2025-02-14 03:57:18 Finished transferring output files
...
005 (74453876.004.000) 2025-02-14 03:57:19 Job terminated.
	(1) Normal termination (return value 1)
		Usr 0 00:00:03, Sys 0 00:00:03  -  Run Remote Usage
		Usr 0 00:00:00, Sys 0 00:00:00  -  Run Local Usage
		Usr 0 00:00:03, Sys 0 00:00:03  -  Total Remote Usage
		Usr 0 00:00:00, Sys 0 00:00:00  -  Total Local Usage
	17093  -  Run Bytes Sent By Job
	416051  -  Run Bytes Received By Job
	17093  -  Total Bytes Sent By Job
	416051  -  Total Bytes Received By Job
	Partitionable Resources :    Usage  Request Allocated 
	   Cpus                 :     0.17        4         4 
	   Disk (KB)            :  1212     5242880  10365066 
	   Memory (MB)          :   809        2048      2048 
	   TimeExecute (s)      :    80                       
	   TimeSlotBusy (s)     :    82                       

	Job terminated of its own accord at 2025-02-14T09:57:18Z with exit-code 1.
...
