000 (74453876.007.000) 2025-02-14 03:38:36 Job submitted from host: <131.225.189.168:9618?addrs=131.225.189.168-9618+[2620-6a-0-8421-f0-0-189-168]-9618&alias=lpcschedd6.fnal.gov&noUDP&sock=schedd_31891_26e2>
...
040 (74453876.007.000) 2025-02-14 03:55:58 Started transferring input files
	Transferring to host: <131.225.189.51:9618?addrs=[2620-6a-0-8421-f0-0-189-51]-9618+131.225.189.51-9618&alias=cmswn2097.fnal.gov&noUDP&sock=slot1_50_2561_34c1_31081>
...
040 (74453876.007.000) 2025-02-14 03:55:58 Finished transferring input files
...
001 (74453876.007.000) 2025-02-14 03:55:59 Job executing on host: <131.225.189.51:9618?addrs=[2620-6a-0-8421-f0-0-189-51]-9618+131.225.189.51-9618&alias=cmswn2097.fnal.gov&noUDP&sock=startd_2215_e25d>
	SlotName: slot1_50@cmswn2097.fnal.gov
	CondorScratchDir = "/storage/local/data1/condor/execute/dir_3061893"
	Cpus = 4
	Disk = 6480832
	Memory = 2048
...
006 (74453876.007.000) 2025-02-14 03:56:07 Image size of job updated: 43
	43  -  MemoryUsage of job (MB)
	44932  -  ResidentSetSize of job (KB)
...
006 (74453876.007.000) 2025-02-14 03:57:07 Image size of job updated: 422
	422  -  MemoryUsage of job (MB)
	432840  -  ResidentSetSize of job (KB)
...
006 (74453876.007.000) 2025-02-14 03:57:46 Image size of job updated: 477
	477  -  MemoryUsage of job (MB)
	489124  -  ResidentSetSize of job (KB)
...
040 (74453876.007.000) 2025-02-14 03:57:46 Started transferring output files
...
040 (74453876.007.000) 2025-02-14 03:57:46 Finished transferring output files
...
005 (74453876.007.000) 2025-02-14 03:57:46 Job terminated.
	(1) Normal termination (return value 1)
		Usr 0 00:00:03, Sys 0 00:00:03  -  Run Remote Usage
		Usr 0 00:00:00, Sys 0 00:00:00  -  Run Local Usage
		Usr 0 00:00:03, Sys 0 00:00:03  -  Total Remote Usage
		Usr 0 00:00:00, Sys 0 00:00:00  -  Total Local Usage
	16348  -  Run Bytes Sent By Job
	417030  -  Run Bytes Received By Job
	16348  -  Total Bytes Sent By Job
	417030  -  Total Bytes Received By Job
	Partitionable Resources :    Usage  Request Allocated 
	   Cpus                 :        0        4         4 
	   Disk (KB)            :     1213  5242880   6480832 
	   Memory (MB)          :      477     2048      2048 
	   TimeExecute (s)      :      107                    
	   TimeSlotBusy (s)     :      108                    

	Job terminated of its own accord at 2025-02-14T09:57:46Z with exit-code 1.
...
