000 (76624572.017.000) 2025-02-27 14:26:35 Job submitted from host: <131.225.189.168:9618?addrs=131.225.189.168-9618+[2620-6a-0-8421-f0-0-189-168]-9618&alias=lpcschedd6.fnal.gov&noUDP&sock=schedd_31891_26e2>
...
040 (76624572.017.000) 2025-02-27 14:26:52 Started transferring input files
	Transferring to host: <131.225.189.192:9618?addrs=[2620-6a-0-8421-f0-0-189-192]-9618+131.225.189.192-9618&alias=cmswn2136.fnal.gov&noUDP&sock=slot1_25_2182_2a92_43765>
...
040 (76624572.017.000) 2025-02-27 14:26:52 Finished transferring input files
...
001 (76624572.017.000) 2025-02-27 14:26:53 Job executing on host: <131.225.189.192:9618?addrs=[2620-6a-0-8421-f0-0-189-192]-9618+131.225.189.192-9618&alias=cmswn2136.fnal.gov&noUDP&sock=startd_2061_40c7>
	SlotName: slot1_25@cmswn2136.fnal.gov
	CondorScratchDir = "/storage/local/data1/condor/execute/dir_157769"
	Cpus = 4
	Disk = 10352634
	Memory = 2048
...
006 (76624572.017.000) 2025-02-27 14:28:03 Image size of job updated: 266
	266  -  MemoryUsage of job (MB)
	273136  -  ResidentSetSize of job (KB)
...
040 (76624572.017.000) 2025-02-27 14:28:23 Started transferring output files
...
040 (76624572.017.000) 2025-02-27 14:28:23 Finished transferring output files
...
005 (76624572.017.000) 2025-02-27 14:28:23 Job terminated.
	(1) Normal termination (return value 1)
		Usr 0 00:00:00, Sys 0 00:00:00  -  Run Remote Usage
		Usr 0 00:00:00, Sys 0 00:00:00  -  Run Local Usage
		Usr 0 00:00:00, Sys 0 00:00:00  -  Total Remote Usage
		Usr 0 00:00:00, Sys 0 00:00:00  -  Total Local Usage
	43345  -  Run Bytes Sent By Job
	2159193  -  Run Bytes Received By Job
	43345  -  Total Bytes Sent By Job
	2159193  -  Total Bytes Received By Job
	Partitionable Resources :    Usage  Request Allocated 
	   Cpus                 :        0        4         4 
	   Disk (KB)            :     2934  5242880  10352634 
	   Memory (MB)          :      266     2048      2048 
	   TimeExecute (s)      :       90                    
	   TimeSlotBusy (s)     :       91                    

	Job terminated of its own accord at 2025-02-27T20:28:23Z with exit-code 1.
...
