000 (76624572.019.000) 2025-02-27 14:26:35 Job submitted from host: <131.225.189.168:9618?addrs=131.225.189.168-9618+[2620-6a-0-8421-f0-0-189-168]-9618&alias=lpcschedd6.fnal.gov&noUDP&sock=schedd_31891_26e2>
...
040 (76624572.019.000) 2025-02-27 14:27:11 Started transferring input files
	Transferring to host: <131.225.189.242:9618?addrs=[2620-6a-0-8421-f0-0-189-242]-9618+131.225.189.242-9618&alias=cmswn2161.fnal.gov&noUDP&sock=slot1_11_2220_f0d3_6141>
...
040 (76624572.019.000) 2025-02-27 14:27:11 Finished transferring input files
...
001 (76624572.019.000) 2025-02-27 14:27:12 Job executing on host: <131.225.189.242:9618?addrs=[2620-6a-0-8421-f0-0-189-242]-9618+131.225.189.242-9618&alias=cmswn2161.fnal.gov&noUDP&sock=startd_2164_e709>
	SlotName: slot1_11@cmswn2161.fnal.gov
	CondorScratchDir = "/storage/local/data1/condor/execute/dir_2858645"
	Cpus = 4
	Disk = 7335414
	Memory = 2048
...
006 (76624572.019.000) 2025-02-27 14:27:20 Image size of job updated: 47
	47  -  MemoryUsage of job (MB)
	48952  -  ResidentSetSize of job (KB)
...
006 (76624572.019.000) 2025-02-27 14:28:21 Image size of job updated: 722
	722  -  MemoryUsage of job (MB)
	739644  -  ResidentSetSize of job (KB)
...
006 (76624572.019.000) 2025-02-27 14:29:21 Image size of job updated: 911
	911  -  MemoryUsage of job (MB)
	933676  -  ResidentSetSize of job (KB)
...
006 (76624572.019.000) 2025-02-27 14:30:21 Image size of job updated: 962
	962  -  MemoryUsage of job (MB)
	985176  -  ResidentSetSize of job (KB)
...
006 (76624572.019.000) 2025-02-27 14:31:22 Image size of job updated: 1013
	1013  -  MemoryUsage of job (MB)
	1038168  -  ResidentSetSize of job (KB)
...
006 (76624572.019.000) 2025-02-27 14:32:22 Image size of job updated: 1044
	1044  -  MemoryUsage of job (MB)
	1070004  -  ResidentSetSize of job (KB)
...
006 (76624572.019.000) 2025-02-27 14:33:13 Image size of job updated: 1045
	1045  -  MemoryUsage of job (MB)
	1070284  -  ResidentSetSize of job (KB)
...
040 (76624572.019.000) 2025-02-27 14:33:13 Started transferring output files
...
040 (76624572.019.000) 2025-02-27 14:33:13 Finished transferring output files
...
005 (76624572.019.000) 2025-02-27 14:33:14 Job terminated.
	(1) Normal termination (return value 1)
		Usr 0 00:00:38, Sys 0 00:00:06  -  Run Remote Usage
		Usr 0 00:00:00, Sys 0 00:00:00  -  Run Local Usage
		Usr 0 00:00:38, Sys 0 00:00:06  -  Total Remote Usage
		Usr 0 00:00:00, Sys 0 00:00:00  -  Total Local Usage
	53442  -  Run Bytes Sent By Job
	2164716  -  Run Bytes Received By Job
	53442  -  Total Bytes Sent By Job
	2164716  -  Total Bytes Received By Job
	Partitionable Resources :    Usage  Request Allocated 
	   Cpus                 :        0        4         4 
	   Disk (KB)            :     2948  5242880   7335414 
	   Memory (MB)          :     1045     2048      2048 
	   TimeExecute (s)      :      361                    
	   TimeSlotBusy (s)     :      363                    

	Job terminated of its own accord at 2025-02-27T20:33:13Z with exit-code 1.
...
