000 (76624561.000.000) 2025-02-27 14:21:08 Job submitted from host: <131.225.189.168:9618?addrs=131.225.189.168-9618+[2620-6a-0-8421-f0-0-189-168]-9618&alias=lpcschedd6.fnal.gov&noUDP&sock=schedd_31891_26e2>
...
040 (76624561.000.000) 2025-02-27 14:21:45 Started transferring input files
	Transferring to host: <131.225.188.84:9618?addrs=[2620-6a-0-8421-f0-0-188-84]-9618+131.225.188.84-9618&alias=cmswn2041.fnal.gov&noUDP&sock=slot1_34_2737_36c8_39472>
...
040 (76624561.000.000) 2025-02-27 14:21:45 Finished transferring input files
...
001 (76624561.000.000) 2025-02-27 14:21:46 Job executing on host: <131.225.188.84:9618?addrs=[2620-6a-0-8421-f0-0-188-84]-9618+131.225.188.84-9618&alias=cmswn2041.fnal.gov&noUDP&sock=startd_2499_af43>
	SlotName: slot1_34@cmswn2041.fnal.gov
	CondorScratchDir = "/storage/local/data1/condor/execute/dir_518585"
	Cpus = 4
	Disk = 6382507
	Memory = 2048
...
006 (76624561.000.000) 2025-02-27 14:21:55 Image size of job updated: 63
	63  -  MemoryUsage of job (MB)
	65188  -  ResidentSetSize of job (KB)
...
006 (76624561.000.000) 2025-02-27 14:22:25 Image size of job updated: 575
	575  -  MemoryUsage of job (MB)
	589152  -  ResidentSetSize of job (KB)
...
004 (76624561.000.000) 2025-02-27 14:22:25 Job was evicted.
	(0) CPU times
		Usr 0 00:00:00, Sys 0 00:00:00  -  Run Remote Usage
		Usr 0 00:00:00, Sys 0 00:00:00  -  Run Local Usage
	0  -  Run Bytes Sent By Job
	2120442  -  Run Bytes Received By Job
	Partitionable Resources :    Usage  Request Allocated 
	   Cpus                 :        0        4         4 
	   Disk (KB)            :     2863  5242880   6382507 
	   Memory (MB)          :      575     2048      2048 
	   TimeExecute (s)      :       39                    
	   TimeSlotBusy (s)     :       40                    
...
009 (76624561.000.000) 2025-02-27 14:22:25 Job was aborted.
	via condor_rm (by user vsinha)
...
