000 (10695023.025.000) 2025-02-16 08:36:32 Job submitted from host: <131.225.189.251:9618?addrs=131.225.189.251-9618+[2620-6a-0-8421--e8]-9618&alias=lpcschedd4.fnal.gov&noUDP&sock=schedd_1925_f7e6>
...
040 (10695023.025.000) 2025-02-16 08:38:43 Started transferring input files
	Transferring to host: <131.225.188.64:9618?addrs=[2620-6a-0-8421-f0-0-188-64]-9618+131.225.188.64-9618&alias=cmswn2036.fnal.gov&noUDP&sock=slot1_3_2283_5476_30236>
...
040 (10695023.025.000) 2025-02-16 08:38:43 Finished transferring input files
...
001 (10695023.025.000) 2025-02-16 08:38:44 Job executing on host: <131.225.188.64:9618?addrs=[2620-6a-0-8421-f0-0-188-64]-9618+131.225.188.64-9618&alias=cmswn2036.fnal.gov&noUDP&sock=startd_2157_19df>
	SlotName: slot1_3@cmswn2036.fnal.gov
	CondorScratchDir = "/storage/local/data1/condor/execute/dir_1486125"
	Cpus = 4
	Disk = 6910886
	Memory = 2048
...
006 (10695023.025.000) 2025-02-16 08:38:52 Image size of job updated: 59
	59  -  MemoryUsage of job (MB)
	61420  -  ResidentSetSize of job (KB)
...
006 (10695023.025.000) 2025-02-16 08:39:52 Image size of job updated: 1166
	1166  -  MemoryUsage of job (MB)
	1194288  -  ResidentSetSize of job (KB)
...
006 (10695023.025.000) 2025-02-16 08:40:52 Image size of job updated: 1168
	1168  -  MemoryUsage of job (MB)
	1196160  -  ResidentSetSize of job (KB)
...
006 (10695023.025.000) 2025-02-16 08:41:52 Image size of job updated: 1171
	1171  -  MemoryUsage of job (MB)
	1199248  -  ResidentSetSize of job (KB)
...
006 (10695023.025.000) 2025-02-16 08:42:52 Image size of job updated: 1171
	1171  -  MemoryUsage of job (MB)
	1199344  -  ResidentSetSize of job (KB)
...
006 (10695023.025.000) 2025-02-16 08:43:52 Image size of job updated: 1171
	1171  -  MemoryUsage of job (MB)
	1199424  -  ResidentSetSize of job (KB)
...
006 (10695023.025.000) 2025-02-16 08:44:46 Image size of job updated: 1171
	1171  -  MemoryUsage of job (MB)
	1199676  -  ResidentSetSize of job (KB)
...
040 (10695023.025.000) 2025-02-16 08:44:47 Started transferring output files
...
040 (10695023.025.000) 2025-02-16 08:44:47 Finished transferring output files
...
005 (10695023.025.000) 2025-02-16 08:44:47 Job terminated.
	(1) Normal termination (return value 1)
		Usr 0 00:04:56, Sys 0 00:00:16  -  Run Remote Usage
		Usr 0 00:00:00, Sys 0 00:00:00  -  Run Local Usage
		Usr 0 00:04:56, Sys 0 00:00:16  -  Total Remote Usage
		Usr 0 00:00:00, Sys 0 00:00:00  -  Total Local Usage
	18774  -  Run Bytes Sent By Job
	894499  -  Run Bytes Received By Job
	18774  -  Total Bytes Sent By Job
	894499  -  Total Bytes Received By Job
	Partitionable Resources :    Usage  Request Allocated 
	   Cpus                 :     0.00        4         4 
	   Disk (KB)            :  1679     5242880   6910886 
	   Memory (MB)          :  1171        2048      2048 

	Job terminated of its own accord at 2025-02-16T14:44:46Z with exit-code 1.
...
