000 (74453876.010.000) 2025-02-14 03:38:36 Job submitted from host: <131.225.189.168:9618?addrs=131.225.189.168-9618+[2620-6a-0-8421-f0-0-189-168]-9618&alias=lpcschedd6.fnal.gov&noUDP&sock=schedd_31891_26e2>
...
040 (74453876.010.000) 2025-02-14 03:56:43 Started transferring input files
	Transferring to host: <131.225.189.197:9618?addrs=[2620-6a-0-8421-f0-0-189-197]-9618+131.225.189.197-9618&alias=cmswn2138.fnal.gov&noUDP&sock=slot1_10_2169_01b1_31691>
...
040 (74453876.010.000) 2025-02-14 03:56:43 Finished transferring input files
...
001 (74453876.010.000) 2025-02-14 03:56:44 Job executing on host: <131.225.189.197:9618?addrs=[2620-6a-0-8421-f0-0-189-197]-9618+131.225.189.197-9618&alias=cmswn2138.fnal.gov&noUDP&sock=startd_2098_a1c8>
	SlotName: slot1_10@cmswn2138.fnal.gov
	CondorScratchDir = "/storage/local/data1/condor/execute/dir_3268165"
	Cpus = 4
	Disk = 7325353
	Memory = 2048
...
006 (74453876.010.000) 2025-02-14 03:56:53 Image size of job updated: 34
	34  -  MemoryUsage of job (MB)
	35348  -  ResidentSetSize of job (KB)
...
006 (74453876.010.000) 2025-02-14 03:57:47 Image size of job updated: 378
	378  -  MemoryUsage of job (MB)
	387848  -  ResidentSetSize of job (KB)
...
040 (74453876.010.000) 2025-02-14 03:57:47 Started transferring output files
...
040 (74453876.010.000) 2025-02-14 03:57:47 Finished transferring output files
...
005 (74453876.010.000) 2025-02-14 03:57:48 Job terminated.
	(1) Normal termination (return value 1)
		Usr 0 00:00:10, Sys 0 00:00:03  -  Run Remote Usage
		Usr 0 00:00:00, Sys 0 00:00:00  -  Run Local Usage
		Usr 0 00:00:10, Sys 0 00:00:03  -  Total Remote Usage
		Usr 0 00:00:00, Sys 0 00:00:00  -  Total Local Usage
	16796  -  Run Bytes Sent By Job
	420209  -  Run Bytes Received By Job
	16796  -  Total Bytes Sent By Job
	420209  -  Total Bytes Received By Job
	Partitionable Resources :    Usage  Request Allocated 
	   Cpus                 :     0.03        4         4 
	   Disk (KB)            :  1215     5242880   7325353 
	   Memory (MB)          :   378        2048      2048 
	   TimeExecute (s)      :    63                       
	   TimeSlotBusy (s)     :    65                       

	Job terminated of its own accord at 2025-02-14T09:57:47Z with exit-code 1.
...
