000 (47239042.024.000) 2025-02-15 07:25:53 Job submitted from host: <131.225.204.62:9618?addrs=131.225.204.62-9618+[2620-6a-0-8420-f0-0-204-62]-9618&alias=lpcschedd5.fnal.gov&noUDP&sock=schedd_2457_e048>
...
040 (47239042.024.000) 2025-02-15 07:27:28 Started transferring input files
	Transferring to host: <131.225.189.173:9618?addrs=[2620-6a-0-8421-f0-0-189-173]-9618+131.225.189.173-9618&alias=cmswn2123.fnal.gov&noUDP&sock=slot1_7_2342_e698_29521>
...
040 (47239042.024.000) 2025-02-15 07:27:28 Finished transferring input files
...
001 (47239042.024.000) 2025-02-15 07:27:29 Job executing on host: <131.225.189.173:9618?addrs=[2620-6a-0-8421-f0-0-189-173]-9618+131.225.189.173-9618&alias=cmswn2123.fnal.gov&noUDP&sock=startd_2221_ffef>
	SlotName: slot1_7@cmswn2123.fnal.gov
	CondorScratchDir = "/storage/local/data1/condor/execute/dir_2229488"
	Cpus = 4
	Disk = 10340910
	Memory = 2048
...
006 (47239042.024.000) 2025-02-15 07:28:43 Image size of job updated: 225
	225  -  MemoryUsage of job (MB)
	231256  -  ResidentSetSize of job (KB)
...
040 (47239042.024.000) 2025-02-15 07:32:04 Started transferring output files
...
040 (47239042.024.000) 2025-02-15 07:32:04 Finished transferring output files
...
005 (47239042.024.000) 2025-02-15 07:32:08 Job terminated.
	(1) Normal termination (return value 1)
		Usr 0 00:02:13, Sys 0 00:00:08  -  Run Remote Usage
		Usr 0 00:00:00, Sys 0 00:00:00  -  Run Local Usage
		Usr 0 00:02:13, Sys 0 00:00:08  -  Total Remote Usage
		Usr 0 00:00:00, Sys 0 00:00:00  -  Total Local Usage
	20250  -  Run Bytes Sent By Job
	683722  -  Run Bytes Received By Job
	20250  -  Total Bytes Sent By Job
	683722  -  Total Bytes Received By Job
	Partitionable Resources :    Usage  Request Allocated 
	   Cpus                 :        0        4         4 
	   Disk (KB)            :     1476  5242880  10340910 
	   Memory (MB)          :      225     2048      2048 
	   TimeExecute (s)      :      275                    
	   TimeSlotBusy (s)     :      280                    

	Job terminated of its own accord at 2025-02-15T13:32:04Z with exit-code 1.
...
