000 (76624572.014.000) 2025-02-27 14:26:35 Job submitted from host: <131.225.189.168:9618?addrs=131.225.189.168-9618+[2620-6a-0-8421-f0-0-189-168]-9618&alias=lpcschedd6.fnal.gov&noUDP&sock=schedd_31891_26e2>
...
040 (76624572.014.000) 2025-02-27 14:26:51 Started transferring input files
	Transferring to host: <131.225.189.241:9618?addrs=[2620-6a-0-8421-f0-0-189-241]-9618+131.225.189.241-9618&alias=cmswn2160.fnal.gov&noUDP&sock=slot1_19_2149_ea30_12412>
...
040 (76624572.014.000) 2025-02-27 14:26:51 Finished transferring input files
...
001 (76624572.014.000) 2025-02-27 14:26:52 Job executing on host: <131.225.189.241:9618?addrs=[2620-6a-0-8421-f0-0-189-241]-9618+131.225.189.241-9618&alias=cmswn2160.fnal.gov&noUDP&sock=startd_2062_f060>
	SlotName: slot1_19@cmswn2160.fnal.gov
	CondorScratchDir = "/storage/local/data1/condor/execute/dir_3880659"
	Cpus = 4
	Disk = 10349139
	Memory = 2048
...
006 (76624572.014.000) 2025-02-27 14:27:01 Image size of job updated: 38
	38  -  MemoryUsage of job (MB)
	39896  -  ResidentSetSize of job (KB)
...
006 (76624572.014.000) 2025-02-27 14:28:02 Image size of job updated: 525
	525  -  MemoryUsage of job (MB)
	537900  -  ResidentSetSize of job (KB)
...
006 (76624572.014.000) 2025-02-27 14:29:03 Image size of job updated: 573
	573  -  MemoryUsage of job (MB)
	587736  -  ResidentSetSize of job (KB)
...
006 (76624572.014.000) 2025-02-27 14:30:04 Image size of job updated: 574
	574  -  MemoryUsage of job (MB)
	587948  -  ResidentSetSize of job (KB)
...
040 (76624572.014.000) 2025-02-27 14:30:05 Started transferring output files
...
040 (76624572.014.000) 2025-02-27 14:30:05 Finished transferring output files
...
005 (76624572.014.000) 2025-02-27 14:30:06 Job terminated.
	(1) Normal termination (return value 1)
		Usr 0 00:00:59, Sys 0 00:00:08  -  Run Remote Usage
		Usr 0 00:00:00, Sys 0 00:00:00  -  Run Local Usage
		Usr 0 00:00:59, Sys 0 00:00:08  -  Total Remote Usage
		Usr 0 00:00:00, Sys 0 00:00:00  -  Total Local Usage
	50499  -  Run Bytes Sent By Job
	2154234  -  Run Bytes Received By Job
	50499  -  Total Bytes Sent By Job
	2154234  -  Total Bytes Received By Job
	Partitionable Resources :    Usage  Request Allocated 
	   Cpus                 :        0        4         4 
	   Disk (KB)            :     2937  5242880  10349139 
	   Memory (MB)          :      574     2048      2048 
	   TimeExecute (s)      :      193                    
	   TimeSlotBusy (s)     :      195                    

	Job terminated of its own accord at 2025-02-27T20:30:05Z with exit-code 1.
...
