000 (74453876.009.000) 2025-02-14 03:38:36 Job submitted from host: <131.225.189.168:9618?addrs=131.225.189.168-9618+[2620-6a-0-8421-f0-0-189-168]-9618&alias=lpcschedd6.fnal.gov&noUDP&sock=schedd_31891_26e2>
...
040 (74453876.009.000) 2025-02-14 03:56:43 Started transferring input files
	Transferring to host: <131.225.189.172:9618?addrs=[2620-6a-0-8421-f0-0-189-172]-9618+131.225.189.172-9618&alias=cmswn2122.fnal.gov&noUDP&sock=slot1_20_2859_2c8d_38069>
...
040 (74453876.009.000) 2025-02-14 03:56:43 Finished transferring input files
...
001 (74453876.009.000) 2025-02-14 03:56:44 Job executing on host: <131.225.189.172:9618?addrs=[2620-6a-0-8421-f0-0-189-172]-9618+131.225.189.172-9618&alias=cmswn2122.fnal.gov&noUDP&sock=startd_2597_e78b>
	SlotName: slot1_20@cmswn2122.fnal.gov
	CondorScratchDir = "/storage/local/data1/condor/execute/dir_2582282"
	Cpus = 4
	Disk = 10361850
	Memory = 2048
...
006 (74453876.009.000) 2025-02-14 03:56:52 Image size of job updated: 44
	44  -  MemoryUsage of job (MB)
	45260  -  ResidentSetSize of job (KB)
...
006 (74453876.009.000) 2025-02-14 03:57:53 Image size of job updated: 625
	625  -  MemoryUsage of job (MB)
	640136  -  ResidentSetSize of job (KB)
...
006 (74453876.009.000) 2025-02-14 03:58:20 Image size of job updated: 671
	671  -  MemoryUsage of job (MB)
	687992  -  ResidentSetSize of job (KB)
...
040 (74453876.009.000) 2025-02-14 03:58:20 Started transferring output files
...
040 (74453876.009.000) 2025-02-14 03:58:20 Finished transferring output files
...
005 (74453876.009.000) 2025-02-14 03:58:22 Job terminated.
	(1) Normal termination (return value 1)
		Usr 0 00:00:13, Sys 0 00:00:04  -  Run Remote Usage
		Usr 0 00:00:00, Sys 0 00:00:00  -  Run Local Usage
		Usr 0 00:00:13, Sys 0 00:00:04  -  Total Remote Usage
		Usr 0 00:00:00, Sys 0 00:00:00  -  Total Local Usage
	17801  -  Run Bytes Sent By Job
	420458  -  Run Bytes Received By Job
	17801  -  Total Bytes Sent By Job
	420458  -  Total Bytes Received By Job
	Partitionable Resources :    Usage  Request Allocated 
	   Cpus                 :     0.00        4         4 
	   Disk (KB)            :  1218     5242880  10361850 
	   Memory (MB)          :   671        2048      2048 
	   TimeExecute (s)      :    96                       
	   TimeSlotBusy (s)     :    99                       

	Job terminated of its own accord at 2025-02-14T09:58:20Z with exit-code 1.
...
