000 (47239042.022.000) 2025-02-15 07:25:53 Job submitted from host: <131.225.204.62:9618?addrs=131.225.204.62-9618+[2620-6a-0-8420-f0-0-204-62]-9618&alias=lpcschedd5.fnal.gov&noUDP&sock=schedd_2457_e048>
...
040 (47239042.022.000) 2025-02-15 07:27:24 Started transferring input files
	Transferring to host: <131.225.188.105:9618?addrs=[2620-6a-0-8421-f0-0-188-105]-9618+131.225.188.105-9618&alias=cmswn2046.fnal.gov&noUDP&sock=slot1_20_2449_4abd_33294>
...
040 (47239042.022.000) 2025-02-15 07:27:24 Finished transferring input files
...
001 (47239042.022.000) 2025-02-15 07:27:25 Job executing on host: <131.225.188.105:9618?addrs=[2620-6a-0-8421-f0-0-188-105]-9618+131.225.188.105-9618&alias=cmswn2046.fnal.gov&noUDP&sock=startd_2071_1cba>
	SlotName: slot1_20@cmswn2046.fnal.gov
	CondorScratchDir = "/storage/local/data1/condor/execute/dir_2119801"
	Cpus = 4
	Disk = 6431328
	Memory = 2048
...
006 (47239042.022.000) 2025-02-15 07:27:34 Image size of job updated: 45
	45  -  MemoryUsage of job (MB)
	46524  -  ResidentSetSize of job (KB)
...
006 (47239042.022.000) 2025-02-15 07:28:35 Image size of job updated: 400
	400  -  MemoryUsage of job (MB)
	409652  -  ResidentSetSize of job (KB)
...
006 (47239042.022.000) 2025-02-15 07:29:35 Image size of job updated: 527
	527  -  MemoryUsage of job (MB)
	539728  -  ResidentSetSize of job (KB)
...
006 (47239042.022.000) 2025-02-15 07:30:35 Image size of job updated: 610
	610  -  MemoryUsage of job (MB)
	625076  -  ResidentSetSize of job (KB)
...
006 (47239042.022.000) 2025-02-15 07:31:36 Image size of job updated: 673
	673  -  MemoryUsage of job (MB)
	689544  -  ResidentSetSize of job (KB)
...
040 (47239042.022.000) 2025-02-15 07:31:40 Started transferring output files
...
040 (47239042.022.000) 2025-02-15 07:31:40 Finished transferring output files
...
005 (47239042.022.000) 2025-02-15 07:31:43 Job terminated.
	(1) Normal termination (return value 1)
		Usr 0 00:00:35, Sys 0 00:00:07  -  Run Remote Usage
		Usr 0 00:00:00, Sys 0 00:00:00  -  Run Local Usage
		Usr 0 00:00:35, Sys 0 00:00:07  -  Total Remote Usage
		Usr 0 00:00:00, Sys 0 00:00:00  -  Total Local Usage
	19454  -  Run Bytes Sent By Job
	625581  -  Run Bytes Received By Job
	19454  -  Total Bytes Sent By Job
	625581  -  Total Bytes Received By Job
	Partitionable Resources :    Usage  Request Allocated 
	   Cpus                 :     0.00        4         4 
	   Disk (KB)            :  1417     5242880   6431328 
	   Memory (MB)          :   673        2048      2048 
	   TimeExecute (s)      :   254                       
	   TimeSlotBusy (s)     :   259                       

	Job terminated of its own accord at 2025-02-15T13:31:39Z with exit-code 1.
...
