000 (76624561.006.000) 2025-02-27 14:21:08 Job submitted from host: <131.225.189.168:9618?addrs=131.225.189.168-9618+[2620-6a-0-8421-f0-0-189-168]-9618&alias=lpcschedd6.fnal.gov&noUDP&sock=schedd_31891_26e2>
...
040 (76624561.006.000) 2025-02-27 14:22:08 Started transferring input files
	Transferring to host: <131.225.189.204:9618?addrs=[2620-6a-0-8421-f0-0-189-204]-9618+131.225.189.204-9618&alias=cmswn2141.fnal.gov&noUDP&sock=slot1_9_2165_3031_38144>
...
040 (76624561.006.000) 2025-02-27 14:22:08 Finished transferring input files
...
001 (76624561.006.000) 2025-02-27 14:22:09 Job executing on host: <131.225.189.204:9618?addrs=[2620-6a-0-8421-f0-0-189-204]-9618+131.225.189.204-9618&alias=cmswn2141.fnal.gov&noUDP&sock=startd_2111_8c84>
	SlotName: slot1_9@cmswn2141.fnal.gov
	CondorScratchDir = "/storage/local/data1/condor/execute/dir_1665217"
	Cpus = 4
	Disk = 7358104
	Memory = 2048
...
006 (76624561.006.000) 2025-02-27 14:22:18 Image size of job updated: 50
	50  -  MemoryUsage of job (MB)
	52012  -  ResidentSetSize of job (KB)
...
004 (76624561.006.000) 2025-02-27 14:22:20 Job was evicted.
	(0) CPU times
		Usr 0 00:00:00, Sys 0 00:00:00  -  Run Remote Usage
		Usr 0 00:00:00, Sys 0 00:00:00  -  Run Local Usage
	0  -  Run Bytes Sent By Job
	2126729  -  Run Bytes Received By Job
	Partitionable Resources :    Usage  Request Allocated 
	   Cpus                 :        0        4         4 
	   Disk (KB)            :     2847  5242880   7358104 
	   Memory (MB)          :       50     2048      2048 
	   TimeExecute (s)      :       10                    
	   TimeSlotBusy (s)     :       12                    
...
009 (76624561.006.000) 2025-02-27 14:22:20 Job was aborted.
	via condor_rm (by user vsinha)
...
