000 (76624572.006.000) 2025-02-27 14:26:35 Job submitted from host: <131.225.189.168:9618?addrs=131.225.189.168-9618+[2620-6a-0-8421-f0-0-189-168]-9618&alias=lpcschedd6.fnal.gov&noUDP&sock=schedd_31891_26e2>
...
040 (76624572.006.000) 2025-02-27 14:26:50 Started transferring input files
	Transferring to host: <131.225.189.154:9618?addrs=[2620-6a-0-8421-f0-0-189-154]-9618+131.225.189.154-9618&alias=cmswn2111.fnal.gov&noUDP&sock=slot1_17_2534_2ea0_47338>
...
040 (76624572.006.000) 2025-02-27 14:26:50 Finished transferring input files
...
001 (76624572.006.000) 2025-02-27 14:26:51 Job executing on host: <131.225.189.154:9618?addrs=[2620-6a-0-8421-f0-0-189-154]-9618+131.225.189.154-9618&alias=cmswn2111.fnal.gov&noUDP&sock=startd_2053_c405>
	SlotName: slot1_17@cmswn2111.fnal.gov
	CondorScratchDir = "/storage/local/data1/condor/execute/dir_317223"
	Cpus = 4
	Disk = 10335497
	Memory = 2048
...
006 (76624572.006.000) 2025-02-27 14:27:00 Image size of job updated: 58
	58  -  MemoryUsage of job (MB)
	60248  -  ResidentSetSize of job (KB)
...
006 (76624572.006.000) 2025-02-27 14:28:01 Image size of job updated: 918
	918  -  MemoryUsage of job (MB)
	940436  -  ResidentSetSize of job (KB)
...
006 (76624572.006.000) 2025-02-27 14:28:44 Image size of job updated: 1044
	1044  -  MemoryUsage of job (MB)
	1069672  -  ResidentSetSize of job (KB)
...
040 (76624572.006.000) 2025-02-27 14:28:45 Started transferring output files
...
040 (76624572.006.000) 2025-02-27 14:28:45 Finished transferring output files
...
005 (76624572.006.000) 2025-02-27 14:28:45 Job terminated.
	(1) Normal termination (return value 1)
		Usr 0 00:00:07, Sys 0 00:00:03  -  Run Remote Usage
		Usr 0 00:00:00, Sys 0 00:00:00  -  Run Local Usage
		Usr 0 00:00:07, Sys 0 00:00:03  -  Total Remote Usage
		Usr 0 00:00:00, Sys 0 00:00:00  -  Total Local Usage
	38718  -  Run Bytes Sent By Job
	2151442  -  Run Bytes Received By Job
	38718  -  Total Bytes Sent By Job
	2151442  -  Total Bytes Received By Job
	Partitionable Resources :    Usage  Request Allocated 
	   Cpus                 :        0        4         4 
	   Disk (KB)            :     2923  5242880  10335497 
	   Memory (MB)          :     1044     2048      2048 
	   TimeExecute (s)      :      113                    
	   TimeSlotBusy (s)     :      115                    

	Job terminated of its own accord at 2025-02-27T20:28:44Z with exit-code 1.
...
