000 (47239042.025.000) 2025-02-15 07:25:53 Job submitted from host: <131.225.204.62:9618?addrs=131.225.204.62-9618+[2620-6a-0-8420-f0-0-204-62]-9618&alias=lpcschedd5.fnal.gov&noUDP&sock=schedd_2457_e048>
...
040 (47239042.025.000) 2025-02-15 07:27:28 Started transferring input files
	Transferring to host: <131.225.189.172:9618?addrs=[2620-6a-0-8421-f0-0-189-172]-9618+131.225.189.172-9618&alias=cmswn2122.fnal.gov&noUDP&sock=slot1_15_2859_2c8d_39366>
...
040 (47239042.025.000) 2025-02-15 07:27:28 Finished transferring input files
...
001 (47239042.025.000) 2025-02-15 07:27:29 Job executing on host: <131.225.189.172:9618?addrs=[2620-6a-0-8421-f0-0-189-172]-9618+131.225.189.172-9618&alias=cmswn2122.fnal.gov&noUDP&sock=startd_2597_e78b>
	SlotName: slot1_15@cmswn2122.fnal.gov
	CondorScratchDir = "/storage/local/data1/condor/execute/dir_766740"
	Cpus = 4
	Disk = 10361850
	Memory = 2048
...
006 (47239042.025.000) 2025-02-15 07:27:38 Image size of job updated: 47
	47  -  MemoryUsage of job (MB)
	49116  -  ResidentSetSize of job (KB)
...
006 (47239042.025.000) 2025-02-15 07:28:38 Image size of job updated: 236
	236  -  MemoryUsage of job (MB)
	242544  -  ResidentSetSize of job (KB)
...
006 (47239042.025.000) 2025-02-15 07:29:38 Image size of job updated: 236
	236  -  MemoryUsage of job (MB)
	242608  -  ResidentSetSize of job (KB)
...
040 (47239042.025.000) 2025-02-15 07:32:36 Started transferring output files
...
040 (47239042.025.000) 2025-02-15 07:32:36 Finished transferring output files
...
005 (47239042.025.000) 2025-02-15 07:32:36 Job terminated.
	(1) Normal termination (return value 1)
		Usr 0 00:03:10, Sys 0 00:00:11  -  Run Remote Usage
		Usr 0 00:00:00, Sys 0 00:00:00  -  Run Local Usage
		Usr 0 00:03:10, Sys 0 00:00:11  -  Total Remote Usage
		Usr 0 00:00:00, Sys 0 00:00:00  -  Total Local Usage
	19791  -  Run Bytes Sent By Job
	685084  -  Run Bytes Received By Job
	19791  -  Total Bytes Sent By Job
	685084  -  Total Bytes Received By Job
	Partitionable Resources :    Usage  Request Allocated 
	   Cpus                 :     0.00        4         4 
	   Disk (KB)            :  1474     5242880  10361850 
	   Memory (MB)          :   236        2048      2048 
	   TimeExecute (s)      :   306                       
	   TimeSlotBusy (s)     :   308                       

	Job terminated of its own accord at 2025-02-15T13:32:35Z with exit-code 1.
...
