000 (11162672.021.000) 2025-02-21 01:57:55 Job submitted from host: <131.225.189.251:9618?addrs=131.225.189.251-9618+[2620-6a-0-8421--e8]-9618&alias=lpcschedd4.fnal.gov&noUDP&sock=schedd_1925_f7e6>
...
040 (11162672.021.000) 2025-02-21 02:00:40 Started transferring input files
	Transferring to host: <131.225.189.197:9618?addrs=[2620-6a-0-8421-f0-0-189-197]-9618+131.225.189.197-9618&alias=cmswn2138.fnal.gov&noUDP&sock=slot1_19_2169_01b1_36439>
...
040 (11162672.021.000) 2025-02-21 02:00:40 Finished transferring input files
...
001 (11162672.021.000) 2025-02-21 02:00:41 Job executing on host: <131.225.189.197:9618?addrs=[2620-6a-0-8421-f0-0-189-197]-9618+131.225.189.197-9618&alias=cmswn2138.fnal.gov&noUDP&sock=startd_2098_a1c8>
	SlotName: slot1_19@cmswn2138.fnal.gov
	CondorScratchDir = "/storage/local/data1/condor/execute/dir_352917"
	Cpus = 4
	Disk = 7325353
	Memory = 2048
...
006 (11162672.021.000) 2025-02-21 02:01:51 Image size of job updated: 256
	256  -  MemoryUsage of job (MB)
	262836  -  ResidentSetSize of job (KB)
...
006 (11162672.021.000) 2025-02-21 02:02:51 Image size of job updated: 292
	292  -  MemoryUsage of job (MB)
	299508  -  ResidentSetSize of job (KB)
...
006 (11162672.021.000) 2025-02-21 02:04:53 Image size of job updated: 292
	292  -  MemoryUsage of job (MB)
	299680  -  ResidentSetSize of job (KB)
...
006 (11162672.021.000) 2025-02-21 02:05:54 Image size of job updated: 292
	292  -  MemoryUsage of job (MB)
	299772  -  ResidentSetSize of job (KB)
...
006 (11162672.021.000) 2025-02-21 02:08:55 Image size of job updated: 292
	292  -  MemoryUsage of job (MB)
	299780  -  ResidentSetSize of job (KB)
...
006 (11162672.021.000) 2025-02-21 02:09:56 Image size of job updated: 292
	292  -  MemoryUsage of job (MB)
	299940  -  ResidentSetSize of job (KB)
...
040 (11162672.021.000) 2025-02-21 02:10:28 Started transferring output files
...
040 (11162672.021.000) 2025-02-21 02:10:28 Finished transferring output files
...
005 (11162672.021.000) 2025-02-21 02:10:29 Job terminated.
	(1) Normal termination (return value 1)
		Usr 0 00:05:38, Sys 0 00:00:36  -  Run Remote Usage
		Usr 0 00:00:00, Sys 0 00:00:00  -  Run Local Usage
		Usr 0 00:05:38, Sys 0 00:00:36  -  Total Remote Usage
		Usr 0 00:00:00, Sys 0 00:00:00  -  Total Local Usage
	52186  -  Run Bytes Sent By Job
	1113087  -  Run Bytes Received By Job
	52186  -  Total Bytes Sent By Job
	1113087  -  Total Bytes Received By Job
	Partitionable Resources :    Usage  Request Allocated 
	   Cpus                 :     0.00        4         4 
	   Disk (KB)            :  1921     5242880   7325353 
	   Memory (MB)          :   292        2048      2048 

	Job terminated of its own accord at 2025-02-21T08:10:28Z with exit-code 1.
...
