000 (47306185.028.000) 2025-03-07 08:43:25 Job submitted from host: <131.225.204.62:9618?addrs=131.225.204.62-9618+[2620-6a-0-8420-f0-0-204-62]-9618&alias=lpcschedd5.fnal.gov&noUDP&sock=schedd_2457_e048>
...
040 (47306185.028.000) 2025-03-07 08:43:37 Started transferring input files
	Transferring to host: <131.225.189.190:9618?addrs=[2620-6a-0-8421-f0-0-189-190]-9618+131.225.189.190-9618&alias=cmswn2135.fnal.gov&noUDP&sock=slot1_12_2161_5eb1_43318>
...
040 (47306185.028.000) 2025-03-07 08:43:37 Finished transferring input files
...
001 (47306185.028.000) 2025-03-07 08:43:38 Job executing on host: <131.225.189.190:9618?addrs=[2620-6a-0-8421-f0-0-189-190]-9618+131.225.189.190-9618&alias=cmswn2135.fnal.gov&noUDP&sock=startd_2094_e367>
	SlotName: slot1_12@cmswn2135.fnal.gov
	CondorScratchDir = "/storage/local/data1/condor/execute/dir_3273721"
	Cpus = 4
	Disk = 7335732
	Memory = 2048
...
006 (47306185.028.000) 2025-03-07 08:43:46 Image size of job updated: 36
	36  -  MemoryUsage of job (MB)
	37168  -  ResidentSetSize of job (KB)
...
006 (47306185.028.000) 2025-03-07 08:44:47 Image size of job updated: 940
	940  -  MemoryUsage of job (MB)
	962960  -  ResidentSetSize of job (KB)
...
006 (47306185.028.000) 2025-03-07 08:45:48 Image size of job updated: 1037
	1037  -  MemoryUsage of job (MB)
	1061960  -  ResidentSetSize of job (KB)
...
006 (47306185.028.000) 2025-03-07 08:46:48 Image size of job updated: 1267
	1267  -  MemoryUsage of job (MB)
	1297760  -  ResidentSetSize of job (KB)
...
040 (47306185.028.000) 2025-03-07 11:08:54 Started transferring output files
...
040 (47306185.028.000) 2025-03-07 11:08:54 Finished transferring output files
...
005 (47306185.028.000) 2025-03-07 11:08:55 Job terminated.
	(1) Normal termination (return value 1)
		Usr 0 02:09:53, Sys 0 00:02:04  -  Run Remote Usage
		Usr 0 00:00:00, Sys 0 00:00:00  -  Run Local Usage
		Usr 0 02:09:53, Sys 0 00:02:04  -  Total Remote Usage
		Usr 0 00:00:00, Sys 0 00:00:00  -  Total Local Usage
	60800  -  Run Bytes Sent By Job
	2794031  -  Run Bytes Received By Job
	60800  -  Total Bytes Sent By Job
	2794031  -  Total Bytes Received By Job
	Partitionable Resources :    Usage  Request Allocated 
	   Cpus                 :     0.00        4         4 
	   Disk (KB)            :  3569     5242880   7335732 
	   Memory (MB)          :  1267        2048      2048 
	   TimeExecute (s)      :  8716                       
	   TimeSlotBusy (s)     :  8718                       

	Job terminated of its own accord at 2025-03-07T17:08:54Z with exit-code 1.
...
