000 (47239042.005.000) 2025-02-15 07:25:53 Job submitted from host: <131.225.204.62:9618?addrs=131.225.204.62-9618+[2620-6a-0-8420-f0-0-204-62]-9618&alias=lpcschedd5.fnal.gov&noUDP&sock=schedd_2457_e048>
...
040 (47239042.005.000) 2025-02-15 07:26:18 Started transferring input files
	Transferring to host: <131.225.189.172:9618?addrs=[2620-6a-0-8421-f0-0-189-172]-9618+131.225.189.172-9618&alias=cmswn2122.fnal.gov&noUDP&sock=slot1_15_2859_2c8d_39363>
...
040 (47239042.005.000) 2025-02-15 07:26:18 Finished transferring input files
...
001 (47239042.005.000) 2025-02-15 07:26:19 Job executing on host: <131.225.189.172:9618?addrs=[2620-6a-0-8421-f0-0-189-172]-9618+131.225.189.172-9618&alias=cmswn2122.fnal.gov&noUDP&sock=startd_2597_e78b>
	SlotName: slot1_15@cmswn2122.fnal.gov
	CondorScratchDir = "/storage/local/data1/condor/execute/dir_762276"
	Cpus = 4
	Disk = 10361850
	Memory = 2048
...
006 (47239042.005.000) 2025-02-15 07:27:04 Image size of job updated: 405
	405  -  MemoryUsage of job (MB)
	414752  -  ResidentSetSize of job (KB)
...
040 (47239042.005.000) 2025-02-15 07:27:04 Started transferring output files
...
040 (47239042.005.000) 2025-02-15 07:27:04 Finished transferring output files
...
005 (47239042.005.000) 2025-02-15 07:27:05 Job terminated.
	(1) Normal termination (return value 1)
		Usr 0 00:00:00, Sys 0 00:00:00  -  Run Remote Usage
		Usr 0 00:00:00, Sys 0 00:00:00  -  Run Local Usage
		Usr 0 00:00:00, Sys 0 00:00:00  -  Total Remote Usage
		Usr 0 00:00:00, Sys 0 00:00:00  -  Total Local Usage
	15492  -  Run Bytes Sent By Job
	584658  -  Run Bytes Received By Job
	15492  -  Total Bytes Sent By Job
	584658  -  Total Bytes Received By Job
	Partitionable Resources :    Usage  Request Allocated 
	   Cpus                 :     0.03        4         4 
	   Disk (KB)            :  1372     5242880  10361850 
	   Memory (MB)          :   405        2048      2048 
	   TimeExecute (s)      :    45                       
	   TimeSlotBusy (s)     :    47                       

	Job terminated of its own accord at 2025-02-15T13:27:04Z with exit-code 1.
...
