000 (47239042.028.000) 2025-02-15 07:25:53 Job submitted from host: <131.225.204.62:9618?addrs=131.225.204.62-9618+[2620-6a-0-8420-f0-0-204-62]-9618&alias=lpcschedd5.fnal.gov&noUDP&sock=schedd_2457_e048>
...
040 (47239042.028.000) 2025-02-15 07:27:45 Started transferring input files
	Transferring to host: <131.225.188.21:9618?addrs=[2620-6a-0-8421-f0-0-188-21]-9618+131.225.188.21-9618&alias=cmswn2023.fnal.gov&noUDP&sock=slot1_19_2160_aa51_42989>
...
040 (47239042.028.000) 2025-02-15 07:27:45 Finished transferring input files
...
001 (47239042.028.000) 2025-02-15 07:27:46 Job executing on host: <131.225.188.21:9618?addrs=[2620-6a-0-8421-f0-0-188-21]-9618+131.225.188.21-9618&alias=cmswn2023.fnal.gov&noUDP&sock=startd_2106_1e8a>
	SlotName: slot1_19@cmswn2023.fnal.gov
	CondorScratchDir = "/storage/local/data1/condor/execute/dir_3101036"
	Cpus = 4
	Disk = 6953002
	Memory = 2048
...
006 (47239042.028.000) 2025-02-15 07:27:55 Image size of job updated: 44
	44  -  MemoryUsage of job (MB)
	45652  -  ResidentSetSize of job (KB)
...
006 (47239042.028.000) 2025-02-15 07:28:55 Image size of job updated: 635
	635  -  MemoryUsage of job (MB)
	650252  -  ResidentSetSize of job (KB)
...
006 (47239042.028.000) 2025-02-15 07:29:55 Image size of job updated: 751
	751  -  MemoryUsage of job (MB)
	769072  -  ResidentSetSize of job (KB)
...
006 (47239042.028.000) 2025-02-15 07:30:55 Image size of job updated: 778
	778  -  MemoryUsage of job (MB)
	796880  -  ResidentSetSize of job (KB)
...
006 (47239042.028.000) 2025-02-15 07:32:57 Image size of job updated: 778
	778  -  MemoryUsage of job (MB)
	796896  -  ResidentSetSize of job (KB)
...
040 (47239042.028.000) 2025-02-15 07:37:38 Started transferring output files
...
040 (47239042.028.000) 2025-02-15 07:37:38 Finished transferring output files
...
005 (47239042.028.000) 2025-02-15 07:37:39 Job terminated.
	(1) Normal termination (return value 1)
		Usr 0 00:06:53, Sys 0 00:00:15  -  Run Remote Usage
		Usr 0 00:00:00, Sys 0 00:00:00  -  Run Local Usage
		Usr 0 00:06:53, Sys 0 00:00:15  -  Total Remote Usage
		Usr 0 00:00:00, Sys 0 00:00:00  -  Total Local Usage
	20561  -  Run Bytes Sent By Job
	702253  -  Run Bytes Received By Job
	20561  -  Total Bytes Sent By Job
	702253  -  Total Bytes Received By Job
	Partitionable Resources :    Usage  Request Allocated 
	   Cpus                 :     0.00        4         4 
	   Disk (KB)            :  1491     5242880   6953002 
	   Memory (MB)          :   778        2048      2048 
	   TimeExecute (s)      :   592                       
	   TimeSlotBusy (s)     :   594                       

	Job terminated of its own accord at 2025-02-15T13:37:38Z with exit-code 1.
...
