000 (47306185.006.000) 2025-03-07 08:43:24 Job submitted from host: <131.225.204.62:9618?addrs=131.225.204.62-9618+[2620-6a-0-8420-f0-0-204-62]-9618&alias=lpcschedd5.fnal.gov&noUDP&sock=schedd_2457_e048>
...
040 (47306185.006.000) 2025-03-07 08:43:38 Started transferring input files
	Transferring to host: <131.225.188.241:9618?addrs=[2620-6a-0-8421-f0-0-188-241]-9618+131.225.188.241-9618&alias=cmswn2073.fnal.gov&noUDP&sock=slot1_21_2587_8682_4167>
...
040 (47306185.006.000) 2025-03-07 08:43:38 Finished transferring input files
...
001 (47306185.006.000) 2025-03-07 08:43:39 Job executing on host: <131.225.188.241:9618?addrs=[2620-6a-0-8421-f0-0-188-241]-9618+131.225.188.241-9618&alias=cmswn2073.fnal.gov&noUDP&sock=startd_2185_4e86>
	SlotName: slot1_21@cmswn2073.fnal.gov
	CondorScratchDir = "/storage/local/data1/condor/execute/dir_2702415"
	Cpus = 4
	Disk = 6431035
	Memory = 2048
...
006 (47306185.006.000) 2025-03-07 08:43:48 Image size of job updated: 46
	46  -  MemoryUsage of job (MB)
	47472  -  ResidentSetSize of job (KB)
...
006 (47306185.006.000) 2025-03-07 08:44:49 Image size of job updated: 911
	911  -  MemoryUsage of job (MB)
	933380  -  ResidentSetSize of job (KB)
...
040 (47306185.006.000) 2025-03-07 08:45:14 Started transferring output files
...
040 (47306185.006.000) 2025-03-07 08:45:14 Finished transferring output files
...
005 (47306185.006.000) 2025-03-07 08:45:15 Job terminated.
	(1) Normal termination (return value 1)
		Usr 0 00:00:08, Sys 0 00:00:03  -  Run Remote Usage
		Usr 0 00:00:00, Sys 0 00:00:00  -  Run Local Usage
		Usr 0 00:00:08, Sys 0 00:00:03  -  Total Remote Usage
		Usr 0 00:00:00, Sys 0 00:00:00  -  Total Local Usage
	38845  -  Run Bytes Sent By Job
	2798752  -  Run Bytes Received By Job
	38845  -  Total Bytes Sent By Job
	2798752  -  Total Bytes Received By Job
	Partitionable Resources :    Usage  Request Allocated 
	   Cpus                 :     0.03        4         4 
	   Disk (KB)            :  3555     5242880   6431035 
	   Memory (MB)          :   911        2048      2048 
	   TimeExecute (s)      :    95                       
	   TimeSlotBusy (s)     :    97                       

	Job terminated of its own accord at 2025-03-07T14:45:14Z with exit-code 1.
...
