000 (10695023.013.000) 2025-02-16 08:36:32 Job submitted from host: <131.225.189.251:9618?addrs=131.225.189.251-9618+[2620-6a-0-8421--e8]-9618&alias=lpcschedd4.fnal.gov&noUDP&sock=schedd_1925_f7e6>
...
040 (10695023.013.000) 2025-02-16 08:37:59 Started transferring input files
	Transferring to host: <131.225.188.73:9618?addrs=[2620-6a-0-8421-f0-0-188-73]-9618+131.225.188.73-9618&alias=cmswn2038.fnal.gov&noUDP&sock=slot1_35_2216_1f53_32163>
...
040 (10695023.013.000) 2025-02-16 08:37:59 Finished transferring input files
...
001 (10695023.013.000) 2025-02-16 08:38:00 Job executing on host: <131.225.188.73:9618?addrs=[2620-6a-0-8421-f0-0-188-73]-9618+131.225.188.73-9618&alias=cmswn2038.fnal.gov&noUDP&sock=startd_2163_3770>
	SlotName: slot1_35@cmswn2038.fnal.gov
	CondorScratchDir = "/storage/local/data1/condor/execute/dir_2396827"
	Cpus = 4
	Disk = 6898844
	Memory = 2048
...
006 (10695023.013.000) 2025-02-16 08:38:08 Image size of job updated: 57
	57  -  MemoryUsage of job (MB)
	59268  -  ResidentSetSize of job (KB)
...
006 (10695023.013.000) 2025-02-16 08:39:08 Image size of job updated: 530
	530  -  MemoryUsage of job (MB)
	543672  -  ResidentSetSize of job (KB)
...
006 (10695023.013.000) 2025-02-16 08:39:33 Image size of job updated: 580
	580  -  MemoryUsage of job (MB)
	594604  -  ResidentSetSize of job (KB)
...
040 (10695023.013.000) 2025-02-16 08:39:33 Started transferring output files
...
040 (10695023.013.000) 2025-02-16 08:39:33 Finished transferring output files
...
005 (10695023.013.000) 2025-02-16 08:39:34 Job terminated.
	(1) Normal termination (return value 1)
		Usr 0 00:00:03, Sys 0 00:00:02  -  Run Remote Usage
		Usr 0 00:00:00, Sys 0 00:00:00  -  Run Local Usage
		Usr 0 00:00:03, Sys 0 00:00:02  -  Total Remote Usage
		Usr 0 00:00:00, Sys 0 00:00:00  -  Total Local Usage
	16724  -  Run Bytes Sent By Job
	784214  -  Run Bytes Received By Job
	16724  -  Total Bytes Sent By Job
	784214  -  Total Bytes Received By Job
	Partitionable Resources :    Usage  Request Allocated 
	   Cpus                 :        0        4         4 
	   Disk (KB)            :     1569  5242880   6898844 
	   Memory (MB)          :      580     2048      2048 

	Job terminated of its own accord at 2025-02-16T14:39:33Z with exit-code 1.
...
