000 (76624561.013.000) 2025-02-27 14:21:08 Job submitted from host: <131.225.189.168:9618?addrs=131.225.189.168-9618+[2620-6a-0-8421-f0-0-189-168]-9618&alias=lpcschedd6.fnal.gov&noUDP&sock=schedd_31891_26e2>
...
040 (76624561.013.000) 2025-02-27 14:22:09 Started transferring input files
	Transferring to host: <131.225.189.46:9618?addrs=[2620-6a-0-8421-f0-0-189-46]-9618+131.225.189.46-9618&alias=cmswn2095.fnal.gov&noUDP&sock=slot1_17_2413_ed3b_47739>
...
040 (76624561.013.000) 2025-02-27 14:22:09 Finished transferring input files
...
001 (76624561.013.000) 2025-02-27 14:22:10 Job executing on host: <131.225.189.46:9618?addrs=[2620-6a-0-8421-f0-0-189-46]-9618+131.225.189.46-9618&alias=cmswn2095.fnal.gov&noUDP&sock=startd_2056_d2ce>
	SlotName: slot1_17@cmswn2095.fnal.gov
	CondorScratchDir = "/storage/local/data1/condor/execute/dir_1206688"
	Cpus = 4
	Disk = 6480857
	Memory = 2048
...
006 (76624561.013.000) 2025-02-27 14:24:26 Image size of job updated: 49
	49  -  MemoryUsage of job (MB)
	50652  -  ResidentSetSize of job (KB)
...
006 (76624561.013.000) 2025-02-27 14:25:26 Image size of job updated: 375
	375  -  MemoryUsage of job (MB)
	384356  -  ResidentSetSize of job (KB)
...
006 (76624561.013.000) 2025-02-27 14:26:26 Image size of job updated: 440
	440  -  MemoryUsage of job (MB)
	451532  -  ResidentSetSize of job (KB)
...
006 (76624561.013.000) 2025-02-27 14:27:26 Image size of job updated: 496
	496  -  MemoryUsage of job (MB)
	508920  -  ResidentSetSize of job (KB)
...
006 (76624561.013.000) 2025-02-27 14:28:26 Image size of job updated: 549
	549  -  MemoryUsage of job (MB)
	562364  -  ResidentSetSize of job (KB)
...
006 (76624561.013.000) 2025-02-27 14:29:26 Image size of job updated: 575
	575  -  MemoryUsage of job (MB)
	589812  -  ResidentSetSize of job (KB)
...
006 (76624561.013.000) 2025-02-27 14:30:27 Image size of job updated: 600
	600  -  MemoryUsage of job (MB)
	615160  -  ResidentSetSize of job (KB)
...
006 (76624561.013.000) 2025-02-27 14:31:27 Image size of job updated: 630
	630  -  MemoryUsage of job (MB)
	645144  -  ResidentSetSize of job (KB)
...
004 (76624561.013.000) 2025-02-27 14:32:47 Job was evicted.
	(0) CPU times
		Usr 0 00:00:36, Sys 0 00:00:06  -  Run Remote Usage
		Usr 0 00:00:00, Sys 0 00:00:00  -  Run Local Usage
	0  -  Run Bytes Sent By Job
	2129168  -  Run Bytes Received By Job
	Partitionable Resources :    Usage  Request Allocated 
	   Cpus                 :     0.00        4         4 
	   Disk (KB)            :  2885     5242880   6480857 
	   Memory (MB)          :   630        2048      2048 
...
009 (76624561.013.000) 2025-02-27 14:32:47 Job was aborted.
	via condor_rm (by user vsinha)
...
