000 (74453876.015.000) 2025-02-14 03:38:36 Job submitted from host: <131.225.189.168:9618?addrs=131.225.189.168-9618+[2620-6a-0-8421-f0-0-189-168]-9618&alias=lpcschedd6.fnal.gov&noUDP&sock=schedd_31891_26e2>
...
040 (74453876.015.000) 2025-02-14 03:57:05 Started transferring input files
	Transferring to host: <131.225.188.219:9618?addrs=[2620-6a-0-8421-f0-0-188-219]-9618+131.225.188.219-9618&alias=cmswn2070.fnal.gov&noUDP&sock=slot1_17_2535_e300_46135>
...
040 (74453876.015.000) 2025-02-14 03:57:05 Finished transferring input files
...
001 (74453876.015.000) 2025-02-14 03:57:06 Job executing on host: <131.225.188.219:9618?addrs=[2620-6a-0-8421-f0-0-188-219]-9618+131.225.188.219-9618&alias=cmswn2070.fnal.gov&noUDP&sock=startd_2223_5f1f>
	SlotName: slot1_17@cmswn2070.fnal.gov
	CondorScratchDir = "/storage/local/data1/condor/execute/dir_1809929"
	Cpus = 4
	Disk = 6519000
	Memory = 2048
...
006 (74453876.015.000) 2025-02-14 03:57:14 Image size of job updated: 40
	40  -  MemoryUsage of job (MB)
	41740  -  ResidentSetSize of job (KB)
...
006 (74453876.015.000) 2025-02-14 03:58:14 Image size of job updated: 785
	785  -  MemoryUsage of job (MB)
	804692  -  ResidentSetSize of job (KB)
...
006 (74453876.015.000) 2025-02-14 03:58:41 Image size of job updated: 914
	914  -  MemoryUsage of job (MB)
	936928  -  ResidentSetSize of job (KB)
...
040 (74453876.015.000) 2025-02-14 03:58:41 Started transferring output files
...
040 (74453876.015.000) 2025-02-14 03:58:41 Finished transferring output files
...
005 (74453876.015.000) 2025-02-14 03:58:41 Job terminated.
	(1) Normal termination (return value 1)
		Usr 0 00:00:11, Sys 0 00:00:03  -  Run Remote Usage
		Usr 0 00:00:00, Sys 0 00:00:00  -  Run Local Usage
		Usr 0 00:00:11, Sys 0 00:00:03  -  Total Remote Usage
		Usr 0 00:00:00, Sys 0 00:00:00  -  Total Local Usage
	17374  -  Run Bytes Sent By Job
	454939  -  Run Bytes Received By Job
	17374  -  Total Bytes Sent By Job
	454939  -  Total Bytes Received By Job
	Partitionable Resources :    Usage  Request Allocated 
	   Cpus                 :     0.01        4         4 
	   Disk (KB)            :  1250     5242880   6519000 
	   Memory (MB)          :   914        2048      2048 
	   TimeExecute (s)      :    95                       
	   TimeSlotBusy (s)     :    96                       

	Job terminated of its own accord at 2025-02-14T09:58:41Z with exit-code 1.
...
