000 (11162672.014.000) 2025-02-21 01:57:55 Job submitted from host: <131.225.189.251:9618?addrs=131.225.189.251-9618+[2620-6a-0-8421--e8]-9618&alias=lpcschedd4.fnal.gov&noUDP&sock=schedd_1925_f7e6>
...
040 (11162672.014.000) 2025-02-21 02:00:29 Started transferring input files
	Transferring to host: <131.225.189.222:9618?addrs=[2620-6a-0-8421-f0-0-189-222]-9618+131.225.189.222-9618&alias=cmswn2149.fnal.gov&noUDP&sock=slot1_23_2147_8170_33771>
...
040 (11162672.014.000) 2025-02-21 02:00:29 Finished transferring input files
...
001 (11162672.014.000) 2025-02-21 02:00:30 Job executing on host: <131.225.189.222:9618?addrs=[2620-6a-0-8421-f0-0-189-222]-9618+131.225.189.222-9618&alias=cmswn2149.fnal.gov&noUDP&sock=startd_2097_f230>
	SlotName: slot1_23@cmswn2149.fnal.gov
	CondorScratchDir = "/storage/local/data1/condor/execute/dir_3823338"
	Cpus = 4
	Disk = 7392042
	Memory = 2048
...
006 (11162672.014.000) 2025-02-21 02:01:39 Image size of job updated: 153
	153  -  MemoryUsage of job (MB)
	156732  -  ResidentSetSize of job (KB)
...
040 (11162672.014.000) 2025-02-21 02:01:39 Started transferring output files
...
040 (11162672.014.000) 2025-02-21 02:01:39 Finished transferring output files
...
005 (11162672.014.000) 2025-02-21 02:01:39 Job terminated.
	(1) Normal termination (return value 1)
		Usr 0 00:00:38, Sys 0 00:00:06  -  Run Remote Usage
		Usr 0 00:00:00, Sys 0 00:00:00  -  Run Local Usage
		Usr 0 00:00:38, Sys 0 00:00:06  -  Total Remote Usage
		Usr 0 00:00:00, Sys 0 00:00:00  -  Total Local Usage
	44984  -  Run Bytes Sent By Job
	1040038  -  Run Bytes Received By Job
	44984  -  Total Bytes Sent By Job
	1040038  -  Total Bytes Received By Job
	Partitionable Resources :    Usage  Request Allocated 
	   Cpus                 :        0        4         4 
	   Disk (KB)            :     1844  5242880   7392042 
	   Memory (MB)          :      153     2048      2048 

	Job terminated of its own accord at 2025-02-21T08:01:39Z with exit-code 1.
...
