000 (11162672.005.000) 2025-02-21 01:57:55 Job submitted from host: <131.225.189.251:9618?addrs=131.225.189.251-9618+[2620-6a-0-8421--e8]-9618&alias=lpcschedd4.fnal.gov&noUDP&sock=schedd_1925_f7e6>
...
040 (11162672.005.000) 2025-02-21 01:58:08 Started transferring input files
	Transferring to host: <131.225.189.178:9618?addrs=[2620-6a-0-8421-f0-0-189-178]-9618+131.225.189.178-9618&alias=cmswn2127.fnal.gov&noUDP&sock=slot1_21_2986_a833_34909>
...
040 (11162672.005.000) 2025-02-21 01:58:08 Finished transferring input files
...
001 (11162672.005.000) 2025-02-21 01:58:09 Job executing on host: <131.225.189.178:9618?addrs=[2620-6a-0-8421-f0-0-189-178]-9618+131.225.189.178-9618&alias=cmswn2127.fnal.gov&noUDP&sock=startd_2743_0c5e>
	SlotName: slot1_21@cmswn2127.fnal.gov
	CondorScratchDir = "/storage/local/data1/condor/execute/dir_1913013"
	Cpus = 4
	Disk = 10358977
	Memory = 2048
...
006 (11162672.005.000) 2025-02-21 01:58:18 Image size of job updated: 60
	60  -  MemoryUsage of job (MB)
	62088  -  ResidentSetSize of job (KB)
...
006 (11162672.005.000) 2025-02-21 01:59:18 Image size of job updated: 972
	972  -  MemoryUsage of job (MB)
	996284  -  ResidentSetSize of job (KB)
...
006 (11162672.005.000) 2025-02-21 01:59:29 Image size of job updated: 994
	994  -  MemoryUsage of job (MB)
	1017908  -  ResidentSetSize of job (KB)
...
040 (11162672.005.000) 2025-02-21 01:59:29 Started transferring output files
...
040 (11162672.005.000) 2025-02-21 01:59:29 Finished transferring output files
...
005 (11162672.005.000) 2025-02-21 01:59:30 Job terminated.
	(1) Normal termination (return value 1)
		Usr 0 00:00:03, Sys 0 00:00:03  -  Run Remote Usage
		Usr 0 00:00:00, Sys 0 00:00:00  -  Run Local Usage
		Usr 0 00:00:03, Sys 0 00:00:03  -  Total Remote Usage
		Usr 0 00:00:00, Sys 0 00:00:00  -  Total Local Usage
	33323  -  Run Bytes Sent By Job
	865932  -  Run Bytes Received By Job
	33323  -  Total Bytes Sent By Job
	865932  -  Total Bytes Received By Job
	Partitionable Resources :    Usage  Request Allocated 
	   Cpus                 :     0.00        4         4 
	   Disk (KB)            :  1663     5242880  10358977 
	   Memory (MB)          :   994        2048      2048 

	Job terminated of its own accord at 2025-02-21T07:59:29Z with exit-code 1.
...
