000 (10695023.011.000) 2025-02-16 08:36:32 Job submitted from host: <131.225.189.251:9618?addrs=131.225.189.251-9618+[2620-6a-0-8421--e8]-9618&alias=lpcschedd4.fnal.gov&noUDP&sock=schedd_1925_f7e6>
...
040 (10695023.011.000) 2025-02-16 08:37:58 Started transferring input files
	Transferring to host: <131.225.188.73:9618?addrs=[2620-6a-0-8421-f0-0-188-73]-9618+131.225.188.73-9618&alias=cmswn2038.fnal.gov&noUDP&sock=slot1_5_2216_1f53_32162>
...
040 (10695023.011.000) 2025-02-16 08:37:59 Finished transferring input files
...
001 (10695023.011.000) 2025-02-16 08:38:00 Job executing on host: <131.225.188.73:9618?addrs=[2620-6a-0-8421-f0-0-188-73]-9618+131.225.188.73-9618&alias=cmswn2038.fnal.gov&noUDP&sock=startd_2163_3770>
	SlotName: slot1_5@cmswn2038.fnal.gov
	CondorScratchDir = "/storage/local/data1/condor/execute/dir_2396825"
	Cpus = 4
	Disk = 6898844
	Memory = 2048
...
006 (10695023.011.000) 2025-02-16 08:38:08 Image size of job updated: 51
	51  -  MemoryUsage of job (MB)
	52432  -  ResidentSetSize of job (KB)
...
006 (10695023.011.000) 2025-02-16 08:39:08 Image size of job updated: 542
	542  -  MemoryUsage of job (MB)
	555436  -  ResidentSetSize of job (KB)
...
006 (10695023.011.000) 2025-02-16 08:39:30 Image size of job updated: 597
	597  -  MemoryUsage of job (MB)
	611512  -  ResidentSetSize of job (KB)
...
040 (10695023.011.000) 2025-02-16 08:39:30 Started transferring output files
...
040 (10695023.011.000) 2025-02-16 08:39:30 Finished transferring output files
...
005 (10695023.011.000) 2025-02-16 08:39:31 Job terminated.
	(1) Normal termination (return value 1)
		Usr 0 00:00:08, Sys 0 00:00:03  -  Run Remote Usage
		Usr 0 00:00:00, Sys 0 00:00:00  -  Run Local Usage
		Usr 0 00:00:08, Sys 0 00:00:03  -  Total Remote Usage
		Usr 0 00:00:00, Sys 0 00:00:00  -  Total Local Usage
	16044  -  Run Bytes Sent By Job
	783638  -  Run Bytes Received By Job
	16044  -  Total Bytes Sent By Job
	783638  -  Total Bytes Received By Job
	Partitionable Resources :    Usage  Request Allocated 
	   Cpus                 :     0.03        4         4 
	   Disk (KB)            :  1568     5242880   6898844 
	   Memory (MB)          :   597        2048      2048 

	Job terminated of its own accord at 2025-02-16T14:39:30Z with exit-code 1.
...
