000 (74453876.019.000) 2025-02-14 03:38:36 Job submitted from host: <131.225.189.168:9618?addrs=131.225.189.168-9618+[2620-6a-0-8421-f0-0-189-168]-9618&alias=lpcschedd6.fnal.gov&noUDP&sock=schedd_31891_26e2>
...
040 (74453876.019.000) 2025-02-14 03:57:11 Started transferring input files
	Transferring to host: <131.225.188.241:9618?addrs=[2620-6a-0-8421-f0-0-188-241]-9618+131.225.188.241-9618&alias=cmswn2073.fnal.gov&noUDP&sock=slot1_38_2598_46a3_46639>
...
040 (74453876.019.000) 2025-02-14 03:57:11 Finished transferring input files
...
001 (74453876.019.000) 2025-02-14 03:57:12 Job executing on host: <131.225.188.241:9618?addrs=[2620-6a-0-8421-f0-0-188-241]-9618+131.225.188.241-9618&alias=cmswn2073.fnal.gov&noUDP&sock=startd_2231_dbe1>
	SlotName: slot1_38@cmswn2073.fnal.gov
	CondorScratchDir = "/storage/local/data1/condor/execute/dir_1913094"
	Cpus = 4
	Disk = 6424050
	Memory = 2048
...
006 (74453876.019.000) 2025-02-14 03:58:20 Image size of job updated: 345
	345  -  MemoryUsage of job (MB)
	354288  -  ResidentSetSize of job (KB)
...
006 (74453876.019.000) 2025-02-14 03:58:51 Image size of job updated: 353
	353  -  MemoryUsage of job (MB)
	361972  -  ResidentSetSize of job (KB)
...
040 (74453876.019.000) 2025-02-14 03:58:51 Started transferring output files
...
040 (74453876.019.000) 2025-02-14 03:58:51 Finished transferring output files
...
005 (74453876.019.000) 2025-02-14 03:58:52 Job terminated.
	(1) Normal termination (return value 1)
		Usr 0 00:00:03, Sys 0 00:00:03  -  Run Remote Usage
		Usr 0 00:00:00, Sys 0 00:00:00  -  Run Local Usage
		Usr 0 00:00:03, Sys 0 00:00:03  -  Total Remote Usage
		Usr 0 00:00:00, Sys 0 00:00:00  -  Total Local Usage
	16939  -  Run Bytes Sent By Job
	459772  -  Run Bytes Received By Job
	16939  -  Total Bytes Sent By Job
	459772  -  Total Bytes Received By Job
	Partitionable Resources :    Usage  Request Allocated 
	   Cpus                 :     0.00        4         4 
	   Disk (KB)            :  1253     5242880   6424050 
	   Memory (MB)          :   353        2048      2048 
	   TimeExecute (s)      :    99                       
	   TimeSlotBusy (s)     :   105                       

	Job terminated of its own accord at 2025-02-14T09:58:51Z with exit-code 1.
...
