000 (47239042.010.000) 2025-02-15 07:25:53 Job submitted from host: <131.225.204.62:9618?addrs=131.225.204.62-9618+[2620-6a-0-8420-f0-0-204-62]-9618&alias=lpcschedd5.fnal.gov&noUDP&sock=schedd_2457_e048>
...
040 (47239042.010.000) 2025-02-15 07:26:19 Started transferring input files
	Transferring to host: <131.225.189.211:9618?addrs=[2620-6a-0-8421-f0-0-189-211]-9618+131.225.189.211-9618&alias=cmswn2145.fnal.gov&noUDP&sock=slot1_28_2338_1518_37083>
...
040 (47239042.010.000) 2025-02-15 07:26:19 Finished transferring input files
...
001 (47239042.010.000) 2025-02-15 07:26:20 Job executing on host: <131.225.189.211:9618?addrs=[2620-6a-0-8421-f0-0-189-211]-9618+131.225.189.211-9618&alias=cmswn2145.fnal.gov&noUDP&sock=startd_2246_25cd>
	SlotName: slot1_28@cmswn2145.fnal.gov
	CondorScratchDir = "/storage/local/data1/condor/execute/dir_3789661"
	Cpus = 4
	Disk = 10338924
	Memory = 2048
...
006 (47239042.010.000) 2025-02-15 07:26:28 Image size of job updated: 45
	45  -  MemoryUsage of job (MB)
	46428  -  ResidentSetSize of job (KB)
...
006 (47239042.010.000) 2025-02-15 07:27:29 Image size of job updated: 362
	362  -  MemoryUsage of job (MB)
	371212  -  ResidentSetSize of job (KB)
...
006 (47239042.010.000) 2025-02-15 07:27:59 Image size of job updated: 421
	421  -  MemoryUsage of job (MB)
	431380  -  ResidentSetSize of job (KB)
...
040 (47239042.010.000) 2025-02-15 07:27:59 Started transferring output files
...
040 (47239042.010.000) 2025-02-15 07:27:59 Finished transferring output files
...
005 (47239042.010.000) 2025-02-15 07:27:59 Job terminated.
	(1) Normal termination (return value 1)
		Usr 0 00:00:03, Sys 0 00:00:02  -  Run Remote Usage
		Usr 0 00:00:00, Sys 0 00:00:00  -  Run Local Usage
		Usr 0 00:00:03, Sys 0 00:00:02  -  Total Remote Usage
		Usr 0 00:00:00, Sys 0 00:00:00  -  Total Local Usage
	18347  -  Run Bytes Sent By Job
	587547  -  Run Bytes Received By Job
	18347  -  Total Bytes Sent By Job
	587547  -  Total Bytes Received By Job
	Partitionable Resources :    Usage  Request Allocated 
	   Cpus                 :     0.01        4         4 
	   Disk (KB)            :  1378     5242880  10338924 
	   Memory (MB)          :   421        2048      2048 
	   TimeExecute (s)      :    99                       
	   TimeSlotBusy (s)     :   100                       

	Job terminated of its own accord at 2025-02-15T13:27:59Z with exit-code 1.
...
