000 (47239042.021.000) 2025-02-15 07:25:53 Job submitted from host: <131.225.204.62:9618?addrs=131.225.204.62-9618+[2620-6a-0-8420-f0-0-204-62]-9618&alias=lpcschedd5.fnal.gov&noUDP&sock=schedd_2457_e048>
...
040 (47239042.021.000) 2025-02-15 07:27:17 Started transferring input files
	Transferring to host: <131.225.189.172:9618?addrs=[2620-6a-0-8421-f0-0-189-172]-9618+131.225.189.172-9618&alias=cmswn2122.fnal.gov&noUDP&sock=slot1_20_2859_2c8d_39365>
...
040 (47239042.021.000) 2025-02-15 07:27:17 Finished transferring input files
...
001 (47239042.021.000) 2025-02-15 07:27:18 Job executing on host: <131.225.189.172:9618?addrs=[2620-6a-0-8421-f0-0-189-172]-9618+131.225.189.172-9618&alias=cmswn2122.fnal.gov&noUDP&sock=startd_2597_e78b>
	SlotName: slot1_20@cmswn2122.fnal.gov
	CondorScratchDir = "/storage/local/data1/condor/execute/dir_766082"
	Cpus = 4
	Disk = 10361850
	Memory = 2048
...
006 (47239042.021.000) 2025-02-15 07:27:27 Image size of job updated: 46
	46  -  MemoryUsage of job (MB)
	47620  -  ResidentSetSize of job (KB)
...
006 (47239042.021.000) 2025-02-15 07:28:22 Image size of job updated: 146
	146  -  MemoryUsage of job (MB)
	149948  -  ResidentSetSize of job (KB)
...
040 (47239042.021.000) 2025-02-15 07:28:22 Started transferring output files
...
040 (47239042.021.000) 2025-02-15 07:28:22 Finished transferring output files
...
005 (47239042.021.000) 2025-02-15 07:28:22 Job terminated.
	(1) Normal termination (return value 1)
		Usr 0 00:00:01, Sys 0 00:00:00  -  Run Remote Usage
		Usr 0 00:00:00, Sys 0 00:00:00  -  Run Local Usage
		Usr 0 00:00:01, Sys 0 00:00:00  -  Total Remote Usage
		Usr 0 00:00:00, Sys 0 00:00:00  -  Total Local Usage
	19417  -  Run Bytes Sent By Job
	624742  -  Run Bytes Received By Job
	19417  -  Total Bytes Sent By Job
	624742  -  Total Bytes Received By Job
	Partitionable Resources :    Usage  Request Allocated 
	   Cpus                 :     0.02        4         4 
	   Disk (KB)            :  1415     5242880  10361850 
	   Memory (MB)          :   146        2048      2048 
	   TimeExecute (s)      :    64                       
	   TimeSlotBusy (s)     :    65                       

	Job terminated of its own accord at 2025-02-15T13:28:22Z with exit-code 1.
...
