000 (47306185.012.000) 2025-03-07 08:43:24 Job submitted from host: <131.225.204.62:9618?addrs=131.225.204.62-9618+[2620-6a-0-8420-f0-0-204-62]-9618&alias=lpcschedd5.fnal.gov&noUDP&sock=schedd_2457_e048>
...
040 (47306185.012.000) 2025-03-07 08:43:38 Started transferring input files
	Transferring to host: <131.225.188.193:9618?addrs=[2620-6a-0-8421-f0-0-188-193]-9618+131.225.188.193-9618&alias=cmswn2062.fnal.gov&noUDP&sock=slot1_17_2525_d740_6082>
...
040 (47306185.012.000) 2025-03-07 08:43:38 Finished transferring input files
...
001 (47306185.012.000) 2025-03-07 08:43:39 Job executing on host: <131.225.188.193:9618?addrs=[2620-6a-0-8421-f0-0-188-193]-9618+131.225.188.193-9618&alias=cmswn2062.fnal.gov&noUDP&sock=startd_2196_da10>
	SlotName: slot1_17@cmswn2062.fnal.gov
	CondorScratchDir = "/storage/local/data1/condor/execute/dir_2823912"
	Cpus = 4
	Disk = 6483728
	Memory = 2048
...
006 (47306185.012.000) 2025-03-07 08:43:48 Image size of job updated: 40
	40  -  MemoryUsage of job (MB)
	41508  -  ResidentSetSize of job (KB)
...
006 (47306185.012.000) 2025-03-07 08:44:49 Image size of job updated: 975
	975  -  MemoryUsage of job (MB)
	999268  -  ResidentSetSize of job (KB)
...
006 (47306185.012.000) 2025-03-07 08:45:21 Image size of job updated: 1007
	1007  -  MemoryUsage of job (MB)
	1031476  -  ResidentSetSize of job (KB)
...
040 (47306185.012.000) 2025-03-07 08:45:21 Started transferring output files
...
040 (47306185.012.000) 2025-03-07 08:45:21 Finished transferring output files
...
005 (47306185.012.000) 2025-03-07 08:45:22 Job terminated.
	(1) Normal termination (return value 1)
		Usr 0 00:00:03, Sys 0 00:00:03  -  Run Remote Usage
		Usr 0 00:00:00, Sys 0 00:00:00  -  Run Local Usage
		Usr 0 00:00:03, Sys 0 00:00:03  -  Total Remote Usage
		Usr 0 00:00:00, Sys 0 00:00:00  -  Total Local Usage
	42094  -  Run Bytes Sent By Job
	2798752  -  Run Bytes Received By Job
	42094  -  Total Bytes Sent By Job
	2798752  -  Total Bytes Received By Job
	Partitionable Resources :    Usage  Request Allocated 
	   Cpus                 :        0        4         4 
	   Disk (KB)            :     3558  5242880   6483728 
	   Memory (MB)          :     1007     2048      2048 
	   TimeExecute (s)      :      102                    
	   TimeSlotBusy (s)     :      104                    

	Job terminated of its own accord at 2025-03-07T14:45:21Z with exit-code 1.
...
