000 (47306185.018.000) 2025-03-07 08:43:24 Job submitted from host: <131.225.204.62:9618?addrs=131.225.204.62-9618+[2620-6a-0-8420-f0-0-204-62]-9618&alias=lpcschedd5.fnal.gov&noUDP&sock=schedd_2457_e048>
...
040 (47306185.018.000) 2025-03-07 08:43:35 Started transferring input files
	Transferring to host: <131.225.189.154:9618?addrs=[2620-6a-0-8421-f0-0-189-154]-9618+131.225.189.154-9618&alias=cmswn2111.fnal.gov&noUDP&sock=slot1_14_2534_2ea0_55703>
...
040 (47306185.018.000) 2025-03-07 08:43:35 Finished transferring input files
...
001 (47306185.018.000) 2025-03-07 08:43:36 Job executing on host: <131.225.189.154:9618?addrs=[2620-6a-0-8421-f0-0-189-154]-9618+131.225.189.154-9618&alias=cmswn2111.fnal.gov&noUDP&sock=startd_2053_c405>
	SlotName: slot1_14@cmswn2111.fnal.gov
	CondorScratchDir = "/storage/local/data1/condor/execute/dir_1072488"
	Cpus = 4
	Disk = 10335497
	Memory = 2048
...
006 (47306185.018.000) 2025-03-07 08:43:45 Image size of job updated: 51
	51  -  MemoryUsage of job (MB)
	53000  -  ResidentSetSize of job (KB)
...
006 (47306185.018.000) 2025-03-07 08:44:45 Image size of job updated: 816
	816  -  MemoryUsage of job (MB)
	835952  -  ResidentSetSize of job (KB)
...
006 (47306185.018.000) 2025-03-07 08:45:45 Image size of job updated: 982
	982  -  MemoryUsage of job (MB)
	1005620  -  ResidentSetSize of job (KB)
...
006 (47306185.018.000) 2025-03-07 08:46:45 Image size of job updated: 982
	982  -  MemoryUsage of job (MB)
	1005880  -  ResidentSetSize of job (KB)
...
006 (47306185.018.000) 2025-03-07 08:48:45 Image size of job updated: 982
	982  -  MemoryUsage of job (MB)
	1005904  -  ResidentSetSize of job (KB)
...
006 (47306185.018.000) 2025-03-07 08:49:45 Image size of job updated: 982
	982  -  MemoryUsage of job (MB)
	1006072  -  ResidentSetSize of job (KB)
...
040 (47306185.018.000) 2025-03-07 08:50:17 Started transferring output files
...
040 (47306185.018.000) 2025-03-07 08:50:17 Finished transferring output files
...
005 (47306185.018.000) 2025-03-07 08:50:17 Job terminated.
	(1) Normal termination (return value 1)
		Usr 0 00:03:12, Sys 0 00:00:23  -  Run Remote Usage
		Usr 0 00:00:00, Sys 0 00:00:00  -  Run Local Usage
		Usr 0 00:03:12, Sys 0 00:00:23  -  Total Remote Usage
		Usr 0 00:00:00, Sys 0 00:00:00  -  Total Local Usage
	56153  -  Run Bytes Sent By Job
	2788957  -  Run Bytes Received By Job
	56153  -  Total Bytes Sent By Job
	2788957  -  Total Bytes Received By Job
	Partitionable Resources :    Usage  Request Allocated 
	   Cpus                 :        0        4         4 
	   Disk (KB)            :     3561  5242880  10335497 
	   Memory (MB)          :      982     2048      2048 
	   TimeExecute (s)      :      400                    
	   TimeSlotBusy (s)     :      402                    

	Job terminated of its own accord at 2025-03-07T14:50:16Z with exit-code 1.
...
