000 (76624572.023.000) 2025-02-27 14:26:35 Job submitted from host: <131.225.189.168:9618?addrs=131.225.189.168-9618+[2620-6a-0-8421-f0-0-189-168]-9618&alias=lpcschedd6.fnal.gov&noUDP&sock=schedd_31891_26e2>
...
040 (76624572.023.000) 2025-02-27 14:27:11 Started transferring input files
	Transferring to host: <131.225.189.37:9618?addrs=[2620-6a-0-8421-f0-0-189-37]-9618+131.225.189.37-9618&alias=cmswn2090.fnal.gov&noUDP&sock=slot1_13_2391_6cfa_47141>
...
040 (76624572.023.000) 2025-02-27 14:27:11 Finished transferring input files
...
001 (76624572.023.000) 2025-02-27 14:27:12 Job executing on host: <131.225.189.37:9618?addrs=[2620-6a-0-8421-f0-0-189-37]-9618+131.225.189.37-9618&alias=cmswn2090.fnal.gov&noUDP&sock=startd_2051_64d5>
	SlotName: slot1_13@cmswn2090.fnal.gov
	CondorScratchDir = "/storage/local/data1/condor/execute/dir_970626"
	Cpus = 4
	Disk = 6414229
	Memory = 2048
...
006 (76624572.023.000) 2025-02-27 14:28:20 Image size of job updated: 320
	320  -  MemoryUsage of job (MB)
	327688  -  ResidentSetSize of job (KB)
...
006 (76624572.023.000) 2025-02-27 14:29:20 Image size of job updated: 529
	529  -  MemoryUsage of job (MB)
	542604  -  ResidentSetSize of job (KB)
...
006 (76624572.023.000) 2025-02-27 14:30:20 Image size of job updated: 865
	865  -  MemoryUsage of job (MB)
	886124  -  ResidentSetSize of job (KB)
...
006 (76624572.023.000) 2025-02-27 14:31:20 Image size of job updated: 974
	974  -  MemoryUsage of job (MB)
	997780  -  ResidentSetSize of job (KB)
...
006 (76624572.023.000) 2025-02-27 14:32:21 Image size of job updated: 981
	981  -  MemoryUsage of job (MB)
	1004756  -  ResidentSetSize of job (KB)
...
006 (76624572.023.000) 2025-02-27 14:33:23 Image size of job updated: 984
	984  -  MemoryUsage of job (MB)
	1008280  -  ResidentSetSize of job (KB)
...
006 (76624572.023.000) 2025-02-27 14:34:24 Image size of job updated: 985
	985  -  MemoryUsage of job (MB)
	1008688  -  ResidentSetSize of job (KB)
...
040 (76624572.023.000) 2025-02-27 15:27:47 Started transferring output files
...
040 (76624572.023.000) 2025-02-27 15:27:47 Finished transferring output files
...
005 (76624572.023.000) 2025-02-27 15:27:48 Job terminated.
	(1) Normal termination (return value 1)
		Usr 0 00:50:03, Sys 0 00:01:34  -  Run Remote Usage
		Usr 0 00:00:00, Sys 0 00:00:00  -  Run Local Usage
		Usr 0 00:50:03, Sys 0 00:01:34  -  Total Remote Usage
		Usr 0 00:00:00, Sys 0 00:00:00  -  Total Local Usage
	63165  -  Run Bytes Sent By Job
	2164716  -  Run Bytes Received By Job
	63165  -  Total Bytes Sent By Job
	2164716  -  Total Bytes Received By Job
	Partitionable Resources :    Usage  Request Allocated 
	   Cpus                 :     0.00        4         4 
	   Disk (KB)            :  2959     5242880   6414229 
	   Memory (MB)          :   985        2048      2048 
	   TimeExecute (s)      :  3635                       
	   TimeSlotBusy (s)     :  3637                       

	Job terminated of its own accord at 2025-02-27T21:27:47Z with exit-code 1.
...
