000 (11162672.004.000) 2025-02-21 01:57:54 Job submitted from host: <131.225.189.251:9618?addrs=131.225.189.251-9618+[2620-6a-0-8421--e8]-9618&alias=lpcschedd4.fnal.gov&noUDP&sock=schedd_1925_f7e6>
...
040 (11162672.004.000) 2025-02-21 01:58:08 Started transferring input files
	Transferring to host: <131.225.189.180:9618?addrs=[2620-6a-0-8421-f0-0-189-180]-9618+131.225.189.180-9618&alias=cmswn2129.fnal.gov&noUDP&sock=slot1_41_2164_7bd1_33273>
...
040 (11162672.004.000) 2025-02-21 01:58:08 Finished transferring input files
...
001 (11162672.004.000) 2025-02-21 01:58:09 Job executing on host: <131.225.189.180:9618?addrs=[2620-6a-0-8421-f0-0-189-180]-9618+131.225.189.180-9618&alias=cmswn2129.fnal.gov&noUDP&sock=startd_2113_ebb4>
	SlotName: slot1_41@cmswn2129.fnal.gov
	CondorScratchDir = "/storage/local/data1/condor/execute/dir_1621929"
	Cpus = 4
	Disk = 7342160
	Memory = 2048
...
006 (11162672.004.000) 2025-02-21 01:58:18 Image size of job updated: 45
	45  -  MemoryUsage of job (MB)
	47096  -  ResidentSetSize of job (KB)
...
006 (11162672.004.000) 2025-02-21 01:59:18 Image size of job updated: 562
	562  -  MemoryUsage of job (MB)
	575864  -  ResidentSetSize of job (KB)
...
006 (11162672.004.000) 2025-02-21 02:00:18 Image size of job updated: 663
	663  -  MemoryUsage of job (MB)
	679240  -  ResidentSetSize of job (KB)
...
006 (11162672.004.000) 2025-02-21 02:00:37 Image size of job updated: 697
	697  -  MemoryUsage of job (MB)
	714108  -  ResidentSetSize of job (KB)
...
040 (11162672.004.000) 2025-02-21 02:00:37 Started transferring output files
...
040 (11162672.004.000) 2025-02-21 02:00:37 Finished transferring output files
...
005 (11162672.004.000) 2025-02-21 02:00:38 Job terminated.
	(1) Normal termination (return value 1)
		Usr 0 00:00:10, Sys 0 00:00:03  -  Run Remote Usage
		Usr 0 00:00:00, Sys 0 00:00:00  -  Run Local Usage
		Usr 0 00:00:10, Sys 0 00:00:03  -  Total Remote Usage
		Usr 0 00:00:00, Sys 0 00:00:00  -  Total Local Usage
	37396  -  Run Bytes Sent By Job
	867331  -  Run Bytes Received By Job
	37396  -  Total Bytes Sent By Job
	867331  -  Total Bytes Received By Job
	Partitionable Resources :    Usage  Request Allocated 
	   Cpus                 :        0        4         4 
	   Disk (KB)            :     1672  5242880   7342160 
	   Memory (MB)          :      697     2048      2048 

	Job terminated of its own accord at 2025-02-21T08:00:37Z with exit-code 1.
...
