000 (47239042.006.000) 2025-02-15 07:25:53 Job submitted from host: <131.225.204.62:9618?addrs=131.225.204.62-9618+[2620-6a-0-8420-f0-0-204-62]-9618&alias=lpcschedd5.fnal.gov&noUDP&sock=schedd_2457_e048>
...
040 (47239042.006.000) 2025-02-15 07:26:17 Started transferring input files
	Transferring to host: <131.225.189.250:9618?addrs=[2620-6a-0-8421-f0-0-189-250]-9618+131.225.189.250-9618&alias=cmswn2163.fnal.gov&noUDP&sock=slot1_6_2574_5da2_39056>
...
040 (47239042.006.000) 2025-02-15 07:26:17 Finished transferring input files
...
001 (47239042.006.000) 2025-02-15 07:26:18 Job executing on host: <131.225.189.250:9618?addrs=[2620-6a-0-8421-f0-0-189-250]-9618+131.225.189.250-9618&alias=cmswn2163.fnal.gov&noUDP&sock=startd_2257_b157>
	SlotName: slot1_6@cmswn2163.fnal.gov
	CondorScratchDir = "/storage/local/data1/condor/execute/dir_630812"
	Cpus = 4
	Disk = 10346364
	Memory = 2048
...
006 (47239042.006.000) 2025-02-15 07:26:27 Image size of job updated: 32
	32  -  MemoryUsage of job (MB)
	33320  -  ResidentSetSize of job (KB)
...
006 (47239042.006.000) 2025-02-15 07:27:31 Image size of job updated: 267
	267  -  MemoryUsage of job (MB)
	273952  -  ResidentSetSize of job (KB)
...
006 (47239042.006.000) 2025-02-15 07:28:31 Image size of job updated: 280
	280  -  MemoryUsage of job (MB)
	287496  -  ResidentSetSize of job (KB)
...
040 (47239042.006.000) 2025-02-15 07:28:31 Started transferring output files
...
040 (47239042.006.000) 2025-02-15 07:28:31 Finished transferring output files
...
005 (47239042.006.000) 2025-02-15 07:28:33 Job terminated.
	(1) Normal termination (return value 1)
		Usr 0 00:00:00, Sys 0 00:00:00  -  Run Remote Usage
		Usr 0 00:00:00, Sys 0 00:00:00  -  Run Local Usage
		Usr 0 00:00:00, Sys 0 00:00:00  -  Total Remote Usage
		Usr 0 00:00:00, Sys 0 00:00:00  -  Total Local Usage
	15736  -  Run Bytes Sent By Job
	583421  -  Run Bytes Received By Job
	15736  -  Total Bytes Sent By Job
	583421  -  Total Bytes Received By Job
	Partitionable Resources :    Usage  Request Allocated 
	   Cpus                 :     0.00        4         4 
	   Disk (KB)            :  1371     5242880  10346364 
	   Memory (MB)          :   280        2048      2048 
	   TimeExecute (s)      :   133                       
	   TimeSlotBusy (s)     :   136                       

	Job terminated of its own accord at 2025-02-15T13:28:31Z with exit-code 1.
...
