000 (76624572.011.000) 2025-02-27 14:26:35 Job submitted from host: <131.225.189.168:9618?addrs=131.225.189.168-9618+[2620-6a-0-8421-f0-0-189-168]-9618&alias=lpcschedd6.fnal.gov&noUDP&sock=schedd_31891_26e2>
...
040 (76624572.011.000) 2025-02-27 14:26:51 Started transferring input files
	Transferring to host: <131.225.189.37:9618?addrs=[2620-6a-0-8421-f0-0-189-37]-9618+131.225.189.37-9618&alias=cmswn2090.fnal.gov&noUDP&sock=slot1_21_2391_6cfa_47140>
...
040 (76624572.011.000) 2025-02-27 14:26:51 Finished transferring input files
...
001 (76624572.011.000) 2025-02-27 14:26:52 Job executing on host: <131.225.189.37:9618?addrs=[2620-6a-0-8421-f0-0-189-37]-9618+131.225.189.37-9618&alias=cmswn2090.fnal.gov&noUDP&sock=startd_2051_64d5>
	SlotName: slot1_21@cmswn2090.fnal.gov
	CondorScratchDir = "/storage/local/data1/condor/execute/dir_969624"
	Cpus = 4
	Disk = 6414229
	Memory = 2048
...
006 (76624572.011.000) 2025-02-27 14:28:02 Image size of job updated: 492
	492  -  MemoryUsage of job (MB)
	504492  -  ResidentSetSize of job (KB)
...
006 (76624572.011.000) 2025-02-27 14:29:03 Image size of job updated: 560
	560  -  MemoryUsage of job (MB)
	574008  -  ResidentSetSize of job (KB)
...
006 (76624572.011.000) 2025-02-27 14:30:03 Image size of job updated: 616
	616  -  MemoryUsage of job (MB)
	631036  -  ResidentSetSize of job (KB)
...
006 (76624572.011.000) 2025-02-27 14:30:53 Image size of job updated: 616
	616  -  MemoryUsage of job (MB)
	631476  -  ResidentSetSize of job (KB)
...
040 (76624572.011.000) 2025-02-27 14:30:53 Started transferring output files
...
040 (76624572.011.000) 2025-02-27 14:30:53 Finished transferring output files
...
005 (76624572.011.000) 2025-02-27 14:30:54 Job terminated.
	(1) Normal termination (return value 1)
		Usr 0 00:00:12, Sys 0 00:00:04  -  Run Remote Usage
		Usr 0 00:00:00, Sys 0 00:00:00  -  Run Local Usage
		Usr 0 00:00:12, Sys 0 00:00:04  -  Total Remote Usage
		Usr 0 00:00:00, Sys 0 00:00:00  -  Total Local Usage
	46278  -  Run Bytes Sent By Job
	2154592  -  Run Bytes Received By Job
	46278  -  Total Bytes Sent By Job
	2154592  -  Total Bytes Received By Job
	Partitionable Resources :    Usage  Request Allocated 
	   Cpus                 :        0        4         4 
	   Disk (KB)            :     2933  5242880   6414229 
	   Memory (MB)          :      616     2048      2048 
	   TimeExecute (s)      :      241                    
	   TimeSlotBusy (s)     :      243                    

	Job terminated of its own accord at 2025-02-27T20:30:53Z with exit-code 1.
...
