000 (11162672.001.000) 2025-02-21 01:57:54 Job submitted from host: <131.225.189.251:9618?addrs=131.225.189.251-9618+[2620-6a-0-8421--e8]-9618&alias=lpcschedd4.fnal.gov&noUDP&sock=schedd_1925_f7e6>
...
040 (11162672.001.000) 2025-02-21 01:58:08 Started transferring input files
	Transferring to host: <131.225.188.112:9618?addrs=[2620-6a-0-8421-f0-0-188-112]-9618+131.225.188.112-9618&alias=cmswn2048.fnal.gov&noUDP&sock=slot1_23_2518_e89f_4017>
...
040 (11162672.001.000) 2025-02-21 01:58:08 Finished transferring input files
...
001 (11162672.001.000) 2025-02-21 01:58:09 Job executing on host: <131.225.188.112:9618?addrs=[2620-6a-0-8421-f0-0-188-112]-9618+131.225.188.112-9618&alias=cmswn2048.fnal.gov&noUDP&sock=startd_2211_23fc>
	SlotName: slot1_23@cmswn2048.fnal.gov
	CondorScratchDir = "/storage/local/data1/condor/execute/dir_2117601"
	Cpus = 4
	Disk = 6386065
	Memory = 2048
...
006 (11162672.001.000) 2025-02-21 01:58:18 Image size of job updated: 81
	81  -  MemoryUsage of job (MB)
	83932  -  ResidentSetSize of job (KB)
...
006 (11162672.001.000) 2025-02-21 01:59:18 Image size of job updated: 584
	584  -  MemoryUsage of job (MB)
	598036  -  ResidentSetSize of job (KB)
...
006 (11162672.001.000) 2025-02-21 02:00:19 Image size of job updated: 900
	900  -  MemoryUsage of job (MB)
	922136  -  ResidentSetSize of job (KB)
...
006 (11162672.001.000) 2025-02-21 02:01:19 Image size of job updated: 900
	900  -  MemoryUsage of job (MB)
	922540  -  ResidentSetSize of job (KB)
...
006 (11162672.001.000) 2025-02-21 02:02:20 Image size of job updated: 900
	900  -  MemoryUsage of job (MB)
	922544  -  ResidentSetSize of job (KB)
...
006 (11162672.001.000) 2025-02-21 02:03:21 Image size of job updated: 916
	916  -  MemoryUsage of job (MB)
	938420  -  ResidentSetSize of job (KB)
...
006 (11162672.001.000) 2025-02-21 02:04:21 Image size of job updated: 917
	917  -  MemoryUsage of job (MB)
	940020  -  ResidentSetSize of job (KB)
...
006 (11162672.001.000) 2025-02-21 02:05:22 Image size of job updated: 918
	918  -  MemoryUsage of job (MB)
	940084  -  ResidentSetSize of job (KB)
...
006 (11162672.001.000) 2025-02-21 02:06:22 Image size of job updated: 918
	918  -  MemoryUsage of job (MB)
	940288  -  ResidentSetSize of job (KB)
...
006 (11162672.001.000) 2025-02-21 02:07:23 Image size of job updated: 918
	918  -  MemoryUsage of job (MB)
	940312  -  ResidentSetSize of job (KB)
...
006 (11162672.001.000) 2025-02-21 02:08:23 Image size of job updated: 918
	918  -  MemoryUsage of job (MB)
	940336  -  ResidentSetSize of job (KB)
...
006 (11162672.001.000) 2025-02-21 02:09:24 Image size of job updated: 918
	918  -  MemoryUsage of job (MB)
	940508  -  ResidentSetSize of job (KB)
...
006 (11162672.001.000) 2025-02-21 02:16:27 Image size of job updated: 919
	919  -  MemoryUsage of job (MB)
	941228  -  ResidentSetSize of job (KB)
...
006 (11162672.001.000) 2025-02-21 02:17:28 Image size of job updated: 919
	919  -  MemoryUsage of job (MB)
	941232  -  ResidentSetSize of job (KB)
...
006 (11162672.001.000) 2025-02-21 02:20:29 Image size of job updated: 919
	919  -  MemoryUsage of job (MB)
	941248  -  ResidentSetSize of job (KB)
...
006 (11162672.001.000) 2025-02-21 02:28:34 Image size of job updated: 919
	919  -  MemoryUsage of job (MB)
	941412  -  ResidentSetSize of job (KB)
...
040 (11162672.001.000) 2025-02-21 04:36:37 Started transferring output files
...
040 (11162672.001.000) 2025-02-21 04:36:37 Finished transferring output files
...
005 (11162672.001.000) 2025-02-21 04:36:37 Job terminated.
	(1) Normal termination (return value 1)
		Usr 0 02:25:33, Sys 0 00:02:09  -  Run Remote Usage
		Usr 0 00:00:00, Sys 0 00:00:00  -  Run Local Usage
		Usr 0 02:25:33, Sys 0 00:02:09  -  Total Remote Usage
		Usr 0 00:00:00, Sys 0 00:00:00  -  Total Local Usage
	52075  -  Run Bytes Sent By Job
	865932  -  Run Bytes Received By Job
	52075  -  Total Bytes Sent By Job
	865932  -  Total Bytes Received By Job
	Partitionable Resources :    Usage  Request Allocated 
	   Cpus                 :        0        4         4 
	   Disk (KB)            :     1680  5242880   6386065 
	   Memory (MB)          :      919     2048      2048 

	Job terminated of its own accord at 2025-02-21T10:36:37Z with exit-code 1.
...
