000 (47306185.011.000) 2025-03-07 08:43:24 Job submitted from host: <131.225.204.62:9618?addrs=131.225.204.62-9618+[2620-6a-0-8420-f0-0-204-62]-9618&alias=lpcschedd5.fnal.gov&noUDP&sock=schedd_2457_e048>
...
040 (47306185.011.000) 2025-03-07 08:43:34 Started transferring input files
	Transferring to host: <131.225.189.27:9618?addrs=[2620-6a-0-8421-f0-0-189-27]-9618+131.225.189.27-9618&alias=cmswn2084.fnal.gov&noUDP&sock=slot1_14_2532_c5e0_50251>
...
040 (47306185.011.000) 2025-03-07 08:43:34 Finished transferring input files
...
001 (47306185.011.000) 2025-03-07 08:43:35 Job executing on host: <131.225.189.27:9618?addrs=[2620-6a-0-8421-f0-0-189-27]-9618+131.225.189.27-9618&alias=cmswn2084.fnal.gov&noUDP&sock=startd_2215_e25d>
	SlotName: slot1_14@cmswn2084.fnal.gov
	CondorScratchDir = "/storage/local/data1/condor/execute/dir_3570969"
	Cpus = 4
	Disk = 6398380
	Memory = 2048
...
006 (47306185.011.000) 2025-03-07 08:43:44 Image size of job updated: 51
	51  -  MemoryUsage of job (MB)
	53180  -  ResidentSetSize of job (KB)
...
006 (47306185.011.000) 2025-03-07 08:44:44 Image size of job updated: 948
	948  -  MemoryUsage of job (MB)
	971372  -  ResidentSetSize of job (KB)
...
040 (47306185.011.000) 2025-03-07 08:46:15 Started transferring output files
...
040 (47306185.011.000) 2025-03-07 08:46:15 Finished transferring output files
...
005 (47306185.011.000) 2025-03-07 08:46:15 Job terminated.
	(1) Normal termination (return value 1)
		Usr 0 00:00:26, Sys 0 00:00:06  -  Run Remote Usage
		Usr 0 00:00:00, Sys 0 00:00:00  -  Run Local Usage
		Usr 0 00:00:26, Sys 0 00:00:06  -  Total Remote Usage
		Usr 0 00:00:00, Sys 0 00:00:00  -  Total Local Usage
	46466  -  Run Bytes Sent By Job
	2783746  -  Run Bytes Received By Job
	46466  -  Total Bytes Sent By Job
	2783746  -  Total Bytes Received By Job
	Partitionable Resources :    Usage  Request Allocated 
	   Cpus                 :        0        4         4 
	   Disk (KB)            :     3548  5242880   6398380 
	   Memory (MB)          :      948     2048      2048 
	   TimeExecute (s)      :      160                    
	   TimeSlotBusy (s)     :      161                    

	Job terminated of its own accord at 2025-03-07T14:46:15Z with exit-code 1.
...
