000 (76624561.007.000) 2025-02-27 14:21:08 Job submitted from host: <131.225.189.168:9618?addrs=131.225.189.168-9618+[2620-6a-0-8421-f0-0-189-168]-9618&alias=lpcschedd6.fnal.gov&noUDP&sock=schedd_31891_26e2>
...
040 (76624561.007.000) 2025-02-27 14:22:07 Started transferring input files
	Transferring to host: <131.225.189.226:9618?addrs=[2620-6a-0-8421-f0-0-189-226]-9618+131.225.189.226-9618&alias=cmswn2151.fnal.gov&noUDP&sock=slot1_11_2259_6b75_3154>
...
040 (76624561.007.000) 2025-02-27 14:22:07 Finished transferring input files
...
001 (76624561.007.000) 2025-02-27 14:22:08 Job executing on host: <131.225.189.226:9618?addrs=[2620-6a-0-8421-f0-0-189-226]-9618+131.225.189.226-9618&alias=cmswn2151.fnal.gov&noUDP&sock=startd_2161_d840>
	SlotName: slot1_11@cmswn2151.fnal.gov
	CondorScratchDir = "/storage/local/data1/condor/execute/dir_651809"
	Cpus = 4
	Disk = 10339822
	Memory = 2048
...
006 (76624561.007.000) 2025-02-27 14:22:16 Image size of job updated: 61
	61  -  MemoryUsage of job (MB)
	62596  -  ResidentSetSize of job (KB)
...
004 (76624561.007.000) 2025-02-27 14:22:21 Job was evicted.
	(0) CPU times
		Usr 0 00:00:00, Sys 0 00:00:00  -  Run Remote Usage
		Usr 0 00:00:00, Sys 0 00:00:00  -  Run Local Usage
	0  -  Run Bytes Sent By Job
	2124609  -  Run Bytes Received By Job
	Partitionable Resources :    Usage  Request Allocated 
	   Cpus                 :        0        4         4 
	   Disk (KB)            :     2864  5242880  10339822 
	   Memory (MB)          :       61     2048      2048 
	   TimeExecute (s)      :       11                    
	   TimeSlotBusy (s)     :       14                    
...
009 (76624561.007.000) 2025-02-27 14:22:21 Job was aborted.
	via condor_rm (by user vsinha)
...
