000 (76624572.001.000) 2025-02-27 14:26:35 Job submitted from host: <131.225.189.168:9618?addrs=131.225.189.168-9618+[2620-6a-0-8421-f0-0-189-168]-9618&alias=lpcschedd6.fnal.gov&noUDP&sock=schedd_31891_26e2>
...
040 (76624572.001.000) 2025-02-27 14:26:49 Started transferring input files
	Transferring to host: <131.225.189.241:9618?addrs=[2620-6a-0-8421-f0-0-189-241]-9618+131.225.189.241-9618&alias=cmswn2160.fnal.gov&noUDP&sock=slot1_5_2149_ea30_12411>
...
040 (76624572.001.000) 2025-02-27 14:26:50 Finished transferring input files
...
001 (76624572.001.000) 2025-02-27 14:26:51 Job executing on host: <131.225.189.241:9618?addrs=[2620-6a-0-8421-f0-0-189-241]-9618+131.225.189.241-9618&alias=cmswn2160.fnal.gov&noUDP&sock=startd_2062_f060>
	SlotName: slot1_5@cmswn2160.fnal.gov
	CondorScratchDir = "/storage/local/data1/condor/execute/dir_3880577"
	Cpus = 4
	Disk = 10349139
	Memory = 2048
...
006 (76624572.001.000) 2025-02-27 14:26:59 Image size of job updated: 43
	43  -  MemoryUsage of job (MB)
	44932  -  ResidentSetSize of job (KB)
...
006 (76624572.001.000) 2025-02-27 14:27:59 Image size of job updated: 578
	578  -  MemoryUsage of job (MB)
	592216  -  ResidentSetSize of job (KB)
...
006 (76624572.001.000) 2025-02-27 14:29:00 Image size of job updated: 641
	641  -  MemoryUsage of job (MB)
	656968  -  ResidentSetSize of job (KB)
...
006 (76624572.001.000) 2025-02-27 14:30:02 Image size of job updated: 956
	956  -  MemoryUsage of job (MB)
	979204  -  ResidentSetSize of job (KB)
...
006 (76624572.001.000) 2025-02-27 14:31:02 Image size of job updated: 958
	958  -  MemoryUsage of job (MB)
	981068  -  ResidentSetSize of job (KB)
...
006 (76624572.001.000) 2025-02-27 14:32:02 Image size of job updated: 958
	958  -  MemoryUsage of job (MB)
	981084  -  ResidentSetSize of job (KB)
...
006 (76624572.001.000) 2025-02-27 14:33:02 Image size of job updated: 1003
	1003  -  MemoryUsage of job (MB)
	1027136  -  ResidentSetSize of job (KB)
...
006 (76624572.001.000) 2025-02-27 14:34:03 Image size of job updated: 1003
	1003  -  MemoryUsage of job (MB)
	1027292  -  ResidentSetSize of job (KB)
...
006 (76624572.001.000) 2025-02-27 14:35:03 Image size of job updated: 1003
	1003  -  MemoryUsage of job (MB)
	1027536  -  ResidentSetSize of job (KB)
...
006 (76624572.001.000) 2025-02-27 14:36:04 Image size of job updated: 1003
	1003  -  MemoryUsage of job (MB)
	1027676  -  ResidentSetSize of job (KB)
...
006 (76624572.001.000) 2025-02-27 14:37:05 Image size of job updated: 1008
	1008  -  MemoryUsage of job (MB)
	1032712  -  ResidentSetSize of job (KB)
...
006 (76624572.001.000) 2025-02-27 14:39:07 Image size of job updated: 1015
	1015  -  MemoryUsage of job (MB)
	1040200  -  ResidentSetSize of job (KB)
...
006 (76624572.001.000) 2025-02-27 14:40:08 Image size of job updated: 1039
	1039  -  MemoryUsage of job (MB)
	1064148  -  ResidentSetSize of job (KB)
...
006 (76624572.001.000) 2025-02-27 14:41:09 Image size of job updated: 1058
	1058  -  MemoryUsage of job (MB)
	1084392  -  ResidentSetSize of job (KB)
...
006 (76624572.001.000) 2025-02-27 14:42:10 Image size of job updated: 1092
	1092  -  MemoryUsage of job (MB)
	1118808  -  ResidentSetSize of job (KB)
...
006 (76624572.001.000) 2025-02-27 14:43:11 Image size of job updated: 1110
	1110  -  MemoryUsage of job (MB)
	1137344  -  ResidentSetSize of job (KB)
...
006 (76624572.001.000) 2025-02-27 14:44:11 Image size of job updated: 1110
	1110  -  MemoryUsage of job (MB)
	1137460  -  ResidentSetSize of job (KB)
...
040 (76624572.001.000) 2025-02-27 18:11:22 Started transferring output files
...
040 (76624572.001.000) 2025-02-27 18:11:22 Finished transferring output files
...
005 (76624572.001.000) 2025-02-27 18:11:23 Job terminated.
	(1) Normal termination (return value 1)
		Usr 0 03:23:02, Sys 0 00:03:07  -  Run Remote Usage
		Usr 0 00:00:00, Sys 0 00:00:00  -  Run Local Usage
		Usr 0 03:23:02, Sys 0 00:03:07  -  Total Remote Usage
		Usr 0 00:00:00, Sys 0 00:00:00  -  Total Local Usage
	62566  -  Run Bytes Sent By Job
	2149960  -  Run Bytes Received By Job
	62566  -  Total Bytes Sent By Job
	2149960  -  Total Bytes Received By Job
	Partitionable Resources :    Usage  Request Allocated 
	   Cpus                 :     0.00        4         4 
	   Disk (KB)            :  2945     5242880  10349139 
	   Memory (MB)          :  1110        2048      2048 
	   TimeExecute (s)      : 13471                       
	   TimeSlotBusy (s)     : 13474                       

	Job terminated of its own accord at 2025-02-28T00:11:22Z with exit-code 1.
...
