000 (11162672.027.000) 2025-02-21 01:57:55 Job submitted from host: <131.225.189.251:9618?addrs=131.225.189.251-9618+[2620-6a-0-8421--e8]-9618&alias=lpcschedd4.fnal.gov&noUDP&sock=schedd_1925_f7e6>
...
040 (11162672.027.000) 2025-02-21 02:01:24 Started transferring input files
	Transferring to host: <131.225.189.242:9618?addrs=[2620-6a-0-8421-f0-0-189-242]-9618+131.225.189.242-9618&alias=cmswn2161.fnal.gov&noUDP&sock=slot1_3_2220_f0d3_1726>
...
040 (11162672.027.000) 2025-02-21 02:01:24 Finished transferring input files
...
001 (11162672.027.000) 2025-02-21 02:01:25 Job executing on host: <131.225.189.242:9618?addrs=[2620-6a-0-8421-f0-0-189-242]-9618+131.225.189.242-9618&alias=cmswn2161.fnal.gov&noUDP&sock=startd_2164_e709>
	SlotName: slot1_3@cmswn2161.fnal.gov
	CondorScratchDir = "/storage/local/data1/condor/execute/dir_587997"
	Cpus = 4
	Disk = 7335414
	Memory = 2048
...
006 (11162672.027.000) 2025-02-21 02:02:35 Image size of job updated: 336
	336  -  MemoryUsage of job (MB)
	344892  -  ResidentSetSize of job (KB)
...
006 (11162672.027.000) 2025-02-21 02:03:35 Image size of job updated: 348
	348  -  MemoryUsage of job (MB)
	357316  -  ResidentSetSize of job (KB)
...
006 (11162672.027.000) 2025-02-21 02:04:36 Image size of job updated: 356
	356  -  MemoryUsage of job (MB)
	364800  -  ResidentSetSize of job (KB)
...
006 (11162672.027.000) 2025-02-21 02:05:37 Image size of job updated: 392
	392  -  MemoryUsage of job (MB)
	401908  -  ResidentSetSize of job (KB)
...
006 (11162672.027.000) 2025-02-21 02:06:37 Image size of job updated: 452
	452  -  MemoryUsage of job (MB)
	463396  -  ResidentSetSize of job (KB)
...
006 (11162672.027.000) 2025-02-21 02:07:37 Image size of job updated: 452
	452  -  MemoryUsage of job (MB)
	463428  -  ResidentSetSize of job (KB)
...
006 (11162672.027.000) 2025-02-21 02:08:38 Image size of job updated: 452
	452  -  MemoryUsage of job (MB)
	463432  -  ResidentSetSize of job (KB)
...
006 (11162672.027.000) 2025-02-21 02:09:38 Image size of job updated: 456
	456  -  MemoryUsage of job (MB)
	467256  -  ResidentSetSize of job (KB)
...
006 (11162672.027.000) 2025-02-21 02:10:38 Image size of job updated: 456
	456  -  MemoryUsage of job (MB)
	467396  -  ResidentSetSize of job (KB)
...
006 (11162672.027.000) 2025-02-21 02:21:42 Image size of job updated: 456
	456  -  MemoryUsage of job (MB)
	467424  -  ResidentSetSize of job (KB)
...
006 (11162672.027.000) 2025-02-21 02:24:43 Image size of job updated: 456
	456  -  MemoryUsage of job (MB)
	467468  -  ResidentSetSize of job (KB)
...
006 (11162672.027.000) 2025-02-21 02:44:54 Image size of job updated: 456
	456  -  MemoryUsage of job (MB)
	467500  -  ResidentSetSize of job (KB)
...
006 (11162672.027.000) 2025-02-21 02:48:56 Image size of job updated: 457
	457  -  MemoryUsage of job (MB)
	468424  -  ResidentSetSize of job (KB)
...
006 (11162672.027.000) 2025-02-21 02:49:56 Image size of job updated: 457
	457  -  MemoryUsage of job (MB)
	468776  -  ResidentSetSize of job (KB)
...
006 (11162672.027.000) 2025-02-21 02:53:58 Image size of job updated: 461
	461  -  MemoryUsage of job (MB)
	472280  -  ResidentSetSize of job (KB)
...
006 (11162672.027.000) 2025-02-21 02:54:58 Image size of job updated: 461
	461  -  MemoryUsage of job (MB)
	472376  -  ResidentSetSize of job (KB)
...
006 (11162672.027.000) 2025-02-21 02:55:59 Image size of job updated: 461
	461  -  MemoryUsage of job (MB)
	472412  -  ResidentSetSize of job (KB)
...
006 (11162672.027.000) 2025-02-21 02:56:59 Image size of job updated: 461
	461  -  MemoryUsage of job (MB)
	472472  -  ResidentSetSize of job (KB)
...
006 (11162672.027.000) 2025-02-21 03:12:10 Image size of job updated: 461
	461  -  MemoryUsage of job (MB)
	472504  -  ResidentSetSize of job (KB)
...
006 (11162672.027.000) 2025-02-21 03:18:13 Image size of job updated: 461
	461  -  MemoryUsage of job (MB)
	472524  -  ResidentSetSize of job (KB)
...
006 (11162672.027.000) 2025-02-21 03:21:14 Image size of job updated: 462
	462  -  MemoryUsage of job (MB)
	473560  -  ResidentSetSize of job (KB)
...
006 (11162672.027.000) 2025-02-21 03:26:15 Image size of job updated: 462
	462  -  MemoryUsage of job (MB)
	473644  -  ResidentSetSize of job (KB)
...
006 (11162672.027.000) 2025-02-21 03:28:17 Image size of job updated: 471
	471  -  MemoryUsage of job (MB)
	483292  -  ResidentSetSize of job (KB)
...
006 (11162672.027.000) 2025-02-21 03:29:17 Image size of job updated: 496
	496  -  MemoryUsage of job (MB)
	508236  -  ResidentSetSize of job (KB)
...
006 (11162672.027.000) 2025-02-21 03:30:18 Image size of job updated: 518
	518  -  MemoryUsage of job (MB)
	531320  -  ResidentSetSize of job (KB)
...
006 (11162672.027.000) 2025-02-21 03:31:19 Image size of job updated: 553
	553  -  MemoryUsage of job (MB)
	567264  -  ResidentSetSize of job (KB)
...
006 (11162672.027.000) 2025-02-21 03:32:19 Image size of job updated: 554
	554  -  MemoryUsage of job (MB)
	567384  -  ResidentSetSize of job (KB)
...
006 (11162672.027.000) 2025-02-21 03:34:21 Image size of job updated: 555
	555  -  MemoryUsage of job (MB)
	568940  -  ResidentSetSize of job (KB)
...
006 (11162672.027.000) 2025-02-21 03:38:23 Image size of job updated: 555
	555  -  MemoryUsage of job (MB)
	569012  -  ResidentSetSize of job (KB)
...
006 (11162672.027.000) 2025-02-21 03:40:24 Image size of job updated: 555
	555  -  MemoryUsage of job (MB)
	569036  -  ResidentSetSize of job (KB)
...
006 (11162672.027.000) 2025-02-21 03:41:25 Image size of job updated: 555
	555  -  MemoryUsage of job (MB)
	569056  -  ResidentSetSize of job (KB)
...
006 (11162672.027.000) 2025-02-21 03:46:28 Image size of job updated: 555
	555  -  MemoryUsage of job (MB)
	569208  -  ResidentSetSize of job (KB)
...
006 (11162672.027.000) 2025-02-21 03:49:29 Image size of job updated: 560
	560  -  MemoryUsage of job (MB)
	573836  -  ResidentSetSize of job (KB)
...
006 (11162672.027.000) 2025-02-21 03:51:30 Image size of job updated: 560
	560  -  MemoryUsage of job (MB)
	573840  -  ResidentSetSize of job (KB)
...
006 (11162672.027.000) 2025-02-21 03:52:30 Image size of job updated: 560
	560  -  MemoryUsage of job (MB)
	574044  -  ResidentSetSize of job (KB)
...
006 (11162672.027.000) 2025-02-21 03:59:33 Image size of job updated: 560
	560  -  MemoryUsage of job (MB)
	574108  -  ResidentSetSize of job (KB)
...
006 (11162672.027.000) 2025-02-21 04:11:39 Image size of job updated: 560
	560  -  MemoryUsage of job (MB)
	574220  -  ResidentSetSize of job (KB)
...
040 (11162672.027.000) 2025-02-21 04:39:14 Started transferring output files
...
040 (11162672.027.000) 2025-02-21 04:39:14 Finished transferring output files
...
005 (11162672.027.000) 2025-02-21 04:39:15 Job terminated.
	(1) Normal termination (return value 1)
		Usr 0 02:25:42, Sys 0 00:01:56  -  Run Remote Usage
		Usr 0 00:00:00, Sys 0 00:00:00  -  Run Local Usage
		Usr 0 02:25:42, Sys 0 00:01:56  -  Total Remote Usage
		Usr 0 00:00:00, Sys 0 00:00:00  -  Total Local Usage
	52637  -  Run Bytes Sent By Job
	1268607  -  Run Bytes Received By Job
	52637  -  Total Bytes Sent By Job
	1268607  -  Total Bytes Received By Job
	Partitionable Resources :    Usage  Request Allocated 
	   Cpus                 :     0.00        4         4 
	   Disk (KB)            :  2075     5242880   7335414 
	   Memory (MB)          :   560        2048      2048 

	Job terminated of its own accord at 2025-02-21T10:39:14Z with exit-code 1.
...
