000 (47239042.023.000) 2025-02-15 07:25:53 Job submitted from host: <131.225.204.62:9618?addrs=131.225.204.62-9618+[2620-6a-0-8420-f0-0-204-62]-9618&alias=lpcschedd5.fnal.gov&noUDP&sock=schedd_2457_e048>
...
040 (47239042.023.000) 2025-02-15 07:27:26 Started transferring input files
	Transferring to host: <131.225.189.173:9618?addrs=[2620-6a-0-8421-f0-0-189-173]-9618+131.225.189.173-9618&alias=cmswn2123.fnal.gov&noUDP&sock=slot1_42_2342_e698_29520>
...
040 (47239042.023.000) 2025-02-15 07:27:26 Finished transferring input files
...
001 (47239042.023.000) 2025-02-15 07:27:27 Job executing on host: <131.225.189.173:9618?addrs=[2620-6a-0-8421-f0-0-189-173]-9618+131.225.189.173-9618&alias=cmswn2123.fnal.gov&noUDP&sock=startd_2221_ffef>
	SlotName: slot1_42@cmswn2123.fnal.gov
	CondorScratchDir = "/storage/local/data1/condor/execute/dir_2229403"
	Cpus = 4
	Disk = 10340910
	Memory = 2048
...
006 (47239042.023.000) 2025-02-15 07:28:37 Image size of job updated: 226
	226  -  MemoryUsage of job (MB)
	232272  -  ResidentSetSize of job (KB)
...
040 (47239042.023.000) 2025-02-15 07:31:22 Started transferring output files
...
040 (47239042.023.000) 2025-02-15 07:31:22 Finished transferring output files
...
005 (47239042.023.000) 2025-02-15 07:31:23 Job terminated.
	(1) Normal termination (return value 1)
		Usr 0 00:02:33, Sys 0 00:00:10  -  Run Remote Usage
		Usr 0 00:00:00, Sys 0 00:00:00  -  Run Local Usage
		Usr 0 00:02:33, Sys 0 00:00:10  -  Total Remote Usage
		Usr 0 00:00:00, Sys 0 00:00:00  -  Total Local Usage
	20159  -  Run Bytes Sent By Job
	653312  -  Run Bytes Received By Job
	20159  -  Total Bytes Sent By Job
	653312  -  Total Bytes Received By Job
	Partitionable Resources :    Usage  Request Allocated 
	   Cpus                 :        0        4         4 
	   Disk (KB)            :     1446  5242880  10340910 
	   Memory (MB)          :      226     2048      2048 
	   TimeExecute (s)      :      235                    
	   TimeSlotBusy (s)     :      237                    

	Job terminated of its own accord at 2025-02-15T13:31:22Z with exit-code 1.
...
