000 (47306185.001.000) 2025-03-07 08:43:24 Job submitted from host: <131.225.204.62:9618?addrs=131.225.204.62-9618+[2620-6a-0-8420-f0-0-204-62]-9618&alias=lpcschedd5.fnal.gov&noUDP&sock=schedd_2457_e048>
...
040 (47306185.001.000) 2025-03-07 08:43:33 Started transferring input files
	Transferring to host: <131.225.188.157:9618?addrs=[2620-6a-0-8421-f0-0-188-157]-9618+131.225.188.157-9618&alias=cmswn2053.fnal.gov&noUDP&sock=slot1_16_2526_8ba0_7518>
...
040 (47306185.001.000) 2025-03-07 08:43:33 Finished transferring input files
...
001 (47306185.001.000) 2025-03-07 08:43:34 Job executing on host: <131.225.188.157:9618?addrs=[2620-6a-0-8421-f0-0-188-157]-9618+131.225.188.157-9618&alias=cmswn2053.fnal.gov&noUDP&sock=startd_2200_9871>
	SlotName: slot1_16@cmswn2053.fnal.gov
	CondorScratchDir = "/storage/local/data1/condor/execute/dir_4146038"
	Cpus = 4
	Disk = 6421204
	Memory = 2048
...
006 (47306185.001.000) 2025-03-07 08:43:44 Image size of job updated: 55
	55  -  MemoryUsage of job (MB)
	56624  -  ResidentSetSize of job (KB)
...
006 (47306185.001.000) 2025-03-07 08:44:44 Image size of job updated: 884
	884  -  MemoryUsage of job (MB)
	905440  -  ResidentSetSize of job (KB)
...
006 (47306185.001.000) 2025-03-07 09:09:59 Image size of job updated: 919
	919  -  MemoryUsage of job (MB)
	941584  -  ResidentSetSize of job (KB)
...
006 (47306185.001.000) 2025-03-07 09:11:00 Image size of job updated: 940
	940  -  MemoryUsage of job (MB)
	962984  -  ResidentSetSize of job (KB)
...
006 (47306185.001.000) 2025-03-07 09:12:01 Image size of job updated: 940
	940  -  MemoryUsage of job (MB)
	963432  -  ResidentSetSize of job (KB)
...
006 (47306185.001.000) 2025-03-07 09:13:02 Image size of job updated: 942
	942  -  MemoryUsage of job (MB)
	965116  -  ResidentSetSize of job (KB)
...
006 (47306185.001.000) 2025-03-07 09:14:03 Image size of job updated: 942
	942  -  MemoryUsage of job (MB)
	965312  -  ResidentSetSize of job (KB)
...
006 (47306185.001.000) 2025-03-07 09:17:05 Image size of job updated: 942
	942  -  MemoryUsage of job (MB)
	965436  -  ResidentSetSize of job (KB)
...
040 (47306185.001.000) 2025-03-07 12:09:20 Started transferring output files
...
040 (47306185.001.000) 2025-03-07 12:09:20 Finished transferring output files
...
005 (47306185.001.000) 2025-03-07 12:09:21 Job terminated.
	(1) Normal termination (return value 1)
		Usr 0 03:06:32, Sys 0 00:02:37  -  Run Remote Usage
		Usr 0 00:00:00, Sys 0 00:00:00  -  Run Local Usage
		Usr 0 03:06:32, Sys 0 00:02:37  -  Total Remote Usage
		Usr 0 00:00:00, Sys 0 00:00:00  -  Total Local Usage
	60281  -  Run Bytes Sent By Job
	2782105  -  Run Bytes Received By Job
	60281  -  Total Bytes Sent By Job
	2782105  -  Total Bytes Received By Job
	Partitionable Resources :    Usage  Request Allocated 
	   Cpus                 :     0.00        4         4 
	   Disk (KB)            :  3557     5242880   6421204 
	   Memory (MB)          :   942        2048      2048 
	   TimeExecute (s)      : 12346                       
	   TimeSlotBusy (s)     : 12348                       

	Job terminated of its own accord at 2025-03-07T18:09:20Z with exit-code 1.
...
