000 (74453876.002.000) 2025-02-14 03:38:36 Job submitted from host: <131.225.189.168:9618?addrs=131.225.189.168-9618+[2620-6a-0-8421-f0-0-189-168]-9618&alias=lpcschedd6.fnal.gov&noUDP&sock=schedd_31891_26e2>
...
040 (74453876.002.000) 2025-02-14 03:55:35 Started transferring input files
	Transferring to host: <131.225.188.14:9618?addrs=[2620-6a-0-8421-f0-0-188-14]-9618+131.225.188.14-9618&alias=cmswn2019.fnal.gov&noUDP&sock=slot1_34_2222_5993_28411>
...
040 (74453876.002.000) 2025-02-14 03:55:35 Finished transferring input files
...
001 (74453876.002.000) 2025-02-14 03:55:36 Job executing on host: <131.225.188.14:9618?addrs=[2620-6a-0-8421-f0-0-188-14]-9618+131.225.188.14-9618&alias=cmswn2019.fnal.gov&noUDP&sock=startd_2172_63cb>
	SlotName: slot1_34@cmswn2019.fnal.gov
	CondorScratchDir = "/storage/local/data1/condor/execute/dir_594554"
	Cpus = 4
	Disk = 7013797
	Memory = 2048
...
006 (74453876.002.000) 2025-02-14 03:55:44 Image size of job updated: 46
	46  -  MemoryUsage of job (MB)
	47612  -  ResidentSetSize of job (KB)
...
006 (74453876.002.000) 2025-02-14 03:56:44 Image size of job updated: 640
	640  -  MemoryUsage of job (MB)
	655532  -  ResidentSetSize of job (KB)
...
006 (74453876.002.000) 2025-02-14 03:57:01 Image size of job updated: 676
	676  -  MemoryUsage of job (MB)
	693084  -  ResidentSetSize of job (KB)
...
040 (74453876.002.000) 2025-02-14 03:57:01 Started transferring output files
...
040 (74453876.002.000) 2025-02-14 03:57:01 Finished transferring output files
...
005 (74453876.002.000) 2025-02-14 03:57:03 Job terminated.
	(1) Normal termination (return value 1)
		Usr 0 00:00:09, Sys 0 00:00:03  -  Run Remote Usage
		Usr 0 00:00:00, Sys 0 00:00:00  -  Run Local Usage
		Usr 0 00:00:09, Sys 0 00:00:03  -  Total Remote Usage
		Usr 0 00:00:00, Sys 0 00:00:00  -  Total Local Usage
	16840  -  Run Bytes Sent By Job
	413008  -  Run Bytes Received By Job
	16840  -  Total Bytes Sent By Job
	413008  -  Total Bytes Received By Job
	Partitionable Resources :    Usage  Request Allocated 
	   Cpus                 :        0        4         4 
	   Disk (KB)            :     1209  5242880   7013797 
	   Memory (MB)          :      676     2048      2048 
	   TimeExecute (s)      :       85                    
	   TimeSlotBusy (s)     :       89                    

	Job terminated of its own accord at 2025-02-14T09:57:01Z with exit-code 1.
...
