000 (47306185.010.000) 2025-03-07 08:43:24 Job submitted from host: <131.225.204.62:9618?addrs=131.225.204.62-9618+[2620-6a-0-8420-f0-0-204-62]-9618&alias=lpcschedd5.fnal.gov&noUDP&sock=schedd_2457_e048>
...
040 (47306185.010.000) 2025-03-07 08:43:34 Started transferring input files
	Transferring to host: <131.225.189.173:9618?addrs=[2620-6a-0-8421-f0-0-189-173]-9618+131.225.189.173-9618&alias=cmswn2123.fnal.gov&noUDP&sock=slot1_16_2342_e698_50708>
...
040 (47306185.010.000) 2025-03-07 08:43:34 Finished transferring input files
...
001 (47306185.010.000) 2025-03-07 08:43:35 Job executing on host: <131.225.189.173:9618?addrs=[2620-6a-0-8421-f0-0-189-173]-9618+131.225.189.173-9618&alias=cmswn2123.fnal.gov&noUDP&sock=startd_2221_ffef>
	SlotName: slot1_16@cmswn2123.fnal.gov
	CondorScratchDir = "/storage/local/data1/condor/execute/dir_159478"
	Cpus = 4
	Disk = 10340910
	Memory = 2048
...
006 (47306185.010.000) 2025-03-07 08:43:44 Image size of job updated: 57
	57  -  MemoryUsage of job (MB)
	58808  -  ResidentSetSize of job (KB)
...
006 (47306185.010.000) 2025-03-07 08:44:44 Image size of job updated: 972
	972  -  MemoryUsage of job (MB)
	995828  -  ResidentSetSize of job (KB)
...
006 (47306185.010.000) 2025-03-07 08:45:44 Image size of job updated: 1001
	1001  -  MemoryUsage of job (MB)
	1025400  -  ResidentSetSize of job (KB)
...
040 (47306185.010.000) 2025-03-07 08:47:38 Started transferring output files
...
040 (47306185.010.000) 2025-03-07 08:47:38 Finished transferring output files
...
005 (47306185.010.000) 2025-03-07 08:47:38 Job terminated.
	(1) Normal termination (return value 1)
		Usr 0 00:01:23, Sys 0 00:00:13  -  Run Remote Usage
		Usr 0 00:00:00, Sys 0 00:00:00  -  Run Local Usage
		Usr 0 00:01:23, Sys 0 00:00:13  -  Total Remote Usage
		Usr 0 00:00:00, Sys 0 00:00:00  -  Total Local Usage
	55751  -  Run Bytes Sent By Job
	2783746  -  Run Bytes Received By Job
	55751  -  Total Bytes Sent By Job
	2783746  -  Total Bytes Received By Job
	Partitionable Resources :    Usage  Request Allocated 
	   Cpus                 :     0.00        4         4 
	   Disk (KB)            :  3556     5242880  10340910 
	   Memory (MB)          :  1001        2048      2048 
	   TimeExecute (s)      :   243                       
	   TimeSlotBusy (s)     :   244                       

	Job terminated of its own accord at 2025-03-07T14:47:38Z with exit-code 1.
...
