000 (76624572.002.000) 2025-02-27 14:26:35 Job submitted from host: <131.225.189.168:9618?addrs=131.225.189.168-9618+[2620-6a-0-8421-f0-0-189-168]-9618&alias=lpcschedd6.fnal.gov&noUDP&sock=schedd_31891_26e2>
...
040 (76624572.002.000) 2025-02-27 14:26:50 Started transferring input files
	Transferring to host: <131.225.188.84:9618?addrs=[2620-6a-0-8421-f0-0-188-84]-9618+131.225.188.84-9618&alias=cmswn2041.fnal.gov&noUDP&sock=slot1_15_2737_36c8_39477>
...
040 (76624572.002.000) 2025-02-27 14:26:50 Finished transferring input files
...
001 (76624572.002.000) 2025-02-27 14:26:51 Job executing on host: <131.225.188.84:9618?addrs=[2620-6a-0-8421-f0-0-188-84]-9618+131.225.188.84-9618&alias=cmswn2041.fnal.gov&noUDP&sock=startd_2499_af43>
	SlotName: slot1_15@cmswn2041.fnal.gov
	CondorScratchDir = "/storage/local/data1/condor/execute/dir_530960"
	Cpus = 4
	Disk = 6382507
	Memory = 2048
...
006 (76624572.002.000) 2025-02-27 14:26:59 Image size of job updated: 52
	52  -  MemoryUsage of job (MB)
	54204  -  ResidentSetSize of job (KB)
...
006 (76624572.002.000) 2025-02-27 14:28:00 Image size of job updated: 462
	462  -  MemoryUsage of job (MB)
	473224  -  ResidentSetSize of job (KB)
...
006 (76624572.002.000) 2025-02-27 14:29:00 Image size of job updated: 538
	538  -  MemoryUsage of job (MB)
	551008  -  ResidentSetSize of job (KB)
...
006 (76624572.002.000) 2025-02-27 14:30:01 Image size of job updated: 538
	538  -  MemoryUsage of job (MB)
	551148  -  ResidentSetSize of job (KB)
...
040 (76624572.002.000) 2025-02-27 14:30:14 Started transferring output files
...
040 (76624572.002.000) 2025-02-27 14:30:14 Finished transferring output files
...
005 (76624572.002.000) 2025-02-27 14:30:14 Job terminated.
	(1) Normal termination (return value 1)
		Usr 0 00:01:07, Sys 0 00:00:09  -  Run Remote Usage
		Usr 0 00:00:00, Sys 0 00:00:00  -  Run Local Usage
		Usr 0 00:01:07, Sys 0 00:00:09  -  Total Remote Usage
		Usr 0 00:00:00, Sys 0 00:00:00  -  Total Local Usage
	54106  -  Run Bytes Sent By Job
	2151442  -  Run Bytes Received By Job
	54106  -  Total Bytes Sent By Job
	2151442  -  Total Bytes Received By Job
	Partitionable Resources :    Usage  Request Allocated 
	   Cpus                 :     0.00        4         4 
	   Disk (KB)            :  2940     5242880   6382507 
	   Memory (MB)          :   538        2048      2048 
	   TimeExecute (s)      :   202                       
	   TimeSlotBusy (s)     :   204                       

	Job terminated of its own accord at 2025-02-27T20:30:13Z with exit-code 1.
...
