000 (47306185.004.000) 2025-03-07 08:43:24 Job submitted from host: <131.225.204.62:9618?addrs=131.225.204.62-9618+[2620-6a-0-8420-f0-0-204-62]-9618&alias=lpcschedd5.fnal.gov&noUDP&sock=schedd_2457_e048>
...
040 (47306185.004.000) 2025-03-07 08:43:32 Started transferring input files
	Transferring to host: <131.225.189.244:9618?addrs=[2620-6a-0-8421-f0-0-189-244]-9618+131.225.189.244-9618&alias=cmswn2162.fnal.gov&noUDP&sock=slot1_7_2160_aa51_11448>
...
040 (47306185.004.000) 2025-03-07 08:43:32 Finished transferring input files
...
001 (47306185.004.000) 2025-03-07 08:43:33 Job executing on host: <131.225.189.244:9618?addrs=[2620-6a-0-8421-f0-0-189-244]-9618+131.225.189.244-9618&alias=cmswn2162.fnal.gov&noUDP&sock=startd_2106_1e8a>
	SlotName: slot1_7@cmswn2162.fnal.gov
	CondorScratchDir = "/storage/local/data1/condor/execute/dir_1368616"
	Cpus = 4
	Disk = 7372797
	Memory = 2048
...
006 (47306185.004.000) 2025-03-07 08:43:41 Image size of job updated: 67
	67  -  MemoryUsage of job (MB)
	69500  -  ResidentSetSize of job (KB)
...
006 (47306185.004.000) 2025-03-07 08:44:41 Image size of job updated: 973
	973  -  MemoryUsage of job (MB)
	996816  -  ResidentSetSize of job (KB)
...
006 (47306185.004.000) 2025-03-07 08:45:02 Image size of job updated: 1034
	1034  -  MemoryUsage of job (MB)
	1058924  -  ResidentSetSize of job (KB)
...
040 (47306185.004.000) 2025-03-07 08:45:02 Started transferring output files
...
040 (47306185.004.000) 2025-03-07 08:45:02 Finished transferring output files
...
005 (47306185.004.000) 2025-03-07 08:45:03 Job terminated.
	(1) Normal termination (return value 1)
		Usr 0 00:00:10, Sys 0 00:00:03  -  Run Remote Usage
		Usr 0 00:00:00, Sys 0 00:00:00  -  Run Local Usage
		Usr 0 00:00:10, Sys 0 00:00:03  -  Total Remote Usage
		Usr 0 00:00:00, Sys 0 00:00:00  -  Total Local Usage
	46408  -  Run Bytes Sent By Job
	2780431  -  Run Bytes Received By Job
	46408  -  Total Bytes Sent By Job
	2780431  -  Total Bytes Received By Job
	Partitionable Resources :    Usage  Request Allocated 
	   Cpus                 :        0        4         4 
	   Disk (KB)            :     3543  5242880   7372797 
	   Memory (MB)          :     1034     2048      2048 
	   TimeExecute (s)      :       89                    
	   TimeSlotBusy (s)     :       90                    

	Job terminated of its own accord at 2025-03-07T14:45:02Z with exit-code 1.
...
