000 (76624572.018.000) 2025-02-27 14:26:35 Job submitted from host: <131.225.189.168:9618?addrs=131.225.189.168-9618+[2620-6a-0-8421-f0-0-189-168]-9618&alias=lpcschedd6.fnal.gov&noUDP&sock=schedd_31891_26e2>
...
040 (76624572.018.000) 2025-02-27 14:27:11 Started transferring input files
	Transferring to host: <131.225.188.105:9618?addrs=[2620-6a-0-8421-f0-0-188-105]-9618+131.225.188.105-9618&alias=cmswn2046.fnal.gov&noUDP&sock=slot1_3_2449_4abd_43583>
...
040 (76624572.018.000) 2025-02-27 14:27:11 Finished transferring input files
...
001 (76624572.018.000) 2025-02-27 14:27:12 Job executing on host: <131.225.188.105:9618?addrs=[2620-6a-0-8421-f0-0-188-105]-9618+131.225.188.105-9618&alias=cmswn2046.fnal.gov&noUDP&sock=startd_2071_1cba>
	SlotName: slot1_3@cmswn2046.fnal.gov
	CondorScratchDir = "/storage/local/data1/condor/execute/dir_1658874"
	Cpus = 4
	Disk = 6431328
	Memory = 2048
...
006 (76624572.018.000) 2025-02-27 14:27:20 Image size of job updated: 64
	64  -  MemoryUsage of job (MB)
	66360  -  ResidentSetSize of job (KB)
...
006 (76624572.018.000) 2025-02-27 14:28:20 Image size of job updated: 616
	616  -  MemoryUsage of job (MB)
	631556  -  ResidentSetSize of job (KB)
...
006 (76624572.018.000) 2025-02-27 14:29:21 Image size of job updated: 899
	899  -  MemoryUsage of job (MB)
	921548  -  ResidentSetSize of job (KB)
...
006 (76624572.018.000) 2025-02-27 14:30:22 Image size of job updated: 1000
	1000  -  MemoryUsage of job (MB)
	1024344  -  ResidentSetSize of job (KB)
...
006 (76624572.018.000) 2025-02-27 14:31:22 Image size of job updated: 1046
	1046  -  MemoryUsage of job (MB)
	1071444  -  ResidentSetSize of job (KB)
...
006 (76624572.018.000) 2025-02-27 14:32:23 Image size of job updated: 1046
	1046  -  MemoryUsage of job (MB)
	1071668  -  ResidentSetSize of job (KB)
...
006 (76624572.018.000) 2025-02-27 14:35:54 Image size of job updated: 1046
	1046  -  MemoryUsage of job (MB)
	1071696  -  ResidentSetSize of job (KB)
...
040 (76624572.018.000) 2025-02-27 14:35:54 Started transferring output files
...
040 (76624572.018.000) 2025-02-27 14:35:54 Finished transferring output files
...
005 (76624572.018.000) 2025-02-27 14:35:55 Job terminated.
	(1) Normal termination (return value 1)
		Usr 0 00:03:25, Sys 0 00:00:29  -  Run Remote Usage
		Usr 0 00:00:00, Sys 0 00:00:00  -  Run Local Usage
		Usr 0 00:03:25, Sys 0 00:00:29  -  Total Remote Usage
		Usr 0 00:00:00, Sys 0 00:00:00  -  Total Local Usage
	58064  -  Run Bytes Sent By Job
	2164716  -  Run Bytes Received By Job
	58064  -  Total Bytes Sent By Job
	2164716  -  Total Bytes Received By Job
	Partitionable Resources :    Usage  Request Allocated 
	   Cpus                 :        0        4         4 
	   Disk (KB)            :     2954  5242880   6431328 
	   Memory (MB)          :     1046     2048      2048 
	   TimeExecute (s)      :      522                    
	   TimeSlotBusy (s)     :      524                    

	Job terminated of its own accord at 2025-02-27T20:35:54Z with exit-code 1.
...
