000 (11162672.024.000) 2025-02-21 01:57:55 Job submitted from host: <131.225.189.251:9618?addrs=131.225.189.251-9618+[2620-6a-0-8421--e8]-9618&alias=lpcschedd4.fnal.gov&noUDP&sock=schedd_1925_f7e6>
...
040 (11162672.024.000) 2025-02-21 02:00:54 Started transferring input files
	Transferring to host: <131.225.189.180:9618?addrs=[2620-6a-0-8421-f0-0-189-180]-9618+131.225.189.180-9618&alias=cmswn2129.fnal.gov&noUDP&sock=slot1_42_2164_7bd1_33276>
...
040 (11162672.024.000) 2025-02-21 02:00:54 Finished transferring input files
...
001 (11162672.024.000) 2025-02-21 02:00:55 Job executing on host: <131.225.189.180:9618?addrs=[2620-6a-0-8421-f0-0-189-180]-9618+131.225.189.180-9618&alias=cmswn2129.fnal.gov&noUDP&sock=startd_2113_ebb4>
	SlotName: slot1_42@cmswn2129.fnal.gov
	CondorScratchDir = "/storage/local/data1/condor/execute/dir_1624631"
	Cpus = 4
	Disk = 7342160
	Memory = 2048
...
006 (11162672.024.000) 2025-02-21 02:01:03 Image size of job updated: 47
	47  -  MemoryUsage of job (MB)
	48948  -  ResidentSetSize of job (KB)
...
006 (11162672.024.000) 2025-02-21 02:02:04 Image size of job updated: 415
	415  -  MemoryUsage of job (MB)
	425688  -  ResidentSetSize of job (KB)
...
006 (11162672.024.000) 2025-02-21 02:03:05 Image size of job updated: 453
	453  -  MemoryUsage of job (MB)
	464628  -  ResidentSetSize of job (KB)
...
006 (11162672.024.000) 2025-02-21 02:04:06 Image size of job updated: 455
	455  -  MemoryUsage of job (MB)
	466220  -  ResidentSetSize of job (KB)
...
006 (11162672.024.000) 2025-02-21 02:05:07 Image size of job updated: 466
	466  -  MemoryUsage of job (MB)
	477372  -  ResidentSetSize of job (KB)
...
006 (11162672.024.000) 2025-02-21 02:06:07 Image size of job updated: 486
	486  -  MemoryUsage of job (MB)
	497904  -  ResidentSetSize of job (KB)
...
006 (11162672.024.000) 2025-02-21 02:07:08 Image size of job updated: 513
	513  -  MemoryUsage of job (MB)
	525436  -  ResidentSetSize of job (KB)
...
006 (11162672.024.000) 2025-02-21 02:08:09 Image size of job updated: 541
	541  -  MemoryUsage of job (MB)
	554736  -  ResidentSetSize of job (KB)
...
006 (11162672.024.000) 2025-02-21 02:09:09 Image size of job updated: 542
	542  -  MemoryUsage of job (MB)
	555756  -  ResidentSetSize of job (KB)
...
006 (11162672.024.000) 2025-02-21 02:10:10 Image size of job updated: 543
	543  -  MemoryUsage of job (MB)
	556036  -  ResidentSetSize of job (KB)
...
006 (11162672.024.000) 2025-02-21 02:21:16 Image size of job updated: 543
	543  -  MemoryUsage of job (MB)
	556076  -  ResidentSetSize of job (KB)
...
006 (11162672.024.000) 2025-02-21 02:26:19 Image size of job updated: 543
	543  -  MemoryUsage of job (MB)
	556088  -  ResidentSetSize of job (KB)
...
006 (11162672.024.000) 2025-02-21 02:43:29 Image size of job updated: 543
	543  -  MemoryUsage of job (MB)
	556444  -  ResidentSetSize of job (KB)
...
040 (11162672.024.000) 2025-02-21 02:45:10 Started transferring output files
...
040 (11162672.024.000) 2025-02-21 02:45:10 Finished transferring output files
...
005 (11162672.024.000) 2025-02-21 02:45:12 Job terminated.
	(1) Normal termination (return value 1)
		Usr 0 00:38:28, Sys 0 00:01:14  -  Run Remote Usage
		Usr 0 00:00:00, Sys 0 00:00:00  -  Run Local Usage
		Usr 0 00:38:28, Sys 0 00:01:14  -  Total Remote Usage
		Usr 0 00:00:00, Sys 0 00:00:00  -  Total Local Usage
	52993  -  Run Bytes Sent By Job
	1222495  -  Run Bytes Received By Job
	52993  -  Total Bytes Sent By Job
	1222495  -  Total Bytes Received By Job
	Partitionable Resources :    Usage  Request Allocated 
	   Cpus                 :     0.00        4         4 
	   Disk (KB)            :  2034     5242880   7342160 
	   Memory (MB)          :   543        2048      2048 

	Job terminated of its own accord at 2025-02-21T08:45:09Z with exit-code 1.
...
