000 (11162672.002.000) 2025-02-21 01:57:54 Job submitted from host: <131.225.189.251:9618?addrs=131.225.189.251-9618+[2620-6a-0-8421--e8]-9618&alias=lpcschedd4.fnal.gov&noUDP&sock=schedd_1925_f7e6>
...
040 (11162672.002.000) 2025-02-21 01:58:08 Started transferring input files
	Transferring to host: <131.225.189.170:9618?addrs=[2620-6a-0-8421-f0-0-189-170]-9618+131.225.189.170-9618&alias=cmswn2121.fnal.gov&noUDP&sock=slot1_8_2325_ec38_46070>
...
040 (11162672.002.000) 2025-02-21 01:58:08 Finished transferring input files
...
001 (11162672.002.000) 2025-02-21 01:58:09 Job executing on host: <131.225.189.170:9618?addrs=[2620-6a-0-8421-f0-0-189-170]-9618+131.225.189.170-9618&alias=cmswn2121.fnal.gov&noUDP&sock=startd_2235_9a42>
	SlotName: slot1_8@cmswn2121.fnal.gov
	CondorScratchDir = "/storage/local/data1/condor/execute/dir_1059556"
	Cpus = 4
	Disk = 10380152
	Memory = 2048
...
006 (11162672.002.000) 2025-02-21 01:58:18 Image size of job updated: 40
	40  -  MemoryUsage of job (MB)
	41748  -  ResidentSetSize of job (KB)
...
006 (11162672.002.000) 2025-02-21 01:59:18 Image size of job updated: 965
	965  -  MemoryUsage of job (MB)
	988488  -  ResidentSetSize of job (KB)
...
006 (11162672.002.000) 2025-02-21 02:00:20 Image size of job updated: 1015
	1015  -  MemoryUsage of job (MB)
	1040204  -  ResidentSetSize of job (KB)
...
006 (11162672.002.000) 2025-02-21 02:00:44 Image size of job updated: 1015
	1015  -  MemoryUsage of job (MB)
	1040304  -  ResidentSetSize of job (KB)
...
040 (11162672.002.000) 2025-02-21 02:00:45 Started transferring output files
...
040 (11162672.002.000) 2025-02-21 02:00:45 Finished transferring output files
...
005 (11162672.002.000) 2025-02-21 02:00:45 Job terminated.
	(1) Normal termination (return value 1)
		Usr 0 00:01:04, Sys 0 00:00:10  -  Run Remote Usage
		Usr 0 00:00:00, Sys 0 00:00:00  -  Run Local Usage
		Usr 0 00:01:04, Sys 0 00:00:10  -  Total Remote Usage
		Usr 0 00:00:00, Sys 0 00:00:00  -  Total Local Usage
	42855  -  Run Bytes Sent By Job
	865932  -  Run Bytes Received By Job
	42855  -  Total Bytes Sent By Job
	865932  -  Total Bytes Received By Job
	Partitionable Resources :    Usage  Request Allocated 
	   Cpus                 :     0.05        4         4 
	   Disk (KB)            :  1670     5242880  10380152 
	   Memory (MB)          :  1015        2048      2048 

	Job terminated of its own accord at 2025-02-21T08:00:44Z with exit-code 1.
...
