000 (47239042.007.000) 2025-02-15 07:25:53 Job submitted from host: <131.225.204.62:9618?addrs=131.225.204.62-9618+[2620-6a-0-8420-f0-0-204-62]-9618&alias=lpcschedd5.fnal.gov&noUDP&sock=schedd_2457_e048>
...
040 (47239042.007.000) 2025-02-15 07:26:18 Started transferring input files
	Transferring to host: <131.225.189.211:9618?addrs=[2620-6a-0-8421-f0-0-189-211]-9618+131.225.189.211-9618&alias=cmswn2145.fnal.gov&noUDP&sock=slot1_7_2338_1518_37082>
...
040 (47239042.007.000) 2025-02-15 07:26:18 Finished transferring input files
...
001 (47239042.007.000) 2025-02-15 07:26:19 Job executing on host: <131.225.189.211:9618?addrs=[2620-6a-0-8421-f0-0-189-211]-9618+131.225.189.211-9618&alias=cmswn2145.fnal.gov&noUDP&sock=startd_2246_25cd>
	SlotName: slot1_7@cmswn2145.fnal.gov
	CondorScratchDir = "/storage/local/data1/condor/execute/dir_3789658"
	Cpus = 4
	Disk = 10338924
	Memory = 2048
...
006 (47239042.007.000) 2025-02-15 07:26:27 Image size of job updated: 51
	51  -  MemoryUsage of job (MB)
	52264  -  ResidentSetSize of job (KB)
...
006 (47239042.007.000) 2025-02-15 07:27:28 Image size of job updated: 347
	347  -  MemoryUsage of job (MB)
	355764  -  ResidentSetSize of job (KB)
...
006 (47239042.007.000) 2025-02-15 07:27:59 Image size of job updated: 402
	402  -  MemoryUsage of job (MB)
	412076  -  ResidentSetSize of job (KB)
...
040 (47239042.007.000) 2025-02-15 07:27:59 Started transferring output files
...
040 (47239042.007.000) 2025-02-15 07:27:59 Finished transferring output files
...
005 (47239042.007.000) 2025-02-15 07:28:00 Job terminated.
	(1) Normal termination (return value 1)
		Usr 0 00:00:03, Sys 0 00:00:02  -  Run Remote Usage
		Usr 0 00:00:00, Sys 0 00:00:00  -  Run Local Usage
		Usr 0 00:00:03, Sys 0 00:00:02  -  Total Remote Usage
		Usr 0 00:00:00, Sys 0 00:00:00  -  Total Local Usage
	18664  -  Run Bytes Sent By Job
	584247  -  Run Bytes Received By Job
	18664  -  Total Bytes Sent By Job
	584247  -  Total Bytes Received By Job
	Partitionable Resources :    Usage  Request Allocated 
	   Cpus                 :        0        4         4 
	   Disk (KB)            :     1375  5242880  10338924 
	   Memory (MB)          :      402     2048      2048 
	   TimeExecute (s)      :      100                    
	   TimeSlotBusy (s)     :      101                    

	Job terminated of its own accord at 2025-02-15T13:27:59Z with exit-code 1.
...
