000 (76624572.003.000) 2025-02-27 14:26:35 Job submitted from host: <131.225.189.168:9618?addrs=131.225.189.168-9618+[2620-6a-0-8421-f0-0-189-168]-9618&alias=lpcschedd6.fnal.gov&noUDP&sock=schedd_31891_26e2>
...
040 (76624572.003.000) 2025-02-27 14:26:49 Started transferring input files
	Transferring to host: <131.225.189.46:9618?addrs=[2620-6a-0-8421-f0-0-189-46]-9618+131.225.189.46-9618&alias=cmswn2095.fnal.gov&noUDP&sock=slot1_12_2413_ed3b_47742>
...
040 (76624572.003.000) 2025-02-27 14:26:50 Finished transferring input files
...
001 (76624572.003.000) 2025-02-27 14:26:51 Job executing on host: <131.225.189.46:9618?addrs=[2620-6a-0-8421-f0-0-189-46]-9618+131.225.189.46-9618&alias=cmswn2095.fnal.gov&noUDP&sock=startd_2056_d2ce>
	SlotName: slot1_12@cmswn2095.fnal.gov
	CondorScratchDir = "/storage/local/data1/condor/execute/dir_1217134"
	Cpus = 4
	Disk = 6480857
	Memory = 2048
...
006 (76624572.003.000) 2025-02-27 14:32:05 Image size of job updated: 156
	156  -  MemoryUsage of job (MB)
	160632  -  ResidentSetSize of job (KB)
...
040 (76624572.003.000) 2025-02-27 14:33:31 Started transferring output files
...
040 (76624572.003.000) 2025-02-27 14:33:31 Finished transferring output files
...
005 (76624572.003.000) 2025-02-27 14:33:34 Job terminated.
	(1) Normal termination (return value 1)
		Usr 0 00:00:28, Sys 0 00:00:04  -  Run Remote Usage
		Usr 0 00:00:00, Sys 0 00:00:00  -  Run Local Usage
		Usr 0 00:00:28, Sys 0 00:00:04  -  Total Remote Usage
		Usr 0 00:00:00, Sys 0 00:00:00  -  Total Local Usage
	54699  -  Run Bytes Sent By Job
	2149960  -  Run Bytes Received By Job
	54699  -  Total Bytes Sent By Job
	2149960  -  Total Bytes Received By Job
	Partitionable Resources :    Usage  Request Allocated 
	   Cpus                 :        0        4         4 
	   Disk (KB)            :     2936  5242880   6480857 
	   Memory (MB)          :      156     2048      2048 
	   TimeExecute (s)      :      400                    
	   TimeSlotBusy (s)     :      405                    

	Job terminated of its own accord at 2025-02-27T20:33:31Z with exit-code 1.
...
