000 (74453876.005.000) 2025-02-14 03:38:36 Job submitted from host: <131.225.189.168:9618?addrs=131.225.189.168-9618+[2620-6a-0-8421-f0-0-189-168]-9618&alias=lpcschedd6.fnal.gov&noUDP&sock=schedd_31891_26e2>
...
040 (74453876.005.000) 2025-02-14 03:55:58 Started transferring input files
	Transferring to host: <131.225.189.87:9618?addrs=[2620-6a-0-8421-f0-0-189-87]-9618+131.225.189.87-9618&alias=cmswn2101.fnal.gov&noUDP&sock=slot1_8_2792_f76b_38697>
...
040 (74453876.005.000) 2025-02-14 03:55:58 Finished transferring input files
...
001 (74453876.005.000) 2025-02-14 03:55:59 Job executing on host: <131.225.189.87:9618?addrs=[2620-6a-0-8421-f0-0-189-87]-9618+131.225.189.87-9618&alias=cmswn2101.fnal.gov&noUDP&sock=startd_2530_f2b2>
	SlotName: slot1_8@cmswn2101.fnal.gov
	CondorScratchDir = "/storage/local/data1/condor/execute/dir_1448412"
	Cpus = 4
	Disk = 10325293
	Memory = 2048
...
006 (74453876.005.000) 2025-02-14 03:56:07 Image size of job updated: 58
	58  -  MemoryUsage of job (MB)
	59956  -  ResidentSetSize of job (KB)
...
006 (74453876.005.000) 2025-02-14 03:57:07 Image size of job updated: 777
	777  -  MemoryUsage of job (MB)
	796488  -  ResidentSetSize of job (KB)
...
006 (74453876.005.000) 2025-02-14 03:57:34 Image size of job updated: 826
	826  -  MemoryUsage of job (MB)
	845904  -  ResidentSetSize of job (KB)
...
040 (74453876.005.000) 2025-02-14 03:57:34 Started transferring output files
...
040 (74453876.005.000) 2025-02-14 03:57:34 Finished transferring output files
...
005 (74453876.005.000) 2025-02-14 03:57:35 Job terminated.
	(1) Normal termination (return value 1)
		Usr 0 00:00:03, Sys 0 00:00:03  -  Run Remote Usage
		Usr 0 00:00:00, Sys 0 00:00:00  -  Run Local Usage
		Usr 0 00:00:03, Sys 0 00:00:03  -  Total Remote Usage
		Usr 0 00:00:00, Sys 0 00:00:00  -  Total Local Usage
	15355  -  Run Bytes Sent By Job
	416622  -  Run Bytes Received By Job
	15355  -  Total Bytes Sent By Job
	416622  -  Total Bytes Received By Job
	Partitionable Resources :    Usage  Request Allocated 
	   Cpus                 :        0        4         4 
	   Disk (KB)            :     1210  5242880  10325293 
	   Memory (MB)          :      826     2048      2048 
	   TimeExecute (s)      :       95                    
	   TimeSlotBusy (s)     :       96                    

	Job terminated of its own accord at 2025-02-14T09:57:34Z with exit-code 1.
...
