000 (76624572.010.000) 2025-02-27 14:26:35 Job submitted from host: <131.225.189.168:9618?addrs=131.225.189.168-9618+[2620-6a-0-8421-f0-0-189-168]-9618&alias=lpcschedd6.fnal.gov&noUDP&sock=schedd_31891_26e2>
...
040 (76624572.010.000) 2025-02-27 14:26:51 Started transferring input files
	Transferring to host: <131.225.188.14:9618?addrs=[2620-6a-0-8421-f0-0-188-14]-9618+131.225.188.14-9618&alias=cmswn2019.fnal.gov&noUDP&sock=slot1_13_2222_5993_38660>
...
040 (76624572.010.000) 2025-02-27 14:26:51 Finished transferring input files
...
001 (76624572.010.000) 2025-02-27 14:26:52 Job executing on host: <131.225.188.14:9618?addrs=[2620-6a-0-8421-f0-0-188-14]-9618+131.225.188.14-9618&alias=cmswn2019.fnal.gov&noUDP&sock=startd_2172_63cb>
	SlotName: slot1_13@cmswn2019.fnal.gov
	CondorScratchDir = "/storage/local/data1/condor/execute/dir_2205840"
	Cpus = 4
	Disk = 7013797
	Memory = 2048
...
006 (76624572.010.000) 2025-02-27 14:27:01 Image size of job updated: 51
	51  -  MemoryUsage of job (MB)
	52428  -  ResidentSetSize of job (KB)
...
006 (76624572.010.000) 2025-02-27 14:28:01 Image size of job updated: 911
	911  -  MemoryUsage of job (MB)
	933872  -  ResidentSetSize of job (KB)
...
006 (76624572.010.000) 2025-02-27 14:29:01 Image size of job updated: 1044
	1044  -  MemoryUsage of job (MB)
	1069516  -  ResidentSetSize of job (KB)
...
006 (76624572.010.000) 2025-02-27 14:30:01 Image size of job updated: 1045
	1045  -  MemoryUsage of job (MB)
	1070192  -  ResidentSetSize of job (KB)
...
006 (76624572.010.000) 2025-02-27 14:31:01 Image size of job updated: 1045
	1045  -  MemoryUsage of job (MB)
	1070260  -  ResidentSetSize of job (KB)
...
040 (76624572.010.000) 2025-02-27 14:31:34 Started transferring output files
...
040 (76624572.010.000) 2025-02-27 14:31:34 Finished transferring output files
...
005 (76624572.010.000) 2025-02-27 14:31:34 Job terminated.
	(1) Normal termination (return value 1)
		Usr 0 00:01:27, Sys 0 00:00:11  -  Run Remote Usage
		Usr 0 00:00:00, Sys 0 00:00:00  -  Run Local Usage
		Usr 0 00:01:27, Sys 0 00:00:11  -  Total Remote Usage
		Usr 0 00:00:00, Sys 0 00:00:00  -  Total Local Usage
	57616  -  Run Bytes Sent By Job
	2154234  -  Run Bytes Received By Job
	57616  -  Total Bytes Sent By Job
	2154234  -  Total Bytes Received By Job
	Partitionable Resources :    Usage  Request Allocated 
	   Cpus                 :        0        4         4 
	   Disk (KB)            :     2943  5242880   7013797 
	   Memory (MB)          :     1045     2048      2048 
	   TimeExecute (s)      :      281                    
	   TimeSlotBusy (s)     :      283                    

	Job terminated of its own accord at 2025-02-27T20:31:33Z with exit-code 1.
...
