000 (47239042.020.000) 2025-02-15 07:25:53 Job submitted from host: <131.225.204.62:9618?addrs=131.225.204.62-9618+[2620-6a-0-8420-f0-0-204-62]-9618&alias=lpcschedd5.fnal.gov&noUDP&sock=schedd_2457_e048>
...
040 (47239042.020.000) 2025-02-15 07:27:06 Started transferring input files
	Transferring to host: <131.225.189.172:9618?addrs=[2620-6a-0-8421-f0-0-189-172]-9618+131.225.189.172-9618&alias=cmswn2122.fnal.gov&noUDP&sock=slot1_15_2859_2c8d_39364>
...
040 (47239042.020.000) 2025-02-15 07:27:06 Finished transferring input files
...
001 (47239042.020.000) 2025-02-15 07:27:07 Job executing on host: <131.225.189.172:9618?addrs=[2620-6a-0-8421-f0-0-189-172]-9618+131.225.189.172-9618&alias=cmswn2122.fnal.gov&noUDP&sock=startd_2597_e78b>
	SlotName: slot1_15@cmswn2122.fnal.gov
	CondorScratchDir = "/storage/local/data1/condor/execute/dir_765393"
	Cpus = 4
	Disk = 10361850
	Memory = 2048
...
006 (47239042.020.000) 2025-02-15 07:27:17 Image size of job updated: 103
	103  -  MemoryUsage of job (MB)
	105684  -  ResidentSetSize of job (KB)
...
006 (47239042.020.000) 2025-02-15 07:27:27 Image size of job updated: 142
	142  -  MemoryUsage of job (MB)
	146244  -  ResidentSetSize of job (KB)
...
040 (47239042.020.000) 2025-02-15 07:27:27 Started transferring output files
...
040 (47239042.020.000) 2025-02-15 07:27:27 Finished transferring output files
...
005 (47239042.020.000) 2025-02-15 07:27:27 Job terminated.
	(1) Normal termination (return value 1)
		Usr 0 00:00:06, Sys 0 00:00:02  -  Run Remote Usage
		Usr 0 00:00:00, Sys 0 00:00:00  -  Run Local Usage
		Usr 0 00:00:06, Sys 0 00:00:02  -  Total Remote Usage
		Usr 0 00:00:00, Sys 0 00:00:00  -  Total Local Usage
	17721  -  Run Bytes Sent By Job
	608035  -  Run Bytes Received By Job
	17721  -  Total Bytes Sent By Job
	608035  -  Total Bytes Received By Job
	Partitionable Resources :    Usage  Request Allocated 
	   Cpus                 :     0.00        4         4 
	   Disk (KB)            :  1397     5242880  10361850 
	   Memory (MB)          :   142        2048      2048 
	   TimeExecute (s)      :    20                       
	   TimeSlotBusy (s)     :    21                       

	Job terminated of its own accord at 2025-02-15T13:27:27Z with exit-code 1.
...
