000 (76624572.024.000) 2025-02-27 14:26:35 Job submitted from host: <131.225.189.168:9618?addrs=131.225.189.168-9618+[2620-6a-0-8421-f0-0-189-168]-9618&alias=lpcschedd6.fnal.gov&noUDP&sock=schedd_31891_26e2>
...
040 (76624572.024.000) 2025-02-27 14:27:12 Started transferring input files
	Transferring to host: <131.225.189.225:9618?addrs=[2620-6a-0-8421-f0-0-189-225]-9618+131.225.189.225-9618&alias=cmswn2150.fnal.gov&noUDP&sock=slot1_19_2223_0df3_34253>
...
040 (76624572.024.000) 2025-02-27 14:27:12 Finished transferring input files
...
001 (76624572.024.000) 2025-02-27 14:27:13 Job executing on host: <131.225.189.225:9618?addrs=[2620-6a-0-8421-f0-0-189-225]-9618+131.225.189.225-9618&alias=cmswn2150.fnal.gov&noUDP&sock=startd_2173_1363>
	SlotName: slot1_19@cmswn2150.fnal.gov
	CondorScratchDir = "/storage/local/data1/condor/execute/dir_781822"
	Cpus = 4
	Disk = 7315242
	Memory = 2048
...
006 (76624572.024.000) 2025-02-27 14:27:22 Image size of job updated: 51
	51  -  MemoryUsage of job (MB)
	52628  -  ResidentSetSize of job (KB)
...
006 (76624572.024.000) 2025-02-27 14:28:22 Image size of job updated: 406
	406  -  MemoryUsage of job (MB)
	416572  -  ResidentSetSize of job (KB)
...
006 (76624572.024.000) 2025-02-27 14:29:22 Image size of job updated: 513
	513  -  MemoryUsage of job (MB)
	526308  -  ResidentSetSize of job (KB)
...
006 (76624572.024.000) 2025-02-27 14:30:22 Image size of job updated: 548
	548  -  MemoryUsage of job (MB)
	561220  -  ResidentSetSize of job (KB)
...
006 (76624572.024.000) 2025-02-27 14:31:22 Image size of job updated: 870
	870  -  MemoryUsage of job (MB)
	891744  -  ResidentSetSize of job (KB)
...
006 (76624572.024.000) 2025-02-27 14:32:22 Image size of job updated: 972
	972  -  MemoryUsage of job (MB)
	995524  -  ResidentSetSize of job (KB)
...
006 (76624572.024.000) 2025-02-27 14:33:26 Image size of job updated: 978
	978  -  MemoryUsage of job (MB)
	1002132  -  ResidentSetSize of job (KB)
...
006 (76624572.024.000) 2025-02-27 14:35:28 Image size of job updated: 978
	978  -  MemoryUsage of job (MB)
	1002228  -  ResidentSetSize of job (KB)
...
006 (76624572.024.000) 2025-02-27 14:36:29 Image size of job updated: 978
	978  -  MemoryUsage of job (MB)
	1002364  -  ResidentSetSize of job (KB)
...
006 (76624572.024.000) 2025-02-27 14:37:29 Image size of job updated: 982
	982  -  MemoryUsage of job (MB)
	1006080  -  ResidentSetSize of job (KB)
...
006 (76624572.024.000) 2025-02-27 14:39:29 Image size of job updated: 982
	982  -  MemoryUsage of job (MB)
	1006204  -  ResidentSetSize of job (KB)
...
006 (76624572.024.000) 2025-02-27 14:42:32 Image size of job updated: 985
	985  -  MemoryUsage of job (MB)
	1009252  -  ResidentSetSize of job (KB)
...
006 (76624572.024.000) 2025-02-27 14:43:33 Image size of job updated: 985
	985  -  MemoryUsage of job (MB)
	1009636  -  ResidentSetSize of job (KB)
...
040 (76624572.024.000) 2025-02-27 15:32:15 Started transferring output files
...
040 (76624572.024.000) 2025-02-27 15:32:15 Finished transferring output files
...
005 (76624572.024.000) 2025-02-27 15:32:15 Job terminated.
	(1) Normal termination (return value 1)
		Usr 0 00:52:24, Sys 0 00:01:17  -  Run Remote Usage
		Usr 0 00:00:00, Sys 0 00:00:00  -  Run Local Usage
		Usr 0 00:52:24, Sys 0 00:01:17  -  Total Remote Usage
		Usr 0 00:00:00, Sys 0 00:00:00  -  Total Local Usage
	63036  -  Run Bytes Sent By Job
	2167791  -  Run Bytes Received By Job
	63036  -  Total Bytes Sent By Job
	2167791  -  Total Bytes Received By Job
	Partitionable Resources :    Usage  Request Allocated 
	   Cpus                 :     0.00        4         4 
	   Disk (KB)            :  2963     5242880   7315242 
	   Memory (MB)          :   985        2048      2048 
	   TimeExecute (s)      :  3902                       
	   TimeSlotBusy (s)     :  3903                       

	Job terminated of its own accord at 2025-02-27T21:32:15Z with exit-code 1.
...
