000 (11162672.003.000) 2025-02-21 01:57:54 Job submitted from host: <131.225.189.251:9618?addrs=131.225.189.251-9618+[2620-6a-0-8421--e8]-9618&alias=lpcschedd4.fnal.gov&noUDP&sock=schedd_1925_f7e6>
...
040 (11162672.003.000) 2025-02-21 01:58:08 Started transferring input files
	Transferring to host: <131.225.189.222:9618?addrs=[2620-6a-0-8421-f0-0-189-222]-9618+131.225.189.222-9618&alias=cmswn2149.fnal.gov&noUDP&sock=slot1_23_2147_8170_33767>
...
040 (11162672.003.000) 2025-02-21 01:58:08 Finished transferring input files
...
001 (11162672.003.000) 2025-02-21 01:58:09 Job executing on host: <131.225.189.222:9618?addrs=[2620-6a-0-8421-f0-0-189-222]-9618+131.225.189.222-9618&alias=cmswn2149.fnal.gov&noUDP&sock=startd_2097_f230>
	SlotName: slot1_23@cmswn2149.fnal.gov
	CondorScratchDir = "/storage/local/data1/condor/execute/dir_3817853"
	Cpus = 4
	Disk = 7392042
	Memory = 2048
...
006 (11162672.003.000) 2025-02-21 01:58:18 Image size of job updated: 56
	56  -  MemoryUsage of job (MB)
	57384  -  ResidentSetSize of job (KB)
...
006 (11162672.003.000) 2025-02-21 01:59:18 Image size of job updated: 822
	822  -  MemoryUsage of job (MB)
	842324  -  ResidentSetSize of job (KB)
...
006 (11162672.003.000) 2025-02-21 02:00:19 Image size of job updated: 861
	861  -  MemoryUsage of job (MB)
	882120  -  ResidentSetSize of job (KB)
...
040 (11162672.003.000) 2025-02-21 02:00:27 Started transferring output files
...
040 (11162672.003.000) 2025-02-21 02:00:27 Finished transferring output files
...
005 (11162672.003.000) 2025-02-21 02:00:27 Job terminated.
	(1) Normal termination (return value 1)
		Usr 0 00:00:42, Sys 0 00:00:07  -  Run Remote Usage
		Usr 0 00:00:00, Sys 0 00:00:00  -  Run Local Usage
		Usr 0 00:00:42, Sys 0 00:00:07  -  Total Remote Usage
		Usr 0 00:00:00, Sys 0 00:00:00  -  Total Local Usage
	45425  -  Run Bytes Sent By Job
	865932  -  Run Bytes Received By Job
	45425  -  Total Bytes Sent By Job
	865932  -  Total Bytes Received By Job
	Partitionable Resources :    Usage  Request Allocated 
	   Cpus                 :        0        4         4 
	   Disk (KB)            :     1675  5242880   7392042 
	   Memory (MB)          :      861     2048      2048 

	Job terminated of its own accord at 2025-02-21T08:00:27Z with exit-code 1.
...
