000 (11162672.010.000) 2025-02-21 01:57:55 Job submitted from host: <131.225.189.251:9618?addrs=131.225.189.251-9618+[2620-6a-0-8421--e8]-9618&alias=lpcschedd4.fnal.gov&noUDP&sock=schedd_1925_f7e6>
...
040 (11162672.010.000) 2025-02-21 01:59:31 Started transferring input files
	Transferring to host: <131.225.189.178:9618?addrs=[2620-6a-0-8421-f0-0-189-178]-9618+131.225.189.178-9618&alias=cmswn2127.fnal.gov&noUDP&sock=slot1_21_2986_a833_34911>
...
040 (11162672.010.000) 2025-02-21 01:59:31 Finished transferring input files
...
001 (11162672.010.000) 2025-02-21 01:59:32 Job executing on host: <131.225.189.178:9618?addrs=[2620-6a-0-8421-f0-0-189-178]-9618+131.225.189.178-9618&alias=cmswn2127.fnal.gov&noUDP&sock=startd_2743_0c5e>
	SlotName: slot1_21@cmswn2127.fnal.gov
	CondorScratchDir = "/storage/local/data1/condor/execute/dir_1916845"
	Cpus = 4
	Disk = 10358977
	Memory = 2048
...
006 (11162672.010.000) 2025-02-21 01:59:41 Image size of job updated: 43
	43  -  MemoryUsage of job (MB)
	44512  -  ResidentSetSize of job (KB)
...
006 (11162672.010.000) 2025-02-21 02:00:42 Image size of job updated: 154
	154  -  MemoryUsage of job (MB)
	157756  -  ResidentSetSize of job (KB)
...
040 (11162672.010.000) 2025-02-21 02:01:16 Started transferring output files
...
040 (11162672.010.000) 2025-02-21 02:01:16 Finished transferring output files
...
005 (11162672.010.000) 2025-02-21 02:01:17 Job terminated.
	(1) Normal termination (return value 1)
		Usr 0 00:00:42, Sys 0 00:00:05  -  Run Remote Usage
		Usr 0 00:00:00, Sys 0 00:00:00  -  Run Local Usage
		Usr 0 00:00:42, Sys 0 00:00:05  -  Total Remote Usage
		Usr 0 00:00:00, Sys 0 00:00:00  -  Total Local Usage
	47096  -  Run Bytes Sent By Job
	904189  -  Run Bytes Received By Job
	47096  -  Total Bytes Sent By Job
	904189  -  Total Bytes Received By Job
	Partitionable Resources :    Usage  Request Allocated 
	   Cpus                 :        0        4         4 
	   Disk (KB)            :     1713  5242880  10358977 
	   Memory (MB)          :      154     2048      2048 

	Job terminated of its own accord at 2025-02-21T08:01:16Z with exit-code 1.
...
