000 (76624572.015.000) 2025-02-27 14:26:35 Job submitted from host: <131.225.189.168:9618?addrs=131.225.189.168-9618+[2620-6a-0-8421-f0-0-189-168]-9618&alias=lpcschedd6.fnal.gov&noUDP&sock=schedd_31891_26e2>
...
040 (76624572.015.000) 2025-02-27 14:26:51 Started transferring input files
	Transferring to host: <131.225.189.46:9618?addrs=[2620-6a-0-8421-f0-0-189-46]-9618+131.225.189.46-9618&alias=cmswn2095.fnal.gov&noUDP&sock=slot1_18_2413_ed3b_47743>
...
040 (76624572.015.000) 2025-02-27 14:26:52 Finished transferring input files
...
001 (76624572.015.000) 2025-02-27 14:26:53 Job executing on host: <131.225.189.46:9618?addrs=[2620-6a-0-8421-f0-0-189-46]-9618+131.225.189.46-9618&alias=cmswn2095.fnal.gov&noUDP&sock=startd_2056_d2ce>
	SlotName: slot1_18@cmswn2095.fnal.gov
	CondorScratchDir = "/storage/local/data1/condor/execute/dir_1217305"
	Cpus = 4
	Disk = 6480857
	Memory = 2048
...
006 (76624572.015.000) 2025-02-27 14:32:06 Image size of job updated: 155
	155  -  MemoryUsage of job (MB)
	159732  -  ResidentSetSize of job (KB)
...
040 (76624572.015.000) 2025-02-27 14:32:06 Started transferring output files
...
040 (76624572.015.000) 2025-02-27 14:32:06 Finished transferring output files
...
005 (76624572.015.000) 2025-02-27 14:32:09 Job terminated.
	(1) Normal termination (return value 1)
		Usr 0 00:00:00, Sys 0 00:00:00  -  Run Remote Usage
		Usr 0 00:00:00, Sys 0 00:00:00  -  Run Local Usage
		Usr 0 00:00:00, Sys 0 00:00:00  -  Total Remote Usage
		Usr 0 00:00:00, Sys 0 00:00:00  -  Total Local Usage
	43782  -  Run Bytes Sent By Job
	2154234  -  Run Bytes Received By Job
	43782  -  Total Bytes Sent By Job
	2154234  -  Total Bytes Received By Job
	Partitionable Resources :    Usage  Request Allocated 
	   Cpus                 :        0        4         4 
	   Disk (KB)            :     2930  5242880   6480857 
	   Memory (MB)          :      155     2048      2048 
	   TimeExecute (s)      :      313                    
	   TimeSlotBusy (s)     :      318                    

	Job terminated of its own accord at 2025-02-27T20:32:06Z with exit-code 1.
...
