000 (10695023.023.000) 2025-02-16 08:36:32 Job submitted from host: <131.225.189.251:9618?addrs=131.225.189.251-9618+[2620-6a-0-8421--e8]-9618&alias=lpcschedd4.fnal.gov&noUDP&sock=schedd_1925_f7e6>
...
040 (10695023.023.000) 2025-02-16 08:38:42 Started transferring input files
	Transferring to host: <131.225.188.193:9618?addrs=[2620-6a-0-8421-f0-0-188-193]-9618+131.225.188.193-9618&alias=cmswn2062.fnal.gov&noUDP&sock=slot1_5_2627_b584_49655>
...
040 (10695023.023.000) 2025-02-16 08:38:42 Finished transferring input files
...
001 (10695023.023.000) 2025-02-16 08:38:43 Job executing on host: <131.225.188.193:9618?addrs=[2620-6a-0-8421-f0-0-188-193]-9618+131.225.188.193-9618&alias=cmswn2062.fnal.gov&noUDP&sock=startd_2201_480a>
	SlotName: slot1_5@cmswn2062.fnal.gov
	CondorScratchDir = "/storage/local/data1/condor/execute/dir_3713365"
	Cpus = 4
	Disk = 6443697
	Memory = 2048
...
006 (10695023.023.000) 2025-02-16 08:39:53 Image size of job updated: 299
	299  -  MemoryUsage of job (MB)
	306908  -  ResidentSetSize of job (KB)
...
006 (10695023.023.000) 2025-02-16 08:40:53 Image size of job updated: 299
	299  -  MemoryUsage of job (MB)
	307028  -  ResidentSetSize of job (KB)
...
006 (10695023.023.000) 2025-02-16 08:41:54 Image size of job updated: 300
	300  -  MemoryUsage of job (MB)
	307432  -  ResidentSetSize of job (KB)
...
040 (10695023.023.000) 2025-02-16 08:42:08 Started transferring output files
...
040 (10695023.023.000) 2025-02-16 08:42:08 Finished transferring output files
...
005 (10695023.023.000) 2025-02-16 08:42:08 Job terminated.
	(1) Normal termination (return value 1)
		Usr 0 00:02:24, Sys 0 00:00:09  -  Run Remote Usage
		Usr 0 00:00:00, Sys 0 00:00:00  -  Run Local Usage
		Usr 0 00:02:24, Sys 0 00:00:09  -  Total Remote Usage
		Usr 0 00:00:00, Sys 0 00:00:00  -  Total Local Usage
	18805  -  Run Bytes Sent By Job
	893019  -  Run Bytes Received By Job
	18805  -  Total Bytes Sent By Job
	893019  -  Total Bytes Received By Job
	Partitionable Resources :    Usage  Request Allocated 
	   Cpus                 :     0.00        4         4 
	   Disk (KB)            :  1677     5242880   6443697 
	   Memory (MB)          :   300        2048      2048 

	Job terminated of its own accord at 2025-02-16T14:42:08Z with exit-code 1.
...
