000 (74453876.024.000) 2025-02-14 03:38:36 Job submitted from host: <131.225.189.168:9618?addrs=131.225.189.168-9618+[2620-6a-0-8421-f0-0-189-168]-9618&alias=lpcschedd6.fnal.gov&noUDP&sock=schedd_31891_26e2>
...
040 (74453876.024.000) 2025-02-14 03:57:28 Started transferring input files
	Transferring to host: <131.225.189.27:9618?addrs=[2620-6a-0-8421-f0-0-189-27]-9618+131.225.189.27-9618&alias=cmswn2084.fnal.gov&noUDP&sock=slot1_9_2532_c5e0_30119>
...
040 (74453876.024.000) 2025-02-14 03:57:28 Finished transferring input files
...
001 (74453876.024.000) 2025-02-14 03:57:29 Job executing on host: <131.225.189.27:9618?addrs=[2620-6a-0-8421-f0-0-189-27]-9618+131.225.189.27-9618&alias=cmswn2084.fnal.gov&noUDP&sock=startd_2215_e25d>
	SlotName: slot1_9@cmswn2084.fnal.gov
	CondorScratchDir = "/storage/local/data1/condor/execute/dir_2741945"
	Cpus = 4
	Disk = 6398380
	Memory = 2048
...
006 (74453876.024.000) 2025-02-14 03:57:38 Image size of job updated: 53
	53  -  MemoryUsage of job (MB)
	54480  -  ResidentSetSize of job (KB)
...
006 (74453876.024.000) 2025-02-14 03:58:38 Image size of job updated: 833
	833  -  MemoryUsage of job (MB)
	853032  -  ResidentSetSize of job (KB)
...
006 (74453876.024.000) 2025-02-14 03:59:38 Image size of job updated: 942
	942  -  MemoryUsage of job (MB)
	965548  -  ResidentSetSize of job (KB)
...
006 (74453876.024.000) 2025-02-14 04:00:38 Image size of job updated: 943
	943  -  MemoryUsage of job (MB)
	965876  -  ResidentSetSize of job (KB)
...
006 (74453876.024.000) 2025-02-14 04:02:40 Image size of job updated: 943
	943  -  MemoryUsage of job (MB)
	966000  -  ResidentSetSize of job (KB)
...
040 (74453876.024.000) 2025-02-14 04:03:44 Started transferring output files
...
040 (74453876.024.000) 2025-02-14 04:03:44 Finished transferring output files
...
005 (74453876.024.000) 2025-02-14 04:03:45 Job terminated.
	(1) Normal termination (return value 1)
		Usr 0 00:04:05, Sys 0 00:00:12  -  Run Remote Usage
		Usr 0 00:00:00, Sys 0 00:00:00  -  Run Local Usage
		Usr 0 00:04:05, Sys 0 00:00:12  -  Total Remote Usage
		Usr 0 00:00:00, Sys 0 00:00:00  -  Total Local Usage
	19285  -  Run Bytes Sent By Job
	507720  -  Run Bytes Received By Job
	19285  -  Total Bytes Sent By Job
	507720  -  Total Bytes Received By Job
	Partitionable Resources :    Usage  Request Allocated 
	   Cpus                 :     0.00        4         4 
	   Disk (KB)            :  1305     5242880   6398380 
	   Memory (MB)          :   943        2048      2048 
	   TimeExecute (s)      :   375                       
	   TimeSlotBusy (s)     :   377                       

	Job terminated of its own accord at 2025-02-14T10:03:44Z with exit-code 1.
...
