000 (74453876.020.000) 2025-02-14 03:38:36 Job submitted from host: <131.225.189.168:9618?addrs=131.225.189.168-9618+[2620-6a-0-8421-f0-0-189-168]-9618&alias=lpcschedd6.fnal.gov&noUDP&sock=schedd_31891_26e2>
...
040 (74453876.020.000) 2025-02-14 03:57:06 Started transferring input files
	Transferring to host: <131.225.188.241:9618?addrs=[2620-6a-0-8421-f0-0-188-241]-9618+131.225.188.241-9618&alias=cmswn2073.fnal.gov&noUDP&sock=slot1_39_2598_46a3_46640>
...
040 (74453876.020.000) 2025-02-14 03:57:06 Finished transferring input files
...
001 (74453876.020.000) 2025-02-14 03:57:07 Job executing on host: <131.225.188.241:9618?addrs=[2620-6a-0-8421-f0-0-188-241]-9618+131.225.188.241-9618&alias=cmswn2073.fnal.gov&noUDP&sock=startd_2231_dbe1>
	SlotName: slot1_39@cmswn2073.fnal.gov
	CondorScratchDir = "/storage/local/data1/condor/execute/dir_1913096"
	Cpus = 4
	Disk = 6424050
	Memory = 2048
...
006 (74453876.020.000) 2025-02-14 03:58:15 Image size of job updated: 342
	342  -  MemoryUsage of job (MB)
	350508  -  ResidentSetSize of job (KB)
...
006 (74453876.020.000) 2025-02-14 03:59:16 Image size of job updated: 366
	366  -  MemoryUsage of job (MB)
	374808  -  ResidentSetSize of job (KB)
...
040 (74453876.020.000) 2025-02-14 04:00:31 Started transferring output files
...
040 (74453876.020.000) 2025-02-14 04:00:31 Finished transferring output files
...
005 (74453876.020.000) 2025-02-14 04:00:32 Job terminated.
	(1) Normal termination (return value 1)
		Usr 0 00:00:31, Sys 0 00:00:05  -  Run Remote Usage
		Usr 0 00:00:00, Sys 0 00:00:00  -  Run Local Usage
		Usr 0 00:00:31, Sys 0 00:00:05  -  Total Remote Usage
		Usr 0 00:00:00, Sys 0 00:00:00  -  Total Local Usage
	18854  -  Run Bytes Sent By Job
	457407  -  Run Bytes Received By Job
	18854  -  Total Bytes Sent By Job
	457407  -  Total Bytes Received By Job
	Partitionable Resources :    Usage  Request Allocated 
	   Cpus                 :        0        4         4 
	   Disk (KB)            :     1253  5242880   6424050 
	   Memory (MB)          :      366     2048      2048 
	   TimeExecute (s)      :      204                    
	   TimeSlotBusy (s)     :      206                    

	Job terminated of its own accord at 2025-02-14T10:00:31Z with exit-code 1.
...
