000 (74453876.013.000) 2025-02-14 03:38:36 Job submitted from host: <131.225.189.168:9618?addrs=131.225.189.168-9618+[2620-6a-0-8421-f0-0-189-168]-9618&alias=lpcschedd6.fnal.gov&noUDP&sock=schedd_31891_26e2>
...
040 (74453876.013.000) 2025-02-14 03:57:04 Started transferring input files
	Transferring to host: <131.225.188.14:9618?addrs=[2620-6a-0-8421-f0-0-188-14]-9618+131.225.188.14-9618&alias=cmswn2019.fnal.gov&noUDP&sock=slot1_34_2222_5993_28412>
...
040 (74453876.013.000) 2025-02-14 03:57:04 Finished transferring input files
...
001 (74453876.013.000) 2025-02-14 03:57:05 Job executing on host: <131.225.188.14:9618?addrs=[2620-6a-0-8421-f0-0-188-14]-9618+131.225.188.14-9618&alias=cmswn2019.fnal.gov&noUDP&sock=startd_2172_63cb>
	SlotName: slot1_34@cmswn2019.fnal.gov
	CondorScratchDir = "/storage/local/data1/condor/execute/dir_595873"
	Cpus = 4
	Disk = 7013797
	Memory = 2048
...
006 (74453876.013.000) 2025-02-14 03:57:14 Image size of job updated: 41
	41  -  MemoryUsage of job (MB)
	42156  -  ResidentSetSize of job (KB)
...
006 (74453876.013.000) 2025-02-14 03:57:29 Image size of job updated: 145
	145  -  MemoryUsage of job (MB)
	149296  -  ResidentSetSize of job (KB)
...
040 (74453876.013.000) 2025-02-14 03:57:29 Started transferring output files
...
040 (74453876.013.000) 2025-02-14 03:57:29 Finished transferring output files
...
005 (74453876.013.000) 2025-02-14 03:57:29 Job terminated.
	(1) Normal termination (return value 1)
		Usr 0 00:00:09, Sys 0 00:00:03  -  Run Remote Usage
		Usr 0 00:00:00, Sys 0 00:00:00  -  Run Local Usage
		Usr 0 00:00:09, Sys 0 00:00:03  -  Total Remote Usage
		Usr 0 00:00:00, Sys 0 00:00:00  -  Total Local Usage
	17313  -  Run Bytes Sent By Job
	454361  -  Run Bytes Received By Job
	17313  -  Total Bytes Sent By Job
	454361  -  Total Bytes Received By Job
	Partitionable Resources :    Usage  Request Allocated 
	   Cpus                 :        0        4         4 
	   Disk (KB)            :     1250  5242880   7013797 
	   Memory (MB)          :      145     2048      2048 
	   TimeExecute (s)      :       24                    
	   TimeSlotBusy (s)     :       25                    

	Job terminated of its own accord at 2025-02-14T09:57:29Z with exit-code 1.
...
