000 (74453876.022.000) 2025-02-14 03:38:36 Job submitted from host: <131.225.189.168:9618?addrs=131.225.189.168-9618+[2620-6a-0-8421-f0-0-189-168]-9618&alias=lpcschedd6.fnal.gov&noUDP&sock=schedd_31891_26e2>
...
040 (74453876.022.000) 2025-02-14 03:57:25 Started transferring input files
	Transferring to host: <131.225.188.193:9618?addrs=[2620-6a-0-8421-f0-0-188-193]-9618+131.225.188.193-9618&alias=cmswn2062.fnal.gov&noUDP&sock=slot1_39_2627_b584_47821>
...
040 (74453876.022.000) 2025-02-14 03:57:25 Finished transferring input files
...
001 (74453876.022.000) 2025-02-14 03:57:26 Job executing on host: <131.225.188.193:9618?addrs=[2620-6a-0-8421-f0-0-188-193]-9618+131.225.188.193-9618&alias=cmswn2062.fnal.gov&noUDP&sock=startd_2201_480a>
	SlotName: slot1_39@cmswn2062.fnal.gov
	CondorScratchDir = "/storage/local/data1/condor/execute/dir_2992216"
	Cpus = 4
	Disk = 6443697
	Memory = 2048
...
006 (74453876.022.000) 2025-02-14 03:57:34 Image size of job updated: 48
	48  -  MemoryUsage of job (MB)
	49740  -  ResidentSetSize of job (KB)
...
006 (74453876.022.000) 2025-02-14 03:58:34 Image size of job updated: 237
	237  -  MemoryUsage of job (MB)
	242740  -  ResidentSetSize of job (KB)
...
006 (74453876.022.000) 2025-02-14 03:59:35 Image size of job updated: 237
	237  -  MemoryUsage of job (MB)
	242976  -  ResidentSetSize of job (KB)
...
040 (74453876.022.000) 2025-02-14 04:00:44 Started transferring output files
...
040 (74453876.022.000) 2025-02-14 04:00:44 Finished transferring output files
...
005 (74453876.022.000) 2025-02-14 04:00:45 Job terminated.
	(1) Normal termination (return value 1)
		Usr 0 00:02:26, Sys 0 00:00:09  -  Run Remote Usage
		Usr 0 00:00:00, Sys 0 00:00:00  -  Run Local Usage
		Usr 0 00:02:26, Sys 0 00:00:09  -  Total Remote Usage
		Usr 0 00:00:00, Sys 0 00:00:00  -  Total Local Usage
	19815  -  Run Bytes Sent By Job
	491298  -  Run Bytes Received By Job
	19815  -  Total Bytes Sent By Job
	491298  -  Total Bytes Received By Job
	Partitionable Resources :    Usage  Request Allocated 
	   Cpus                 :     0.00        4         4 
	   Disk (KB)            :  1287     5242880   6443697 
	   Memory (MB)          :   237        2048      2048 
	   TimeExecute (s)      :   198                       
	   TimeSlotBusy (s)     :   201                       

	Job terminated of its own accord at 2025-02-14T10:00:44Z with exit-code 1.
...
