000 (47306185.007.000) 2025-03-07 08:43:24 Job submitted from host: <131.225.204.62:9618?addrs=131.225.204.62-9618+[2620-6a-0-8420-f0-0-204-62]-9618&alias=lpcschedd5.fnal.gov&noUDP&sock=schedd_2457_e048>
...
040 (47306185.007.000) 2025-03-07 08:43:34 Started transferring input files
	Transferring to host: <131.225.188.64:9618?addrs=[2620-6a-0-8421-f0-0-188-64]-9618+131.225.188.64-9618&alias=cmswn2036.fnal.gov&noUDP&sock=slot1_13_2283_5476_48461>
...
040 (47306185.007.000) 2025-03-07 08:43:34 Finished transferring input files
...
001 (47306185.007.000) 2025-03-07 08:43:35 Job executing on host: <131.225.188.64:9618?addrs=[2620-6a-0-8421-f0-0-188-64]-9618+131.225.188.64-9618&alias=cmswn2036.fnal.gov&noUDP&sock=startd_2157_19df>
	SlotName: slot1_13@cmswn2036.fnal.gov
	CondorScratchDir = "/storage/local/data1/condor/execute/dir_2386394"
	Cpus = 4
	Disk = 6910886
	Memory = 2048
...
006 (47306185.007.000) 2025-03-07 08:43:44 Image size of job updated: 45
	45  -  MemoryUsage of job (MB)
	46780  -  ResidentSetSize of job (KB)
...
006 (47306185.007.000) 2025-03-07 08:44:45 Image size of job updated: 750
	750  -  MemoryUsage of job (MB)
	768264  -  ResidentSetSize of job (KB)
...
006 (47306185.007.000) 2025-03-07 08:45:45 Image size of job updated: 1003
	1003  -  MemoryUsage of job (MB)
	1027540  -  ResidentSetSize of job (KB)
...
040 (47306185.007.000) 2025-03-07 08:48:36 Started transferring output files
...
040 (47306185.007.000) 2025-03-07 08:48:36 Finished transferring output files
...
005 (47306185.007.000) 2025-03-07 08:48:37 Job terminated.
	(1) Normal termination (return value 1)
		Usr 0 00:01:37, Sys 0 00:00:16  -  Run Remote Usage
		Usr 0 00:00:00, Sys 0 00:00:00  -  Run Local Usage
		Usr 0 00:01:37, Sys 0 00:00:16  -  Total Remote Usage
		Usr 0 00:00:00, Sys 0 00:00:00  -  Total Local Usage
	56133  -  Run Bytes Sent By Job
	2783746  -  Run Bytes Received By Job
	56133  -  Total Bytes Sent By Job
	2783746  -  Total Bytes Received By Job
	Partitionable Resources :    Usage  Request Allocated 
	   Cpus                 :     0.00        4         4 
	   Disk (KB)            :  3556     5242880   6910886 
	   Memory (MB)          :  1003        2048      2048 
	   TimeExecute (s)      :   301                       
	   TimeSlotBusy (s)     :   303                       

	Job terminated of its own accord at 2025-03-07T14:48:36Z with exit-code 1.
...
