000 (11162672.000.000) 2025-02-21 01:57:54 Job submitted from host: <131.225.189.251:9618?addrs=131.225.189.251-9618+[2620-6a-0-8421--e8]-9618&alias=lpcschedd4.fnal.gov&noUDP&sock=schedd_1925_f7e6>
...
040 (11162672.000.000) 2025-02-21 01:58:07 Started transferring input files
	Transferring to host: <131.225.188.112:9618?addrs=[2620-6a-0-8421-f0-0-188-112]-9618+131.225.188.112-9618&alias=cmswn2048.fnal.gov&noUDP&sock=slot1_6_2518_e89f_4016>
...
040 (11162672.000.000) 2025-02-21 01:58:08 Finished transferring input files
...
001 (11162672.000.000) 2025-02-21 01:58:09 Job executing on host: <131.225.188.112:9618?addrs=[2620-6a-0-8421-f0-0-188-112]-9618+131.225.188.112-9618&alias=cmswn2048.fnal.gov&noUDP&sock=startd_2211_23fc>
	SlotName: slot1_6@cmswn2048.fnal.gov
	CondorScratchDir = "/storage/local/data1/condor/execute/dir_2117600"
	Cpus = 4
	Disk = 6386065
	Memory = 2048
...
006 (11162672.000.000) 2025-02-21 01:58:18 Image size of job updated: 54
	54  -  MemoryUsage of job (MB)
	55508  -  ResidentSetSize of job (KB)
...
006 (11162672.000.000) 2025-02-21 01:59:18 Image size of job updated: 584
	584  -  MemoryUsage of job (MB)
	598860  -  ResidentSetSize of job (KB)
...
006 (11162672.000.000) 2025-02-21 02:00:19 Image size of job updated: 612
	612  -  MemoryUsage of job (MB)
	627404  -  ResidentSetSize of job (KB)
...
006 (11162672.000.000) 2025-02-21 02:01:19 Image size of job updated: 613
	613  -  MemoryUsage of job (MB)
	627728  -  ResidentSetSize of job (KB)
...
040 (11162672.000.000) 2025-02-21 02:01:57 Started transferring output files
...
040 (11162672.000.000) 2025-02-21 02:01:57 Finished transferring output files
...
005 (11162672.000.000) 2025-02-21 02:01:57 Job terminated.
	(1) Normal termination (return value 1)
		Usr 0 00:01:27, Sys 0 00:00:09  -  Run Remote Usage
		Usr 0 00:00:00, Sys 0 00:00:00  -  Run Local Usage
		Usr 0 00:01:27, Sys 0 00:00:09  -  Total Remote Usage
		Usr 0 00:00:00, Sys 0 00:00:00  -  Total Local Usage
	46927  -  Run Bytes Sent By Job
	865932  -  Run Bytes Received By Job
	46927  -  Total Bytes Sent By Job
	865932  -  Total Bytes Received By Job
	Partitionable Resources :    Usage  Request Allocated 
	   Cpus                 :        0        4         4 
	   Disk (KB)            :     1675  5242880   6386065 
	   Memory (MB)          :      613     2048      2048 

	Job terminated of its own accord at 2025-02-21T08:01:56Z with exit-code 1.
...
