000 (10695023.010.000) 2025-02-16 08:36:32 Job submitted from host: <131.225.189.251:9618?addrs=131.225.189.251-9618+[2620-6a-0-8421--e8]-9618&alias=lpcschedd4.fnal.gov&noUDP&sock=schedd_1925_f7e6>
...
040 (10695023.010.000) 2025-02-16 08:37:36 Started transferring input files
	Transferring to host: <131.225.189.170:9618?addrs=[2620-6a-0-8421-f0-0-189-170]-9618+131.225.189.170-9618&alias=cmswn2121.fnal.gov&noUDP&sock=slot1_45_2325_ec38_43196>
...
040 (10695023.010.000) 2025-02-16 08:37:36 Finished transferring input files
...
001 (10695023.010.000) 2025-02-16 08:37:37 Job executing on host: <131.225.189.170:9618?addrs=[2620-6a-0-8421-f0-0-189-170]-9618+131.225.189.170-9618&alias=cmswn2121.fnal.gov&noUDP&sock=startd_2235_9a42>
	SlotName: slot1_45@cmswn2121.fnal.gov
	CondorScratchDir = "/storage/local/data1/condor/execute/dir_660306"
	Cpus = 4
	Disk = 10380152
	Memory = 2048
...
006 (10695023.010.000) 2025-02-16 08:37:46 Image size of job updated: 44
	44  -  MemoryUsage of job (MB)
	45436  -  ResidentSetSize of job (KB)
...
006 (10695023.010.000) 2025-02-16 08:38:48 Image size of job updated: 548
	548  -  MemoryUsage of job (MB)
	561448  -  ResidentSetSize of job (KB)
...
006 (10695023.010.000) 2025-02-16 08:39:22 Image size of job updated: 584
	584  -  MemoryUsage of job (MB)
	598564  -  ResidentSetSize of job (KB)
...
040 (10695023.010.000) 2025-02-16 08:39:23 Started transferring output files
...
040 (10695023.010.000) 2025-02-16 08:39:23 Finished transferring output files
...
005 (10695023.010.000) 2025-02-16 08:39:24 Job terminated.
	(1) Normal termination (return value 1)
		Usr 0 00:00:13, Sys 0 00:00:04  -  Run Remote Usage
		Usr 0 00:00:00, Sys 0 00:00:00  -  Run Local Usage
		Usr 0 00:00:13, Sys 0 00:00:04  -  Total Remote Usage
		Usr 0 00:00:00, Sys 0 00:00:00  -  Total Local Usage
	16855  -  Run Bytes Sent By Job
	782300  -  Run Bytes Received By Job
	16855  -  Total Bytes Sent By Job
	782300  -  Total Bytes Received By Job
	Partitionable Resources :    Usage  Request Allocated 
	   Cpus                 :        0        4         4 
	   Disk (KB)            :     1568  5242880  10380152 
	   Memory (MB)          :      584     2048      2048 

	Job terminated of its own accord at 2025-02-16T14:39:22Z with exit-code 1.
...
