000 (10695023.003.000) 2025-02-16 08:36:32 Job submitted from host: <131.225.189.251:9618?addrs=131.225.189.251-9618+[2620-6a-0-8421--e8]-9618&alias=lpcschedd4.fnal.gov&noUDP&sock=schedd_1925_f7e6>
...
040 (10695023.003.000) 2025-02-16 08:36:52 Started transferring input files
	Transferring to host: <131.225.189.17:9618?addrs=[2620-6a-0-8421-f0-0-189-17]-9618+131.225.189.17-9618&alias=cmswn2081.fnal.gov&noUDP&sock=slot1_30_2501_ee3f_36188>
...
040 (10695023.003.000) 2025-02-16 08:36:52 Finished transferring input files
...
001 (10695023.003.000) 2025-02-16 08:36:53 Job executing on host: <131.225.189.17:9618?addrs=[2620-6a-0-8421-f0-0-189-17]-9618+131.225.189.17-9618&alias=cmswn2081.fnal.gov&noUDP&sock=startd_2160_28a8>
	SlotName: slot1_30@cmswn2081.fnal.gov
	CondorScratchDir = "/storage/local/data1/condor/execute/dir_1789401"
	Cpus = 4
	Disk = 6379031
	Memory = 2048
...
006 (10695023.003.000) 2025-02-16 08:38:02 Image size of job updated: 966
	966  -  MemoryUsage of job (MB)
	989576  -  ResidentSetSize of job (KB)
...
006 (10695023.003.000) 2025-02-16 08:38:40 Image size of job updated: 1025
	1025  -  MemoryUsage of job (MB)
	1050380  -  ResidentSetSize of job (KB)
...
040 (10695023.003.000) 2025-02-16 08:38:40 Started transferring output files
...
040 (10695023.003.000) 2025-02-16 08:38:40 Finished transferring output files
...
005 (10695023.003.000) 2025-02-16 08:38:41 Job terminated.
	(1) Normal termination (return value 1)
		Usr 0 00:00:10, Sys 0 00:00:04  -  Run Remote Usage
		Usr 0 00:00:00, Sys 0 00:00:00  -  Run Local Usage
		Usr 0 00:00:10, Sys 0 00:00:04  -  Total Remote Usage
		Usr 0 00:00:00, Sys 0 00:00:00  -  Total Local Usage
	16808  -  Run Bytes Sent By Job
	775033  -  Run Bytes Received By Job
	16808  -  Total Bytes Sent By Job
	775033  -  Total Bytes Received By Job
	Partitionable Resources :    Usage  Request Allocated 
	   Cpus                 :        0        4         4 
	   Disk (KB)            :     1559  5242880   6379031 
	   Memory (MB)          :     1025     2048      2048 

	Job terminated of its own accord at 2025-02-16T14:38:40Z with exit-code 1.
...
